#
# A fatal error has been detected by the Java Runtime Environment:
#
#  EXCEPTION_ACCESS_VIOLATION (0xc0000005) at pc=0x000007fedfaad6c4, pid=11396, tid=11440
#
# JRE version: Java(TM) SE Runtime Environment (8.0_77-b03) (build 1.8.0_77-b03)
# Java VM: Java HotSpot(TM) 64-Bit Server VM (25.77-b03 mixed mode windows-amd64 compressed oops)
# Problematic frame:
# C  [OPENGL32.dll+0xdd6c4]
#
# Failed to write core dump. Minidumps are not enabled by default on client versions of Windows
#
# If you would like to submit a bug report, please visit:
#   http://bugreport.java.com/bugreport/crash.jsp
#

---------------  T H R E A D  ---------------

Current thread (0x000000001c05e800):  VMThread [stack: 0x000000001cfe0000,0x000000001d0e0000] [id=11440]

siginfo: ExceptionCode=0xc0000005, reading address 0x0000000000000a38

Registers:
RAX=0x0000000000000000, RBX=0x000000003498b360, RCX=0x0000000000000001, RDX=0x000000003498b368
RSP=0x000000001d0df578, RBP=0x0000000000000000, RSI=0x000000003498ee80, RDI=0x000000003498ee80
R8 =0x000000001d0df5f8, R9 =0x000000001bf456d0, R10=0x000000002984fd30, R11=0x000000001d0df342
R12=0x0000000000000000, R13=0x0000000034987100, R14=0x0000000034986fb0, R15=0x0000000000000000
RIP=0x000007fedfaad6c4, EFLAGS=0x0000000000010287

Top of Stack: (sp=0x000000001d0df578)
0x000000001d0df578:   000007fee08e244b 0000000000000001
0x000000001d0df588:   000000003498b368 000000001d0df5f8
0x000000001d0df598:   000000001bf456d0 0000000000000000
0x000000001d0df5a8:   000007fee08e7f17 0000000034987100
0x000000001d0df5b8:   0000000000000001 00000000349870e0
0x000000001d0df5c8:   0000000034986fb0 fffffffffffffffe
0x000000001d0df5d8:   0000000077501a4a 0000000000000000
0x000000001d0df5e8:   000007fee08e87c9 000000003498ee80
0x000000001d0df5f8:   00000000349869d0 000007fee09d1940
0x000000001d0df608:   000007fee0965700 fffffffffffffffe
0x000000001d0df618:   000000003b69cbe0 0000000000000001
0x000000001d0df628:   00000000349870d8 0000000034986fb0
0x000000001d0df638:   000007fee096d7ad 000007fee0aa65b0
0x000000001d0df648:   000007fee09d1930 000000001bf456d0
0x000000001d0df658:   000000001c05f040 00000000349870d8
0x000000001d0df668:   0000000034986fb0 0000000034986fb0 

Instructions: (pc=0x000007fedfaad6c4)
0x000007fedfaad6a4:   cc cc cc cc cc cc 66 0f 1f 44 00 00 8b 05 16 0c
0x000007fedfaad6b4:   01 00 83 f8 40 73 0f 65 48 8b 04 c5 80 14 00 00
0x000007fedfaad6c4:   ff a0 38 0a 00 00 b8 47 01 00 00 e9 ec d4 ff ff
0x000007fedfaad6d4:   cc cc cc cc cc cc 66 0f 1f 44 00 00 8b 05 e6 0b 


Register to memory mapping:

RAX=0x0000000000000000 is an unknown value
RBX=0x000000003498b360 is an unknown value
RCX=0x0000000000000001 is an unknown value
RDX=0x000000003498b368 is an unknown value
RSP=0x000000001d0df578 is an unknown value
RBP=0x0000000000000000 is an unknown value
RSI=0x000000003498ee80 is an unknown value
RDI=0x000000003498ee80 is an unknown value
R8 =0x000000001d0df5f8 is an unknown value
R9 =0x000000001bf456d0 is an unknown value
R10=0x000000002984fd30 is an unknown value
R11=0x000000001d0df342 is an unknown value
R12=0x0000000000000000 is an unknown value
R13=0x0000000034987100 is an unknown value
R14=0x0000000034986fb0 is an unknown value
R15=0x0000000000000000 is an unknown value


Stack: [0x000000001cfe0000,0x000000001d0e0000],  sp=0x000000001d0df578,  free space=1021k
Native frames: (J=compiled Java code, j=interpreted, Vv=VM code, C=native code)

VM_Operation (0x00000000023fdc50): Exit, mode: safepoint, requested by thread 0x00000000020eb000


---------------  P R O C E S S  ---------------

Java Threads: ( => current thread )
  0x00000000224e1000 JavaThread "Netty Client IO #1" daemon [_thread_in_native, id=12196, stack(0x000000003b420000,0x000000003b520000)]
  0x00000000224e0000 JavaThread "Netty Client IO #0" daemon [_thread_blocked, id=12168, stack(0x000000003b090000,0x000000003b190000)]
  0x00000000224df000 JavaThread "Thread-13" daemon [_thread_in_native, id=12164, stack(0x000000003aee0000,0x000000003afe0000)]
  0x000000001d5c0800 JavaThread "Server Pinger #0" daemon [_thread_blocked, id=12160, stack(0x000000003adb0000,0x000000003aeb0000)]
  0x00000000224de800 JavaThread "Chunk I/O Executor Thread-1" daemon [_thread_blocked, id=12120, stack(0x000000003ab30000,0x000000003ac30000)]
  0x00000000224dd000 JavaThread "File IO Thread" [_thread_blocked, id=12060, stack(0x000000003a660000,0x000000003a760000)]
  0x000000001d5ba800 JavaThread "pool-2-thread-1" [_thread_blocked, id=11996, stack(0x000000003cb90000,0x000000003cc90000)]
  0x000000001d5c5000 JavaThread "Netty Server IO #1" daemon [_thread_blocked, id=11984, stack(0x000000003d160000,0x000000003d260000)]
  0x000000001d5c4800 JavaThread "Netty Local Client IO #0" daemon [_thread_blocked, id=11980, stack(0x000000003cfa0000,0x000000003d0a0000)]
  0x000000001d5c0000 JavaThread "Netty Server IO #0" daemon [_thread_blocked, id=11972, stack(0x000000003ca50000,0x000000003cb50000)]
  0x000000001d5c2000 JavaThread "Chunk Batcher 1" daemon [_thread_blocked, id=11748, stack(0x00000000360d0000,0x00000000361d0000)]
  0x000000001d5c1800 JavaThread "Chunk Batcher 0" daemon [_thread_blocked, id=11744, stack(0x0000000028ce0000,0x0000000028de0000)]
  0x000000001d5bd800 JavaThread "LWJGL Timer" daemon [_thread_blocked, id=11548, stack(0x000000002d0d0000,0x000000002d1d0000)]
  0x000000001d5bc000 JavaThread "Java2D Disposer" daemon [_thread_blocked, id=11536, stack(0x00000000246d0000,0x00000000247d0000)]
  0x000000001d5bb800 JavaThread "Timer hack thread" daemon [_thread_blocked, id=11532, stack(0x0000000022ac0000,0x0000000022bc0000)]
  0x000000001d5ba000 JavaThread "Snooper Timer" daemon [_thread_blocked, id=11520, stack(0x0000000024200000,0x0000000024300000)]
  0x000000001d5b8800 JavaThread "Service Thread" daemon [_thread_blocked, id=11472, stack(0x000000001e240000,0x000000001e340000)]
  0x000000001d53c000 JavaThread "C1 CompilerThread2" daemon [_thread_blocked, id=11468, stack(0x000000001e050000,0x000000001e150000)]
  0x000000001c0ca000 JavaThread "C2 CompilerThread1" daemon [_thread_blocked, id=11464, stack(0x000000001dae0000,0x000000001dbe0000)]
  0x000000001d52b000 JavaThread "C2 CompilerThread0" daemon [_thread_blocked, id=11460, stack(0x000000001ddc0000,0x000000001dec0000)]
  0x000000001d529000 JavaThread "Attach Listener" daemon [_thread_blocked, id=11456, stack(0x000000001dbf0000,0x000000001dcf0000)]
  0x000000001d526800 JavaThread "Signal Dispatcher" daemon [_thread_blocked, id=11452, stack(0x000000001d9a0000,0x000000001daa0000)]
  0x000000001c0ad800 JavaThread "Finalizer" daemon [_thread_blocked, id=11448, stack(0x000000001d420000,0x000000001d520000)]
  0x000000001c066800 JavaThread "Reference Handler" daemon [_thread_blocked, id=11444, stack(0x000000001d150000,0x000000001d250000)]
  0x00000000020eb000 JavaThread "Client thread" [_thread_blocked, id=11420, stack(0x0000000002300000,0x0000000002400000)]

Other Threads:
=>0x000000001c05e800 VMThread [stack: 0x000000001cfe0000,0x000000001d0e0000] [id=11440]

VM state:at safepoint (shutting down)

VM Mutex/Monitor currently owned by a thread:  ([mutex/lock_event])
[0x00000000020e9680] Threads_lock - owner thread: 0x000000001c05e800

Heap:
 PSYoungGen      total 1227776K, used 32851K [0x000000076ab00000, 0x00000007b8a00000, 0x00000007c0000000)
  eden space 1182720K, 2% used [0x000000076ab00000,0x000000076cb14e48,0x00000007b2e00000)
  from space 45056K, 0% used [0x00000007b5e00000,0x00000007b5e00000,0x00000007b8a00000)
  to   space 47104K, 0% used [0x00000007b2e00000,0x00000007b2e00000,0x00000007b5c00000)
 ParOldGen       total 367104K, used 203277K [0x00000006c0000000, 0x00000006d6680000, 0x000000076ab00000)
  object space 367104K, 55% used [0x00000006c0000000,0x00000006cc6834a8,0x00000006d6680000)
 Metaspace       used 46187K, capacity 46723K, committed 47104K, reserved 1091584K
  class space    used 5455K, capacity 5624K, committed 5632K, reserved 1048576K

Card table byte_map: [0x0000000011a90000,0x00000000122a0000] byte_map_base: 0x000000000e490000

Marking Bits: (ParMarkBitMap*) 0x0000000052a80600
 Begin Bits: [0x0000000012ed0000, 0x0000000016ed0000)
 End Bits:   [0x0000000016ed0000, 0x000000001aed0000)

Polling page: 0x0000000000220000

CodeCache: size=245760Kb used=33456Kb max_used=34302Kb free=212303Kb
 bounds [0x00000000026d0000, 0x00000000048f0000, 0x00000000116d0000]
 total_blobs=9790 nmethods=8904 adapters=794
 compilation: enabled

Compilation events (10 events):
Event: 102.813 Thread 0x000000001d52b000 13042       4       net.minecraft.client.renderer.texture.TextureMap::updateAnimations (44 bytes)
Event: 102.819 Thread 0x000000001d52b000 nmethod 13042 0x000000000465f850 code [0x000000000465fa00, 0x000000000465ff10]
Event: 103.580 Thread 0x000000001d53c000 13043       3       net.minecraft.client.gui.GuiMainMenu::updateScreen (11 bytes)
Event: 103.580 Thread 0x000000001d53c000 nmethod 13043 0x0000000003f71650 code [0x0000000003f717a0, 0x0000000003f718f0]
Event: 104.347 Thread 0x000000001d53c000 13044       3       org.lwjgl.openal.AL10::alSourceStop (5 bytes)
Event: 104.348 Thread 0x000000001d53c000 nmethod 13044 0x000000000333e410 code [0x000000000333e580, 0x000000000333e6e8]
Event: 104.350 Thread 0x000000001d53c000 13046   !   3       paulscode.sound.libraries.ChannelLWJGLOpenAL::close (32 bytes)
Event: 104.350 Thread 0x000000001d53c000 nmethod 13046 0x0000000003607a50 code [0x0000000003607c00, 0x0000000003607ff8]
Event: 104.367 Thread 0x000000001d53c000 13047       1       org.apache.logging.log4j.core.config.LoggerConfig::getLevel (5 bytes)
Event: 104.367 Thread 0x000000001d53c000 nmethod 13047 0x000000000460a490 code [0x000000000460a5e0, 0x000000000460a6f0]

GC Heap History (10 events):
Event: 70.354 GC heap before
{Heap before GC invocations=30 (full 9):
 PSYoungGen      total 1153024K, used 1115219K [0x000000076ab00000, 0x00000007baf00000, 0x00000007c0000000)
  eden space 1096704K, 100% used [0x000000076ab00000,0x00000007ada00000,0x00000007ada00000)
  from space 56320K, 32% used [0x00000007b1000000,0x00000007b2214f30,0x00000007b4700000)
  to   space 55296K, 0% used [0x00000007ada00000,0x00000007ada00000,0x00000007b1000000)
 ParOldGen       total 367104K, used 183137K [0x00000006c0000000, 0x00000006d6680000, 0x000000076ab00000)
  object space 367104K, 49% used [0x00000006c0000000,0x00000006cb2d8680,0x00000006d6680000)
 Metaspace       used 46026K, capacity 46527K, committed 46848K, reserved 1091584K
  class space    used 5442K, capacity 5586K, committed 5632K, reserved 1048576K
Event: 70.362 GC heap after
Heap after GC invocations=30 (full 9):
 PSYoungGen      total 1152000K, used 21492K [0x000000076ab00000, 0x00000007b9880000, 0x00000007c0000000)
  eden space 1096704K, 0% used [0x000000076ab00000,0x000000076ab00000,0x00000007ada00000)
  from space 55296K, 38% used [0x00000007ada00000,0x00000007aeefd260,0x00000007b1000000)
  to   space 53248K, 0% used [0x00000007b6480000,0x00000007b6480000,0x00000007b9880000)
 ParOldGen       total 367104K, used 183137K [0x00000006c0000000, 0x00000006d6680000, 0x000000076ab00000)
  object space 367104K, 49% used [0x00000006c0000000,0x00000006cb2d8680,0x00000006d6680000)
 Metaspace       used 46026K, capacity 46527K, committed 46848K, reserved 1091584K
  class space    used 5442K, capacity 5586K, committed 5632K, reserved 1048576K
}
Event: 80.868 GC heap before
{Heap before GC invocations=31 (full 9):
 PSYoungGen      total 1152000K, used 1118196K [0x000000076ab00000, 0x00000007b9880000, 0x00000007c0000000)
  eden space 1096704K, 100% used [0x000000076ab00000,0x00000007ada00000,0x00000007ada00000)
  from space 55296K, 38% used [0x00000007ada00000,0x00000007aeefd260,0x00000007b1000000)
  to   space 53248K, 0% used [0x00000007b6480000,0x00000007b6480000,0x00000007b9880000)
 ParOldGen       total 367104K, used 183137K [0x00000006c0000000, 0x00000006d6680000, 0x000000076ab00000)
  object space 367104K, 49% used [0x00000006c0000000,0x00000006cb2d8680,0x00000006d6680000)
 Metaspace       used 46107K, capacity 46635K, committed 47104K, reserved 1091584K
  class space    used 5450K, capacity 5620K, committed 5632K, reserved 1048576K
Event: 80.876 GC heap after
Heap after GC invocations=31 (full 9):
 PSYoungGen      total 1165824K, used 21543K [0x000000076ab00000, 0x00000007b7a00000, 0x00000007c0000000)
  eden space 1143808K, 0% used [0x000000076ab00000,0x000000076ab00000,0x00000007b0800000)
  from space 22016K, 97% used [0x00000007b6480000,0x00000007b7989f08,0x00000007b7a00000)
  to   space 51200K, 0% used [0x00000007b1600000,0x00000007b1600000,0x00000007b4800000)
 ParOldGen       total 367104K, used 183145K [0x00000006c0000000, 0x00000006d6680000, 0x000000076ab00000)
  object space 367104K, 49% used [0x00000006c0000000,0x00000006cb2da680,0x00000006d6680000)
 Metaspace       used 46107K, capacity 46635K, committed 47104K, reserved 1091584K
  class space    used 5450K, capacity 5620K, committed 5632K, reserved 1048576K
}
Event: 95.865 GC heap before
{Heap before GC invocations=32 (full 9):
 PSYoungGen      total 1165824K, used 1165351K [0x000000076ab00000, 0x00000007b7a00000, 0x00000007c0000000)
  eden space 1143808K, 100% used [0x000000076ab00000,0x00000007b0800000,0x00000007b0800000)
  from space 22016K, 97% used [0x00000007b6480000,0x00000007b7989f08,0x00000007b7a00000)
  to   space 51200K, 0% used [0x00000007b1600000,0x00000007b1600000,0x00000007b4800000)
 ParOldGen       total 367104K, used 183145K [0x00000006c0000000, 0x00000006d6680000, 0x000000076ab00000)
  object space 367104K, 49% used [0x00000006c0000000,0x00000006cb2da680,0x00000006d6680000)
 Metaspace       used 46163K, capacity 46717K, committed 47104K, reserved 1091584K
  class space    used 5453K, capacity 5623K, committed 5632K, reserved 1048576K
Event: 95.873 GC heap after
Heap after GC invocations=32 (full 9):
 PSYoungGen      total 1209344K, used 22034K [0x000000076ab00000, 0x00000007b8e00000, 0x00000007c0000000)
  eden space 1158144K, 0% used [0x000000076ab00000,0x000000076ab00000,0x00000007b1600000)
  from space 51200K, 43% used [0x00000007b1600000,0x00000007b2b848b8,0x00000007b4800000)
  to   space 49152K, 0% used [0x00000007b5e00000,0x00000007b5e00000,0x00000007b8e00000)
 ParOldGen       total 367104K, used 183145K [0x00000006c0000000, 0x00000006d6680000, 0x000000076ab00000)
  object space 367104K, 49% used [0x00000006c0000000,0x00000006cb2da680,0x00000006d6680000)
 Metaspace       used 46163K, capacity 46717K, committed 47104K, reserved 1091584K
  class space    used 5453K, capacity 5623K, committed 5632K, reserved 1048576K
}
Event: 99.683 GC heap before
{Heap before GC invocations=33 (full 9):
 PSYoungGen      total 1209344K, used 370134K [0x000000076ab00000, 0x00000007b8e00000, 0x00000007c0000000)
  eden space 1158144K, 30% used [0x000000076ab00000,0x000000077fef1040,0x00000007b1600000)
  from space 51200K, 43% used [0x00000007b1600000,0x00000007b2b848b8,0x00000007b4800000)
  to   space 49152K, 0% used [0x00000007b5e00000,0x00000007b5e00000,0x00000007b8e00000)
 ParOldGen       total 367104K, used 183145K [0x00000006c0000000, 0x00000006d6680000, 0x000000076ab00000)
  object space 367104K, 49% used [0x00000006c0000000,0x00000006cb2da680,0x00000006d6680000)
 Metaspace       used 46174K, capacity 46723K, committed 47104K, reserved 1091584K
  class space    used 5453K, capacity 5624K, committed 5632K, reserved 1048576K
Event: 99.691 GC heap after
Heap after GC invocations=33 (full 9):
 PSYoungGen      total 1227776K, used 22299K [0x000000076ab00000, 0x00000007b8a00000, 0x00000007c0000000)
  eden space 1182720K, 0% used [0x000000076ab00000,0x000000076ab00000,0x00000007b2e00000)
  from space 45056K, 49% used [0x00000007b5e00000,0x00000007b73c6ff0,0x00000007b8a00000)
  to   space 47104K, 0% used [0x00000007b2e00000,0x00000007b2e00000,0x00000007b5c00000)
 ParOldGen       total 367104K, used 183145K [0x00000006c0000000, 0x00000006d6680000, 0x000000076ab00000)
  object space 367104K, 49% used [0x00000006c0000000,0x00000006cb2da680,0x00000006d6680000)
 Metaspace       used 46174K, capacity 46723K, committed 47104K, reserved 1091584K
  class space    used 5453K, capacity 5624K, committed 5632K, reserved 1048576K
}
Event: 99.691 GC heap before
{Heap before GC invocations=34 (full 10):
 PSYoungGen      total 1227776K, used 22299K [0x000000076ab00000, 0x00000007b8a00000, 0x00000007c0000000)
  eden space 1182720K, 0% used [0x000000076ab00000,0x000000076ab00000,0x00000007b2e00000)
  from space 45056K, 49% used [0x00000007b5e00000,0x00000007b73c6ff0,0x00000007b8a00000)
  to   space 47104K, 0% used [0x00000007b2e00000,0x00000007b2e00000,0x00000007b5c00000)
 ParOldGen       total 367104K, used 183145K [0x00000006c0000000, 0x00000006d6680000, 0x000000076ab00000)
  object space 367104K, 49% used [0x00000006c0000000,0x00000006cb2da680,0x00000006d6680000)
 Metaspace       used 46174K, capacity 46723K, committed 47104K, reserved 1091584K
  class space    used 5453K, capacity 5624K, committed 5632K, reserved 1048576K
Event: 99.901 GC heap after
Heap after GC invocations=34 (full 10):
 PSYoungGen      total 1227776K, used 0K [0x000000076ab00000, 0x00000007b8a00000, 0x00000007c0000000)
  eden space 1182720K, 0% used [0x000000076ab00000,0x000000076ab00000,0x00000007b2e00000)
  from space 45056K, 0% used [0x00000007b5e00000,0x00000007b5e00000,0x00000007b8a00000)
  to   space 47104K, 0% used [0x00000007b2e00000,0x00000007b2e00000,0x00000007b5c00000)
 ParOldGen       total 367104K, used 203277K [0x00000006c0000000, 0x00000006d6680000, 0x000000076ab00000)
  object space 367104K, 55% used [0x00000006c0000000,0x00000006cc6834a8,0x00000006d6680000)
 Metaspace       used 46174K, capacity 46723K, committed 47104K, reserved 1091584K
  class space    used 5453K, capacity 5624K, committed 5632K, reserved 1048576K
}

Deoptimization events (10 events):
Event: 90.965 Thread 0x00000000020eb000 Uncommon trap: reason=class_check action=maybe_recompile pc=0x0000000003cb1f28 method=net.minecraft.entity.EntityLivingBase.onEntityUpdate()V @ 49
Event: 91.481 Thread 0x00000000020eb000 Uncommon trap: reason=unstable_if action=reinterpret pc=0x0000000003996af0 method=org.lwjgl.opengl.WindowsKeyboard.isKeyDown(I)Z @ 7
Event: 93.077 Thread 0x00000000020eb000 Uncommon trap: reason=unstable_if action=reinterpret pc=0x0000000003d8b27c method=net.minecraft.entity.EntityLivingBase.onEntityUpdate()V @ 452
Event: 99.665 Thread 0x00000000224e1000 Uncommon trap: reason=unstable_if action=reinterpret pc=0x000000000434fd68 method=io.netty.util.Recycler.recycle(Ljava/lang/Object;Lio/netty/util/Recycler$Handle;)Z @ 22
Event: 99.665 Thread 0x00000000224e1000 Uncommon trap: reason=unstable_if action=reinterpret pc=0x0000000004007d70 method=io.netty.channel.socket.nio.NioSocketChannel.isActive()Z @ 9
Event: 99.665 Thread 0x00000000224e1000 Uncommon trap: reason=class_check action=maybe_recompile pc=0x00000000039cf5c4 method=net.minecraft.util.MessageDeserializer2.decode(Lio/netty/channel/ChannelHandlerContext;Lio/netty/buffer/ByteBuf;Ljava/util/List;)V @ 1
Event: 99.665 Thread 0x00000000224e1000 Uncommon trap: reason=class_check action=maybe_recompile pc=0x0000000003d6cb44 method=net.minecraft.network.NettyCompressionDecoder.decode(Lio/netty/channel/ChannelHandlerContext;Lio/netty/buffer/ByteBuf;Ljava/util/List;)V @ 1
Event: 99.665 Thread 0x00000000224e1000 Uncommon trap: reason=class_check action=maybe_recompile pc=0x00000000047a617c method=net.minecraft.util.MessageDeserializer.decode(Lio/netty/channel/ChannelHandlerContext;Lio/netty/buffer/ByteBuf;Ljava/util/List;)V @ 1
Event: 104.132 Thread 0x00000000020eb000 Uncommon trap: reason=unstable_if action=reinterpret pc=0x00000000046ebce8 method=net.minecraft.client.Minecraft.runGameLoop()V @ 19
Event: 104.366 Thread 0x00000000020eb000 Uncommon trap: reason=unstable_if action=reinterpret pc=0x0000000002ccbc50 method=net.minecraftforge.fml.relauncher.FMLSecurityManager.checkPermission(Ljava/security/Permission;)V @ 23

Internal exceptions (10 events):
Event: 99.597 Thread 0x000000001d5bf000 Exception <a 'java/lang/InterruptedException': sleep interrupted> (0x000000077bd118b8) thrown at [D:\re\workspace\8-2-build-windows-amd64-cygwin\jdk8u77\6540\hotspot\src\share\vm\prims\jvm.cpp, line 3215]
Event: 99.621 Thread 0x000000001d5bf000 Exception <a 'java/lang/InterruptedException': sleep interrupted> (0x000000077bd11b10) thrown at [D:\re\workspace\8-2-build-windows-amd64-cygwin\jdk8u77\6540\hotspot\src\share\vm\prims\jvm.cpp, line 3215]
Event: 99.621 Thread 0x000000001d5bf000 Exception <a 'java/lang/InterruptedException': sleep interrupted> (0x000000077bd11d68) thrown at [D:\re\workspace\8-2-build-windows-amd64-cygwin\jdk8u77\6540\hotspot\src\share\vm\prims\jvm.cpp, line 3215]
Event: 99.631 Thread 0x000000001d5bf000 Exception <a 'java/lang/InterruptedException': sleep interrupted> (0x000000077bd11fc0) thrown at [D:\re\workspace\8-2-build-windows-amd64-cygwin\jdk8u77\6540\hotspot\src\share\vm\prims\jvm.cpp, line 3215]
Event: 99.648 Thread 0x000000001d5bf000 Exception <a 'java/lang/InterruptedException': sleep interrupted> (0x000000077bd12218) thrown at [D:\re\workspace\8-2-build-windows-amd64-cygwin\jdk8u77\6540\hotspot\src\share\vm\prims\jvm.cpp, line 3215]
Event: 99.665 Thread 0x000000001d5bf000 Exception <a 'java/lang/InterruptedException': sleep interrupted> (0x000000077bd12470) thrown at [D:\re\workspace\8-2-build-windows-amd64-cygwin\jdk8u77\6540\hotspot\src\share\vm\prims\jvm.cpp, line 3215]
Event: 99.665 Thread 0x000000001d5bf000 Exception <a 'java/lang/InterruptedException': sleep interrupted> (0x000000077bd132a0) thrown at [D:\re\workspace\8-2-build-windows-amd64-cygwin\jdk8u77\6540\hotspot\src\share\vm\prims\jvm.cpp, line 3167]
Event: 99.683 Thread 0x000000001d5bf000 Exception <a 'java/lang/InterruptedException': sleep interrupted> (0x000000077bd134f8) thrown at [D:\re\workspace\8-2-build-windows-amd64-cygwin\jdk8u77\6540\hotspot\src\share\vm\prims\jvm.cpp, line 3215]
Event: 104.148 Thread 0x000000001d5bf000 Exception <a 'java/lang/InterruptedException': sleep interrupted> (0x000000076bbf35a0) thrown at [D:\re\workspace\8-2-build-windows-amd64-cygwin\jdk8u77\6540\hotspot\src\share\vm\prims\jvm.cpp, line 3215]
Event: 104.247 Thread 0x000000001d5c3000 Exception <a 'java/lang/InterruptedException': sleep interrupted> (0x000000076bc110a8) thrown at [D:\re\workspace\8-2-build-windows-amd64-cygwin\jdk8u77\6540\hotspot\src\share\vm\prims\jvm.cpp, line 3215]

Events (10 events):
Event: 104.366 loading class org/apache/logging/log4j/core/config/NullConfiguration
Event: 104.366 loading class org/apache/logging/log4j/core/config/NullConfiguration done
Event: 104.366 Thread 0x0000000021249000 Thread exited: 0x0000000021249000
Event: 104.367 loading class javax/servlet/ServletContext
Event: 104.367 loading class javax/servlet/ServletContext done
Event: 104.367 loading class javax/servlet/ServletContext
Event: 104.367 loading class javax/servlet/ServletContext done
Event: 104.367 Thread 0x000000001d5c3000 Thread exited: 0x000000001d5c3000
Event: 104.368 Thread 0x000000001d5c3800 Thread exited: 0x000000001d5c3800
Event: 104.368 Executing VM operation: Exit


Dynamic libraries:
0x000000013fd90000 - 0x000000013fdc7000 	C:\Program Files\Java\jre1.8.0_77\bin\javaw.exe
0x0000000077600000 - 0x00000000777a9000 	C:\Windows\SYSTEM32\ntdll.dll
0x00000000774e0000 - 0x00000000775ff000 	C:\Windows\system32\kernel32.dll
0x000007fefd660000 - 0x000007fefd6cc000 	C:\Windows\system32\KERNELBASE.dll
0x000007fefe120000 - 0x000007fefe1fb000 	C:\Windows\system32\ADVAPI32.dll
0x000007fefda00000 - 0x000007fefda9f000 	C:\Windows\system32\msvcrt.dll
0x000007fefd9e0000 - 0x000007fefd9ff000 	C:\Windows\SYSTEM32\sechost.dll
0x000007fefe390000 - 0x000007fefe4bd000 	C:\Windows\system32\RPCRT4.dll
0x00000000773e0000 - 0x00000000774da000 	C:\Windows\system32\USER32.dll
0x000007fefdcf0000 - 0x000007fefdd57000 	C:\Windows\system32\GDI32.dll
0x000007fefe2b0000 - 0x000007fefe2be000 	C:\Windows\system32\LPK.dll
0x000007fefe2c0000 - 0x000007fefe389000 	C:\Windows\system32\USP10.dll
0x000007fefbf50000 - 0x000007fefc144000 	C:\Windows\WinSxS\amd64_microsoft.windows.common-controls_6595b64144ccf1df_6.0.7601.17514_none_fa396087175ac9ac\COMCTL32.dll
0x000007feff4b0000 - 0x000007feff521000 	C:\Windows\system32\SHLWAPI.dll
0x000007fefe650000 - 0x000007fefe67e000 	C:\Windows\system32\IMM32.DLL
0x000007feff800000 - 0x000007feff909000 	C:\Windows\system32\MSCTF.dll
0x0000000052190000 - 0x0000000052262000 	C:\Program Files\Java\jre1.8.0_77\bin\msvcr100.dll
0x0000000052270000 - 0x0000000052b00000 	C:\Program Files\Java\jre1.8.0_77\bin\server\jvm.dll
0x000007fefaf20000 - 0x000007fefaf29000 	C:\Windows\system32\WSOCK32.dll
0x000007fefdf90000 - 0x000007fefdfdd000 	C:\Windows\system32\WS2_32.dll
0x000007fefe200000 - 0x000007fefe208000 	C:\Windows\system32\NSI.dll
0x000007fef96a0000 - 0x000007fef96db000 	C:\Windows\system32\WINMM.dll
0x000007fefc490000 - 0x000007fefc49c000 	C:\Windows\system32\VERSION.dll
0x00000000777d0000 - 0x00000000777d7000 	C:\Windows\system32\PSAPI.DLL
0x00000000710a0000 - 0x00000000710af000 	C:\Program Files\Java\jre1.8.0_77\bin\verify.dll
0x000000005ddb0000 - 0x000000005ddd9000 	C:\Program Files\Java\jre1.8.0_77\bin\java.dll
0x000000005dd90000 - 0x000000005dda6000 	C:\Program Files\Java\jre1.8.0_77\bin\zip.dll
0x000007fefe680000 - 0x000007feff408000 	C:\Windows\system32\SHELL32.dll
0x000007fefdd60000 - 0x000007fefdf63000 	C:\Windows\system32\ole32.dll
0x000007fefd3d0000 - 0x000007fefd3df000 	C:\Windows\system32\profapi.dll
0x000000005ce10000 - 0x000000005ce1d000 	C:\Program Files\Java\jre1.8.0_77\bin\management.dll
0x000000005dd70000 - 0x000000005dd8a000 	C:\Program Files\Java\jre1.8.0_77\bin\net.dll
0x000007fefcb60000 - 0x000007fefcbb5000 	C:\Windows\system32\mswsock.dll
0x000007fefcb50000 - 0x000007fefcb57000 	C:\Windows\System32\wship6.dll
0x000000005dd50000 - 0x000000005dd61000 	C:\Program Files\Java\jre1.8.0_77\bin\nio.dll
0x000007fefb6f0000 - 0x000007fefb705000 	C:\Windows\system32\NLAapi.dll
0x000007fee4ab0000 - 0x000007fee4ac5000 	C:\Windows\system32\napinsp.dll
0x000007fee4a90000 - 0x000007fee4aa9000 	C:\Windows\system32\pnrpnsp.dll
0x000007fee4ae0000 - 0x000007fee4aeb000 	C:\Windows\System32\winrnr.dll
0x000007fefa0c0000 - 0x000007fefa0d2000 	C:\Windows\system32\PrxerNsp.dll
0x000007fefc9e0000 - 0x000007fefca3b000 	C:\Windows\system32\DNSAPI.dll
0x000007fefc580000 - 0x000007fefc587000 	C:\Windows\System32\wshtcpip.dll
0x000007fefb160000 - 0x000007fefb187000 	C:\Windows\system32\IPHLPAPI.DLL
0x000007fefb140000 - 0x000007fefb14b000 	C:\Windows\system32\WINNSI.DLL
0x000007fefa0b0000 - 0x000007fefa0b8000 	C:\Windows\system32\rasadhlp.dll
0x000007fefb080000 - 0x000007fefb0d3000 	C:\Windows\System32\fwpuclnt.dll
0x000000005d140000 - 0x000000005d164000 	C:\Program Files\Java\jre1.8.0_77\bin\sunec.dll
0x000007fefcbc0000 - 0x000007fefcbd8000 	C:\Windows\system32\CRYPTSP.dll
0x000007fefc8c0000 - 0x000007fefc907000 	C:\Windows\system32\rsaenh.dll
0x000007fefd710000 - 0x000007fefd72e000 	C:\Windows\system32\USERENV.dll
0x000007fefd220000 - 0x000007fefd22f000 	C:\Windows\system32\CRYPTBASE.dll
0x000007fefaf50000 - 0x000007fefaf61000 	C:\Windows\system32\dhcpcsvc6.DLL
0x000007fefaf30000 - 0x000007fefaf48000 	C:\Windows\system32\dhcpcsvc.DLL
0x0000000180000000 - 0x0000000180051000 	C:\Users\Sam Humby\.gradle\caches\minecraft\net\minecraft\natives\1.8\lwjgl64.dll
0x000007fedf9d0000 - 0x000007fedfaed000 	C:\Windows\system32\OPENGL32.dll
0x000007fee64a0000 - 0x000007fee64cd000 	C:\Windows\system32\GLU32.dll
0x000007feea680000 - 0x000007feea771000 	C:\Windows\system32\DDRAW.dll
0x000007feecc10000 - 0x000007feecc18000 	C:\Windows\system32\DCIMAN32.dll
0x000007fefd800000 - 0x000007fefd9d7000 	C:\Windows\system32\SETUPAPI.dll
0x000007fefd480000 - 0x000007fefd4b6000 	C:\Windows\system32\CFGMGR32.dll
0x000007fefe040000 - 0x000007fefe117000 	C:\Windows\system32\OLEAUT32.dll
0x000007fefd6e0000 - 0x000007fefd6fa000 	C:\Windows\system32\DEVOBJ.dll
0x000007fefc440000 - 0x000007fefc458000 	C:\Windows\system32\dwmapi.dll
0x0000000051ff0000 - 0x0000000052188000 	C:\Program Files\Java\jre1.8.0_77\bin\awt.dll
0x000007fefb930000 - 0x000007fefb986000 	C:\Windows\system32\uxtheme.dll
0x000007feeb010000 - 0x000007feeb038000 	C:\Program Files (x86)\Raptr\ltc_help64-106568.dll
0x000007fefd730000 - 0x000007fefd76b000 	C:\Windows\system32\WINTRUST.dll
0x000007fefd4c0000 - 0x000007fefd62d000 	C:\Windows\system32\CRYPT32.dll
0x000007fefd3c0000 - 0x000007fefd3cf000 	C:\Windows\system32\MSASN1.dll
0x000007fee64e0000 - 0x000007fee64f8000 	C:\Windows\system32\atig6pxx.dll
0x0000000068e50000 - 0x000000006ace7000 	C:\Windows\system32\atio6axx.dll
0x000007feecc70000 - 0x000007feecdb8000 	C:\Windows\system32\atiadlxx.dll
0x000007fefba30000 - 0x000007fefbb5c000 	C:\Windows\system32\PROPSYS.dll
0x000007fefc4a0000 - 0x000007fefc4b1000 	C:\Windows\system32\WTSAPI32.dll
0x000007fee6180000 - 0x000007fee61ac000 	C:\Windows\system32\atig6txx.dll
0x000007feecac0000 - 0x000007feecb5c000 	C:\Windows\system32\mscms.dll
0x000007fee5ea0000 - 0x000007fee5ee2000 	C:\Windows\system32\icm32.dll
0x0000000070a40000 - 0x0000000070adc000 	C:\Users\Sam Humby\.gradle\caches\minecraft\net\minecraft\natives\1.8\avutil-ttv-51.dll
0x0000000065980000 - 0x00000000659d6000 	C:\Users\Sam Humby\.gradle\caches\minecraft\net\minecraft\natives\1.8\swresample-ttv-0.dll
0x000000006eb80000 - 0x000000006ec50000 	C:\Users\Sam Humby\.gradle\caches\minecraft\net\minecraft\natives\1.8\libmp3lame-ttv.dll
0x000007fedc060000 - 0x000007fedd404000 	C:\Users\Sam Humby\.gradle\caches\minecraft\net\minecraft\natives\1.8\libmfxsw64.dll
0x000007fedf860000 - 0x000007fedf9cd000 	C:\Users\Sam Humby\.gradle\caches\minecraft\net\minecraft\natives\1.8\twitchsdk.dll
0x000007fefdaa0000 - 0x000007fefdce8000 	C:\Windows\system32\WININET.dll
0x000007fefd630000 - 0x000007fefd634000 	C:\Windows\system32\api-ms-win-downlevel-user32-l1-1-0.dll
0x000007fefd640000 - 0x000007fefd644000 	C:\Windows\system32\api-ms-win-downlevel-shlwapi-l1-1-0.dll
0x000007fefd700000 - 0x000007fefd704000 	C:\Windows\system32\api-ms-win-downlevel-version-l1-1-0.dll
0x000007fefd650000 - 0x000007fefd653000 	C:\Windows\system32\api-ms-win-downlevel-normaliz-l1-1-0.dll
0x00000000777c0000 - 0x00000000777c3000 	C:\Windows\system32\normaliz.DLL
0x000007feff530000 - 0x000007feff7f7000 	C:\Windows\system32\iertutil.dll
0x000007fefd770000 - 0x000007fefd775000 	C:\Windows\system32\api-ms-win-downlevel-advapi32-l1-1-0.dll
0x0000000012d40000 - 0x0000000012da4000 	C:\Users\Sam Humby\.gradle\caches\minecraft\net\minecraft\natives\1.8\OpenAL64.dll
0x000007fefe210000 - 0x000007fefe2a9000 	C:\Windows\system32\CLBCatQ.DLL
0x000007fefb9e0000 - 0x000007fefba2b000 	C:\Windows\System32\MMDevApi.dll
0x000007fef2700000 - 0x000007fef2788000 	C:\Windows\system32\dsound.dll
0x000007fefc460000 - 0x000007fefc48c000 	C:\Windows\system32\POWRPROF.dll
0x000007fef2340000 - 0x000007fef238f000 	C:\Windows\system32\AUDIOSES.DLL
0x000007fefdf70000 - 0x000007fefdf89000 	C:\Windows\system32\imagehlp.dll
0x000007fefcd40000 - 0x000007fefcd90000 	C:\Windows\system32\ncrypt.dll
0x000007fefcd10000 - 0x000007fefcd32000 	C:\Windows\system32\bcrypt.dll
0x000007fefc800000 - 0x000007fefc84c000 	C:\Windows\system32\bcryptprimitives.dll
0x000007fefc670000 - 0x000007fefc68b000 	C:\Windows\system32\GPAPI.dll
0x000007fef66d0000 - 0x000007fef66f7000 	C:\Windows\system32\cryptnet.dll
0x000007fefdfe0000 - 0x000007fefe032000 	C:\Windows\system32\WLDAP32.dll
0x000007feecb60000 - 0x000007feecb69000 	C:\Windows\system32\SensApi.dll
0x000007fee0880000 - 0x000007fee0ac8000 	C:\PROGRA~2\Raptr\ltc_game64-106568.dll
0x000007feee020000 - 0x000007feee145000 	C:\Windows\system32\dbghelp.dll

VM Arguments:
jvm_args: -Dfile.encoding=Cp1252 
java_command: GradleStart --username=samalot@plagachef.com --password=jedapo
java_class_path (initial): C:\Users\Sam Humby\Desktop\Minecraft Mod\Git\Lazarus\bin;C:\Users\Sam Humby\.gradle\caches\minecraft\net\minecraftforge\forge\1.8-11.14.4.1563\snapshot\20141130\forgeSrc-1.8-11.14.4.1563.jar;C:\Users\Sam Humby\.gradle\caches\modules-2\files-2.1\net.minecraft\launchwrapper\1.12\111e7bea9c968cdb3d06ef4632bf7ff0824d0f36\launchwrapper-1.12.jar;C:\Users\Sam Humby\.gradle\caches\modules-2\files-2.1\org.ow2.asm\asm-debug-all\5.0.3\f9e364ae2a66ce2a543012a4668856e84e5dab74\asm-debug-all-5.0.3.jar;C:\Users\Sam Humby\.gradle\caches\modules-2\files-2.1\com.typesafe.akka\akka-actor_2.11\2.3.3\ed62e9fc709ca0f2ff1a3220daa8b70a2870078e\akka-actor_2.11-2.3.3.jar;C:\Users\Sam Humby\.gradle\caches\modules-2\files-2.1\com.typesafe\config\1.2.1\f771f71fdae3df231bcd54d5ca2d57f0bf93f467\config-1.2.1.jar;C:\Users\Sam Humby\.gradle\caches\modules-2\files-2.1\org.scala-lang\scala-actors-migration_2.11\1.1.0\dfa8bc42b181d5b9f1a5dd147f8ae308b893eb6f\scala-actors-migration_2.11-1.1.0.jar;C:\Users\Sam Humby\.gradle\caches\modules-2\files-2.1\org.scala-lang\scala-compiler\2.11.1\56ea2e6c025e0821f28d73ca271218b8dd04926a\scala-compiler-2.11.1.jar;C:\Users\Sam Humby\.gradle\caches\modules-2\files-2.1\org.scala-lang.plugins\scala-continuations-library_2.11\1.0.2\e517c53a7e9acd6b1668c5a35eccbaa3bab9aac\scala-continuations-library_2.11-1.0.2.jar;C:\Users\Sam Humby\.gradle\caches\modules-2\files-2.1\org.scala-lang.plugins\scala-continuations-plugin_2.11.1\1.0.2\f361a3283452c57fa30c1ee69448995de23c60f7\scala-continuations-plugin_2.11.1-1.0.2.jar;C:\Users\Sam Humby\.gradle\caches\modules-2\files-2.1\org.scala-lang\scala-library\2.11.1\e11da23da3eabab9f4777b9220e60d44c1aab6a\scala-library-2.11.1.jar;C:\Users\Sam Humby\.gradle\caches\modules-2\files-2.1\org.scala-lang.modules\scala-parser-combinators_2.11\1.0.1\f05d7345bf5a58924f2837c6c1f4d73a938e1ff0\scala-parser-combinators_2.11-1.0.1.jar;C:\Users\Sam Humby\.gradle\caches\modules-2\files-2.1\org.scala-lang\scala-reflect\2.11.1
Launcher Type: SUN_STANDARD

Environment Variables:
JAVA_HOME=C:\Program Files\Java\jdk1.8.0_77
CLASSPATH=.;C:\Program Files\Java\jre1.8.0_77\lib\ext\QTJava.zip
PATH=C:/Program Files/Java/jre1.8.0_77/bin/server;C:/Program Files/Java/jre1.8.0_77/bin;C:/Program Files/Java/jre1.8.0_77/lib/amd64;C:\Program Files (x86)\NVIDIA Corporation\PhysX\Common;C:\ProgramData\Oracle\Java\javapath;C:\Program Files (x86)\AMD APP\bin\x86_64;C:\Program Files (x86)\AMD APP\bin\x86;C:\Program Files (x86)\Intel\iCLS Client\;C:\Program Files\Intel\iCLS Client\;C:\Windows\system32;C:\Windows;C:\Windows\System32\Wbem;C:\Windows\System32\WindowsPowerShell\v1.0\;C:\Program Files\Intel\Intel(R) Management Engine Components\DAL;C:\Program Files\Intel\Intel(R) Management Engine Components\IPT;C:\Program Files (x86)\Intel\Intel(R) Management Engine Components\DAL;C:\Program Files (x86)\Intel\Intel(R) Management Engine Components\IPT;C:\Program Files (x86)\ATI Technologies\ATI.ACE\Core-Static;C:\Program Files\Java\jdk1.7.0_21\bin;C:\Program Files (x86)\QuickTime\QTSystem\;C:\Program Files (x86)\Autodesk\Backburner\;C:\Program Files (x86)\Bitvise SSH Client;C:\Program Files\digieffects\bin;C:\Program Files\nodejs\;C:\Program Files (x86)\Git\cmd;C:\php;C:\Program Files (x86)\AMD\ATI.ACE\Core-Static;C:\Program Files\OpenVPN\bin;C:\MinGW\bin;C:\Users\Sam Humby\.dnx\bin;C:\Program Files\Microsoft DNX\Dnvm\;C:\Program Files (x86)\Skype\Phone\;C:\Program Files\MiKTeX 2.9\miktex\bin\x64\;C:\Python27\Scripts;C:\Program Files\Java\jdk1.8.0_77\bin;C:\Users\Sam Humby\AppData\Roaming\npm;C:\Program Files (x86)\apache-maven-3.3.3\Bin;C:\Python27\Scripts;C:\Windows\system32;
USERNAME=Sam Humby
OS=Windows_NT
PROCESSOR_IDENTIFIER=Intel64 Family 6 Model 58 Stepping 9, GenuineIntel



---------------  S Y S T E M  ---------------

OS: Windows 7 , 64 bit Build 7601 (6.1.7601.18409)

CPU:total 4 (4 cores per cpu, 1 threads per core) family 6 model 58 stepping 9, cmov, cx8, fxsr, mmx, sse, sse2, sse3, ssse3, sse4.1, sse4.2, popcnt, avx, aes, clmul, erms, tsc, tscinvbit, tscinv

Memory: 4k page, physical 16777216k(10072440k free), swap 18872512k(9808108k free)

vm_info: Java HotSpot(TM) 64-Bit Server VM (25.77-b03) for windows-amd64 JRE (1.8.0_77-b03), built on Mar 20 2016 22:01:33 by "java_re" with MS VC++ 10.0 (VS2010)

time: Sat Jun 18 21:07:32 2016
elapsed time: 104 seconds (0d 0h 1m 44s)

