#
# A fatal error has been detected by the Java Runtime Environment:
#
#  EXCEPTION_ACCESS_VIOLATION (0xc0000005) at pc=0x000007fee78cd6c4, pid=1936, tid=8216
#
# JRE version: Java(TM) SE Runtime Environment (8.0_77-b03) (build 1.8.0_77-b03)
# Java VM: Java HotSpot(TM) 64-Bit Server VM (25.77-b03 mixed mode windows-amd64 compressed oops)
# Problematic frame:
# C  [OPENGL32.dll+0xdd6c4]
#
# Failed to write core dump. Minidumps are not enabled by default on client versions of Windows
#
# If you would like to submit a bug report, please visit:
#   http://bugreport.java.com/bugreport/crash.jsp
#

---------------  T H R E A D  ---------------

Current thread (0x000000001c15e800):  VMThread [stack: 0x000000001d2a0000,0x000000001d3a0000] [id=8216]

siginfo: ExceptionCode=0xc0000005, reading address 0x0000000000000a38

Registers:
RAX=0x0000000000000000, RBX=0x00000000346b04f0, RCX=0x0000000000000001, RDX=0x00000000346b04f8
RSP=0x000000001d39ef38, RBP=0x0000000000000000, RSI=0x00000000346af8f0, RDI=0x00000000346af8f0
R8 =0x000000001d39efb8, R9 =0x000000001c045400, R10=0x0000000029a2b2a0, R11=0x000000001d39ed02
R12=0x0000000000000000, R13=0x00000000346a7100, R14=0x00000000346a6fb0, R15=0x0000000000000000
RIP=0x000007fee78cd6c4, EFLAGS=0x0000000000010287

Top of Stack: (sp=0x000000001d39ef38)
0x000000001d39ef38:   000007fedcf3244b 0000000000000001
0x000000001d39ef48:   00000000346b04f8 000000001d39efb8
0x000000001d39ef58:   000000001c045400 0000000000000000
0x000000001d39ef68:   000007fedcf37f17 00000000346a7100
0x000000001d39ef78:   0000000000000001 00000000346a70e0
0x000000001d39ef88:   00000000346a6fb0 fffffffffffffffe
0x000000001d39ef98:   0000000077181a4a 0000000000000000
0x000000001d39efa8:   000007fedcf387c9 00000000346af8f0
0x000000001d39efb8:   00000000346a69d0 000007fedd021940
0x000000001d39efc8:   000007fedcfb5700 fffffffffffffffe
0x000000001d39efd8:   000000003acbcbe0 0000000000000001
0x000000001d39efe8:   00000000346a70d8 00000000346a6fb0
0x000000001d39eff8:   000007fedcfbd7ad 000007fedd0f65b0
0x000000001d39f008:   000007fedd021930 000000001c045400
0x000000001d39f018:   000000001c15f020 00000000346a70d8
0x000000001d39f028:   00000000346a6fb0 00000000346a6fb0 

Instructions: (pc=0x000007fee78cd6c4)
0x000007fee78cd6a4:   cc cc cc cc cc cc 66 0f 1f 44 00 00 8b 05 16 0c
0x000007fee78cd6b4:   01 00 83 f8 40 73 0f 65 48 8b 04 c5 80 14 00 00
0x000007fee78cd6c4:   ff a0 38 0a 00 00 b8 47 01 00 00 e9 ec d4 ff ff
0x000007fee78cd6d4:   cc cc cc cc cc cc 66 0f 1f 44 00 00 8b 05 e6 0b 


Register to memory mapping:

RAX=0x0000000000000000 is an unknown value
RBX=0x00000000346b04f0 is an unknown value
RCX=0x0000000000000001 is an unknown value
RDX=0x00000000346b04f8 is an unknown value
RSP=0x000000001d39ef38 is an unknown value
RBP=0x0000000000000000 is an unknown value
RSI=0x00000000346af8f0 is an unknown value
RDI=0x00000000346af8f0 is an unknown value
R8 =0x000000001d39efb8 is an unknown value
R9 =0x000000001c045400 is an unknown value
R10=0x0000000029a2b2a0 is an unknown value
R11=0x000000001d39ed02 is an unknown value
R12=0x0000000000000000 is an unknown value
R13=0x00000000346a7100 is an unknown value
R14=0x00000000346a6fb0 is an unknown value
R15=0x0000000000000000 is an unknown value


Stack: [0x000000001d2a0000,0x000000001d3a0000],  sp=0x000000001d39ef38,  free space=1019k
Native frames: (J=compiled Java code, j=interpreted, Vv=VM code, C=native code)

VM_Operation (0x00000000024bdfc0): Exit, mode: safepoint, requested by thread 0x000000000217b000


---------------  P R O C E S S  ---------------

Java Threads: ( => current thread )
  0x00000000212c1000 JavaThread "File IO Thread" [_thread_blocked, id=8792, stack(0x000000003c920000,0x000000003ca20000)]
  0x00000000212bc000 JavaThread "pool-2-thread-1" [_thread_blocked, id=9048, stack(0x000000003b6a0000,0x000000003b7a0000)]
  0x00000000212bd800 JavaThread "Chunk I/O Executor Thread-1" daemon [_thread_blocked, id=9056, stack(0x000000003cd90000,0x000000003ce90000)]
  0x00000000212bc800 JavaThread "Netty Server IO #1" daemon [_thread_in_native, id=7172, stack(0x000000003b7b0000,0x000000003b8b0000)]
  0x00000000212bb000 JavaThread "Netty Local Client IO #0" daemon [_thread_blocked, id=5532, stack(0x000000003b4d0000,0x000000003b5d0000)]
  0x00000000212ba800 JavaThread "Netty Server IO #0" daemon [_thread_in_native, id=8396, stack(0x000000003b280000,0x000000003b380000)]
  0x00000000212b8000 JavaThread "Chunk Batcher 1" daemon [_thread_blocked, id=8108, stack(0x0000000036260000,0x0000000036360000)]
  0x00000000212b7800 JavaThread "Chunk Batcher 0" daemon [_thread_blocked, id=8360, stack(0x0000000036120000,0x0000000036220000)]
  0x000000001ef19800 JavaThread "LWJGL Timer" daemon [_thread_blocked, id=5244, stack(0x0000000028600000,0x0000000028700000)]
  0x0000000020f53800 JavaThread "Java2D Disposer" daemon [_thread_blocked, id=7076, stack(0x0000000025420000,0x0000000025520000)]
  0x00000000213c9000 JavaThread "Timer hack thread" daemon [_thread_blocked, id=4388, stack(0x0000000020020000,0x0000000020120000)]
  0x00000000247ce000 JavaThread "Snooper Timer" daemon [_thread_blocked, id=8136, stack(0x00000000241c0000,0x00000000242c0000)]
  0x000000001d932000 JavaThread "Service Thread" daemon [_thread_blocked, id=8896, stack(0x000000001e130000,0x000000001e230000)]
  0x000000001d8b6000 JavaThread "C1 CompilerThread2" daemon [_thread_blocked, id=8220, stack(0x000000001d430000,0x000000001d530000)]
  0x000000001d8b4800 JavaThread "C2 CompilerThread1" daemon [_thread_blocked, id=8904, stack(0x000000001df70000,0x000000001e070000)]
  0x000000001c1cf000 JavaThread "C2 CompilerThread0" daemon [_thread_blocked, id=8908, stack(0x000000001dde0000,0x000000001dee0000)]
  0x000000001c1cd000 JavaThread "Attach Listener" daemon [_thread_blocked, id=9020, stack(0x000000001d7b0000,0x000000001d8b0000)]
  0x000000001c1c9800 JavaThread "Signal Dispatcher" daemon [_thread_blocked, id=9000, stack(0x000000001d670000,0x000000001d770000)]
  0x000000001c1af800 JavaThread "Finalizer" daemon [_thread_blocked, id=8244, stack(0x000000001d540000,0x000000001d640000)]
  0x000000001c166800 JavaThread "Reference Handler" daemon [_thread_blocked, id=7940, stack(0x000000001d170000,0x000000001d270000)]
  0x000000000217b000 JavaThread "Client thread" [_thread_blocked, id=8884, stack(0x00000000023c0000,0x00000000024c0000)]

Other Threads:
=>0x000000001c15e800 VMThread [stack: 0x000000001d2a0000,0x000000001d3a0000] [id=8216]

VM state:at safepoint (shutting down)

VM Mutex/Monitor currently owned by a thread:  ([mutex/lock_event])
[0x0000000002179680] Threads_lock - owner thread: 0x000000001c15e800

Heap:
 PSYoungGen      total 1204224K, used 38224K [0x000000076ab00000, 0x00000007b7e80000, 0x00000007c0000000)
  eden space 1149440K, 3% used [0x000000076ab00000,0x000000076d054340,0x00000007b0d80000)
  from space 54784K, 0% used [0x00000007b4900000,0x00000007b4900000,0x00000007b7e80000)
  to   space 57856K, 0% used [0x00000007b0d80000,0x00000007b0d80000,0x00000007b4600000)
 ParOldGen       total 183808K, used 172167K [0x00000006c0000000, 0x00000006cb380000, 0x000000076ab00000)
  object space 183808K, 93% used [0x00000006c0000000,0x00000006ca821e58,0x00000006cb380000)
 Metaspace       used 44765K, capacity 45231K, committed 45696K, reserved 1089536K
  class space    used 5322K, capacity 5472K, committed 5504K, reserved 1048576K

Card table byte_map: [0x0000000011b50000,0x0000000012360000] byte_map_base: 0x000000000e550000

Marking Bits: (ParMarkBitMap*) 0x000000006ff90600
 Begin Bits: [0x0000000012fd0000, 0x0000000016fd0000)
 End Bits:   [0x0000000016fd0000, 0x000000001afd0000)

Polling page: 0x00000000000b0000

CodeCache: size=245760Kb used=34565Kb max_used=35185Kb free=211194Kb
 bounds [0x0000000002790000, 0x0000000004a20000, 0x0000000011790000]
 total_blobs=8983 nmethods=8107 adapters=785
 compilation: enabled

Compilation events (10 events):
Event: 41.282 Thread 0x000000001d8b6000 11432   !   3       java.util.zip.Deflater::end (50 bytes)
Event: 41.283 Thread 0x000000001d8b6000 nmethod 11432 0x0000000004419410 code [0x00000000044195a0, 0x0000000004419a68]
Event: 41.283 Thread 0x000000001d8b6000 11433       3       java.util.concurrent.locks.ReentrantLock::isHeldByCurrentThread (8 bytes)
Event: 41.283 Thread 0x000000001d8b6000 nmethod 11433 0x0000000003cf7d50 code [0x0000000003cf7ec0, 0x0000000003cf8210]
Event: 41.284 Thread 0x000000001d8b6000 11434       3       java.util.Formatter$Conversion::isFloat (72 bytes)
Event: 41.284 Thread 0x000000001d8b6000 nmethod 11434 0x0000000003eb2890 code [0x0000000003eb29e0, 0x0000000003eb2b70]
Event: 41.981 Thread 0x000000001d8b6000 11435       3       net.minecraftforge.fml.relauncher.FMLSecurityManager::checkPermission (170 bytes)
Event: 41.981 Thread 0x000000001d8b6000 nmethod 11435 0x00000000040288d0 code [0x0000000004028b80, 0x0000000004029f78]
Event: 41.982 Thread 0x000000001d8b6000 11436       1       org.apache.logging.log4j.core.config.LoggerConfig::getLevel (5 bytes)
Event: 41.982 Thread 0x000000001d8b6000 nmethod 11436 0x00000000031675d0 code [0x0000000003167720, 0x0000000003167830]

GC Heap History (10 events):
Event: 27.071 GC heap before
{Heap before GC invocations=22 (full 5):
 PSYoungGen      total 941056K, used 918317K [0x000000076ab00000, 0x00000007aa000000, 0x00000007c0000000)
  eden space 899072K, 100% used [0x000000076ab00000,0x00000007a1900000,0x00000007a1900000)
  from space 41984K, 45% used [0x00000007a7700000,0x00000007a89cb6a8,0x00000007aa000000)
  to   space 69120K, 0% used [0x00000007a1900000,0x00000007a1900000,0x00000007a5c80000)
 ParOldGen       total 183808K, used 158849K [0x00000006c0000000, 0x00000006cb380000, 0x000000076ab00000)
  object space 183808K, 86% used [0x00000006c0000000,0x00000006c9b20600,0x00000006cb380000)
 Metaspace       used 44293K, capacity 44745K, committed 45184K, reserved 1089536K
  class space    used 5300K, capacity 5439K, committed 5504K, reserved 1048576K
Event: 27.090 GC heap after
Heap after GC invocations=22 (full 5):
 PSYoungGen      total 968192K, used 18989K [0x000000076ab00000, 0x00000007b2f80000, 0x00000007c0000000)
  eden space 899072K, 0% used [0x000000076ab00000,0x000000076ab00000,0x00000007a1900000)
  from space 69120K, 27% used [0x00000007a1900000,0x00000007a2b8b530,0x00000007a5c80000)
  to   space 66560K, 0% used [0x00000007aee80000,0x00000007aee80000,0x00000007b2f80000)
 ParOldGen       total 183808K, used 158857K [0x00000006c0000000, 0x00000006cb380000, 0x000000076ab00000)
  object space 183808K, 86% used [0x00000006c0000000,0x00000006c9b22600,0x00000006cb380000)
 Metaspace       used 44293K, capacity 44745K, committed 45184K, reserved 1089536K
  class space    used 5300K, capacity 5439K, committed 5504K, reserved 1048576K
}
Event: 31.712 GC heap before
{Heap before GC invocations=23 (full 5):
 PSYoungGen      total 968192K, used 918061K [0x000000076ab00000, 0x00000007b2f80000, 0x00000007c0000000)
  eden space 899072K, 100% used [0x000000076ab00000,0x00000007a1900000,0x00000007a1900000)
  from space 69120K, 27% used [0x00000007a1900000,0x00000007a2b8b530,0x00000007a5c80000)
  to   space 66560K, 0% used [0x00000007aee80000,0x00000007aee80000,0x00000007b2f80000)
 ParOldGen       total 183808K, used 158857K [0x00000006c0000000, 0x00000006cb380000, 0x000000076ab00000)
  object space 183808K, 86% used [0x00000006c0000000,0x00000006c9b22600,0x00000006cb380000)
 Metaspace       used 44506K, capacity 44969K, committed 45440K, reserved 1089536K
  class space    used 5308K, capacity 5471K, committed 5504K, reserved 1048576K
Event: 31.720 GC heap after
Heap after GC invocations=23 (full 5):
 PSYoungGen      total 1062400K, used 19470K [0x000000076ab00000, 0x00000007b1200000, 0x00000007c0000000)
  eden space 1026048K, 0% used [0x000000076ab00000,0x000000076ab00000,0x00000007a9500000)
  from space 36352K, 53% used [0x00000007aee80000,0x00000007b0183800,0x00000007b1200000)
  to   space 64000K, 0% used [0x00000007a9500000,0x00000007a9500000,0x00000007ad380000)
 ParOldGen       total 183808K, used 158857K [0x00000006c0000000, 0x00000006cb380000, 0x000000076ab00000)
  object space 183808K, 86% used [0x00000006c0000000,0x00000006c9b22600,0x00000006cb380000)
 Metaspace       used 44506K, capacity 44969K, committed 45440K, reserved 1089536K
  class space    used 5308K, capacity 5471K, committed 5504K, reserved 1048576K
}
Event: 34.913 GC heap before
{Heap before GC invocations=24 (full 5):
 PSYoungGen      total 1062400K, used 1045518K [0x000000076ab00000, 0x00000007b1200000, 0x00000007c0000000)
  eden space 1026048K, 100% used [0x000000076ab00000,0x00000007a9500000,0x00000007a9500000)
  from space 36352K, 53% used [0x00000007aee80000,0x00000007b0183800,0x00000007b1200000)
  to   space 64000K, 0% used [0x00000007a9500000,0x00000007a9500000,0x00000007ad380000)
 ParOldGen       total 183808K, used 158857K [0x00000006c0000000, 0x00000006cb380000, 0x000000076ab00000)
  object space 183808K, 86% used [0x00000006c0000000,0x00000006c9b22600,0x00000006cb380000)
 Metaspace       used 44638K, capacity 45033K, committed 45440K, reserved 1089536K
  class space    used 5311K, capacity 5471K, committed 5504K, reserved 1048576K
Event: 34.923 GC heap after
Heap after GC invocations=24 (full 5):
 PSYoungGen      total 1090048K, used 20843K [0x000000076ab00000, 0x00000007b8480000, 0x00000007c0000000)
  eden space 1026048K, 0% used [0x000000076ab00000,0x000000076ab00000,0x00000007a9500000)
  from space 64000K, 32% used [0x00000007a9500000,0x00000007aa95af08,0x00000007ad380000)
  to   space 60928K, 0% used [0x00000007b4900000,0x00000007b4900000,0x00000007b8480000)
 ParOldGen       total 183808K, used 158865K [0x00000006c0000000, 0x00000006cb380000, 0x000000076ab00000)
  object space 183808K, 86% used [0x00000006c0000000,0x00000006c9b24600,0x00000006cb380000)
 Metaspace       used 44638K, capacity 45033K, committed 45440K, reserved 1089536K
  class space    used 5311K, capacity 5471K, committed 5504K, reserved 1048576K
}
Event: 40.985 GC heap before
{Heap before GC invocations=25 (full 5):
 PSYoungGen      total 1090048K, used 867909K [0x000000076ab00000, 0x00000007b8480000, 0x00000007c0000000)
  eden space 1026048K, 82% used [0x000000076ab00000,0x000000079e636610,0x00000007a9500000)
  from space 64000K, 32% used [0x00000007a9500000,0x00000007aa95af08,0x00000007ad380000)
  to   space 60928K, 0% used [0x00000007b4900000,0x00000007b4900000,0x00000007b8480000)
 ParOldGen       total 183808K, used 158865K [0x00000006c0000000, 0x00000006cb380000, 0x000000076ab00000)
  object space 183808K, 86% used [0x00000006c0000000,0x00000006c9b24600,0x00000006cb380000)
 Metaspace       used 44755K, capacity 45231K, committed 45696K, reserved 1089536K
  class space    used 5320K, capacity 5472K, committed 5504K, reserved 1048576K
Event: 40.996 GC heap after
Heap after GC invocations=25 (full 5):
 PSYoungGen      total 1204224K, used 22233K [0x000000076ab00000, 0x00000007b7e80000, 0x00000007c0000000)
  eden space 1149440K, 0% used [0x000000076ab00000,0x000000076ab00000,0x00000007b0d80000)
  from space 54784K, 40% used [0x00000007b4900000,0x00000007b5eb64e8,0x00000007b7e80000)
  to   space 57856K, 0% used [0x00000007b0d80000,0x00000007b0d80000,0x00000007b4600000)
 ParOldGen       total 183808K, used 158873K [0x00000006c0000000, 0x00000006cb380000, 0x000000076ab00000)
  object space 183808K, 86% used [0x00000006c0000000,0x00000006c9b26600,0x00000006cb380000)
 Metaspace       used 44755K, capacity 45231K, committed 45696K, reserved 1089536K
  class space    used 5320K, capacity 5472K, committed 5504K, reserved 1048576K
}
Event: 40.996 GC heap before
{Heap before GC invocations=26 (full 6):
 PSYoungGen      total 1204224K, used 22233K [0x000000076ab00000, 0x00000007b7e80000, 0x00000007c0000000)
  eden space 1149440K, 0% used [0x000000076ab00000,0x000000076ab00000,0x00000007b0d80000)
  from space 54784K, 40% used [0x00000007b4900000,0x00000007b5eb64e8,0x00000007b7e80000)
  to   space 57856K, 0% used [0x00000007b0d80000,0x00000007b0d80000,0x00000007b4600000)
 ParOldGen       total 183808K, used 158873K [0x00000006c0000000, 0x00000006cb380000, 0x000000076ab00000)
  object space 183808K, 86% used [0x00000006c0000000,0x00000006c9b26600,0x00000006cb380000)
 Metaspace       used 44755K, capacity 45231K, committed 45696K, reserved 1089536K
  class space    used 5320K, capacity 5472K, committed 5504K, reserved 1048576K
Event: 41.282 GC heap after
Heap after GC invocations=26 (full 6):
 PSYoungGen      total 1204224K, used 0K [0x000000076ab00000, 0x00000007b7e80000, 0x00000007c0000000)
  eden space 1149440K, 0% used [0x000000076ab00000,0x000000076ab00000,0x00000007b0d80000)
  from space 54784K, 0% used [0x00000007b4900000,0x00000007b4900000,0x00000007b7e80000)
  to   space 57856K, 0% used [0x00000007b0d80000,0x00000007b0d80000,0x00000007b4600000)
 ParOldGen       total 183808K, used 172167K [0x00000006c0000000, 0x00000006cb380000, 0x000000076ab00000)
  object space 183808K, 93% used [0x00000006c0000000,0x00000006ca821e58,0x00000006cb380000)
 Metaspace       used 44755K, capacity 45231K, committed 45696K, reserved 1089536K
  class space    used 5320K, capacity 5472K, committed 5504K, reserved 1048576K
}

Deoptimization events (10 events):
Event: 40.911 Thread 0x00000000212b9800 Uncommon trap: reason=class_check action=maybe_recompile pc=0x0000000002dae5d0 method=java.util.concurrent.ConcurrentHashMap.putVal(Ljava/lang/Object;Ljava/lang/Object;Z)Ljava/lang/Object; @ 192
Event: 40.911 Thread 0x00000000212b9800 Uncommon trap: reason=class_check action=maybe_recompile pc=0x0000000002dae5d0 method=java.util.concurrent.ConcurrentHashMap.putVal(Ljava/lang/Object;Ljava/lang/Object;Z)Ljava/lang/Object; @ 192
Event: 40.964 Thread 0x00000000212b9800 Uncommon trap: reason=unstable_if action=reinterpret pc=0x000000000498c300 method=com.google.common.cache.LocalCache.usesKeyReferences()Z @ 7
Event: 40.964 Thread 0x00000000212b9800 Uncommon trap: reason=class_check action=maybe_recompile pc=0x000000000497d998 method=com.google.common.cache.LocalCache$Segment.drainRecencyQueue()V @ 4
Event: 40.964 Thread 0x00000000212b9800 Uncommon trap: reason=class_check action=maybe_recompile pc=0x000000000497d998 method=com.google.common.cache.LocalCache$Segment.drainRecencyQueue()V @ 4
Event: 40.964 Thread 0x00000000212b9800 Uncommon trap: reason=class_check action=maybe_recompile pc=0x0000000003e6880c method=com.google.common.cache.LocalCache$Segment.drainRecencyQueue()V @ 4
Event: 41.283 Thread 0x00000000212b9800 Uncommon trap: reason=class_check action=maybe_recompile pc=0x000000000497d998 method=com.google.common.cache.LocalCache$Segment.drainRecencyQueue()V @ 4
Event: 41.283 Thread 0x00000000212b9800 Uncommon trap: reason=class_check action=maybe_recompile pc=0x0000000003e6880c method=com.google.common.cache.LocalCache$Segment.drainRecencyQueue()V @ 4
Event: 41.285 Thread 0x00000000212b9800 Uncommon trap: reason=unstable_if action=reinterpret pc=0x0000000003f2bdf8 method=sun.reflect.misc.ReflectUtil.needsPackageAccessCheck(Ljava/lang/ClassLoader;Ljava/lang/ClassLoader;)Z @ 6
Event: 41.980 Thread 0x000000000217b000 Uncommon trap: reason=unstable_if action=reinterpret pc=0x0000000002dab7d0 method=net.minecraftforge.fml.relauncher.FMLSecurityManager.checkPermission(Ljava/security/Permission;)V @ 23

Internal exceptions (10 events):
Event: 40.835 Thread 0x00000000212b6800 Exception <a 'java/lang/InterruptedException': sleep interrupted> (0x000000079d99d538) thrown at [D:\re\workspace\8-2-build-windows-amd64-cygwin\jdk8u77\6540\hotspot\src\share\vm\prims\jvm.cpp, line 3215]
Event: 40.851 Thread 0x00000000212b6800 Exception <a 'java/lang/InterruptedException': sleep interrupted> (0x000000079d99d7e0) thrown at [D:\re\workspace\8-2-build-windows-amd64-cygwin\jdk8u77\6540\hotspot\src\share\vm\prims\jvm.cpp, line 3215]
Event: 40.868 Thread 0x00000000212b6800 Exception <a 'java/lang/InterruptedException': sleep interrupted> (0x000000079d99da88) thrown at [D:\re\workspace\8-2-build-windows-amd64-cygwin\jdk8u77\6540\hotspot\src\share\vm\prims\jvm.cpp, line 3215]
Event: 40.868 Thread 0x00000000212b6800 Exception <a 'java/lang/InterruptedException': sleep interrupted> (0x000000079d99e8b8) thrown at [D:\re\workspace\8-2-build-windows-amd64-cygwin\jdk8u77\6540\hotspot\src\share\vm\prims\jvm.cpp, line 3167]
Event: 40.985 Thread 0x00000000212b6800 Exception <a 'java/lang/InterruptedException': sleep interrupted> (0x000000079d99eb10) thrown at [D:\re\workspace\8-2-build-windows-amd64-cygwin\jdk8u77\6540\hotspot\src\share\vm\prims\jvm.cpp, line 3215]
Event: 41.282 Thread 0x00000000212b6800 Exception <a 'java/lang/InterruptedException': sleep interrupted> (0x000000076c0d3648) thrown at [D:\re\workspace\8-2-build-windows-amd64-cygwin\jdk8u77\6540\hotspot\src\share\vm\prims\jvm.cpp, line 3167]
Event: 41.285 Thread 0x00000000212b9800 NullPointerException at vtable entry 0x00000000028a3638
Event: 41.285 Thread 0x00000000212b9800 Exception <a 'java/lang/NullPointerException'> (0x000000076b4d4fb0) thrown at [D:\re\workspace\8-2-build-windows-amd64-cygwin\jdk8u77\6540\hotspot\src\share\vm\runtime\sharedRuntime.cpp, line 605]
Event: 41.768 Thread 0x00000000212b6800 Exception <a 'java/lang/InterruptedException': sleep interrupted> (0x000000076c0d38a0) thrown at [D:\re\workspace\8-2-build-windows-amd64-cygwin\jdk8u77\6540\hotspot\src\share\vm\prims\jvm.cpp, line 3215]
Event: 41.868 Thread 0x00000000212b9000 Exception <a 'java/lang/InterruptedException': sleep interrupted> (0x000000076c1bc838) thrown at [D:\re\workspace\8-2-build-windows-amd64-cygwin\jdk8u77\6540\hotspot\src\share\vm\prims\jvm.cpp, line 3215]

Events (10 events):
Event: 41.981 loading class org/apache/logging/log4j/core/config/NullConfiguration done
Event: 41.981 Thread 0x00000000212b9800 Thread exited: 0x00000000212b9800
Event: 41.981 Thread 0x00000000212b6000 Thread exited: 0x00000000212b6000
Event: 41.981 loading class javax/servlet/ServletContext
Event: 41.981 loading class javax/servlet/ServletContext done
Event: 41.982 loading class javax/servlet/ServletContext
Event: 41.982 loading class javax/servlet/ServletContext done
Event: 41.982 Thread 0x00000000212b9000 Thread exited: 0x00000000212b9000
Event: 41.982 Thread 0x00000000212b6800 Thread exited: 0x00000000212b6800
Event: 41.982 Executing VM operation: Exit


Dynamic libraries:
0x000000013f410000 - 0x000000013f447000 	C:\Program Files\Java\jre1.8.0_77\bin\javaw.exe
0x0000000077280000 - 0x0000000077429000 	C:\Windows\SYSTEM32\ntdll.dll
0x0000000077160000 - 0x000000007727f000 	C:\Windows\system32\kernel32.dll
0x000007fefd0c0000 - 0x000007fefd12c000 	C:\Windows\system32\KERNELBASE.dll
0x000007fefdda0000 - 0x000007fefde7b000 	C:\Windows\system32\ADVAPI32.dll
0x000007fefd8b0000 - 0x000007fefd94f000 	C:\Windows\system32\msvcrt.dll
0x000007fefe370000 - 0x000007fefe38f000 	C:\Windows\SYSTEM32\sechost.dll
0x000007fefe4a0000 - 0x000007fefe5cd000 	C:\Windows\system32\RPCRT4.dll
0x0000000077060000 - 0x000000007715a000 	C:\Windows\system32\USER32.dll
0x000007fefe6a0000 - 0x000007fefe707000 	C:\Windows\system32\GDI32.dll
0x000007fefdd90000 - 0x000007fefdd9e000 	C:\Windows\system32\LPK.dll
0x000007fefe5d0000 - 0x000007fefe699000 	C:\Windows\system32\USP10.dll
0x000007fefbbd0000 - 0x000007fefbdc4000 	C:\Windows\WinSxS\amd64_microsoft.windows.common-controls_6595b64144ccf1df_6.0.7601.17514_none_fa396087175ac9ac\COMCTL32.dll
0x000007fefd830000 - 0x000007fefd8a1000 	C:\Windows\system32\SHLWAPI.dll
0x000007fefdce0000 - 0x000007fefdd0e000 	C:\Windows\system32\IMM32.DLL
0x000007fefe390000 - 0x000007fefe499000 	C:\Windows\system32\MSCTF.dll
0x0000000052a40000 - 0x0000000052b12000 	C:\Program Files\Java\jre1.8.0_77\bin\msvcr100.dll
0x000000006f780000 - 0x0000000070010000 	C:\Program Files\Java\jre1.8.0_77\bin\server\jvm.dll
0x000007fef2b30000 - 0x000007fef2b39000 	C:\Windows\system32\WSOCK32.dll
0x000007fefe090000 - 0x000007fefe0dd000 	C:\Windows\system32\WS2_32.dll
0x000007feff580000 - 0x000007feff588000 	C:\Windows\system32\NSI.dll
0x000007fef9c00000 - 0x000007fef9c3b000 	C:\Windows\system32\WINMM.dll
0x000007fefc0c0000 - 0x000007fefc0cc000 	C:\Windows\system32\VERSION.dll
0x0000000077440000 - 0x0000000077447000 	C:\Windows\system32\PSAPI.DLL
0x000000005ff00000 - 0x000000005ff0f000 	C:\Program Files\Java\jre1.8.0_77\bin\verify.dll
0x000000005ea30000 - 0x000000005ea59000 	C:\Program Files\Java\jre1.8.0_77\bin\java.dll
0x000000005ea70000 - 0x000000005ea86000 	C:\Program Files\Java\jre1.8.0_77\bin\zip.dll
0x000007fefe710000 - 0x000007feff498000 	C:\Windows\system32\SHELL32.dll
0x000007fefde80000 - 0x000007fefe083000 	C:\Windows\system32\ole32.dll
0x000007fefd040000 - 0x000007fefd04f000 	C:\Windows\system32\profapi.dll
0x0000000000460000 - 0x000000000046d000 	C:\Program Files\Java\jre1.8.0_77\bin\management.dll
0x000000005d660000 - 0x000000005d67a000 	C:\Program Files\Java\jre1.8.0_77\bin\net.dll
0x000007fefc7e0000 - 0x000007fefc835000 	C:\Windows\system32\mswsock.dll
0x000007fefc7d0000 - 0x000007fefc7d7000 	C:\Windows\System32\wship6.dll
0x000000005d640000 - 0x000000005d651000 	C:\Program Files\Java\jre1.8.0_77\bin\nio.dll
0x000007fefb4d0000 - 0x000007fefb4e5000 	C:\Windows\system32\NLAapi.dll
0x000007fee4a00000 - 0x000007fee4a15000 	C:\Windows\system32\napinsp.dll
0x000007fee49e0000 - 0x000007fee49f9000 	C:\Windows\system32\pnrpnsp.dll
0x000007fee49d0000 - 0x000007fee49db000 	C:\Windows\System32\winrnr.dll
0x000007feeb470000 - 0x000007feeb482000 	C:\Windows\system32\PrxerNsp.dll
0x000007fefc660000 - 0x000007fefc6bb000 	C:\Windows\system32\DNSAPI.dll
0x000007fefc200000 - 0x000007fefc207000 	C:\Windows\System32\wshtcpip.dll
0x000007fefaf40000 - 0x000007fefaf67000 	C:\Windows\system32\IPHLPAPI.DLL
0x000007fefaf00000 - 0x000007fefaf0b000 	C:\Windows\system32\WINNSI.DLL
0x000007feeb460000 - 0x000007feeb468000 	C:\Windows\system32\rasadhlp.dll
0x000007fefae10000 - 0x000007fefae63000 	C:\Windows\System32\fwpuclnt.dll
0x0000000070b70000 - 0x0000000070b94000 	C:\Program Files\Java\jre1.8.0_77\bin\sunec.dll
0x000007fefc840000 - 0x000007fefc858000 	C:\Windows\system32\CRYPTSP.dll
0x000007fefc540000 - 0x000007fefc587000 	C:\Windows\system32\rsaenh.dll
0x000007fefd2a0000 - 0x000007fefd2be000 	C:\Windows\system32\USERENV.dll
0x000007fefcea0000 - 0x000007fefceaf000 	C:\Windows\system32\CRYPTBASE.dll
0x000007fefabe0000 - 0x000007fefabf1000 	C:\Windows\system32\dhcpcsvc6.DLL
0x000007fefabc0000 - 0x000007fefabd8000 	C:\Windows\system32\dhcpcsvc.DLL
0x0000000180000000 - 0x0000000180051000 	C:\Users\Sam Humby\.gradle\caches\minecraft\net\minecraft\natives\1.8\lwjgl64.dll
0x000007fee77f0000 - 0x000007fee790d000 	C:\Windows\system32\OPENGL32.dll
0x000007feeb670000 - 0x000007feeb69d000 	C:\Windows\system32\GLU32.dll
0x000007fee2ea0000 - 0x000007fee2f91000 	C:\Windows\system32\DDRAW.dll
0x000007fee3db0000 - 0x000007fee3db8000 	C:\Windows\system32\DCIMAN32.dll
0x000007fefd400000 - 0x000007fefd5d7000 	C:\Windows\system32\SETUPAPI.dll
0x000007fefd070000 - 0x000007fefd0a6000 	C:\Windows\system32\CFGMGR32.dll
0x000007feff4a0000 - 0x000007feff577000 	C:\Windows\system32\OLEAUT32.dll
0x000007fefd380000 - 0x000007fefd39a000 	C:\Windows\system32\DEVOBJ.dll
0x000007fefc0d0000 - 0x000007fefc0e8000 	C:\Windows\system32\dwmapi.dll
0x00000000528a0000 - 0x0000000052a38000 	C:\Program Files\Java\jre1.8.0_77\bin\awt.dll
0x000007fefb5f0000 - 0x000007fefb646000 	C:\Windows\system32\uxtheme.dll
0x000007fee2e70000 - 0x000007fee2e98000 	C:\Program Files (x86)\Raptr\ltc_help64-106568.dll
0x000007fefd3b0000 - 0x000007fefd3eb000 	C:\Windows\system32\WINTRUST.dll
0x000007fefd130000 - 0x000007fefd29d000 	C:\Windows\system32\CRYPT32.dll
0x000007fefd050000 - 0x000007fefd05f000 	C:\Windows\system32\MSASN1.dll
0x000007feef2f0000 - 0x000007feef308000 	C:\Windows\system32\atig6pxx.dll
0x0000000068510000 - 0x000000006a3a7000 	C:\Windows\system32\atio6axx.dll
0x000007feed3b0000 - 0x000007feed4f8000 	C:\Windows\system32\atiadlxx.dll
0x000007fefb800000 - 0x000007fefb92c000 	C:\Windows\system32\PROPSYS.dll
0x000007fefc120000 - 0x000007fefc131000 	C:\Windows\system32\WTSAPI32.dll
0x000007feeb610000 - 0x000007feeb63c000 	C:\Windows\system32\atig6txx.dll
0x000007feed1f0000 - 0x000007feed28c000 	C:\Windows\system32\mscms.dll
0x000007feeb5c0000 - 0x000007feeb602000 	C:\Windows\system32\icm32.dll
0x0000000070a40000 - 0x0000000070adc000 	C:\Users\Sam Humby\.gradle\caches\minecraft\net\minecraft\natives\1.8\avutil-ttv-51.dll
0x0000000065980000 - 0x00000000659d6000 	C:\Users\Sam Humby\.gradle\caches\minecraft\net\minecraft\natives\1.8\swresample-ttv-0.dll
0x000000006eb80000 - 0x000000006ec50000 	C:\Users\Sam Humby\.gradle\caches\minecraft\net\minecraft\natives\1.8\libmp3lame-ttv.dll
0x000007feded60000 - 0x000007fee0104000 	C:\Users\Sam Humby\.gradle\caches\minecraft\net\minecraft\natives\1.8\libmfxsw64.dll
0x000007fee7680000 - 0x000007fee77ed000 	C:\Users\Sam Humby\.gradle\caches\minecraft\net\minecraft\natives\1.8\twitchsdk.dll
0x000007fefd5e0000 - 0x000007fefd828000 	C:\Windows\system32\WININET.dll
0x000007fefd060000 - 0x000007fefd064000 	C:\Windows\system32\api-ms-win-downlevel-user32-l1-1-0.dll
0x000007fefd2c0000 - 0x000007fefd2c4000 	C:\Windows\system32\api-ms-win-downlevel-shlwapi-l1-1-0.dll
0x000007fefd370000 - 0x000007fefd374000 	C:\Windows\system32\api-ms-win-downlevel-version-l1-1-0.dll
0x000007fefd3f0000 - 0x000007fefd3f3000 	C:\Windows\system32\api-ms-win-downlevel-normaliz-l1-1-0.dll
0x0000000077450000 - 0x0000000077453000 	C:\Windows\system32\normaliz.DLL
0x000007fefd950000 - 0x000007fefdc17000 	C:\Windows\system32\iertutil.dll
0x000007fefd3a0000 - 0x000007fefd3a5000 	C:\Windows\system32\api-ms-win-downlevel-advapi32-l1-1-0.dll
0x0000000012e60000 - 0x0000000012ec4000 	C:\Users\Sam Humby\.gradle\caches\minecraft\net\minecraft\natives\1.8\OpenAL64.dll
0x000007fefe0e0000 - 0x000007fefe179000 	C:\Windows\system32\CLBCatQ.DLL
0x000007fefb650000 - 0x000007fefb69b000 	C:\Windows\System32\MMDevApi.dll
0x000007fef29e0000 - 0x000007fef2a68000 	C:\Windows\system32\dsound.dll
0x000007fefc0f0000 - 0x000007fefc11c000 	C:\Windows\system32\POWRPROF.dll
0x000007fef25a0000 - 0x000007fef25ef000 	C:\Windows\system32\AUDIOSES.DLL
0x000007fefdcc0000 - 0x000007fefdcd9000 	C:\Windows\system32\imagehlp.dll
0x000007fefc9c0000 - 0x000007fefca10000 	C:\Windows\system32\ncrypt.dll
0x000007fefc990000 - 0x000007fefc9b2000 	C:\Windows\system32\bcrypt.dll
0x000007fefc480000 - 0x000007fefc4cc000 	C:\Windows\system32\bcryptprimitives.dll
0x000007fefc300000 - 0x000007fefc31b000 	C:\Windows\system32\GPAPI.dll
0x000007fef6910000 - 0x000007fef6937000 	C:\Windows\system32\cryptnet.dll
0x000007fefe310000 - 0x000007fefe362000 	C:\Windows\system32\WLDAP32.dll
0x000007fefaac0000 - 0x000007fefaac9000 	C:\Windows\system32\SensApi.dll
0x000007fedced0000 - 0x000007fedd118000 	C:\PROGRA~2\Raptr\ltc_game64-106568.dll
0x000007feee030000 - 0x000007feee155000 	C:\Windows\system32\dbghelp.dll

VM Arguments:
jvm_args: -Dfile.encoding=Cp1252 
java_command: GradleStart --username=samalot@plagachef.com --password=jedapo
java_class_path (initial): C:\Users\Sam Humby\Desktop\Minecraft Mod\Git\Lazarus\bin;C:\Users\Sam Humby\.gradle\caches\minecraft\net\minecraftforge\forge\1.8-11.14.4.1563\snapshot\20141130\forgeSrc-1.8-11.14.4.1563.jar;C:\Users\Sam Humby\.gradle\caches\modules-2\files-2.1\net.minecraft\launchwrapper\1.12\111e7bea9c968cdb3d06ef4632bf7ff0824d0f36\launchwrapper-1.12.jar;C:\Users\Sam Humby\.gradle\caches\modules-2\files-2.1\org.ow2.asm\asm-debug-all\5.0.3\f9e364ae2a66ce2a543012a4668856e84e5dab74\asm-debug-all-5.0.3.jar;C:\Users\Sam Humby\.gradle\caches\modules-2\files-2.1\com.typesafe.akka\akka-actor_2.11\2.3.3\ed62e9fc709ca0f2ff1a3220daa8b70a2870078e\akka-actor_2.11-2.3.3.jar;C:\Users\Sam Humby\.gradle\caches\modules-2\files-2.1\com.typesafe\config\1.2.1\f771f71fdae3df231bcd54d5ca2d57f0bf93f467\config-1.2.1.jar;C:\Users\Sam Humby\.gradle\caches\modules-2\files-2.1\org.scala-lang\scala-actors-migration_2.11\1.1.0\dfa8bc42b181d5b9f1a5dd147f8ae308b893eb6f\scala-actors-migration_2.11-1.1.0.jar;C:\Users\Sam Humby\.gradle\caches\modules-2\files-2.1\org.scala-lang\scala-compiler\2.11.1\56ea2e6c025e0821f28d73ca271218b8dd04926a\scala-compiler-2.11.1.jar;C:\Users\Sam Humby\.gradle\caches\modules-2\files-2.1\org.scala-lang.plugins\scala-continuations-library_2.11\1.0.2\e517c53a7e9acd6b1668c5a35eccbaa3bab9aac\scala-continuations-library_2.11-1.0.2.jar;C:\Users\Sam Humby\.gradle\caches\modules-2\files-2.1\org.scala-lang.plugins\scala-continuations-plugin_2.11.1\1.0.2\f361a3283452c57fa30c1ee69448995de23c60f7\scala-continuations-plugin_2.11.1-1.0.2.jar;C:\Users\Sam Humby\.gradle\caches\modules-2\files-2.1\org.scala-lang\scala-library\2.11.1\e11da23da3eabab9f4777b9220e60d44c1aab6a\scala-library-2.11.1.jar;C:\Users\Sam Humby\.gradle\caches\modules-2\files-2.1\org.scala-lang.modules\scala-parser-combinators_2.11\1.0.1\f05d7345bf5a58924f2837c6c1f4d73a938e1ff0\scala-parser-combinators_2.11-1.0.1.jar;C:\Users\Sam Humby\.gradle\caches\modules-2\files-2.1\org.scala-lang\scala-reflect\2.11.1
Launcher Type: SUN_STANDARD

Environment Variables:
JAVA_HOME=C:\Program Files\Java\jdk1.8.0_77
CLASSPATH=.;C:\Program Files\Java\jre1.8.0_77\lib\ext\QTJava.zip
PATH=C:/Program Files/Java/jre1.8.0_77/bin/server;C:/Program Files/Java/jre1.8.0_77/bin;C:/Program Files/Java/jre1.8.0_77/lib/amd64;C:\Program Files (x86)\NVIDIA Corporation\PhysX\Common;C:\ProgramData\Oracle\Java\javapath;C:\Program Files (x86)\AMD APP\bin\x86_64;C:\Program Files (x86)\AMD APP\bin\x86;C:\Program Files (x86)\Intel\iCLS Client\;C:\Program Files\Intel\iCLS Client\;C:\Windows\system32;C:\Windows;C:\Windows\System32\Wbem;C:\Windows\System32\WindowsPowerShell\v1.0\;C:\Program Files\Intel\Intel(R) Management Engine Components\DAL;C:\Program Files\Intel\Intel(R) Management Engine Components\IPT;C:\Program Files (x86)\Intel\Intel(R) Management Engine Components\DAL;C:\Program Files (x86)\Intel\Intel(R) Management Engine Components\IPT;C:\Program Files (x86)\ATI Technologies\ATI.ACE\Core-Static;C:\Program Files\Java\jdk1.7.0_21\bin;C:\Program Files (x86)\QuickTime\QTSystem\;C:\Program Files (x86)\Autodesk\Backburner\;C:\Program Files (x86)\Bitvise SSH Client;C:\Program Files\digieffects\bin;C:\Program Files\nodejs\;C:\Program Files (x86)\Git\cmd;C:\php;C:\Program Files (x86)\AMD\ATI.ACE\Core-Static;C:\Program Files\OpenVPN\bin;C:\MinGW\bin;C:\Users\Sam Humby\.dnx\bin;C:\Program Files\Microsoft DNX\Dnvm\;C:\Program Files (x86)\Skype\Phone\;C:\Program Files\MiKTeX 2.9\miktex\bin\x64\;C:\Python27\Scripts;C:\Program Files\Java\jdk1.8.0_77\bin;C:\Users\Sam Humby\AppData\Roaming\npm;C:\Program Files (x86)\apache-maven-3.3.3\Bin;C:\Python27\Scripts;C:\Windows\system32;
USERNAME=Sam Humby
OS=Windows_NT
PROCESSOR_IDENTIFIER=Intel64 Family 6 Model 58 Stepping 9, GenuineIntel



---------------  S Y S T E M  ---------------

OS: Windows 7 , 64 bit Build 7601 (6.1.7601.18409)

CPU:total 4 (4 cores per cpu, 1 threads per core) family 6 model 58 stepping 9, cmov, cx8, fxsr, mmx, sse, sse2, sse3, ssse3, sse4.1, sse4.2, popcnt, avx, aes, clmul, erms, tsc, tscinvbit, tscinv

Memory: 4k page, physical 16777216k(11375972k free), swap 18872512k(12520204k free)

vm_info: Java HotSpot(TM) 64-Bit Server VM (25.77-b03) for windows-amd64 JRE (1.8.0_77-b03), built on Mar 20 2016 22:01:33 by "java_re" with MS VC++ 10.0 (VS2010)

time: Sun Jun 19 22:09:55 2016
elapsed time: 42 seconds (0d 0h 0m 42s)

