#
# A fatal error has been detected by the Java Runtime Environment:
#
#  EXCEPTION_ACCESS_VIOLATION (0xc0000005) at pc=0x000007fee66cd6c4, pid=10896, tid=0x0000000000002b6c
#
# JRE version: Java(TM) SE Runtime Environment (8.0_101-b13) (build 1.8.0_101-b13)
# Java VM: Java HotSpot(TM) 64-Bit Server VM (25.101-b13 mixed mode windows-amd64 compressed oops)
# Problematic frame:
# C  [OPENGL32.dll+0xdd6c4]
#
# Failed to write core dump. Minidumps are not enabled by default on client versions of Windows
#
# If you would like to submit a bug report, please visit:
#   http://bugreport.java.com/bugreport/crash.jsp
#

---------------  T H R E A D  ---------------

Current thread (0x000000001c23e800):  VMThread [stack: 0x000000001d2f0000,0x000000001d3f0000] [id=11116]

siginfo: ExceptionCode=0xc0000005, reading address 0x0000000000000a38

Registers:
RAX=0x0000000000000000, RBX=0x000000003a58c710, RCX=0x0000000000000001, RDX=0x000000003a58c718
RSP=0x000000001d3eef38, RBP=0x0000000000000000, RSI=0x000000003a58f910, RDI=0x000000003a58f910
R8 =0x000000001d3eefb8, R9 =0x000000001c1256d0, R10=0x000000002ca98490, R11=0x000000001d3eed02
R12=0x0000000000000000, R13=0x000000003a587100, R14=0x000000003a586fb0, R15=0x0000000000000000
RIP=0x000007fee66cd6c4, EFLAGS=0x0000000000010287

Top of Stack: (sp=0x000000001d3eef38)
0x000000001d3eef38:   000007fee436244b 0000000000000001
0x000000001d3eef48:   000000003a58c718 000000001d3eefb8
0x000000001d3eef58:   000000001c1256d0 0000000000000000
0x000000001d3eef68:   000007fee4367f17 000000003a587100
0x000000001d3eef78:   0000000000000001 000000003a5870e0
0x000000001d3eef88:   000000003a586fb0 fffffffffffffffe
0x000000001d3eef98:   0000000077851a4a 0000000000000000
0x000000001d3eefa8:   000007fee43687c9 000000003a58f910
0x000000001d3eefb8:   000000003a590d90 000007fee4451940
0x000000001d3eefc8:   000007fee43e5700 fffffffffffffffe
0x000000001d3eefd8:   0000000012d7cbf0 0000000000000001
0x000000001d3eefe8:   000000003a5870d8 000000003a586fb0
0x000000001d3eeff8:   000007fee43ed7ad 000007fee45265b0
0x000000001d3ef008:   000007fee4451930 000000001c1256d0
0x000000001d3ef018:   000000001c23f130 000000003a5870d8
0x000000001d3ef028:   000000003a586fb0 000000003a586fb0 

Instructions: (pc=0x000007fee66cd6c4)
0x000007fee66cd6a4:   cc cc cc cc cc cc 66 0f 1f 44 00 00 8b 05 16 0c
0x000007fee66cd6b4:   01 00 83 f8 40 73 0f 65 48 8b 04 c5 80 14 00 00
0x000007fee66cd6c4:   ff a0 38 0a 00 00 b8 47 01 00 00 e9 ec d4 ff ff
0x000007fee66cd6d4:   cc cc cc cc cc cc 66 0f 1f 44 00 00 8b 05 e6 0b 


Register to memory mapping:

RAX=0x0000000000000000 is an unknown value
RBX=0x000000003a58c710 is an unknown value
RCX=0x0000000000000001 is an unknown value
RDX=0x000000003a58c718 is an unknown value
RSP=0x000000001d3eef38 is an unknown value
RBP=0x0000000000000000 is an unknown value
RSI=0x000000003a58f910 is an unknown value
RDI=0x000000003a58f910 is an unknown value
R8 =0x000000001d3eefb8 is an unknown value
R9 =0x000000001c1256d0 is an unknown value
R10=0x000000002ca98490 is an unknown value
R11=0x000000001d3eed02 is an unknown value
R12=0x0000000000000000 is an unknown value
R13=0x000000003a587100 is an unknown value
R14=0x000000003a586fb0 is an unknown value
R15=0x0000000000000000 is an unknown value


Stack: [0x000000001d2f0000,0x000000001d3f0000],  sp=0x000000001d3eef38,  free space=1019k
Native frames: (J=compiled Java code, j=interpreted, Vv=VM code, C=native code)

VM_Operation (0x000000000273df90): Exit, mode: safepoint, requested by thread 0x000000000229b000


---------------  P R O C E S S  ---------------

Java Threads: ( => current thread )
  0x0000000021bd5800 JavaThread "File IO Thread" [_thread_blocked, id=6844, stack(0x000000001f490000,0x000000001f590000)]
  0x0000000021bd2800 JavaThread "Chunk I/O Executor Thread-1" daemon [_thread_blocked, id=5316, stack(0x000000003b840000,0x000000003b940000)]
  0x0000000021bd2000 JavaThread "Netty Server IO #1" daemon [_thread_blocked, id=13244, stack(0x000000003b6e0000,0x000000003b7e0000)]
  0x000000001ff21000 JavaThread "Netty Local Client IO #0" daemon [_thread_blocked, id=11684, stack(0x000000003b430000,0x000000003b530000)]
  0x000000001ff1c000 JavaThread "Netty Server IO #0" daemon [_thread_blocked, id=13112, stack(0x000000003b0e0000,0x000000003b1e0000)]
  0x000000001ff1d800 JavaThread "Chunk Batcher 1" daemon [_thread_blocked, id=12132, stack(0x0000000028c30000,0x0000000028d30000)]
  0x000000001ff1c800 JavaThread "Chunk Batcher 0" daemon [_thread_blocked, id=11704, stack(0x00000000348f0000,0x00000000349f0000)]
  0x000000002350c800 JavaThread "LWJGL Timer" daemon [_thread_blocked, id=10792, stack(0x00000000284e0000,0x00000000285e0000)]
  0x000000002215a800 JavaThread "Java2D Disposer" daemon [_thread_blocked, id=12752, stack(0x0000000025d60000,0x0000000025e60000)]
  0x0000000021adf000 JavaThread "Timer hack thread" daemon [_thread_blocked, id=12692, stack(0x0000000025bc0000,0x0000000025cc0000)]
  0x000000002119f800 JavaThread "Snooper Timer" daemon [_thread_blocked, id=12484, stack(0x000000001f0a0000,0x000000001f1a0000)]
  0x000000001d9f3800 JavaThread "Service Thread" daemon [_thread_blocked, id=12476, stack(0x000000001e470000,0x000000001e570000)]
  0x000000001d969800 JavaThread "C1 CompilerThread2" daemon [_thread_blocked, id=11444, stack(0x000000001e280000,0x000000001e380000)]
  0x000000001d968800 JavaThread "C2 CompilerThread1" daemon [_thread_blocked, id=13216, stack(0x000000001e080000,0x000000001e180000)]
  0x000000001d964800 JavaThread "C2 CompilerThread0" daemon [_thread_blocked, id=13308, stack(0x000000001d410000,0x000000001d510000)]
  0x000000001c2ad800 JavaThread "Attach Listener" daemon [_thread_blocked, id=7124, stack(0x000000001de70000,0x000000001df70000)]
  0x000000001c2aa000 JavaThread "Signal Dispatcher" daemon [_thread_blocked, id=11952, stack(0x000000001d860000,0x000000001d960000)]
  0x000000001c28d800 JavaThread "Finalizer" daemon [_thread_blocked, id=6464, stack(0x000000001d660000,0x000000001d760000)]
  0x000000001c246800 JavaThread "Reference Handler" daemon [_thread_blocked, id=12948, stack(0x000000001d530000,0x000000001d630000)]
  0x000000000229b000 JavaThread "Client thread" [_thread_blocked, id=13188, stack(0x0000000002640000,0x0000000002740000)]

Other Threads:
=>0x000000001c23e800 VMThread [stack: 0x000000001d2f0000,0x000000001d3f0000] [id=11116]

VM state:at safepoint (shutting down)

VM Mutex/Monitor currently owned by a thread:  ([mutex/lock_event])
[0x0000000002299700] Threads_lock - owner thread: 0x000000001c23e800

Heap:
 PSYoungGen      total 1205248K, used 362579K [0x000000076ab00000, 0x00000007b7c00000, 0x00000007c0000000)
  eden space 1160704K, 29% used [0x000000076ab00000,0x000000077f9d81b8,0x00000007b1880000)
  from space 44544K, 44% used [0x00000007b1880000,0x00000007b2bbce00,0x00000007b4400000)
  to   space 43008K, 0% used [0x00000007b5200000,0x00000007b5200000,0x00000007b7c00000)
 ParOldGen       total 181760K, used 161601K [0x00000006c0000000, 0x00000006cb180000, 0x000000076ab00000)
  object space 181760K, 88% used [0x00000006c0000000,0x00000006c9dd04b0,0x00000006cb180000)
 Metaspace       used 44300K, capacity 44665K, committed 45184K, reserved 1089536K
  class space    used 5296K, capacity 5435K, committed 5504K, reserved 1048576K

Card table byte_map: [0x0000000011dd0000,0x00000000125e0000] byte_map_base: 0x000000000e7d0000

Marking Bits: (ParMarkBitMap*) 0x000000006fbea6d0
 Begin Bits: [0x00000000130b0000, 0x00000000170b0000)
 End Bits:   [0x00000000170b0000, 0x000000001b0b0000)

Polling page: 0x0000000000320000

CodeCache: size=245760Kb used=29971Kb max_used=30288Kb free=215788Kb
 bounds [0x0000000002a10000, 0x0000000004850000, 0x0000000011a10000]
 total_blobs=8540 nmethods=7670 adapters=780
 compilation: enabled

Compilation events (10 events):
Event: 129.726 Thread 0x000000001d969800 11034       3       net.minecraft.world.chunk.storage.RegionFile::setChunkTimestamp (41 bytes)
Event: 129.726 Thread 0x000000001d969800 nmethod 11034 0x0000000003959b50 code [0x0000000003959ce0, 0x000000000395a0e8]
Event: 129.745 Thread 0x000000001d964800 11035       4       java.lang.Float::valueOf (9 bytes)
Event: 129.745 Thread 0x000000001d969800 11036  s    3       java.io.BufferedOutputStream::flush (12 bytes)
Event: 129.745 Thread 0x000000001d969800 nmethod 11036 0x0000000003edd750 code [0x0000000003edd8e0, 0x0000000003edddd8]
Event: 129.745 Thread 0x000000001d964800 nmethod 11035 0x0000000004254110 code [0x0000000004254260, 0x0000000004254318]
Event: 129.848 Thread 0x000000001d969800 11037       3       net.minecraftforge.fml.relauncher.FMLSecurityManager::checkPermission (170 bytes)
Event: 129.848 Thread 0x000000001d969800 nmethod 11037 0x0000000003d85d10 code [0x0000000003d85fc0, 0x0000000003d873b8]
Event: 129.849 Thread 0x000000001d969800 11040       3       java.util.concurrent.ConcurrentHashMap$ValueIterator::next (34 bytes)
Event: 129.849 Thread 0x000000001d969800 nmethod 11040 0x0000000002dfca90 code [0x0000000002dfcc20, 0x0000000002dfcf58]

GC Heap History (10 events):
Event: 86.504 GC heap before
{Heap before GC invocations=28 (full 5):
 PSYoungGen      total 1159168K, used 1137140K [0x000000076ab00000, 0x00000007b5580000, 0x00000007c0000000)
  eden space 1116672K, 100% used [0x000000076ab00000,0x00000007aed80000,0x00000007aed80000)
  from space 42496K, 48% used [0x00000007b2c00000,0x00000007b3ffd0f0,0x00000007b5580000)
  to   space 53248K, 0% used [0x00000007aed80000,0x00000007aed80000,0x00000007b2180000)
 ParOldGen       total 181760K, used 161593K [0x00000006c0000000, 0x00000006cb180000, 0x000000076ab00000)
  object space 181760K, 88% used [0x00000006c0000000,0x00000006c9dce4b0,0x00000006cb180000)
 Metaspace       used 44183K, capacity 44595K, committed 45184K, reserved 1089536K
  class space    used 5286K, capacity 5434K, committed 5504K, reserved 1048576K
Event: 86.512 GC heap after
Heap after GC invocations=28 (full 5):
 PSYoungGen      total 1169920K, used 20595K [0x000000076ab00000, 0x00000007b6e80000, 0x00000007c0000000)
  eden space 1116672K, 0% used [0x000000076ab00000,0x000000076ab00000,0x00000007aed80000)
  from space 53248K, 38% used [0x00000007aed80000,0x00000007b019ce00,0x00000007b2180000)
  to   space 50688K, 0% used [0x00000007b3d00000,0x00000007b3d00000,0x00000007b6e80000)
 ParOldGen       total 181760K, used 161593K [0x00000006c0000000, 0x00000006cb180000, 0x000000076ab00000)
  object space 181760K, 88% used [0x00000006c0000000,0x00000006c9dce4b0,0x00000006cb180000)
 Metaspace       used 44183K, capacity 44595K, committed 45184K, reserved 1089536K
  class space    used 5286K, capacity 5434K, committed 5504K, reserved 1048576K
}
Event: 96.298 GC heap before
{Heap before GC invocations=29 (full 5):
 PSYoungGen      total 1169920K, used 1137267K [0x000000076ab00000, 0x00000007b6e80000, 0x00000007c0000000)
  eden space 1116672K, 100% used [0x000000076ab00000,0x00000007aed80000,0x00000007aed80000)
  from space 53248K, 38% used [0x00000007aed80000,0x00000007b019ce00,0x00000007b2180000)
  to   space 50688K, 0% used [0x00000007b3d00000,0x00000007b3d00000,0x00000007b6e80000)
 ParOldGen       total 181760K, used 161593K [0x00000006c0000000, 0x00000006cb180000, 0x000000076ab00000)
  object space 181760K, 88% used [0x00000006c0000000,0x00000006c9dce4b0,0x00000006cb180000)
 Metaspace       used 44186K, capacity 44595K, committed 45184K, reserved 1089536K
  class space    used 5286K, capacity 5434K, committed 5504K, reserved 1048576K
Event: 96.306 GC heap after
Heap after GC invocations=29 (full 5):
 PSYoungGen      total 1183744K, used 20659K [0x000000076ab00000, 0x00000007b6580000, 0x00000007c0000000)
  eden space 1142272K, 0% used [0x000000076ab00000,0x000000076ab00000,0x00000007b0680000)
  from space 41472K, 49% used [0x00000007b3d00000,0x00000007b512ce00,0x00000007b6580000)
  to   space 48640K, 0% used [0x00000007b0680000,0x00000007b0680000,0x00000007b3600000)
 ParOldGen       total 181760K, used 161601K [0x00000006c0000000, 0x00000006cb180000, 0x000000076ab00000)
  object space 181760K, 88% used [0x00000006c0000000,0x00000006c9dd04b0,0x00000006cb180000)
 Metaspace       used 44186K, capacity 44595K, committed 45184K, reserved 1089536K
  class space    used 5286K, capacity 5434K, committed 5504K, reserved 1048576K
}
Event: 106.501 GC heap before
{Heap before GC invocations=30 (full 5):
 PSYoungGen      total 1183744K, used 1162931K [0x000000076ab00000, 0x00000007b6580000, 0x00000007c0000000)
  eden space 1142272K, 100% used [0x000000076ab00000,0x00000007b0680000,0x00000007b0680000)
  from space 41472K, 49% used [0x00000007b3d00000,0x00000007b512ce00,0x00000007b6580000)
  to   space 48640K, 0% used [0x00000007b0680000,0x00000007b0680000,0x00000007b3600000)
 ParOldGen       total 181760K, used 161601K [0x00000006c0000000, 0x00000006cb180000, 0x000000076ab00000)
  object space 181760K, 88% used [0x00000006c0000000,0x00000006c9dd04b0,0x00000006cb180000)
 Metaspace       used 44195K, capacity 44595K, committed 45184K, reserved 1089536K
  class space    used 5286K, capacity 5434K, committed 5504K, reserved 1048576K
Event: 106.509 GC heap after
Heap after GC invocations=30 (full 5):
 PSYoungGen      total 1190912K, used 20659K [0x000000076ab00000, 0x00000007b7680000, 0x00000007c0000000)
  eden space 1142272K, 0% used [0x000000076ab00000,0x000000076ab00000,0x00000007b0680000)
  from space 48640K, 42% used [0x00000007b0680000,0x00000007b1aace00,0x00000007b3600000)
  to   space 46592K, 0% used [0x00000007b4900000,0x00000007b4900000,0x00000007b7680000)
 ParOldGen       total 181760K, used 161601K [0x00000006c0000000, 0x00000006cb180000, 0x000000076ab00000)
  object space 181760K, 88% used [0x00000006c0000000,0x00000006c9dd04b0,0x00000006cb180000)
 Metaspace       used 44195K, capacity 44595K, committed 45184K, reserved 1089536K
  class space    used 5286K, capacity 5434K, committed 5504K, reserved 1048576K
}
Event: 116.651 GC heap before
{Heap before GC invocations=31 (full 5):
 PSYoungGen      total 1190912K, used 1162931K [0x000000076ab00000, 0x00000007b7680000, 0x00000007c0000000)
  eden space 1142272K, 100% used [0x000000076ab00000,0x00000007b0680000,0x00000007b0680000)
  from space 48640K, 42% used [0x00000007b0680000,0x00000007b1aace00,0x00000007b3600000)
  to   space 46592K, 0% used [0x00000007b4900000,0x00000007b4900000,0x00000007b7680000)
 ParOldGen       total 181760K, used 161601K [0x00000006c0000000, 0x00000006cb180000, 0x000000076ab00000)
  object space 181760K, 88% used [0x00000006c0000000,0x00000006c9dd04b0,0x00000006cb180000)
 Metaspace       used 44226K, capacity 44665K, committed 45184K, reserved 1089536K
  class space    used 5287K, capacity 5435K, committed 5504K, reserved 1048576K
Event: 116.659 GC heap after
Heap after GC invocations=31 (full 5):
 PSYoungGen      total 1200128K, used 19731K [0x000000076ab00000, 0x00000007b6f80000, 0x00000007c0000000)
  eden space 1160704K, 0% used [0x000000076ab00000,0x000000076ab00000,0x00000007b1880000)
  from space 39424K, 50% used [0x00000007b4900000,0x00000007b5c44e00,0x00000007b6f80000)
  to   space 44544K, 0% used [0x00000007b1880000,0x00000007b1880000,0x00000007b4400000)
 ParOldGen       total 181760K, used 161601K [0x00000006c0000000, 0x00000006cb180000, 0x000000076ab00000)
  object space 181760K, 88% used [0x00000006c0000000,0x00000006c9dd04b0,0x00000006cb180000)
 Metaspace       used 44226K, capacity 44665K, committed 45184K, reserved 1089536K
  class space    used 5287K, capacity 5435K, committed 5504K, reserved 1048576K
}
Event: 127.002 GC heap before
{Heap before GC invocations=32 (full 5):
 PSYoungGen      total 1200128K, used 1180435K [0x000000076ab00000, 0x00000007b6f80000, 0x00000007c0000000)
  eden space 1160704K, 100% used [0x000000076ab00000,0x00000007b1880000,0x00000007b1880000)
  from space 39424K, 50% used [0x00000007b4900000,0x00000007b5c44e00,0x00000007b6f80000)
  to   space 44544K, 0% used [0x00000007b1880000,0x00000007b1880000,0x00000007b4400000)
 ParOldGen       total 181760K, used 161601K [0x00000006c0000000, 0x00000006cb180000, 0x000000076ab00000)
  object space 181760K, 88% used [0x00000006c0000000,0x00000006c9dd04b0,0x00000006cb180000)
 Metaspace       used 44226K, capacity 44665K, committed 45184K, reserved 1089536K
  class space    used 5287K, capacity 5435K, committed 5504K, reserved 1048576K
Event: 127.009 GC heap after
Heap after GC invocations=32 (full 5):
 PSYoungGen      total 1205248K, used 19699K [0x000000076ab00000, 0x00000007b7c00000, 0x00000007c0000000)
  eden space 1160704K, 0% used [0x000000076ab00000,0x000000076ab00000,0x00000007b1880000)
  from space 44544K, 44% used [0x00000007b1880000,0x00000007b2bbce00,0x00000007b4400000)
  to   space 43008K, 0% used [0x00000007b5200000,0x00000007b5200000,0x00000007b7c00000)
 ParOldGen       total 181760K, used 161601K [0x00000006c0000000, 0x00000006cb180000, 0x000000076ab00000)
  object space 181760K, 88% used [0x00000006c0000000,0x00000006c9dd04b0,0x00000006cb180000)
 Metaspace       used 44226K, capacity 44665K, committed 45184K, reserved 1089536K
  class space    used 5287K, capacity 5435K, committed 5504K, reserved 1048576K
}

Deoptimization events (10 events):
Event: 129.618 Thread 0x000000001ff1f800 Uncommon trap: reason=unstable_if action=reinterpret pc=0x0000000003b471d4 method=net.minecraft.entity.EntityLiving.despawnEntity()V @ 76
Event: 129.618 Thread 0x000000001ff1f800 Uncommon trap: reason=unstable_if action=reinterpret pc=0x0000000003cb2974 method=net.minecraft.world.World.updateEntities()V @ 417
Event: 129.664 Thread 0x000000001ff1f800 Uncommon trap: reason=class_check action=maybe_recompile pc=0x0000000003f4878c method=com.google.common.cache.LocalCache$Segment.drainRecencyQueue()V @ 4
Event: 129.664 Thread 0x000000001ff1f800 Uncommon trap: reason=class_check action=maybe_recompile pc=0x0000000003f4878c method=com.google.common.cache.LocalCache$Segment.drainRecencyQueue()V @ 4
Event: 129.664 Thread 0x000000001ff1f800 Uncommon trap: reason=class_check action=maybe_recompile pc=0x0000000003f4878c method=com.google.common.cache.LocalCache$Segment.drainRecencyQueue()V @ 4
Event: 129.668 Thread 0x000000001ff1c000 Uncommon trap: reason=unstable_if action=reinterpret pc=0x0000000003f1200c method=io.netty.util.concurrent.SingleThreadEventExecutor.execute(Ljava/lang/Runnable;)V @ 20
Event: 129.675 Thread 0x000000001ff1f800 Uncommon trap: reason=unstable_if action=reinterpret pc=0x00000000039b3e40 method=java.util.concurrent.ConcurrentHashMap.putVal(Ljava/lang/Object;Ljava/lang/Object;Z)Ljava/lang/Object; @ 331
Event: 129.745 Thread 0x000000001ff1f800 Uncommon trap: reason=class_check action=maybe_recompile pc=0x0000000003f4878c method=com.google.common.cache.LocalCache$Segment.drainRecencyQueue()V @ 4
Event: 129.844 Thread 0x000000000229b000 Uncommon trap: reason=unstable_if action=reinterpret pc=0x00000000040889d8 method=java.util.HashMap.removeNode(ILjava/lang/Object;Ljava/lang/Object;ZZ)Ljava/util/HashMap$Node; @ 7
Event: 129.847 Thread 0x000000000229b000 Uncommon trap: reason=unstable_if action=reinterpret pc=0x0000000003002b50 method=net.minecraftforge.fml.relauncher.FMLSecurityManager.checkPermission(Ljava/security/Permission;)V @ 23

Internal exceptions (10 events):
Event: 129.457 Thread 0x000000001ff1a800 Exception <a 'java/lang/InterruptedException': sleep interrupted> (0x000000077cea9218) thrown at [C:\re\workspace\8-2-build-windows-amd64-cygwin\jdk8u101\7261\hotspot\src\share\vm\prims\jvm.cpp, line 3215]
Event: 129.473 Thread 0x000000001ff1a800 Exception <a 'java/lang/InterruptedException': sleep interrupted> (0x000000077cea9470) thrown at [C:\re\workspace\8-2-build-windows-amd64-cygwin\jdk8u101\7261\hotspot\src\share\vm\prims\jvm.cpp, line 3215]
Event: 129.489 Thread 0x000000001ff1a800 Exception <a 'java/lang/InterruptedException': sleep interrupted> (0x000000077cea96c8) thrown at [C:\re\workspace\8-2-build-windows-amd64-cygwin\jdk8u101\7261\hotspot\src\share\vm\prims\jvm.cpp, line 3215]
Event: 129.508 Thread 0x000000001ff1a800 Exception <a 'java/lang/InterruptedException': sleep interrupted> (0x000000077cea9920) thrown at [C:\re\workspace\8-2-build-windows-amd64-cygwin\jdk8u101\7261\hotspot\src\share\vm\prims\jvm.cpp, line 3215]
Event: 129.583 Thread 0x000000001ff1a800 Exception <a 'java/lang/InterruptedException': sleep interrupted> (0x000000077cea9b78) thrown at [C:\re\workspace\8-2-build-windows-amd64-cygwin\jdk8u101\7261\hotspot\src\share\vm\prims\jvm.cpp, line 3215]
Event: 129.611 Thread 0x000000001ff1a800 Exception <a 'java/lang/InterruptedException': sleep interrupted> (0x000000077cea9dd0) thrown at [C:\re\workspace\8-2-build-windows-amd64-cygwin\jdk8u101\7261\hotspot\src\share\vm\prims\jvm.cpp, line 3215]
Event: 129.711 Thread 0x000000001ff1e000 Exception <a 'java/lang/InterruptedException': sleep interrupted> (0x000000077e61e950) thrown at [C:\re\workspace\8-2-build-windows-amd64-cygwin\jdk8u101\7261\hotspot\src\share\vm\prims\jvm.cpp, line 3215]
Event: 129.747 Thread 0x000000001ff1f800 NullPointerException at vtable entry 0x0000000002b24418
Event: 129.747 Thread 0x000000001ff1f800 Exception <a 'java/lang/NullPointerException'> (0x000000077d15c0c8) thrown at [C:\re\workspace\8-2-build-windows-amd64-cygwin\jdk8u101\7261\hotspot\src\share\vm\runtime\sharedRuntime.cpp, line 605]
Event: 129.844 Thread 0x000000000229b000 Implicit null exception at 0x000000000408840a to 0x00000000040889a5

Events (10 events):
Event: 129.848 Thread 0x000000001ff1f000 Thread exited: 0x000000001ff1f000
Event: 129.848 loading class javax/servlet/ServletContext
Event: 129.848 loading class javax/servlet/ServletContext done
Event: 129.848 loading class javax/servlet/ServletContext
Event: 129.848 loading class javax/servlet/ServletContext done
Event: 129.848 Thread 0x000000001d969800 flushing nmethod 0x00000000034e6f50
Event: 129.848 Thread 0x000000001d969800 flushing nmethod 0x00000000034ee350
Event: 129.849 Thread 0x000000001ff1e000 Thread exited: 0x000000001ff1e000
Event: 129.849 Thread 0x000000001ff1f800 Thread exited: 0x000000001ff1f800
Event: 129.849 Executing VM operation: Exit


Dynamic libraries:
0x000000013f360000 - 0x000000013f397000 	C:\Program Files\Java\jre1.8.0_101\bin\javaw.exe
0x0000000077a50000 - 0x0000000077bf9000 	C:\Windows\SYSTEM32\ntdll.dll
0x0000000077830000 - 0x000000007794f000 	C:\Windows\system32\kernel32.dll
0x000007fefdae0000 - 0x000007fefdb4c000 	C:\Windows\system32\KERNELBASE.dll
0x000007fefe960000 - 0x000007fefea3b000 	C:\Windows\system32\ADVAPI32.dll
0x000007fefe300000 - 0x000007fefe39f000 	C:\Windows\system32\msvcrt.dll
0x000007fefe480000 - 0x000007fefe49f000 	C:\Windows\SYSTEM32\sechost.dll
0x000007fefe100000 - 0x000007fefe22d000 	C:\Windows\system32\RPCRT4.dll
0x0000000077950000 - 0x0000000077a4a000 	C:\Windows\system32\USER32.dll
0x000007fefe290000 - 0x000007fefe2f7000 	C:\Windows\system32\GDI32.dll
0x000007fefec70000 - 0x000007fefec7e000 	C:\Windows\system32\LPK.dll
0x000007fefec80000 - 0x000007fefed49000 	C:\Windows\system32\USP10.dll
0x000007fefc3a0000 - 0x000007fefc594000 	C:\Windows\WinSxS\amd64_microsoft.windows.common-controls_6595b64144ccf1df_6.0.7601.17514_none_fa396087175ac9ac\COMCTL32.dll
0x000007fefea60000 - 0x000007fefead1000 	C:\Windows\system32\SHLWAPI.dll
0x000007feffd30000 - 0x000007feffd5e000 	C:\Windows\system32\IMM32.DLL
0x000007fefe7d0000 - 0x000007fefe8d9000 	C:\Windows\system32\MSCTF.dll
0x00000000791d0000 - 0x00000000792a2000 	C:\Program Files\Java\jre1.8.0_101\bin\msvcr100.dll
0x000000006f3d0000 - 0x000000006fc6a000 	C:\Program Files\Java\jre1.8.0_101\bin\server\jvm.dll
0x000007feead80000 - 0x000007feead89000 	C:\Windows\system32\WSOCK32.dll
0x000007fefe240000 - 0x000007fefe28d000 	C:\Windows\system32\WS2_32.dll
0x000007fefe230000 - 0x000007fefe238000 	C:\Windows\system32\NSI.dll
0x000007fef9fb0000 - 0x000007fef9feb000 	C:\Windows\system32\WINMM.dll
0x000007fefc8b0000 - 0x000007fefc8bc000 	C:\Windows\system32\VERSION.dll
0x0000000077c20000 - 0x0000000077c27000 	C:\Windows\system32\PSAPI.DLL
0x000000005bb90000 - 0x000000005bb9f000 	C:\Program Files\Java\jre1.8.0_101\bin\verify.dll
0x0000000077e60000 - 0x0000000077e89000 	C:\Program Files\Java\jre1.8.0_101\bin\java.dll
0x0000000059ec0000 - 0x0000000059ed6000 	C:\Program Files\Java\jre1.8.0_101\bin\zip.dll
0x000007fefefa0000 - 0x000007feffd28000 	C:\Windows\system32\SHELL32.dll
0x000007fefde50000 - 0x000007fefe053000 	C:\Windows\system32\ole32.dll
0x000007fefd810000 - 0x000007fefd81f000 	C:\Windows\system32\profapi.dll
0x00000000595b0000 - 0x00000000595bd000 	C:\Program Files\Java\jre1.8.0_101\bin\management.dll
0x000000005b3b0000 - 0x000000005b3ca000 	C:\Program Files\Java\jre1.8.0_101\bin\net.dll
0x000007fefcfb0000 - 0x000007fefd005000 	C:\Windows\system32\mswsock.dll
0x000007fefcfa0000 - 0x000007fefcfa7000 	C:\Windows\System32\wship6.dll
0x0000000057c90000 - 0x0000000057ca1000 	C:\Program Files\Java\jre1.8.0_101\bin\nio.dll
0x000007fefb310000 - 0x000007fefb325000 	C:\Windows\system32\NLAapi.dll
0x000007fee49c0000 - 0x000007fee49d5000 	C:\Windows\system32\napinsp.dll
0x000007fee4950000 - 0x000007fee4969000 	C:\Windows\system32\pnrpnsp.dll
0x000007fee4a60000 - 0x000007fee4a6b000 	C:\Windows\System32\winrnr.dll
0x000007fee5070000 - 0x000007fee5082000 	C:\Windows\system32\PrxerNsp.dll
0x000007fefce30000 - 0x000007fefce8b000 	C:\Windows\system32\DNSAPI.dll
0x000007fefc9d0000 - 0x000007fefc9d7000 	C:\Windows\System32\wshtcpip.dll
0x000007fefb1b0000 - 0x000007fefb1d7000 	C:\Windows\system32\IPHLPAPI.DLL
0x000007fefb1a0000 - 0x000007fefb1ab000 	C:\Windows\system32\WINNSI.DLL
0x000007fee5060000 - 0x000007fee5068000 	C:\Windows\system32\rasadhlp.dll
0x000007fefb000000 - 0x000007fefb053000 	C:\Windows\System32\fwpuclnt.dll
0x0000000077f00000 - 0x0000000077f24000 	C:\Program Files\Java\jre1.8.0_101\bin\sunec.dll
0x000007fefd010000 - 0x000007fefd028000 	C:\Windows\system32\CRYPTSP.dll
0x000007fefcd10000 - 0x000007fefcd57000 	C:\Windows\system32\rsaenh.dll
0x000007fefdba0000 - 0x000007fefdbbe000 	C:\Windows\system32\USERENV.dll
0x000007fefd670000 - 0x000007fefd67f000 	C:\Windows\system32\CRYPTBASE.dll
0x000007fefaf90000 - 0x000007fefafa1000 	C:\Windows\system32\dhcpcsvc6.DLL
0x000007fefaf70000 - 0x000007fefaf88000 	C:\Windows\system32\dhcpcsvc.DLL
0x000000005c4c0000 - 0x000000005c4cb000 	C:\Program Files\Java\jre1.8.0_101\bin\sunmscapi.dll
0x000007fefd970000 - 0x000007fefdadd000 	C:\Windows\system32\CRYPT32.dll
0x000007fefd820000 - 0x000007fefd82f000 	C:\Windows\system32\MSASN1.dll
0x0000000180000000 - 0x0000000180051000 	C:\Users\Sam Humby\.gradle\caches\minecraft\net\minecraft\natives\1.8\lwjgl64.dll
0x000007fee65f0000 - 0x000007fee670d000 	C:\Windows\system32\OPENGL32.dll
0x000007feee8e0000 - 0x000007feee90d000 	C:\Windows\system32\GLU32.dll
0x000007fee0da0000 - 0x000007fee0e91000 	C:\Windows\system32\DDRAW.dll
0x000007fee5030000 - 0x000007fee5038000 	C:\Windows\system32\DCIMAN32.dll
0x000007fefdbd0000 - 0x000007fefdda7000 	C:\Windows\system32\SETUPAPI.dll
0x000007fefd830000 - 0x000007fefd866000 	C:\Windows\system32\CFGMGR32.dll
0x000007fefe3a0000 - 0x000007fefe477000 	C:\Windows\system32\OLEAUT32.dll
0x000007fefdb80000 - 0x000007fefdb9a000 	C:\Windows\system32\DEVOBJ.dll
0x000007fefc890000 - 0x000007fefc8a8000 	C:\Windows\system32\dwmapi.dll
0x000000006c940000 - 0x000000006cad8000 	C:\Program Files\Java\jre1.8.0_101\bin\awt.dll
0x000007fefc1c0000 - 0x000007fefc216000 	C:\Windows\system32\uxtheme.dll
0x000007fee17d0000 - 0x000007fee17f8000 	C:\Program Files (x86)\Raptr\ltc_help64-106568.dll
0x000007fefd880000 - 0x000007fefd8bb000 	C:\Windows\system32\WINTRUST.dll
0x000007fefb840000 - 0x000007fefb85f000 	C:\Windows\system32\atig6pxx.dll
0x0000000068450000 - 0x000000006a423000 	C:\Windows\system32\atio6axx.dll
0x000007feeda30000 - 0x000007feedb80000 	C:\Windows\system32\atiadlxx.dll
0x000007fefc220000 - 0x000007fefc34c000 	C:\Windows\system32\PROPSYS.dll
0x000007fefc8f0000 - 0x000007fefc901000 	C:\Windows\system32\WTSAPI32.dll
0x000007feeb310000 - 0x000007feeb343000 	C:\Windows\system32\atig6txx.dll
0x000007fefbb50000 - 0x000007fefbbec000 	C:\Windows\system32\mscms.dll
0x000007fee4180000 - 0x000007fee41c2000 	C:\Windows\system32\icm32.dll
0x0000000070a40000 - 0x0000000070adc000 	C:\Users\Sam Humby\.gradle\caches\minecraft\net\minecraft\natives\1.8\avutil-ttv-51.dll
0x0000000065980000 - 0x00000000659d6000 	C:\Users\Sam Humby\.gradle\caches\minecraft\net\minecraft\natives\1.8\swresample-ttv-0.dll
0x000000006eb80000 - 0x000000006ec50000 	C:\Users\Sam Humby\.gradle\caches\minecraft\net\minecraft\natives\1.8\libmp3lame-ttv.dll
0x000007feddf30000 - 0x000007fedf2d4000 	C:\Users\Sam Humby\.gradle\caches\minecraft\net\minecraft\natives\1.8\libmfxsw64.dll
0x000007fee5880000 - 0x000007fee59ed000 	C:\Users\Sam Humby\.gradle\caches\minecraft\net\minecraft\natives\1.8\twitchsdk.dll
0x000007fefed50000 - 0x000007fefef98000 	C:\Windows\system32\WININET.dll
0x000007fefdb50000 - 0x000007fefdb54000 	C:\Windows\system32\api-ms-win-downlevel-user32-l1-1-0.dll
0x000007fefdb60000 - 0x000007fefdb64000 	C:\Windows\system32\api-ms-win-downlevel-shlwapi-l1-1-0.dll
0x000007fefd870000 - 0x000007fefd874000 	C:\Windows\system32\api-ms-win-downlevel-version-l1-1-0.dll
0x000007fefdbc0000 - 0x000007fefdbc3000 	C:\Windows\system32\api-ms-win-downlevel-normaliz-l1-1-0.dll
0x0000000077c10000 - 0x0000000077c13000 	C:\Windows\system32\normaliz.DLL
0x000007fefe4a0000 - 0x000007fefe767000 	C:\Windows\system32\iertutil.dll
0x000007fefdb70000 - 0x000007fefdb75000 	C:\Windows\system32\api-ms-win-downlevel-advapi32-l1-1-0.dll
0x0000000012b40000 - 0x0000000012ba4000 	C:\Users\Sam Humby\.gradle\caches\minecraft\net\minecraft\natives\1.8\OpenAL64.dll
0x000007fefe060000 - 0x000007fefe0f9000 	C:\Windows\system32\CLBCatQ.DLL
0x000007fefbdb0000 - 0x000007fefbdfb000 	C:\Windows\System32\MMDevApi.dll
0x000007fef3320000 - 0x000007fef33a8000 	C:\Windows\system32\dsound.dll
0x000007fefc8c0000 - 0x000007fefc8ec000 	C:\Windows\system32\POWRPROF.dll
0x000007fef3000000 - 0x000007fef304f000 	C:\Windows\system32\AUDIOSES.DLL
0x000007fefea40000 - 0x000007fefea59000 	C:\Windows\system32\imagehlp.dll
0x000007fefd190000 - 0x000007fefd1e0000 	C:\Windows\system32\ncrypt.dll
0x000007fefd160000 - 0x000007fefd182000 	C:\Windows\system32\bcrypt.dll
0x000007fefcc50000 - 0x000007fefcc9c000 	C:\Windows\system32\bcryptprimitives.dll
0x000007fefcac0000 - 0x000007fefcadb000 	C:\Windows\system32\GPAPI.dll
0x000007fef9330000 - 0x000007fef9357000 	C:\Windows\system32\cryptnet.dll
0x000007fefe770000 - 0x000007fefe7c2000 	C:\Windows\system32\WLDAP32.dll
0x000007fefbbf0000 - 0x000007fefbbf9000 	C:\Windows\system32\SensApi.dll
0x000007fee4300000 - 0x000007fee4548000 	C:\PROGRA~2\Raptr\ltc_game64-106568.dll
0x000007feedb80000 - 0x000007feedca5000 	C:\Windows\system32\dbghelp.dll

VM Arguments:
jvm_args: -Dfile.encoding=Cp1252 
java_command: GradleStart --username=samalot@plagachef.com --password=jedapo
java_class_path (initial): C:\Users\Sam Humby\Desktop\Minecraft Mod\Git\Lazarus\bin;C:\Users\Sam Humby\.gradle\caches\minecraft\net\minecraftforge\forge\1.8-11.14.4.1563\snapshot\20141130\forgeSrc-1.8-11.14.4.1563.jar;C:\Users\Sam Humby\.gradle\caches\modules-2\files-2.1\net.minecraft\launchwrapper\1.12\111e7bea9c968cdb3d06ef4632bf7ff0824d0f36\launchwrapper-1.12.jar;C:\Users\Sam Humby\.gradle\caches\modules-2\files-2.1\org.ow2.asm\asm-debug-all\5.0.3\f9e364ae2a66ce2a543012a4668856e84e5dab74\asm-debug-all-5.0.3.jar;C:\Users\Sam Humby\.gradle\caches\modules-2\files-2.1\com.typesafe.akka\akka-actor_2.11\2.3.3\ed62e9fc709ca0f2ff1a3220daa8b70a2870078e\akka-actor_2.11-2.3.3.jar;C:\Users\Sam Humby\.gradle\caches\modules-2\files-2.1\com.typesafe\config\1.2.1\f771f71fdae3df231bcd54d5ca2d57f0bf93f467\config-1.2.1.jar;C:\Users\Sam Humby\.gradle\caches\modules-2\files-2.1\org.scala-lang\scala-actors-migration_2.11\1.1.0\dfa8bc42b181d5b9f1a5dd147f8ae308b893eb6f\scala-actors-migration_2.11-1.1.0.jar;C:\Users\Sam Humby\.gradle\caches\modules-2\files-2.1\org.scala-lang\scala-compiler\2.11.1\56ea2e6c025e0821f28d73ca271218b8dd04926a\scala-compiler-2.11.1.jar;C:\Users\Sam Humby\.gradle\caches\modules-2\files-2.1\org.scala-lang.plugins\scala-continuations-library_2.11\1.0.2\e517c53a7e9acd6b1668c5a35eccbaa3bab9aac\scala-continuations-library_2.11-1.0.2.jar;C:\Users\Sam Humby\.gradle\caches\modules-2\files-2.1\org.scala-lang.plugins\scala-continuations-plugin_2.11.1\1.0.2\f361a3283452c57fa30c1ee69448995de23c60f7\scala-continuations-plugin_2.11.1-1.0.2.jar;C:\Users\Sam Humby\.gradle\caches\modules-2\files-2.1\org.scala-lang\scala-library\2.11.1\e11da23da3eabab9f4777b9220e60d44c1aab6a\scala-library-2.11.1.jar;C:\Users\Sam Humby\.gradle\caches\modules-2\files-2.1\org.scala-lang.modules\scala-parser-combinators_2.11\1.0.1\f05d7345bf5a58924f2837c6c1f4d73a938e1ff0\scala-parser-combinators_2.11-1.0.1.jar;C:\Users\Sam Humby\.gradle\caches\modules-2\files-2.1\org.scala-lang\scala-reflect\2.11.1
Launcher Type: SUN_STANDARD

Environment Variables:
JAVA_HOME=C:\Program Files\Java\jdk1.8.0_77
CLASSPATH=.;C:\Program Files\Java\jre1.8.0_77\lib\ext\QTJava.zip
PATH=C:/Program Files/Java/jre1.8.0_101/bin/server;C:/Program Files/Java/jre1.8.0_101/bin;C:/Program Files/Java/jre1.8.0_101/lib/amd64;C:\Program Files (x86)\NVIDIA Corporation\PhysX\Common;C:\ProgramData\Oracle\Java\javapath;C:\Program Files (x86)\AMD APP\bin\x86_64;C:\Program Files (x86)\AMD APP\bin\x86;C:\Program Files (x86)\Intel\iCLS Client\;C:\Program Files\Intel\iCLS Client\;C:\Windows\system32;C:\Windows;C:\Windows\System32\Wbem;C:\Windows\System32\WindowsPowerShell\v1.0\;C:\Program Files\Intel\Intel(R) Management Engine Components\DAL;C:\Program Files\Intel\Intel(R) Management Engine Components\IPT;C:\Program Files (x86)\Intel\Intel(R) Management Engine Components\DAL;C:\Program Files (x86)\Intel\Intel(R) Management Engine Components\IPT;C:\Program Files (x86)\ATI Technologies\ATI.ACE\Core-Static;C:\Program Files\Java\jdk1.7.0_21\bin;C:\Program Files (x86)\QuickTime\QTSystem\;C:\Program Files (x86)\Autodesk\Backburner\;C:\Program Files (x86)\Bitvise SSH Client;C:\Program Files\digieffects\bin;C:\Program Files\nodejs\;C:\Program Files (x86)\Git\cmd;C:\php;C:\Program Files (x86)\AMD\ATI.ACE\Core-Static;C:\Program Files\OpenVPN\bin;C:\MinGW\bin;C:\Users\Sam Humby\.dnx\bin;C:\Program Files\Microsoft DNX\Dnvm\;C:\Program Files (x86)\Skype\Phone\;C:\Program Files\MiKTeX 2.9\miktex\bin\x64\;C:\Python27\Scripts;C:\Program Files\Java\jdk1.8.0_77\bin;C:\Users\Sam Humby\AppData\Roaming\npm;C:\Program Files (x86)\apache-maven-3.3.3\Bin;C:\Python27\Scripts;C:\Windows\system32;
USERNAME=Sam Humby
OS=Windows_NT
PROCESSOR_IDENTIFIER=Intel64 Family 6 Model 58 Stepping 9, GenuineIntel



---------------  S Y S T E M  ---------------

OS: Windows 7 , 64 bit Build 7601 (6.1.7601.18409)

CPU:total 4 (4 cores per cpu, 1 threads per core) family 6 model 58 stepping 9, cmov, cx8, fxsr, mmx, sse, sse2, sse3, ssse3, sse4.1, sse4.2, popcnt, avx, aes, clmul, erms, tsc, tscinvbit, tscinv

Memory: 4k page, physical 16777216k(10049640k free), swap 18872512k(11196280k free)

vm_info: Java HotSpot(TM) 64-Bit Server VM (25.101-b13) for windows-amd64 JRE (1.8.0_101-b13), built on Jun 22 2016 01:21:29 by "java_re" with MS VC++ 10.0 (VS2010)

time: Sat Aug 20 00:24:58 2016
elapsed time: 129 seconds (0d 0h 2m 9s)

