#
# A fatal error has been detected by the Java Runtime Environment:
#
#  EXCEPTION_ACCESS_VIOLATION (0xc0000005) at pc=0x000007fee66cd6c4, pid=12824, tid=0x0000000000000d34
#
# JRE version: Java(TM) SE Runtime Environment (8.0_101-b13) (build 1.8.0_101-b13)
# Java VM: Java HotSpot(TM) 64-Bit Server VM (25.101-b13 mixed mode windows-amd64 compressed oops)
# Problematic frame:
# C  [OPENGL32.dll+0xdd6c4]
#
# Failed to write core dump. Minidumps are not enabled by default on client versions of Windows
#
# If you would like to submit a bug report, please visit:
#   http://bugreport.java.com/bugreport/crash.jsp
#

---------------  T H R E A D  ---------------

Current thread (0x000000001c07e800):  VMThread [stack: 0x000000001d240000,0x000000001d340000] [id=3380]

siginfo: ExceptionCode=0xc0000005, reading address 0x0000000000000a38

Registers:
RAX=0x0000000000000000, RBX=0x000000003a0cc710, RCX=0x0000000000000001, RDX=0x000000003a0cc718
RSP=0x000000001d33f208, RBP=0x0000000000000000, RSI=0x000000003a0cf640, RDI=0x000000003a0cf640
R8 =0x000000001d33f288, R9 =0x000000001bf65500, R10=0x000000002cc3cff0, R11=0x000000001d33efd2
R12=0x0000000000000000, R13=0x000000003a0c7100, R14=0x000000003a0c6fb0, R15=0x0000000000000000
RIP=0x000007fee66cd6c4, EFLAGS=0x0000000000010287

Top of Stack: (sp=0x000000001d33f208)
0x000000001d33f208:   000007fee436244b 0000000000000001
0x000000001d33f218:   000000003a0cc718 000000001d33f288
0x000000001d33f228:   000000001bf65500 0000000000000000
0x000000001d33f238:   000007fee4367f17 000000003a0c7100
0x000000001d33f248:   0000000000000001 000000003a0c70e0
0x000000001d33f258:   000000003a0c6fb0 fffffffffffffffe
0x000000001d33f268:   0000000077851a4a 0000000000000000
0x000000001d33f278:   000007fee43687c9 000000003a0cf640
0x000000001d33f288:   000000003a0d1e90 000007fee4451940
0x000000001d33f298:   000007fee43e5700 fffffffffffffffe
0x000000001d33f2a8:   000000001299cbf0 0000000000000001
0x000000001d33f2b8:   000000003a0c70d8 000000003a0c6fb0
0x000000001d33f2c8:   000007fee43ed7ad 000007fee45265b0
0x000000001d33f2d8:   000007fee4451930 000000001bf65500
0x000000001d33f2e8:   000000001c07f0e0 000000003a0c70d8
0x000000001d33f2f8:   000000003a0c6fb0 000000003a0c6fb0 

Instructions: (pc=0x000007fee66cd6c4)
0x000007fee66cd6a4:   cc cc cc cc cc cc 66 0f 1f 44 00 00 8b 05 16 0c
0x000007fee66cd6b4:   01 00 83 f8 40 73 0f 65 48 8b 04 c5 80 14 00 00
0x000007fee66cd6c4:   ff a0 38 0a 00 00 b8 47 01 00 00 e9 ec d4 ff ff
0x000007fee66cd6d4:   cc cc cc cc cc cc 66 0f 1f 44 00 00 8b 05 e6 0b 


Register to memory mapping:

RAX=0x0000000000000000 is an unknown value
RBX=0x000000003a0cc710 is an unknown value
RCX=0x0000000000000001 is an unknown value
RDX=0x000000003a0cc718 is an unknown value
RSP=0x000000001d33f208 is an unknown value
RBP=0x0000000000000000 is an unknown value
RSI=0x000000003a0cf640 is an unknown value
RDI=0x000000003a0cf640 is an unknown value
R8 =0x000000001d33f288 is an unknown value
R9 =0x000000001bf65500 is an unknown value
R10=0x000000002cc3cff0 is an unknown value
R11=0x000000001d33efd2 is an unknown value
R12=0x0000000000000000 is an unknown value
R13=0x000000003a0c7100 is an unknown value
R14=0x000000003a0c6fb0 is an unknown value
R15=0x0000000000000000 is an unknown value


Stack: [0x000000001d240000,0x000000001d340000],  sp=0x000000001d33f208,  free space=1020k
Native frames: (J=compiled Java code, j=interpreted, Vv=VM code, C=native code)

VM_Operation (0x00000000024bdd30): Exit, mode: safepoint, requested by thread 0x000000000216b000


---------------  P R O C E S S  ---------------

Java Threads: ( => current thread )
  0x000000002100e000 JavaThread "File IO Thread" [_thread_blocked, id=8624, stack(0x000000003a1d0000,0x000000003a2d0000)]
  0x0000000021012800 JavaThread "pool-2-thread-1" [_thread_blocked, id=11400, stack(0x000000003d270000,0x000000003d370000)]
  0x0000000021015000 JavaThread "Chunk I/O Executor Thread-1" daemon [_thread_blocked, id=7976, stack(0x000000003d3c0000,0x000000003d4c0000)]
  0x0000000021014000 JavaThread "Netty Server IO #1" daemon [_thread_in_native, id=532, stack(0x000000003d120000,0x000000003d220000)]
  0x0000000021013800 JavaThread "Netty Local Client IO #0" daemon [_thread_blocked, id=13024, stack(0x000000003cfe0000,0x000000003d0e0000)]
  0x0000000021012000 JavaThread "Netty Server IO #0" daemon [_thread_in_native, id=12520, stack(0x000000003a4d0000,0x000000003a5d0000)]
  0x0000000021010800 JavaThread "Chunk Batcher 1" daemon [_thread_blocked, id=9488, stack(0x0000000035ef0000,0x0000000035ff0000)]
  0x000000002100f800 JavaThread "Chunk Batcher 0" daemon [_thread_blocked, id=10976, stack(0x0000000035df0000,0x0000000035ef0000)]
  0x000000002100b000 JavaThread "LWJGL Timer" daemon [_thread_blocked, id=8420, stack(0x000000002d6c0000,0x000000002d7c0000)]
  0x0000000020f82000 JavaThread "Java2D Disposer" daemon [_thread_blocked, id=8324, stack(0x000000001f0f0000,0x000000001f1f0000)]
  0x000000002273c000 JavaThread "Timer hack thread" daemon [_thread_blocked, id=12320, stack(0x0000000025970000,0x0000000025a70000)]
  0x00000000216f7800 JavaThread "Snooper Timer" daemon [_thread_blocked, id=11952, stack(0x0000000022d70000,0x0000000022e70000)]
  0x000000001d6d5000 JavaThread "Service Thread" daemon [_thread_blocked, id=10512, stack(0x000000001e080000,0x000000001e180000)]
  0x000000001d64f800 JavaThread "C1 CompilerThread2" daemon [_thread_blocked, id=12624, stack(0x000000001dcb0000,0x000000001ddb0000)]
  0x000000001d648800 JavaThread "C2 CompilerThread1" daemon [_thread_blocked, id=12936, stack(0x000000001dab0000,0x000000001dbb0000)]
  0x000000001d644800 JavaThread "C2 CompilerThread0" daemon [_thread_blocked, id=12556, stack(0x000000001ddf0000,0x000000001def0000)]
  0x000000001c0ed800 JavaThread "Attach Listener" daemon [_thread_blocked, id=12736, stack(0x000000001dbb0000,0x000000001dcb0000)]
  0x000000001c0ea000 JavaThread "Signal Dispatcher" daemon [_thread_blocked, id=10824, stack(0x000000001d540000,0x000000001d640000)]
  0x000000001c0cd800 JavaThread "Finalizer" daemon [_thread_blocked, id=10776, stack(0x000000001d140000,0x000000001d240000)]
  0x000000001c086800 JavaThread "Reference Handler" daemon [_thread_blocked, id=7316, stack(0x000000001d3b0000,0x000000001d4b0000)]
  0x000000000216b000 JavaThread "Client thread" [_thread_blocked, id=3480, stack(0x00000000023c0000,0x00000000024c0000)]

Other Threads:
=>0x000000001c07e800 VMThread [stack: 0x000000001d240000,0x000000001d340000] [id=3380]

VM state:at safepoint (shutting down)

VM Mutex/Monitor currently owned by a thread:  ([mutex/lock_event])
[0x0000000002169700] Threads_lock - owner thread: 0x000000001c07e800

Heap:
 PSYoungGen      total 998912K, used 847261K [0x000000076ab00000, 0x00000007b0480000, 0x00000007c0000000)
  eden space 934400K, 88% used [0x000000076ab00000,0x000000079d440bf0,0x00000007a3b80000)
  from space 64512K, 28% used [0x00000007a3b80000,0x00000007a4da6820,0x00000007a7a80000)
  to   space 61952K, 0% used [0x00000007ac800000,0x00000007ac800000,0x00000007b0480000)
 ParOldGen       total 186368K, used 162398K [0x00000006c0000000, 0x00000006cb600000, 0x000000076ab00000)
  object space 186368K, 87% used [0x00000006c0000000,0x00000006c9e97b68,0x00000006cb600000)
 Metaspace       used 44458K, capacity 44865K, committed 45184K, reserved 1089536K
  class space    used 5320K, capacity 5463K, committed 5504K, reserved 1048576K

Card table byte_map: [0x0000000011b50000,0x0000000012360000] byte_map_base: 0x000000000e550000

Marking Bits: (ParMarkBitMap*) 0x000000006fbea6d0
 Begin Bits: [0x0000000012ef0000, 0x0000000016ef0000)
 End Bits:   [0x0000000016ef0000, 0x000000001aef0000)

Polling page: 0x00000000001b0000

CodeCache: size=245760Kb used=30060Kb max_used=30461Kb free=215699Kb
 bounds [0x0000000002790000, 0x00000000045e0000, 0x0000000011790000]
 total_blobs=8522 nmethods=7649 adapters=783
 compilation: enabled

Compilation events (10 events):
Event: 54.016 Thread 0x000000001d644800 nmethod 10622 0x0000000003a48350 code [0x0000000003a48480, 0x0000000003a484d8]
Event: 54.016 Thread 0x000000001d64f800 nmethod 10623 0x0000000003b5fbd0 code [0x0000000003b5fdc0, 0x0000000003b60578]
Event: 54.017 Thread 0x000000001d648800 nmethod 10621 0x0000000003b5f490 code [0x0000000003b5f5e0, 0x0000000003b5f808]
Event: 54.029 Thread 0x000000001d64f800 10624   !   3       java.util.Collections$SynchronizedCollection::size (24 bytes)
Event: 54.030 Thread 0x000000001d64f800 nmethod 10624 0x0000000003b5ee10 code [0x0000000003b5ef80, 0x0000000003b5f348]
Event: 54.052 Thread 0x000000001d64f800 10625       1       java.lang.StackTraceElement::getClassName (5 bytes)
Event: 54.052 Thread 0x000000001d64f800 nmethod 10625 0x0000000003abf150 code [0x0000000003abf2a0, 0x0000000003abf3b0]
Event: 54.053 Thread 0x000000001d64f800 10626       1       org.apache.logging.log4j.core.config.LoggerConfig::getLevel (5 bytes)
Event: 54.053 Thread 0x000000001d64f800 nmethod 10626 0x0000000003fa5650 code [0x0000000003fa57a0, 0x0000000003fa58b0]
Event: 54.054 Thread 0x000000001d64f800 10627       3       java.util.concurrent.ConcurrentHashMap$ValueIterator::next (34 bytes)

GC Heap History (10 events):
Event: 22.454 GC heap before
{Heap before GC invocations=20 (full 5):
 PSYoungGen      total 797184K, used 726016K [0x000000076ab00000, 0x000000079ff00000, 0x00000007c0000000)
  eden space 726016K, 100% used [0x000000076ab00000,0x0000000797000000,0x0000000797000000)
  from space 71168K, 0% used [0x000000079b980000,0x000000079b980000,0x000000079ff00000)
  to   space 73216K, 0% used [0x0000000797000000,0x0000000797000000,0x000000079b780000)
 ParOldGen       total 186368K, used 162358K [0x00000006c0000000, 0x00000006cb600000, 0x000000076ab00000)
  object space 186368K, 87% used [0x00000006c0000000,0x00000006c9e8db68,0x00000006cb600000)
 Metaspace       used 42974K, capacity 43393K, committed 43904K, reserved 1087488K
  class space    used 5268K, capacity 5399K, committed 5504K, reserved 1048576K
Event: 22.462 GC heap after
Heap after GC invocations=20 (full 5):
 PSYoungGen      total 799232K, used 15012K [0x000000076ab00000, 0x00000007a8400000, 0x00000007c0000000)
  eden space 726016K, 0% used [0x000000076ab00000,0x000000076ab00000,0x0000000797000000)
  from space 73216K, 20% used [0x0000000797000000,0x0000000797ea92c0,0x000000079b780000)
  to   space 71680K, 0% used [0x00000007a3e00000,0x00000007a3e00000,0x00000007a8400000)
 ParOldGen       total 186368K, used 162366K [0x00000006c0000000, 0x00000006cb600000, 0x000000076ab00000)
  object space 186368K, 87% used [0x00000006c0000000,0x00000006c9e8fb68,0x00000006cb600000)
 Metaspace       used 42974K, capacity 43393K, committed 43904K, reserved 1087488K
  class space    used 5268K, capacity 5399K, committed 5504K, reserved 1048576K
}
Event: 26.675 GC heap before
{Heap before GC invocations=21 (full 5):
 PSYoungGen      total 799232K, used 741028K [0x000000076ab00000, 0x00000007a8400000, 0x00000007c0000000)
  eden space 726016K, 100% used [0x000000076ab00000,0x0000000797000000,0x0000000797000000)
  from space 73216K, 20% used [0x0000000797000000,0x0000000797ea92c0,0x000000079b780000)
  to   space 71680K, 0% used [0x00000007a3e00000,0x00000007a3e00000,0x00000007a8400000)
 ParOldGen       total 186368K, used 162366K [0x00000006c0000000, 0x00000006cb600000, 0x000000076ab00000)
  object space 186368K, 87% used [0x00000006c0000000,0x00000006c9e8fb68,0x00000006cb600000)
 Metaspace       used 43802K, capacity 44129K, committed 44672K, reserved 1089536K
  class space    used 5297K, capacity 5431K, committed 5504K, reserved 1048576K
Event: 26.684 GC heap after
Heap after GC invocations=21 (full 5):
 PSYoungGen      total 887808K, used 18650K [0x000000076ab00000, 0x00000007a6a00000, 0x00000007c0000000)
  eden space 842752K, 0% used [0x000000076ab00000,0x000000076ab00000,0x000000079e200000)
  from space 45056K, 41% used [0x00000007a3e00000,0x00000007a5036828,0x00000007a6a00000)
  to   space 69632K, 0% used [0x000000079e200000,0x000000079e200000,0x00000007a2600000)
 ParOldGen       total 186368K, used 162374K [0x00000006c0000000, 0x00000006cb600000, 0x000000076ab00000)
  object space 186368K, 87% used [0x00000006c0000000,0x00000006c9e91b68,0x00000006cb600000)
 Metaspace       used 43802K, capacity 44129K, committed 44672K, reserved 1089536K
  class space    used 5297K, capacity 5431K, committed 5504K, reserved 1048576K
}
Event: 32.678 GC heap before
{Heap before GC invocations=22 (full 5):
 PSYoungGen      total 887808K, used 861402K [0x000000076ab00000, 0x00000007a6a00000, 0x00000007c0000000)
  eden space 842752K, 100% used [0x000000076ab00000,0x000000079e200000,0x000000079e200000)
  from space 45056K, 41% used [0x00000007a3e00000,0x00000007a5036828,0x00000007a6a00000)
  to   space 69632K, 0% used [0x000000079e200000,0x000000079e200000,0x00000007a2600000)
 ParOldGen       total 186368K, used 162374K [0x00000006c0000000, 0x00000006cb600000, 0x000000076ab00000)
  object space 186368K, 87% used [0x00000006c0000000,0x00000006c9e91b68,0x00000006cb600000)
 Metaspace       used 44189K, capacity 44673K, committed 45184K, reserved 1089536K
  class space    used 5309K, capacity 5463K, committed 5504K, reserved 1048576K
Event: 32.686 GC heap after
Heap after GC invocations=22 (full 5):
 PSYoungGen      total 912384K, used 18666K [0x000000076ab00000, 0x00000007ad200000, 0x00000007c0000000)
  eden space 842752K, 0% used [0x000000076ab00000,0x000000076ab00000,0x000000079e200000)
  from space 69632K, 26% used [0x000000079e200000,0x000000079f43a830,0x00000007a2600000)
  to   space 67072K, 0% used [0x00000007a9080000,0x00000007a9080000,0x00000007ad200000)
 ParOldGen       total 186368K, used 162382K [0x00000006c0000000, 0x00000006cb600000, 0x000000076ab00000)
  object space 186368K, 87% used [0x00000006c0000000,0x00000006c9e93b68,0x00000006cb600000)
 Metaspace       used 44189K, capacity 44673K, committed 45184K, reserved 1089536K
  class space    used 5309K, capacity 5463K, committed 5504K, reserved 1048576K
}
Event: 39.610 GC heap before
{Heap before GC invocations=23 (full 5):
 PSYoungGen      total 912384K, used 861418K [0x000000076ab00000, 0x00000007ad200000, 0x00000007c0000000)
  eden space 842752K, 100% used [0x000000076ab00000,0x000000079e200000,0x000000079e200000)
  from space 69632K, 26% used [0x000000079e200000,0x000000079f43a830,0x00000007a2600000)
  to   space 67072K, 0% used [0x00000007a9080000,0x00000007a9080000,0x00000007ad200000)
 ParOldGen       total 186368K, used 162382K [0x00000006c0000000, 0x00000006cb600000, 0x000000076ab00000)
  object space 186368K, 87% used [0x00000006c0000000,0x00000006c9e93b68,0x00000006cb600000)
 Metaspace       used 44319K, capacity 44801K, committed 45184K, reserved 1089536K
  class space    used 5309K, capacity 5463K, committed 5504K, reserved 1048576K
Event: 39.619 GC heap after
Heap after GC invocations=23 (full 5):
 PSYoungGen      total 976384K, used 18586K [0x000000076ab00000, 0x00000007ab980000, 0x00000007c0000000)
  eden space 934400K, 0% used [0x000000076ab00000,0x000000076ab00000,0x00000007a3b80000)
  from space 41984K, 44% used [0x00000007a9080000,0x00000007aa2a6820,0x00000007ab980000)
  to   space 64512K, 0% used [0x00000007a3b80000,0x00000007a3b80000,0x00000007a7a80000)
 ParOldGen       total 186368K, used 162390K [0x00000006c0000000, 0x00000006cb600000, 0x000000076ab00000)
  object space 186368K, 87% used [0x00000006c0000000,0x00000006c9e95b68,0x00000006cb600000)
 Metaspace       used 44319K, capacity 44801K, committed 45184K, reserved 1089536K
  class space    used 5309K, capacity 5463K, committed 5504K, reserved 1048576K
}
Event: 47.324 GC heap before
{Heap before GC invocations=24 (full 5):
 PSYoungGen      total 976384K, used 952986K [0x000000076ab00000, 0x00000007ab980000, 0x00000007c0000000)
  eden space 934400K, 100% used [0x000000076ab00000,0x00000007a3b80000,0x00000007a3b80000)
  from space 41984K, 44% used [0x00000007a9080000,0x00000007aa2a6820,0x00000007ab980000)
  to   space 64512K, 0% used [0x00000007a3b80000,0x00000007a3b80000,0x00000007a7a80000)
 ParOldGen       total 186368K, used 162390K [0x00000006c0000000, 0x00000006cb600000, 0x000000076ab00000)
  object space 186368K, 87% used [0x00000006c0000000,0x00000006c9e95b68,0x00000006cb600000)
 Metaspace       used 44336K, capacity 44801K, committed 45184K, reserved 1089536K
  class space    used 5309K, capacity 5463K, committed 5504K, reserved 1048576K
Event: 47.331 GC heap after
Heap after GC invocations=24 (full 5):
 PSYoungGen      total 998912K, used 18586K [0x000000076ab00000, 0x00000007b0480000, 0x00000007c0000000)
  eden space 934400K, 0% used [0x000000076ab00000,0x000000076ab00000,0x00000007a3b80000)
  from space 64512K, 28% used [0x00000007a3b80000,0x00000007a4da6820,0x00000007a7a80000)
  to   space 61952K, 0% used [0x00000007ac800000,0x00000007ac800000,0x00000007b0480000)
 ParOldGen       total 186368K, used 162398K [0x00000006c0000000, 0x00000006cb600000, 0x000000076ab00000)
  object space 186368K, 87% used [0x00000006c0000000,0x00000006c9e97b68,0x00000006cb600000)
 Metaspace       used 44336K, capacity 44801K, committed 45184K, reserved 1089536K
  class space    used 5309K, capacity 5463K, committed 5504K, reserved 1048576K
}

Deoptimization events (10 events):
Event: 53.919 Thread 0x000000002100c000 Uncommon trap: reason=class_check action=maybe_recompile pc=0x0000000003c72354 method=com.google.common.cache.LocalCache$Segment.getLiveValue(Lcom/google/common/cache/LocalCache$ReferenceEntry;J)Ljava/lang/Object; @ 1
Event: 53.930 Thread 0x000000002100c000 Uncommon trap: reason=bimorphic action=maybe_recompile pc=0x00000000040f95e4 method=net.minecraft.world.chunk.storage.AnvilChunkLoader.writeChunkToNBT(Lnet/minecraft/world/chunk/Chunk;Lnet/minecraft/world/World;Lnet/minecraft/nbt/NBTTagCompound;)V @ 527
Event: 53.931 Thread 0x000000002100c000 Uncommon trap: reason=bimorphic action=maybe_recompile pc=0x00000000040f95e4 method=net.minecraft.world.chunk.storage.AnvilChunkLoader.writeChunkToNBT(Lnet/minecraft/world/chunk/Chunk;Lnet/minecraft/world/World;Lnet/minecraft/nbt/NBTTagCompound;)V @ 527
Event: 53.932 Thread 0x000000002100c000 Uncommon trap: reason=bimorphic action=maybe_recompile pc=0x00000000040f95e4 method=net.minecraft.world.chunk.storage.AnvilChunkLoader.writeChunkToNBT(Lnet/minecraft/world/chunk/Chunk;Lnet/minecraft/world/World;Lnet/minecraft/nbt/NBTTagCompound;)V @ 527
Event: 53.933 Thread 0x000000002100c000 Uncommon trap: reason=bimorphic action=maybe_recompile pc=0x00000000040f95e4 method=net.minecraft.world.chunk.storage.AnvilChunkLoader.writeChunkToNBT(Lnet/minecraft/world/chunk/Chunk;Lnet/minecraft/world/World;Lnet/minecraft/nbt/NBTTagCompound;)V @ 527
Event: 53.935 Thread 0x000000002100c000 Uncommon trap: reason=unstable_if action=reinterpret pc=0x0000000003eeec38 method=java.util.concurrent.ConcurrentHashMap.putVal(Ljava/lang/Object;Ljava/lang/Object;Z)Ljava/lang/Object; @ 331
Event: 54.017 Thread 0x000000002100c000 Uncommon trap: reason=class_check action=maybe_recompile pc=0x0000000003dc6ccc method=com.google.common.cache.LocalCache$Segment.drainRecencyQueue()V @ 4
Event: 54.020 Thread 0x000000002100c000 Uncommon trap: reason=unstable_if action=reinterpret pc=0x0000000003db71c0 method=sun.reflect.misc.ReflectUtil.needsPackageAccessCheck(Ljava/lang/ClassLoader;Ljava/lang/ClassLoader;)Z @ 6
Event: 54.052 Thread 0x000000000216b000 Uncommon trap: reason=unstable_if action=reinterpret pc=0x0000000002dca6d0 method=net.minecraftforge.fml.relauncher.FMLSecurityManager.checkPermission(Ljava/security/Permission;)V @ 23
Event: 54.053 Thread 0x000000002100c000 Uncommon trap: reason=unstable_if action=reinterpret pc=0x0000000004326910 method=java.util.concurrent.locks.ReentrantLock$Sync.nonfairTryAcquire(I)Z @ 34

Internal exceptions (10 events):
Event: 53.648 Thread 0x000000002100e000 Exception <a 'java/lang/InterruptedException': sleep interrupted> (0x0000000794e12bc0) thrown at [C:\re\workspace\8-2-build-windows-amd64-cygwin\jdk8u101\7261\hotspot\src\share\vm\prims\jvm.cpp, line 3215]
Event: 53.665 Thread 0x000000002100e000 Exception <a 'java/lang/InterruptedException': sleep interrupted> (0x0000000794e12e18) thrown at [C:\re\workspace\8-2-build-windows-amd64-cygwin\jdk8u101\7261\hotspot\src\share\vm\prims\jvm.cpp, line 3215]
Event: 53.683 Thread 0x000000002100e000 Exception <a 'java/lang/InterruptedException': sleep interrupted> (0x0000000794e13070) thrown at [C:\re\workspace\8-2-build-windows-amd64-cygwin\jdk8u101\7261\hotspot\src\share\vm\prims\jvm.cpp, line 3215]
Event: 53.698 Thread 0x000000002100e000 Exception <a 'java/lang/InterruptedException': sleep interrupted> (0x0000000794e132c8) thrown at [C:\re\workspace\8-2-build-windows-amd64-cygwin\jdk8u101\7261\hotspot\src\share\vm\prims\jvm.cpp, line 3215]
Event: 53.715 Thread 0x000000002100e000 Exception <a 'java/lang/InterruptedException': sleep interrupted> (0x0000000794e13520) thrown at [C:\re\workspace\8-2-build-windows-amd64-cygwin\jdk8u101\7261\hotspot\src\share\vm\prims\jvm.cpp, line 3215]
Event: 53.794 Thread 0x000000002100e000 Exception <a 'java/lang/InterruptedException': sleep interrupted> (0x0000000794e13778) thrown at [C:\re\workspace\8-2-build-windows-amd64-cygwin\jdk8u101\7261\hotspot\src\share\vm\prims\jvm.cpp, line 3215]
Event: 53.841 Thread 0x000000002100e000 Exception <a 'java/lang/InterruptedException': sleep interrupted> (0x0000000794e139d0) thrown at [C:\re\workspace\8-2-build-windows-amd64-cygwin\jdk8u101\7261\hotspot\src\share\vm\prims\jvm.cpp, line 3215]
Event: 53.941 Thread 0x0000000021011000 Exception <a 'java/lang/InterruptedException': sleep interrupted> (0x000000079c448ba0) thrown at [C:\re\workspace\8-2-build-windows-amd64-cygwin\jdk8u101\7261\hotspot\src\share\vm\prims\jvm.cpp, line 3215]
Event: 54.019 Thread 0x000000002100c000 NullPointerException at vtable entry 0x00000000028a3550
Event: 54.019 Thread 0x000000002100c000 Exception <a 'java/lang/NullPointerException'> (0x000000079b89aaf8) thrown at [C:\re\workspace\8-2-build-windows-amd64-cygwin\jdk8u101\7261\hotspot\src\share\vm\runtime\sharedRuntime.cpp, line 605]

Events (10 events):
Event: 54.053 loading class javax/servlet/ServletContext
Event: 54.053 loading class javax/servlet/ServletContext done
Event: 54.053 loading class javax/servlet/ServletContext
Event: 54.053 loading class javax/servlet/ServletContext done
Event: 54.053 Thread 0x000000002100c000 Uncommon trap: trap_request=0xffffff65 fr.pc=0x0000000004326910
Event: 54.053 Thread 0x000000002100c000 DEOPT PACKING pc=0x0000000004326910 sp=0x0000000028b0eec0
Event: 54.053 Thread 0x000000002100c000 DEOPT UNPACKING pc=0x00000000027d582a sp=0x0000000028b0ede8 mode 2
Event: 54.054 Thread 0x000000002100c000 Thread exited: 0x000000002100c000
Event: 54.054 Thread 0x0000000021011000 Thread exited: 0x0000000021011000
Event: 54.054 Executing VM operation: Exit


Dynamic libraries:
0x000000013f8a0000 - 0x000000013f8d7000 	C:\Program Files\Java\jre1.8.0_101\bin\javaw.exe
0x0000000077a50000 - 0x0000000077bf9000 	C:\Windows\SYSTEM32\ntdll.dll
0x0000000077830000 - 0x000000007794f000 	C:\Windows\system32\kernel32.dll
0x000007fefdae0000 - 0x000007fefdb4c000 	C:\Windows\system32\KERNELBASE.dll
0x000007fefe960000 - 0x000007fefea3b000 	C:\Windows\system32\ADVAPI32.dll
0x000007fefe300000 - 0x000007fefe39f000 	C:\Windows\system32\msvcrt.dll
0x000007fefe480000 - 0x000007fefe49f000 	C:\Windows\SYSTEM32\sechost.dll
0x000007fefe100000 - 0x000007fefe22d000 	C:\Windows\system32\RPCRT4.dll
0x0000000077950000 - 0x0000000077a4a000 	C:\Windows\system32\USER32.dll
0x000007fefe290000 - 0x000007fefe2f7000 	C:\Windows\system32\GDI32.dll
0x000007fefec70000 - 0x000007fefec7e000 	C:\Windows\system32\LPK.dll
0x000007fefec80000 - 0x000007fefed49000 	C:\Windows\system32\USP10.dll
0x000007fefc3a0000 - 0x000007fefc594000 	C:\Windows\WinSxS\amd64_microsoft.windows.common-controls_6595b64144ccf1df_6.0.7601.17514_none_fa396087175ac9ac\COMCTL32.dll
0x000007fefea60000 - 0x000007fefead1000 	C:\Windows\system32\SHLWAPI.dll
0x000007feffd30000 - 0x000007feffd5e000 	C:\Windows\system32\IMM32.DLL
0x000007fefe7d0000 - 0x000007fefe8d9000 	C:\Windows\system32\MSCTF.dll
0x0000000078d60000 - 0x0000000078e32000 	C:\Program Files\Java\jre1.8.0_101\bin\msvcr100.dll
0x000000006f3d0000 - 0x000000006fc6a000 	C:\Program Files\Java\jre1.8.0_101\bin\server\jvm.dll
0x000007feead80000 - 0x000007feead89000 	C:\Windows\system32\WSOCK32.dll
0x000007fefe240000 - 0x000007fefe28d000 	C:\Windows\system32\WS2_32.dll
0x000007fefe230000 - 0x000007fefe238000 	C:\Windows\system32\NSI.dll
0x000007fef9fb0000 - 0x000007fef9feb000 	C:\Windows\system32\WINMM.dll
0x000007fefc8b0000 - 0x000007fefc8bc000 	C:\Windows\system32\VERSION.dll
0x0000000077c20000 - 0x0000000077c27000 	C:\Windows\system32\PSAPI.DLL
0x000000005bb90000 - 0x000000005bb9f000 	C:\Program Files\Java\jre1.8.0_101\bin\verify.dll
0x0000000077e60000 - 0x0000000077e89000 	C:\Program Files\Java\jre1.8.0_101\bin\java.dll
0x0000000059ec0000 - 0x0000000059ed6000 	C:\Program Files\Java\jre1.8.0_101\bin\zip.dll
0x000007fefefa0000 - 0x000007feffd28000 	C:\Windows\system32\SHELL32.dll
0x000007fefde50000 - 0x000007fefe053000 	C:\Windows\system32\ole32.dll
0x000007fefd810000 - 0x000007fefd81f000 	C:\Windows\system32\profapi.dll
0x00000000595b0000 - 0x00000000595bd000 	C:\Program Files\Java\jre1.8.0_101\bin\management.dll
0x000000005b3b0000 - 0x000000005b3ca000 	C:\Program Files\Java\jre1.8.0_101\bin\net.dll
0x000007fefcfb0000 - 0x000007fefd005000 	C:\Windows\system32\mswsock.dll
0x000007fefcfa0000 - 0x000007fefcfa7000 	C:\Windows\System32\wship6.dll
0x0000000057c90000 - 0x0000000057ca1000 	C:\Program Files\Java\jre1.8.0_101\bin\nio.dll
0x000007fefb310000 - 0x000007fefb325000 	C:\Windows\system32\NLAapi.dll
0x000007fee49c0000 - 0x000007fee49d5000 	C:\Windows\system32\napinsp.dll
0x000007fee4950000 - 0x000007fee4969000 	C:\Windows\system32\pnrpnsp.dll
0x000007fee4a60000 - 0x000007fee4a6b000 	C:\Windows\System32\winrnr.dll
0x000007fee5070000 - 0x000007fee5082000 	C:\Windows\system32\PrxerNsp.dll
0x000007fefce30000 - 0x000007fefce8b000 	C:\Windows\system32\DNSAPI.dll
0x000007fefc9d0000 - 0x000007fefc9d7000 	C:\Windows\System32\wshtcpip.dll
0x000007fefb1b0000 - 0x000007fefb1d7000 	C:\Windows\system32\IPHLPAPI.DLL
0x000007fefb1a0000 - 0x000007fefb1ab000 	C:\Windows\system32\WINNSI.DLL
0x000007fee5060000 - 0x000007fee5068000 	C:\Windows\system32\rasadhlp.dll
0x000007fefb000000 - 0x000007fefb053000 	C:\Windows\System32\fwpuclnt.dll
0x0000000077f00000 - 0x0000000077f24000 	C:\Program Files\Java\jre1.8.0_101\bin\sunec.dll
0x000007fefd010000 - 0x000007fefd028000 	C:\Windows\system32\CRYPTSP.dll
0x000007fefcd10000 - 0x000007fefcd57000 	C:\Windows\system32\rsaenh.dll
0x000007fefdba0000 - 0x000007fefdbbe000 	C:\Windows\system32\USERENV.dll
0x000007fefd670000 - 0x000007fefd67f000 	C:\Windows\system32\CRYPTBASE.dll
0x000007fefaf90000 - 0x000007fefafa1000 	C:\Windows\system32\dhcpcsvc6.DLL
0x000007fefaf70000 - 0x000007fefaf88000 	C:\Windows\system32\dhcpcsvc.DLL
0x000000005c4c0000 - 0x000000005c4cb000 	C:\Program Files\Java\jre1.8.0_101\bin\sunmscapi.dll
0x000007fefd970000 - 0x000007fefdadd000 	C:\Windows\system32\CRYPT32.dll
0x000007fefd820000 - 0x000007fefd82f000 	C:\Windows\system32\MSASN1.dll
0x0000000180000000 - 0x0000000180051000 	C:\Users\Sam Humby\.gradle\caches\minecraft\net\minecraft\natives\1.8\lwjgl64.dll
0x000007fee65f0000 - 0x000007fee670d000 	C:\Windows\system32\OPENGL32.dll
0x000007feeb2a0000 - 0x000007feeb2cd000 	C:\Windows\system32\GLU32.dll
0x000007fee0da0000 - 0x000007fee0e91000 	C:\Windows\system32\DDRAW.dll
0x000007fee5030000 - 0x000007fee5038000 	C:\Windows\system32\DCIMAN32.dll
0x000007fefdbd0000 - 0x000007fefdda7000 	C:\Windows\system32\SETUPAPI.dll
0x000007fefd830000 - 0x000007fefd866000 	C:\Windows\system32\CFGMGR32.dll
0x000007fefe3a0000 - 0x000007fefe477000 	C:\Windows\system32\OLEAUT32.dll
0x000007fefdb80000 - 0x000007fefdb9a000 	C:\Windows\system32\DEVOBJ.dll
0x000007fefc890000 - 0x000007fefc8a8000 	C:\Windows\system32\dwmapi.dll
0x000000006c170000 - 0x000000006c308000 	C:\Program Files\Java\jre1.8.0_101\bin\awt.dll
0x000007fefc1c0000 - 0x000007fefc216000 	C:\Windows\system32\uxtheme.dll
0x000007fee17d0000 - 0x000007fee17f8000 	C:\Program Files (x86)\Raptr\ltc_help64-106568.dll
0x000007fefd880000 - 0x000007fefd8bb000 	C:\Windows\system32\WINTRUST.dll
0x000007feee8f0000 - 0x000007feee90f000 	C:\Windows\system32\atig6pxx.dll
0x0000000068830000 - 0x000000006a803000 	C:\Windows\system32\atio6axx.dll
0x000007feeda30000 - 0x000007feedb80000 	C:\Windows\system32\atiadlxx.dll
0x000007fefc220000 - 0x000007fefc34c000 	C:\Windows\system32\PROPSYS.dll
0x000007fefc8f0000 - 0x000007fefc901000 	C:\Windows\system32\WTSAPI32.dll
0x000007feeb220000 - 0x000007feeb253000 	C:\Windows\system32\atig6txx.dll
0x000007fefbb50000 - 0x000007fefbbec000 	C:\Windows\system32\mscms.dll
0x000007fee4180000 - 0x000007fee41c2000 	C:\Windows\system32\icm32.dll
0x0000000070a40000 - 0x0000000070adc000 	C:\Users\Sam Humby\.gradle\caches\minecraft\net\minecraft\natives\1.8\avutil-ttv-51.dll
0x0000000065980000 - 0x00000000659d6000 	C:\Users\Sam Humby\.gradle\caches\minecraft\net\minecraft\natives\1.8\swresample-ttv-0.dll
0x000000006eb80000 - 0x000000006ec50000 	C:\Users\Sam Humby\.gradle\caches\minecraft\net\minecraft\natives\1.8\libmp3lame-ttv.dll
0x000007feddf30000 - 0x000007fedf2d4000 	C:\Users\Sam Humby\.gradle\caches\minecraft\net\minecraft\natives\1.8\libmfxsw64.dll
0x000007fee5880000 - 0x000007fee59ed000 	C:\Users\Sam Humby\.gradle\caches\minecraft\net\minecraft\natives\1.8\twitchsdk.dll
0x000007fefed50000 - 0x000007fefef98000 	C:\Windows\system32\WININET.dll
0x000007fefdb50000 - 0x000007fefdb54000 	C:\Windows\system32\api-ms-win-downlevel-user32-l1-1-0.dll
0x000007fefdb60000 - 0x000007fefdb64000 	C:\Windows\system32\api-ms-win-downlevel-shlwapi-l1-1-0.dll
0x000007fefd870000 - 0x000007fefd874000 	C:\Windows\system32\api-ms-win-downlevel-version-l1-1-0.dll
0x000007fefdbc0000 - 0x000007fefdbc3000 	C:\Windows\system32\api-ms-win-downlevel-normaliz-l1-1-0.dll
0x0000000077c10000 - 0x0000000077c13000 	C:\Windows\system32\normaliz.DLL
0x000007fefe4a0000 - 0x000007fefe767000 	C:\Windows\system32\iertutil.dll
0x000007fefdb70000 - 0x000007fefdb75000 	C:\Windows\system32\api-ms-win-downlevel-advapi32-l1-1-0.dll
0x0000000012bb0000 - 0x0000000012c14000 	C:\Users\Sam Humby\.gradle\caches\minecraft\net\minecraft\natives\1.8\OpenAL64.dll
0x000007fefe060000 - 0x000007fefe0f9000 	C:\Windows\system32\CLBCatQ.DLL
0x000007fefbdb0000 - 0x000007fefbdfb000 	C:\Windows\System32\MMDevApi.dll
0x000007fef3320000 - 0x000007fef33a8000 	C:\Windows\system32\dsound.dll
0x000007fefc8c0000 - 0x000007fefc8ec000 	C:\Windows\system32\POWRPROF.dll
0x000007fef3000000 - 0x000007fef304f000 	C:\Windows\system32\AUDIOSES.DLL
0x000007fefea40000 - 0x000007fefea59000 	C:\Windows\system32\imagehlp.dll
0x000007fefd190000 - 0x000007fefd1e0000 	C:\Windows\system32\ncrypt.dll
0x000007fefd160000 - 0x000007fefd182000 	C:\Windows\system32\bcrypt.dll
0x000007fefcc50000 - 0x000007fefcc9c000 	C:\Windows\system32\bcryptprimitives.dll
0x000007fefcac0000 - 0x000007fefcadb000 	C:\Windows\system32\GPAPI.dll
0x000007fef9330000 - 0x000007fef9357000 	C:\Windows\system32\cryptnet.dll
0x000007fefe770000 - 0x000007fefe7c2000 	C:\Windows\system32\WLDAP32.dll
0x000007fefbbf0000 - 0x000007fefbbf9000 	C:\Windows\system32\SensApi.dll
0x000007fee4300000 - 0x000007fee4548000 	C:\PROGRA~2\Raptr\ltc_game64-106568.dll
0x000007feedb80000 - 0x000007feedca5000 	C:\Windows\system32\dbghelp.dll

VM Arguments:
jvm_args: -Dfile.encoding=Cp1252 
java_command: GradleStart --username=samalot@plagachef.com --password=jedapo
java_class_path (initial): C:\Users\Sam Humby\Desktop\Minecraft Mod\Git\Lazarus\bin;C:\Users\Sam Humby\.gradle\caches\minecraft\net\minecraftforge\forge\1.8-11.14.4.1563\snapshot\20141130\forgeSrc-1.8-11.14.4.1563.jar;C:\Users\Sam Humby\.gradle\caches\modules-2\files-2.1\net.minecraft\launchwrapper\1.12\111e7bea9c968cdb3d06ef4632bf7ff0824d0f36\launchwrapper-1.12.jar;C:\Users\Sam Humby\.gradle\caches\modules-2\files-2.1\org.ow2.asm\asm-debug-all\5.0.3\f9e364ae2a66ce2a543012a4668856e84e5dab74\asm-debug-all-5.0.3.jar;C:\Users\Sam Humby\.gradle\caches\modules-2\files-2.1\com.typesafe.akka\akka-actor_2.11\2.3.3\ed62e9fc709ca0f2ff1a3220daa8b70a2870078e\akka-actor_2.11-2.3.3.jar;C:\Users\Sam Humby\.gradle\caches\modules-2\files-2.1\com.typesafe\config\1.2.1\f771f71fdae3df231bcd54d5ca2d57f0bf93f467\config-1.2.1.jar;C:\Users\Sam Humby\.gradle\caches\modules-2\files-2.1\org.scala-lang\scala-actors-migration_2.11\1.1.0\dfa8bc42b181d5b9f1a5dd147f8ae308b893eb6f\scala-actors-migration_2.11-1.1.0.jar;C:\Users\Sam Humby\.gradle\caches\modules-2\files-2.1\org.scala-lang\scala-compiler\2.11.1\56ea2e6c025e0821f28d73ca271218b8dd04926a\scala-compiler-2.11.1.jar;C:\Users\Sam Humby\.gradle\caches\modules-2\files-2.1\org.scala-lang.plugins\scala-continuations-library_2.11\1.0.2\e517c53a7e9acd6b1668c5a35eccbaa3bab9aac\scala-continuations-library_2.11-1.0.2.jar;C:\Users\Sam Humby\.gradle\caches\modules-2\files-2.1\org.scala-lang.plugins\scala-continuations-plugin_2.11.1\1.0.2\f361a3283452c57fa30c1ee69448995de23c60f7\scala-continuations-plugin_2.11.1-1.0.2.jar;C:\Users\Sam Humby\.gradle\caches\modules-2\files-2.1\org.scala-lang\scala-library\2.11.1\e11da23da3eabab9f4777b9220e60d44c1aab6a\scala-library-2.11.1.jar;C:\Users\Sam Humby\.gradle\caches\modules-2\files-2.1\org.scala-lang.modules\scala-parser-combinators_2.11\1.0.1\f05d7345bf5a58924f2837c6c1f4d73a938e1ff0\scala-parser-combinators_2.11-1.0.1.jar;C:\Users\Sam Humby\.gradle\caches\modules-2\files-2.1\org.scala-lang\scala-reflect\2.11.1
Launcher Type: SUN_STANDARD

Environment Variables:
JAVA_HOME=C:\Program Files\Java\jdk1.8.0_77
CLASSPATH=.;C:\Program Files\Java\jre1.8.0_77\lib\ext\QTJava.zip
PATH=C:/Program Files/Java/jre1.8.0_101/bin/server;C:/Program Files/Java/jre1.8.0_101/bin;C:/Program Files/Java/jre1.8.0_101/lib/amd64;C:\Program Files (x86)\NVIDIA Corporation\PhysX\Common;C:\ProgramData\Oracle\Java\javapath;C:\Program Files (x86)\AMD APP\bin\x86_64;C:\Program Files (x86)\AMD APP\bin\x86;C:\Program Files (x86)\Intel\iCLS Client\;C:\Program Files\Intel\iCLS Client\;C:\Windows\system32;C:\Windows;C:\Windows\System32\Wbem;C:\Windows\System32\WindowsPowerShell\v1.0\;C:\Program Files\Intel\Intel(R) Management Engine Components\DAL;C:\Program Files\Intel\Intel(R) Management Engine Components\IPT;C:\Program Files (x86)\Intel\Intel(R) Management Engine Components\DAL;C:\Program Files (x86)\Intel\Intel(R) Management Engine Components\IPT;C:\Program Files (x86)\ATI Technologies\ATI.ACE\Core-Static;C:\Program Files\Java\jdk1.7.0_21\bin;C:\Program Files (x86)\QuickTime\QTSystem\;C:\Program Files (x86)\Autodesk\Backburner\;C:\Program Files (x86)\Bitvise SSH Client;C:\Program Files\digieffects\bin;C:\Program Files\nodejs\;C:\Program Files (x86)\Git\cmd;C:\php;C:\Program Files (x86)\AMD\ATI.ACE\Core-Static;C:\Program Files\OpenVPN\bin;C:\MinGW\bin;C:\Users\Sam Humby\.dnx\bin;C:\Program Files\Microsoft DNX\Dnvm\;C:\Program Files (x86)\Skype\Phone\;C:\Program Files\MiKTeX 2.9\miktex\bin\x64\;C:\Python27\Scripts;C:\Program Files\Java\jdk1.8.0_77\bin;C:\Users\Sam Humby\AppData\Roaming\npm;C:\Program Files (x86)\apache-maven-3.3.3\Bin;C:\Python27\Scripts;C:\Windows\system32;
USERNAME=Sam Humby
OS=Windows_NT
PROCESSOR_IDENTIFIER=Intel64 Family 6 Model 58 Stepping 9, GenuineIntel



---------------  S Y S T E M  ---------------

OS: Windows 7 , 64 bit Build 7601 (6.1.7601.18409)

CPU:total 4 (4 cores per cpu, 1 threads per core) family 6 model 58 stepping 9, cmov, cx8, fxsr, mmx, sse, sse2, sse3, ssse3, sse4.1, sse4.2, popcnt, avx, aes, clmul, erms, tsc, tscinvbit, tscinv

Memory: 4k page, physical 16777216k(10443376k free), swap 18872512k(11577032k free)

vm_info: Java HotSpot(TM) 64-Bit Server VM (25.101-b13) for windows-amd64 JRE (1.8.0_101-b13), built on Jun 22 2016 01:21:29 by "java_re" with MS VC++ 10.0 (VS2010)

time: Sat Aug 20 00:43:38 2016
elapsed time: 54 seconds (0d 0h 0m 54s)

