#
# A fatal error has been detected by the Java Runtime Environment:
#
#  EXCEPTION_ACCESS_VIOLATION (0xc0000005) at pc=0x000007fee751d6c4, pid=9204, tid=5884
#
# JRE version: Java(TM) SE Runtime Environment (8.0_77-b03) (build 1.8.0_77-b03)
# Java VM: Java HotSpot(TM) 64-Bit Server VM (25.77-b03 mixed mode windows-amd64 compressed oops)
# Problematic frame:
# C  [OPENGL32.dll+0xdd6c4]
#
# Failed to write core dump. Minidumps are not enabled by default on client versions of Windows
#
# If you would like to submit a bug report, please visit:
#   http://bugreport.java.com/bugreport/crash.jsp
#

---------------  T H R E A D  ---------------

Current thread (0x000000001c01e800):  VMThread [stack: 0x000000001cf70000,0x000000001d070000] [id=5884]

siginfo: ExceptionCode=0xc0000005, reading address 0x0000000000000a38

Registers:
RAX=0x0000000000000000, RBX=0x0000000035f5b360, RCX=0x0000000000000001, RDX=0x0000000035f5b368
RSP=0x000000001d06f738, RBP=0x0000000000000000, RSI=0x0000000035f5f2b0, RDI=0x0000000035f5f2b0
R8 =0x000000001d06f7b8, R9 =0x000000001bf057d0, R10=0x000000002a4dfe40, R11=0x000000001d06f502
R12=0x0000000000000000, R13=0x0000000035f57100, R14=0x0000000035f56fb0, R15=0x0000000000000000
RIP=0x000007fee751d6c4, EFLAGS=0x0000000000010287

Top of Stack: (sp=0x000000001d06f738)
0x000000001d06f738:   000007fee69d244b 0000000000000001
0x000000001d06f748:   0000000035f5b368 000000001d06f7b8
0x000000001d06f758:   000000001bf057d0 0000000000000000
0x000000001d06f768:   000007fee69d7f17 0000000035f57100
0x000000001d06f778:   0000000000000001 0000000035f570e0
0x000000001d06f788:   0000000035f56fb0 fffffffffffffffe
0x000000001d06f798:   00000000776a1a4a 0000000000000000
0x000000001d06f7a8:   000007fee69d87c9 0000000035f5f2b0
0x000000001d06f7b8:   0000000035f60120 000007fee6ac1940
0x000000001d06f7c8:   000007fee6a55700 fffffffffffffffe
0x000000001d06f7d8:   000000003605cbf0 0000000000000001
0x000000001d06f7e8:   0000000035f570d8 0000000035f56fb0
0x000000001d06f7f8:   000007fee6a5d7ad 000007fee6b965b0
0x000000001d06f808:   000007fee6ac1930 000000001bf057d0
0x000000001d06f818:   000000001c01efa0 0000000035f570d8
0x000000001d06f828:   0000000035f56fb0 0000000035f56fb0 

Instructions: (pc=0x000007fee751d6c4)
0x000007fee751d6a4:   cc cc cc cc cc cc 66 0f 1f 44 00 00 8b 05 16 0c
0x000007fee751d6b4:   01 00 83 f8 40 73 0f 65 48 8b 04 c5 80 14 00 00
0x000007fee751d6c4:   ff a0 38 0a 00 00 b8 47 01 00 00 e9 ec d4 ff ff
0x000007fee751d6d4:   cc cc cc cc cc cc 66 0f 1f 44 00 00 8b 05 e6 0b 


Register to memory mapping:

RAX=0x0000000000000000 is an unknown value
RBX=0x0000000035f5b360 is an unknown value
RCX=0x0000000000000001 is an unknown value
RDX=0x0000000035f5b368 is an unknown value
RSP=0x000000001d06f738 is an unknown value
RBP=0x0000000000000000 is an unknown value
RSI=0x0000000035f5f2b0 is an unknown value
RDI=0x0000000035f5f2b0 is an unknown value
R8 =0x000000001d06f7b8 is an unknown value
R9 =0x000000001bf057d0 is an unknown value
R10=0x000000002a4dfe40 is an unknown value
R11=0x000000001d06f502 is an unknown value
R12=0x0000000000000000 is an unknown value
R13=0x0000000035f57100 is an unknown value
R14=0x0000000035f56fb0 is an unknown value
R15=0x0000000000000000 is an unknown value


Stack: [0x000000001cf70000,0x000000001d070000],  sp=0x000000001d06f738,  free space=1021k
Native frames: (J=compiled Java code, j=interpreted, Vv=VM code, C=native code)

VM_Operation (0x000000000255e130): Exit, mode: safepoint, requested by thread 0x00000000020ab000


---------------  P R O C E S S  ---------------

Java Threads: ( => current thread )
  0x000000001e541800 JavaThread "AWT-Shutdown" [_thread_blocked, id=10244, stack(0x00000000343e0000,0x00000000344e0000)]
  0x000000001e53c000 JavaThread "Netty Client IO #1" daemon [_thread_in_native, id=900, stack(0x000000003c9d0000,0x000000003cad0000)]
  0x000000001e53e000 JavaThread "Netty Client IO #0" daemon [_thread_in_native, id=4560, stack(0x0000000029a40000,0x0000000029b40000)]
  0x000000001e536800 JavaThread "Thread-14" daemon [_thread_in_native, id=7568, stack(0x000000003dec0000,0x000000003dfc0000)]
  0x000000001e53d800 JavaThread "Server Pinger #0" daemon [_thread_blocked, id=5256, stack(0x0000000036ec0000,0x0000000036fc0000)]
  0x000000001e53a800 JavaThread "Chunk Batcher 1" daemon [_thread_blocked, id=8796, stack(0x0000000037810000,0x0000000037910000)]
  0x000000001e539800 JavaThread "Chunk Batcher 0" daemon [_thread_blocked, id=8676, stack(0x00000000375e0000,0x00000000376e0000)]
  0x000000002074d800 JavaThread "LWJGL Timer" daemon [_thread_blocked, id=7364, stack(0x0000000029380000,0x0000000029480000)]
  0x00000000234c8000 JavaThread "Java2D Disposer" daemon [_thread_blocked, id=9632, stack(0x000000001f090000,0x000000001f190000)]
  0x00000000234c7800 JavaThread "Timer hack thread" daemon [_thread_blocked, id=4800, stack(0x0000000026520000,0x0000000026620000)]
  0x00000000245d1000 JavaThread "Snooper Timer" daemon [_thread_blocked, id=8504, stack(0x0000000025360000,0x0000000025460000)]
  0x0000000021452800 JavaThread "Snooper Timer" daemon [_thread_blocked, id=6888, stack(0x0000000022c90000,0x0000000022d90000)]
  0x000000001d450000 JavaThread "Service Thread" daemon [_thread_blocked, id=7972, stack(0x000000001e0b0000,0x000000001e1b0000)]
  0x000000001c088000 JavaThread "C1 CompilerThread2" daemon [_thread_blocked, id=8348, stack(0x000000001db40000,0x000000001dc40000)]
  0x000000001c087000 JavaThread "C2 CompilerThread1" daemon [_thread_blocked, id=6148, stack(0x000000001de30000,0x000000001df30000)]
  0x000000001d3fa800 JavaThread "C2 CompilerThread0" daemon [_thread_blocked, id=8584, stack(0x000000001dc50000,0x000000001dd50000)]
  0x000000001d3f9000 JavaThread "Attach Listener" daemon [_thread_blocked, id=8852, stack(0x000000001da00000,0x000000001db00000)]
  0x000000001d3f6800 JavaThread "Signal Dispatcher" daemon [_thread_blocked, id=7328, stack(0x000000001d8d0000,0x000000001d9d0000)]
  0x000000001c06d800 JavaThread "Finalizer" daemon [_thread_blocked, id=9996, stack(0x000000001d230000,0x000000001d330000)]
  0x000000001c026800 JavaThread "Reference Handler" daemon [_thread_blocked, id=8996, stack(0x000000001d0d0000,0x000000001d1d0000)]
  0x00000000020ab000 JavaThread "Client thread" [_thread_blocked, id=10004, stack(0x0000000002460000,0x0000000002560000)]

Other Threads:
=>0x000000001c01e800 VMThread [stack: 0x000000001cf70000,0x000000001d070000] [id=5884]

VM state:at safepoint (shutting down)

VM Mutex/Monitor currently owned by a thread:  ([mutex/lock_event])
[0x00000000020a9700] Threads_lock - owner thread: 0x000000001c01e800

Heap:
 PSYoungGen      total 168448K, used 6811K [0x000000076ab00000, 0x0000000792100000, 0x00000007c0000000)
  eden space 158208K, 4% used [0x000000076ab00000,0x000000076b1a6c70,0x0000000774580000)
  from space 10240K, 0% used [0x0000000791700000,0x0000000791700000,0x0000000792100000)
  to   space 14336K, 0% used [0x0000000790500000,0x0000000790500000,0x0000000791300000)
 ParOldGen       total 325632K, used 182937K [0x00000006c0000000, 0x00000006d3e00000, 0x000000076ab00000)
  object space 325632K, 56% used [0x00000006c0000000,0x00000006cb2a6528,0x00000006d3e00000)
 Metaspace       used 43810K, capacity 44271K, committed 44800K, reserved 1089536K
  class space    used 5220K, capacity 5327K, committed 5376K, reserved 1048576K

Card table byte_map: [0x0000000011bf0000,0x0000000012400000] byte_map_base: 0x000000000e5f0000

Marking Bits: (ParMarkBitMap*) 0x00000000705f0600
 Begin Bits: [0x0000000012e90000, 0x0000000016e90000)
 End Bits:   [0x0000000016e90000, 0x000000001ae90000)

Polling page: 0x00000000001c0000

CodeCache: size=245760Kb used=29350Kb max_used=30515Kb free=216409Kb
 bounds [0x0000000002830000, 0x00000000046b0000, 0x0000000011830000]
 total_blobs=8882 nmethods=8032 adapters=759
 compilation: enabled

Compilation events (10 events):
Event: 637.207 Thread 0x000000001c088000 nmethod 12296 0x00000000040dff50 code [0x00000000040e00a0, 0x00000000040e01d0]
Event: 637.208 Thread 0x000000001c087000 nmethod 12295 0x0000000003a56610 code [0x0000000003a56760, 0x0000000003a56988]
Event: 637.209 Thread 0x000000001d3fa800 12297       4       net.minecraftforge.fml.common.registry.FMLControlledNamespacedRegistry::getRaw (46 bytes)
Event: 637.533 Thread 0x000000001d3fa800 nmethod 12297 0x0000000004378910 code [0x0000000004378ae0, 0x00000000043796b8]
Event: 638.302 Thread 0x000000001c088000 12298       3       net.minecraft.client.renderer.GlStateManager::viewport (76 bytes)
Event: 638.303 Thread 0x000000001c088000 nmethod 12298 0x0000000003d2f390 code [0x0000000003d2f580, 0x0000000003d2fe58]
Event: 639.038 Thread 0x000000001c088000 12299       3       org.apache.logging.log4j.core.helpers.NameUtil::getSubName (32 bytes)
Event: 639.038 Thread 0x000000001c088000 nmethod 12299 0x00000000039f5210 code [0x00000000039f53a0, 0x00000000039f5938]
Event: 639.039 Thread 0x000000001c088000 12300       1       org.apache.logging.log4j.core.config.LoggerConfig::getLevel (5 bytes)
Event: 639.039 Thread 0x000000001c088000 nmethod 12300 0x000000000396e510 code [0x000000000396e660, 0x000000000396e770]

GC Heap History (10 events):
Event: 636.342 GC heap before
{Heap before GC invocations=108 (full 5):
 PSYoungGen      total 151552K, used 151286K [0x000000076ab00000, 0x0000000793280000, 0x00000007c0000000)
  eden space 141312K, 100% used [0x000000076ab00000,0x0000000773500000,0x0000000773500000)
  from space 10240K, 97% used [0x0000000792880000,0x000000079323daf0,0x0000000793280000)
  to   space 14336K, 0% used [0x0000000791680000,0x0000000791680000,0x0000000792480000)
 ParOldGen       total 325632K, used 206388K [0x00000006c0000000, 0x00000006d3e00000, 0x000000076ab00000)
  object space 325632K, 63% used [0x00000006c0000000,0x00000006cc98d2a0,0x00000006d3e00000)
 Metaspace       used 43798K, capacity 44207K, committed 44800K, reserved 1089536K
  class space    used 5217K, capacity 5327K, committed 5376K, reserved 1048576K
Event: 636.347 GC heap after
Heap after GC invocations=108 (full 5):
 PSYoungGen      total 147968K, used 9849K [0x000000076ab00000, 0x0000000792900000, 0x00000007c0000000)
  eden space 137728K, 0% used [0x000000076ab00000,0x000000076ab00000,0x0000000773180000)
  from space 10240K, 96% used [0x0000000791680000,0x000000079201e590,0x0000000792080000)
  to   space 8704K, 0% used [0x0000000792080000,0x0000000792080000,0x0000000792900000)
 ParOldGen       total 325632K, used 208131K [0x00000006c0000000, 0x00000006d3e00000, 0x000000076ab00000)
  object space 325632K, 63% used [0x00000006c0000000,0x00000006ccb40db0,0x00000006d3e00000)
 Metaspace       used 43798K, capacity 44207K, committed 44800K, reserved 1089536K
  class space    used 5217K, capacity 5327K, committed 5376K, reserved 1048576K
}
Event: 636.559 GC heap before
{Heap before GC invocations=109 (full 5):
 PSYoungGen      total 147968K, used 147577K [0x000000076ab00000, 0x0000000792900000, 0x00000007c0000000)
  eden space 137728K, 100% used [0x000000076ab00000,0x0000000773180000,0x0000000773180000)
  from space 10240K, 96% used [0x0000000791680000,0x000000079201e590,0x0000000792080000)
  to   space 8704K, 0% used [0x0000000792080000,0x0000000792080000,0x0000000792900000)
 ParOldGen       total 325632K, used 208131K [0x00000006c0000000, 0x00000006d3e00000, 0x000000076ab00000)
  object space 325632K, 63% used [0x00000006c0000000,0x00000006ccb40db0,0x00000006d3e00000)
 Metaspace       used 43798K, capacity 44207K, committed 44800K, reserved 1089536K
  class space    used 5217K, capacity 5327K, committed 5376K, reserved 1048576K
Event: 636.563 GC heap after
Heap after GC invocations=109 (full 5):
 PSYoungGen      total 155648K, used 8698K [0x000000076ab00000, 0x0000000792900000, 0x00000007c0000000)
  eden space 146944K, 0% used [0x000000076ab00000,0x000000076ab00000,0x0000000773a80000)
  from space 8704K, 99% used [0x0000000792080000,0x00000007928feb00,0x0000000792900000)
  to   space 14336K, 0% used [0x0000000790d00000,0x0000000790d00000,0x0000000791b00000)
 ParOldGen       total 325632K, used 209985K [0x00000006c0000000, 0x00000006d3e00000, 0x000000076ab00000)
  object space 325632K, 64% used [0x00000006c0000000,0x00000006ccd10750,0x00000006d3e00000)
 Metaspace       used 43798K, capacity 44207K, committed 44800K, reserved 1089536K
  class space    used 5217K, capacity 5327K, committed 5376K, reserved 1048576K
}
Event: 636.864 GC heap before
{Heap before GC invocations=110 (full 5):
 PSYoungGen      total 155648K, used 155642K [0x000000076ab00000, 0x0000000792900000, 0x00000007c0000000)
  eden space 146944K, 100% used [0x000000076ab00000,0x0000000773a80000,0x0000000773a80000)
  from space 8704K, 99% used [0x0000000792080000,0x00000007928feb00,0x0000000792900000)
  to   space 14336K, 0% used [0x0000000790d00000,0x0000000790d00000,0x0000000791b00000)
 ParOldGen       total 325632K, used 209985K [0x00000006c0000000, 0x00000006d3e00000, 0x000000076ab00000)
  object space 325632K, 64% used [0x00000006c0000000,0x00000006ccd10750,0x00000006d3e00000)
 Metaspace       used 43798K, capacity 44207K, committed 44800K, reserved 1089536K
  class space    used 5217K, capacity 5327K, committed 5376K, reserved 1048576K
Event: 636.869 GC heap after
Heap after GC invocations=110 (full 5):
 PSYoungGen      total 168448K, used 9871K [0x000000076ab00000, 0x0000000792100000, 0x00000007c0000000)
  eden space 158208K, 0% used [0x000000076ab00000,0x000000076ab00000,0x0000000774580000)
  from space 10240K, 96% used [0x0000000790d00000,0x00000007916a3c40,0x0000000791700000)
  to   space 10240K, 0% used [0x0000000791700000,0x0000000791700000,0x0000000792100000)
 ParOldGen       total 325632K, used 210065K [0x00000006c0000000, 0x00000006d3e00000, 0x000000076ab00000)
  object space 325632K, 64% used [0x00000006c0000000,0x00000006ccd24750,0x00000006d3e00000)
 Metaspace       used 43798K, capacity 44207K, committed 44800K, reserved 1089536K
  class space    used 5217K, capacity 5327K, committed 5376K, reserved 1048576K
}
Event: 637.210 GC heap before
{Heap before GC invocations=111 (full 5):
 PSYoungGen      total 168448K, used 71835K [0x000000076ab00000, 0x0000000792100000, 0x00000007c0000000)
  eden space 158208K, 39% used [0x000000076ab00000,0x000000076e7831f0,0x0000000774580000)
  from space 10240K, 96% used [0x0000000790d00000,0x00000007916a3c40,0x0000000791700000)
  to   space 10240K, 0% used [0x0000000791700000,0x0000000791700000,0x0000000792100000)
 ParOldGen       total 325632K, used 210065K [0x00000006c0000000, 0x00000006d3e00000, 0x000000076ab00000)
  object space 325632K, 64% used [0x00000006c0000000,0x00000006ccd24750,0x00000006d3e00000)
 Metaspace       used 43801K, capacity 44271K, committed 44800K, reserved 1089536K
  class space    used 5218K, capacity 5327K, committed 5376K, reserved 1048576K
Event: 637.213 GC heap after
Heap after GC invocations=111 (full 5):
 PSYoungGen      total 168448K, used 10191K [0x000000076ab00000, 0x0000000792100000, 0x00000007c0000000)
  eden space 158208K, 0% used [0x000000076ab00000,0x000000076ab00000,0x0000000774580000)
  from space 10240K, 99% used [0x0000000791700000,0x00000007920f3d30,0x0000000792100000)
  to   space 14336K, 0% used [0x0000000790500000,0x0000000790500000,0x0000000791300000)
 ParOldGen       total 325632K, used 210065K [0x00000006c0000000, 0x00000006d3e00000, 0x000000076ab00000)
  object space 325632K, 64% used [0x00000006c0000000,0x00000006ccd24750,0x00000006d3e00000)
 Metaspace       used 43801K, capacity 44271K, committed 44800K, reserved 1089536K
  class space    used 5218K, capacity 5327K, committed 5376K, reserved 1048576K
}
Event: 637.213 GC heap before
{Heap before GC invocations=112 (full 6):
 PSYoungGen      total 168448K, used 10191K [0x000000076ab00000, 0x0000000792100000, 0x00000007c0000000)
  eden space 158208K, 0% used [0x000000076ab00000,0x000000076ab00000,0x0000000774580000)
  from space 10240K, 99% used [0x0000000791700000,0x00000007920f3d30,0x0000000792100000)
  to   space 14336K, 0% used [0x0000000790500000,0x0000000790500000,0x0000000791300000)
 ParOldGen       total 325632K, used 210065K [0x00000006c0000000, 0x00000006d3e00000, 0x000000076ab00000)
  object space 325632K, 64% used [0x00000006c0000000,0x00000006ccd24750,0x00000006d3e00000)
 Metaspace       used 43801K, capacity 44271K, committed 44800K, reserved 1089536K
  class space    used 5218K, capacity 5327K, committed 5376K, reserved 1048576K
Event: 637.521 GC heap after
Heap after GC invocations=112 (full 6):
 PSYoungGen      total 168448K, used 0K [0x000000076ab00000, 0x0000000792100000, 0x00000007c0000000)
  eden space 158208K, 0% used [0x000000076ab00000,0x000000076ab00000,0x0000000774580000)
  from space 10240K, 0% used [0x0000000791700000,0x0000000791700000,0x0000000792100000)
  to   space 14336K, 0% used [0x0000000790500000,0x0000000790500000,0x0000000791300000)
 ParOldGen       total 325632K, used 182937K [0x00000006c0000000, 0x00000006d3e00000, 0x000000076ab00000)
  object space 325632K, 56% used [0x00000006c0000000,0x00000006cb2a6528,0x00000006d3e00000)
 Metaspace       used 43801K, capacity 44271K, committed 44800K, reserved 1089536K
  class space    used 5218K, capacity 5327K, committed 5376K, reserved 1048576K
}

Deoptimization events (10 events):
Event: 637.208 Thread 0x00000000020ab000 Uncommon trap: reason=unstable_if action=reinterpret pc=0x000000000385f100 method=java.util.Formatter$FormatSpecifier.localizedMagnitude(Ljava/lang/StringBuilder;[CLjava/util/Formatter$Flags;ILjava/util/Locale;)Ljava/lang/StringBuilder; @ 59
Event: 637.209 Thread 0x00000000020ab000 Uncommon trap: reason=unstable_if action=reinterpret pc=0x00000000043a577c method=java.io.BufferedOutputStream.write([BII)V @ 6
Event: 637.210 Thread 0x00000000020ab000 Uncommon trap: reason=unstable_if action=reinterpret pc=0x0000000002fa63bc method=java.io.BufferedOutputStream.write([BII)V @ 6
Event: 637.523 Thread 0x00000000020ab000 Uncommon trap: reason=unstable_if action=reinterpret pc=0x0000000003af1f3c method=net.minecraft.client.Minecraft.getAmbientMusicType()Lnet/minecraft/client/audio/MusicTicker$MusicType; @ 20
Event: 637.523 Thread 0x00000000020ab000 Uncommon trap: reason=unstable_if action=reinterpret pc=0x00000000046261b8 method=net.minecraft.client.renderer.GlStateManager.viewport(IIII)V @ 37
Event: 637.533 Thread 0x00000000020ab000 Uncommon trap: reason=unstable_if action=reinterpret pc=0x00000000045f1534 method=net.minecraft.client.gui.GuiIngame.updateTick()V @ 77
Event: 637.534 Thread 0x00000000020ab000 Uncommon trap: reason=unstable_if action=reinterpret pc=0x0000000002968e10 method=net.minecraft.client.renderer.texture.TextureClock.updateAnimation()V @ 22
Event: 637.535 Thread 0x00000000020ab000 Uncommon trap: reason=unstable_if action=reinterpret pc=0x0000000002dbf240 method=net.minecraft.client.renderer.texture.TextureCompass.updateAnimation()V @ 8
Event: 638.819 Thread 0x00000000020ab000 Uncommon trap: reason=unstable_if action=reinterpret pc=0x00000000041e60a0 method=net.minecraft.client.Minecraft.getNetHandler()Lnet/minecraft/client/network/NetHandlerPlayClient; @ 4
Event: 639.036 Thread 0x00000000020ab000 Uncommon trap: reason=unstable_if action=reinterpret pc=0x0000000002ddf410 method=net.minecraftforge.fml.relauncher.FMLSecurityManager.checkPermission(Ljava/security/Permission;)V @ 23

Internal exceptions (10 events):
Event: 637.166 Thread 0x000000001e538000 Exception <a 'java/lang/InterruptedException': sleep interrupted> (0x000000076e4813c0) thrown at [D:\re\workspace\8-2-build-windows-amd64-cygwin\jdk8u77\6540\hotspot\src\share\vm\prims\jvm.cpp, line 3215]
Event: 637.184 Thread 0x000000001e538000 Exception <a 'java/lang/InterruptedException': sleep interrupted> (0x000000076e481618) thrown at [D:\re\workspace\8-2-build-windows-amd64-cygwin\jdk8u77\6540\hotspot\src\share\vm\prims\jvm.cpp, line 3215]
Event: 637.184 Thread 0x000000001e538000 Exception <a 'java/lang/InterruptedException': sleep interrupted> (0x000000076e6be8b0) thrown at [D:\re\workspace\8-2-build-windows-amd64-cygwin\jdk8u77\6540\hotspot\src\share\vm\prims\jvm.cpp, line 3167]
Event: 637.210 Thread 0x000000001e538000 Exception <a 'java/lang/InterruptedException': sleep interrupted> (0x000000076e6beb08) thrown at [D:\re\workspace\8-2-build-windows-amd64-cygwin\jdk8u77\6540\hotspot\src\share\vm\prims\jvm.cpp, line 3215]
Event: 637.523 Thread 0x00000000020ab000 Implicit null exception at 0x0000000003af1b9c to 0x0000000003af1f21
Event: 637.533 Thread 0x00000000020ab000 Implicit null exception at 0x00000000045f0d0f to 0x00000000045f1521
Event: 637.534 Thread 0x00000000020ab000 Implicit null exception at 0x0000000002968a0a to 0x0000000002968df9
Event: 638.819 Thread 0x00000000020ab000 Implicit null exception at 0x00000000041e6073 to 0x00000000041e608e
Event: 638.819 Thread 0x000000001e538000 Exception <a 'java/lang/InterruptedException': sleep interrupted> (0x000000076adfe140) thrown at [D:\re\workspace\8-2-build-windows-amd64-cygwin\jdk8u77\6540\hotspot\src\share\vm\prims\jvm.cpp, line 3215]
Event: 638.918 Thread 0x000000001e53b000 Exception <a 'java/lang/InterruptedException': sleep interrupted> (0x000000076adfe968) thrown at [D:\re\workspace\8-2-build-windows-amd64-cygwin\jdk8u77\6540\hotspot\src\share\vm\prims\jvm.cpp, line 3215]

Events (10 events):
Event: 639.039 Thread 0x000000001c088000 flushing nmethod 0x0000000003daf350
Event: 639.040 Executing VM operation: RevokeBias
Event: 639.040 Executing VM operation: RevokeBias done
Event: 639.040 Thread 0x000000001e53c800 Thread exited: 0x000000001e53c800
Event: 639.040 Thread 0x000000001c088000 flushing nmethod 0x0000000003f8f5d0
Event: 639.040 Thread 0x000000001c088000 flushing nmethod 0x0000000004012510
Event: 639.040 Thread 0x000000001c088000 flushing nmethod 0x000000000403c090
Event: 639.040 Thread 0x000000001c088000 flushing nmethod 0x00000000040a6cd0
Event: 639.167 Thread 0x000000001e543000 Thread exited: 0x000000001e543000
Event: 639.167 Executing VM operation: Exit


Dynamic libraries:
0x000000013fc50000 - 0x000000013fc87000 	C:\Program Files\Java\jre1.8.0_77\bin\javaw.exe
0x00000000778a0000 - 0x0000000077a49000 	C:\Windows\SYSTEM32\ntdll.dll
0x0000000077680000 - 0x000000007779f000 	C:\Windows\system32\kernel32.dll
0x000007fefd760000 - 0x000007fefd7cc000 	C:\Windows\system32\KERNELBASE.dll
0x000007fefe9f0000 - 0x000007fefeacb000 	C:\Windows\system32\ADVAPI32.dll
0x000007fefec50000 - 0x000007fefecef000 	C:\Windows\system32\msvcrt.dll
0x000007fefe9d0000 - 0x000007fefe9ef000 	C:\Windows\SYSTEM32\sechost.dll
0x000007fefdc10000 - 0x000007fefdd3d000 	C:\Windows\system32\RPCRT4.dll
0x00000000777a0000 - 0x000000007789a000 	C:\Windows\system32\USER32.dll
0x000007fefdd40000 - 0x000007fefdda7000 	C:\Windows\system32\GDI32.dll
0x000007fefecf0000 - 0x000007fefecfe000 	C:\Windows\system32\LPK.dll
0x000007fefda20000 - 0x000007fefdae9000 	C:\Windows\system32\USP10.dll
0x000007fefc1f0000 - 0x000007fefc3e4000 	C:\Windows\WinSxS\amd64_microsoft.windows.common-controls_6595b64144ccf1df_6.0.7601.17514_none_fa396087175ac9ac\COMCTL32.dll
0x000007fefdfc0000 - 0x000007fefe031000 	C:\Windows\system32\SHLWAPI.dll
0x000007fefe680000 - 0x000007fefe6ae000 	C:\Windows\system32\IMM32.DLL
0x000007fefdaf0000 - 0x000007fefdbf9000 	C:\Windows\system32\MSCTF.dll
0x0000000054660000 - 0x0000000054732000 	C:\Program Files\Java\jre1.8.0_77\bin\msvcr100.dll
0x000000006fde0000 - 0x0000000070670000 	C:\Program Files\Java\jre1.8.0_77\bin\server\jvm.dll
0x000007fef2960000 - 0x000007fef2969000 	C:\Windows\system32\WSOCK32.dll
0x000007fefe6b0000 - 0x000007fefe6fd000 	C:\Windows\system32\WS2_32.dll
0x000007fefdc00000 - 0x000007fefdc08000 	C:\Windows\system32\NSI.dll
0x000007fef9a60000 - 0x000007fef9a9b000 	C:\Windows\system32\WINMM.dll
0x000007fefc6e0000 - 0x000007fefc6ec000 	C:\Windows\system32\VERSION.dll
0x0000000077a60000 - 0x0000000077a67000 	C:\Windows\system32\PSAPI.DLL
0x0000000067330000 - 0x000000006733f000 	C:\Program Files\Java\jre1.8.0_77\bin\verify.dll
0x0000000056600000 - 0x0000000056629000 	C:\Program Files\Java\jre1.8.0_77\bin\java.dll
0x0000000056640000 - 0x0000000056656000 	C:\Program Files\Java\jre1.8.0_77\bin\zip.dll
0x000007fefed00000 - 0x000007feffa88000 	C:\Windows\system32\SHELL32.dll
0x000007fefddb0000 - 0x000007fefdfb3000 	C:\Windows\system32\ole32.dll
0x000007fefd670000 - 0x000007fefd67f000 	C:\Windows\system32\profapi.dll
0x0000000000370000 - 0x000000000037d000 	C:\Program Files\Java\jre1.8.0_77\bin\management.dll
0x0000000056670000 - 0x000000005668a000 	C:\Program Files\Java\jre1.8.0_77\bin\net.dll
0x000007fefce00000 - 0x000007fefce55000 	C:\Windows\system32\mswsock.dll
0x000007fefcdf0000 - 0x000007fefcdf7000 	C:\Windows\System32\wship6.dll
0x00000000565e0000 - 0x00000000565f1000 	C:\Program Files\Java\jre1.8.0_77\bin\nio.dll
0x000007fefb780000 - 0x000007fefb795000 	C:\Windows\system32\NLAapi.dll
0x000007feeaff0000 - 0x000007feeb005000 	C:\Windows\system32\napinsp.dll
0x000007fee53a0000 - 0x000007fee53b9000 	C:\Windows\system32\pnrpnsp.dll
0x000007fee7980000 - 0x000007fee798b000 	C:\Windows\System32\winrnr.dll
0x000007fefa460000 - 0x000007fefa472000 	C:\Windows\system32\PrxerNsp.dll
0x000007fefcc80000 - 0x000007fefccdb000 	C:\Windows\system32\DNSAPI.dll
0x000007fefc820000 - 0x000007fefc827000 	C:\Windows\System32\wshtcpip.dll
0x000007fefb400000 - 0x000007fefb427000 	C:\Windows\system32\IPHLPAPI.DLL
0x000007fefb3e0000 - 0x000007fefb3eb000 	C:\Windows\system32\WINNSI.DLL
0x000007fefa430000 - 0x000007fefa438000 	C:\Windows\system32\rasadhlp.dll
0x000007fefb2c0000 - 0x000007fefb313000 	C:\Windows\System32\fwpuclnt.dll
0x00000000565b0000 - 0x00000000565d4000 	C:\Program Files\Java\jre1.8.0_77\bin\sunec.dll
0x000007fefce60000 - 0x000007fefce78000 	C:\Windows\system32\CRYPTSP.dll
0x000007fefcb60000 - 0x000007fefcba7000 	C:\Windows\system32\rsaenh.dll
0x000007fefd9e0000 - 0x000007fefd9fe000 	C:\Windows\system32\USERENV.dll
0x000007fefd4c0000 - 0x000007fefd4cf000 	C:\Windows\system32\CRYPTBASE.dll
0x000007fefb1f0000 - 0x000007fefb201000 	C:\Windows\system32\dhcpcsvc6.DLL
0x000007fefb1b0000 - 0x000007fefb1c8000 	C:\Windows\system32\dhcpcsvc.DLL
0x0000000180000000 - 0x0000000180051000 	C:\Users\Sam Humby\.gradle\caches\minecraft\net\minecraft\natives\1.8\lwjgl64.dll
0x000007fee7440000 - 0x000007fee755d000 	C:\Windows\system32\OPENGL32.dll
0x000007fee9cd0000 - 0x000007fee9cfd000 	C:\Windows\system32\GLU32.dll
0x000007fee1240000 - 0x000007fee1331000 	C:\Windows\system32\DDRAW.dll
0x000007fee53c0000 - 0x000007fee53c8000 	C:\Windows\system32\DCIMAN32.dll
0x000007fefe040000 - 0x000007fefe217000 	C:\Windows\system32\SETUPAPI.dll
0x000007fefd690000 - 0x000007fefd6c6000 	C:\Windows\system32\CFGMGR32.dll
0x000007fefead0000 - 0x000007fefeba7000 	C:\Windows\system32\OLEAUT32.dll
0x000007fefd6d0000 - 0x000007fefd6ea000 	C:\Windows\system32\DEVOBJ.dll
0x000007fefc6f0000 - 0x000007fefc708000 	C:\Windows\system32\dwmapi.dll
0x0000000054210000 - 0x00000000543a8000 	C:\Program Files\Java\jre1.8.0_77\bin\awt.dll
0x000007fefbc10000 - 0x000007fefbc66000 	C:\Windows\system32\uxtheme.dll
0x000007fee1e30000 - 0x000007fee1e58000 	C:\Program Files (x86)\Raptr\ltc_help64-106568.dll
0x000007fefd720000 - 0x000007fefd75b000 	C:\Windows\system32\WINTRUST.dll
0x000007fefd870000 - 0x000007fefd9dd000 	C:\Windows\system32\CRYPT32.dll
0x000007fefd660000 - 0x000007fefd66f000 	C:\Windows\system32\MSASN1.dll
0x000007feeb7a0000 - 0x000007feeb7b8000 	C:\Windows\system32\atig6pxx.dll
0x0000000068440000 - 0x000000006a2d7000 	C:\Windows\system32\atio6axx.dll
0x000007feed270000 - 0x000007feed3b8000 	C:\Windows\system32\atiadlxx.dll
0x000007fefbcd0000 - 0x000007fefbdfc000 	C:\Windows\system32\PROPSYS.dll
0x000007fefc740000 - 0x000007fefc751000 	C:\Windows\system32\WTSAPI32.dll
0x000007fee9ca0000 - 0x000007fee9ccc000 	C:\Windows\system32\atig6txx.dll
0x000007feed1d0000 - 0x000007feed26c000 	C:\Windows\system32\mscms.dll
0x000007fee9c50000 - 0x000007fee9c92000 	C:\Windows\system32\icm32.dll
0x0000000070a40000 - 0x0000000070adc000 	C:\Users\Sam Humby\.gradle\caches\minecraft\net\minecraft\natives\1.8\avutil-ttv-51.dll
0x0000000065980000 - 0x00000000659d6000 	C:\Users\Sam Humby\.gradle\caches\minecraft\net\minecraft\natives\1.8\swresample-ttv-0.dll
0x000000006eb80000 - 0x000000006ec50000 	C:\Users\Sam Humby\.gradle\caches\minecraft\net\minecraft\natives\1.8\libmp3lame-ttv.dll
0x000007feded80000 - 0x000007fee0124000 	C:\Users\Sam Humby\.gradle\caches\minecraft\net\minecraft\natives\1.8\libmfxsw64.dll
0x000007fee72d0000 - 0x000007fee743d000 	C:\Users\Sam Humby\.gradle\caches\minecraft\net\minecraft\natives\1.8\twitchsdk.dll
0x000007fefe760000 - 0x000007fefe9a8000 	C:\Windows\system32\WININET.dll
0x000007fefda00000 - 0x000007fefda04000 	C:\Windows\system32\api-ms-win-downlevel-user32-l1-1-0.dll
0x000007fefd680000 - 0x000007fefd684000 	C:\Windows\system32\api-ms-win-downlevel-shlwapi-l1-1-0.dll
0x000007fefd710000 - 0x000007fefd714000 	C:\Windows\system32\api-ms-win-downlevel-version-l1-1-0.dll
0x000007fefda10000 - 0x000007fefda13000 	C:\Windows\system32\api-ms-win-downlevel-normaliz-l1-1-0.dll
0x0000000077a70000 - 0x0000000077a73000 	C:\Windows\system32\normaliz.DLL
0x000007fefe3b0000 - 0x000007fefe677000 	C:\Windows\system32\iertutil.dll
0x000007fefd6f0000 - 0x000007fefd6f5000 	C:\Windows\system32\api-ms-win-downlevel-advapi32-l1-1-0.dll
0x0000000012a90000 - 0x0000000012af4000 	C:\Users\Sam Humby\.gradle\caches\minecraft\net\minecraft\natives\1.8\OpenAL64.dll
0x000007feffa90000 - 0x000007feffb29000 	C:\Windows\system32\CLBCatQ.DLL
0x000007fefbc70000 - 0x000007fefbcbb000 	C:\Windows\System32\MMDevApi.dll
0x000007fef0c00000 - 0x000007fef0c88000 	C:\Windows\system32\dsound.dll
0x000007fefc710000 - 0x000007fefc73c000 	C:\Windows\system32\POWRPROF.dll
0x000007fef0a50000 - 0x000007fef0a9f000 	C:\Windows\system32\AUDIOSES.DLL
0x000007fefe9b0000 - 0x000007fefe9c9000 	C:\Windows\system32\imagehlp.dll
0x000007fefcfe0000 - 0x000007fefd030000 	C:\Windows\system32\ncrypt.dll
0x000007fefcfb0000 - 0x000007fefcfd2000 	C:\Windows\system32\bcrypt.dll
0x000007fefcaa0000 - 0x000007fefcaec000 	C:\Windows\system32\bcryptprimitives.dll
0x000007fefc920000 - 0x000007fefc93b000 	C:\Windows\system32\GPAPI.dll
0x000007fef6a80000 - 0x000007fef6aa7000 	C:\Windows\system32\cryptnet.dll
0x000007fefe700000 - 0x000007fefe752000 	C:\Windows\system32\WLDAP32.dll
0x000007fefacf0000 - 0x000007fefacf9000 	C:\Windows\system32\SensApi.dll
0x000007fee6970000 - 0x000007fee6bb8000 	C:\PROGRA~2\Raptr\ltc_game64-106568.dll
0x000007feef180000 - 0x000007feef2a5000 	C:\Windows\system32\dbghelp.dll

VM Arguments:
jvm_args: -Dfile.encoding=Cp1252 
java_command: GradleStart --username=samalot@plagachef.com --password=jedapo
java_class_path (initial): C:\Users\Sam Humby\Desktop\Minecraft Mod\Git\Lazarus\bin;C:\Users\Sam Humby\.gradle\caches\minecraft\net\minecraftforge\forge\1.8-11.14.4.1563\snapshot\20141130\forgeSrc-1.8-11.14.4.1563.jar;C:\Users\Sam Humby\.gradle\caches\modules-2\files-2.1\net.minecraft\launchwrapper\1.12\111e7bea9c968cdb3d06ef4632bf7ff0824d0f36\launchwrapper-1.12.jar;C:\Users\Sam Humby\.gradle\caches\modules-2\files-2.1\org.ow2.asm\asm-debug-all\5.0.3\f9e364ae2a66ce2a543012a4668856e84e5dab74\asm-debug-all-5.0.3.jar;C:\Users\Sam Humby\.gradle\caches\modules-2\files-2.1\com.typesafe.akka\akka-actor_2.11\2.3.3\ed62e9fc709ca0f2ff1a3220daa8b70a2870078e\akka-actor_2.11-2.3.3.jar;C:\Users\Sam Humby\.gradle\caches\modules-2\files-2.1\com.typesafe\config\1.2.1\f771f71fdae3df231bcd54d5ca2d57f0bf93f467\config-1.2.1.jar;C:\Users\Sam Humby\.gradle\caches\modules-2\files-2.1\org.scala-lang\scala-actors-migration_2.11\1.1.0\dfa8bc42b181d5b9f1a5dd147f8ae308b893eb6f\scala-actors-migration_2.11-1.1.0.jar;C:\Users\Sam Humby\.gradle\caches\modules-2\files-2.1\org.scala-lang\scala-compiler\2.11.1\56ea2e6c025e0821f28d73ca271218b8dd04926a\scala-compiler-2.11.1.jar;C:\Users\Sam Humby\.gradle\caches\modules-2\files-2.1\org.scala-lang.plugins\scala-continuations-library_2.11\1.0.2\e517c53a7e9acd6b1668c5a35eccbaa3bab9aac\scala-continuations-library_2.11-1.0.2.jar;C:\Users\Sam Humby\.gradle\caches\modules-2\files-2.1\org.scala-lang.plugins\scala-continuations-plugin_2.11.1\1.0.2\f361a3283452c57fa30c1ee69448995de23c60f7\scala-continuations-plugin_2.11.1-1.0.2.jar;C:\Users\Sam Humby\.gradle\caches\modules-2\files-2.1\org.scala-lang\scala-library\2.11.1\e11da23da3eabab9f4777b9220e60d44c1aab6a\scala-library-2.11.1.jar;C:\Users\Sam Humby\.gradle\caches\modules-2\files-2.1\org.scala-lang.modules\scala-parser-combinators_2.11\1.0.1\f05d7345bf5a58924f2837c6c1f4d73a938e1ff0\scala-parser-combinators_2.11-1.0.1.jar;C:\Users\Sam Humby\.gradle\caches\modules-2\files-2.1\org.scala-lang\scala-reflect\2.11.1
Launcher Type: SUN_STANDARD

Environment Variables:
JAVA_HOME=C:\Program Files\Java\jdk1.8.0_77
CLASSPATH=.;C:\Program Files\Java\jre1.8.0_77\lib\ext\QTJava.zip
PATH=C:/Program Files/Java/jre1.8.0_77/bin/server;C:/Program Files/Java/jre1.8.0_77/bin;C:/Program Files/Java/jre1.8.0_77/lib/amd64;C:\Program Files (x86)\NVIDIA Corporation\PhysX\Common;C:\ProgramData\Oracle\Java\javapath;C:\Program Files (x86)\AMD APP\bin\x86_64;C:\Program Files (x86)\AMD APP\bin\x86;C:\Program Files (x86)\Intel\iCLS Client\;C:\Program Files\Intel\iCLS Client\;C:\Windows\system32;C:\Windows;C:\Windows\System32\Wbem;C:\Windows\System32\WindowsPowerShell\v1.0\;C:\Program Files\Intel\Intel(R) Management Engine Components\DAL;C:\Program Files\Intel\Intel(R) Management Engine Components\IPT;C:\Program Files (x86)\Intel\Intel(R) Management Engine Components\DAL;C:\Program Files (x86)\Intel\Intel(R) Management Engine Components\IPT;C:\Program Files (x86)\ATI Technologies\ATI.ACE\Core-Static;C:\Program Files\Java\jdk1.7.0_21\bin;C:\Program Files (x86)\QuickTime\QTSystem\;C:\Program Files (x86)\Autodesk\Backburner\;C:\Program Files (x86)\Bitvise SSH Client;C:\Program Files\digieffects\bin;C:\Program Files\nodejs\;C:\Program Files (x86)\Git\cmd;C:\php;C:\Program Files (x86)\AMD\ATI.ACE\Core-Static;C:\Program Files\OpenVPN\bin;C:\MinGW\bin;C:\Users\Sam Humby\.dnx\bin;C:\Program Files\Microsoft DNX\Dnvm\;C:\Program Files (x86)\Skype\Phone\;C:\Program Files\MiKTeX 2.9\miktex\bin\x64\;C:\Python27\Scripts;C:\Program Files\Java\jdk1.8.0_77\bin;C:\Users\Sam Humby\AppData\Roaming\npm;C:\Program Files (x86)\apache-maven-3.3.3\Bin;C:\Python27\Scripts;C:\Users\Sam Humby\Desktop;
USERNAME=Sam Humby
OS=Windows_NT
PROCESSOR_IDENTIFIER=Intel64 Family 6 Model 58 Stepping 9, GenuineIntel



---------------  S Y S T E M  ---------------

OS: Windows 7 , 64 bit Build 7601 (6.1.7601.18409)

CPU:total 4 (4 cores per cpu, 1 threads per core) family 6 model 58 stepping 9, cmov, cx8, fxsr, mmx, sse, sse2, sse3, ssse3, sse4.1, sse4.2, popcnt, avx, aes, clmul, erms, tsc, tscinvbit, tscinv

Memory: 4k page, physical 16777216k(9227596k free), swap 18872512k(8456364k free)

vm_info: Java HotSpot(TM) 64-Bit Server VM (25.77-b03) for windows-amd64 JRE (1.8.0_77-b03), built on Mar 20 2016 22:01:33 by "java_re" with MS VC++ 10.0 (VS2010)

time: Fri Apr 08 13:13:26 2016
elapsed time: 639 seconds (0d 0h 10m 39s)

