#
# A fatal error has been detected by the Java Runtime Environment:
#
#  EXCEPTION_ACCESS_VIOLATION (0xc0000005) at pc=0x000007fee473d6c4, pid=12212, tid=11388
#
# JRE version: Java(TM) SE Runtime Environment (8.0_77-b03) (build 1.8.0_77-b03)
# Java VM: Java HotSpot(TM) 64-Bit Server VM (25.77-b03 mixed mode windows-amd64 compressed oops)
# Problematic frame:
# C  [OPENGL32.dll+0xdd6c4]
#
# Failed to write core dump. Minidumps are not enabled by default on client versions of Windows
#
# If you would like to submit a bug report, please visit:
#   http://bugreport.java.com/bugreport/crash.jsp
#

---------------  T H R E A D  ---------------

Current thread (0x000000001bf9e800):  VMThread [stack: 0x000000001d0f0000,0x000000001d1f0000] [id=11388]

siginfo: ExceptionCode=0xc0000005, reading address 0x0000000000000a38

Registers:
RAX=0x0000000000000000, RBX=0x0000000036c0b340, RCX=0x0000000000000001, RDX=0x0000000036c0b348
RSP=0x000000001d1ef578, RBP=0x0000000000000000, RSI=0x0000000036c0de00, RDI=0x0000000036c0de00
R8 =0x000000001d1ef5f8, R9 =0x000000001be85400, R10=0x000000002a552e20, R11=0x000000001d1ef342
R12=0x0000000000000000, R13=0x0000000036c07100, R14=0x0000000036c06fb0, R15=0x0000000000000000
RIP=0x000007fee473d6c4, EFLAGS=0x0000000000010287

Top of Stack: (sp=0x000000001d1ef578)
0x000000001d1ef578:   000007fedf90244b 0000000000000001
0x000000001d1ef588:   0000000036c0b348 000000001d1ef5f8
0x000000001d1ef598:   000000001be85400 0000000000000000
0x000000001d1ef5a8:   000007fedf907f17 0000000036c07100
0x000000001d1ef5b8:   0000000000000001 0000000036c070e0
0x000000001d1ef5c8:   0000000036c06fb0 fffffffffffffffe
0x000000001d1ef5d8:   0000000077501a4a 0000000000000000
0x000000001d1ef5e8:   000007fedf9087c9 0000000036c0de00
0x000000001d1ef5f8:   0000000036c069d0 000007fedf9f1940
0x000000001d1ef608:   000007fedf985700 fffffffffffffffe
0x000000001d1ef618:   00000000368acbe0 0000000000000001
0x000000001d1ef628:   0000000036c070d8 0000000036c06fb0
0x000000001d1ef638:   000007fedf98d7ad 000007fedfac65b0
0x000000001d1ef648:   000007fedf9f1930 000000001be85400
0x000000001d1ef658:   000000001bf9efe0 0000000036c070d8
0x000000001d1ef668:   0000000036c06fb0 0000000036c06fb0 

Instructions: (pc=0x000007fee473d6c4)
0x000007fee473d6a4:   cc cc cc cc cc cc 66 0f 1f 44 00 00 8b 05 16 0c
0x000007fee473d6b4:   01 00 83 f8 40 73 0f 65 48 8b 04 c5 80 14 00 00
0x000007fee473d6c4:   ff a0 38 0a 00 00 b8 47 01 00 00 e9 ec d4 ff ff
0x000007fee473d6d4:   cc cc cc cc cc cc 66 0f 1f 44 00 00 8b 05 e6 0b 


Register to memory mapping:

RAX=0x0000000000000000 is an unknown value
RBX=0x0000000036c0b340 is an unknown value
RCX=0x0000000000000001 is an unknown value
RDX=0x0000000036c0b348 is an unknown value
RSP=0x000000001d1ef578 is an unknown value
RBP=0x0000000000000000 is an unknown value
RSI=0x0000000036c0de00 is an unknown value
RDI=0x0000000036c0de00 is an unknown value
R8 =0x000000001d1ef5f8 is an unknown value
R9 =0x000000001be85400 is an unknown value
R10=0x000000002a552e20 is an unknown value
R11=0x000000001d1ef342 is an unknown value
R12=0x0000000000000000 is an unknown value
R13=0x0000000036c07100 is an unknown value
R14=0x0000000036c06fb0 is an unknown value
R15=0x0000000000000000 is an unknown value


Stack: [0x000000001d0f0000,0x000000001d1f0000],  sp=0x000000001d1ef578,  free space=1021k
Native frames: (J=compiled Java code, j=interpreted, Vv=VM code, C=native code)

VM_Operation (0x000000000248db30): Exit, mode: safepoint, requested by thread 0x000000000054b000


---------------  P R O C E S S  ---------------

Java Threads: ( => current thread )
  0x00000000234d1000 JavaThread "Netty Client IO #1" daemon [_thread_in_native, id=9348, stack(0x000000003b940000,0x000000003ba40000)]
  0x00000000234cf800 JavaThread "Netty Client IO #0" daemon [_thread_in_native, id=8604, stack(0x000000003b790000,0x000000003b890000)]
  0x0000000023506000 JavaThread "Thread-12" daemon [_thread_in_native, id=5040, stack(0x000000003b3c0000,0x000000003b4c0000)]
  0x0000000023505800 JavaThread "Server Pinger #0" daemon [_thread_blocked, id=11324, stack(0x000000003b280000,0x000000003b380000)]
  0x0000000023504000 JavaThread "Chunk Batcher 1" daemon [_thread_blocked, id=12884, stack(0x00000000292e0000,0x00000000293e0000)]
  0x0000000023503000 JavaThread "Chunk Batcher 0" daemon [_thread_blocked, id=11272, stack(0x0000000029010000,0x0000000029110000)]
  0x000000001e641800 JavaThread "LWJGL Timer" daemon [_thread_blocked, id=12292, stack(0x000000002e170000,0x000000002e270000)]
  0x0000000021cb5800 JavaThread "Java2D Disposer" daemon [_thread_blocked, id=10236, stack(0x00000000267d0000,0x00000000268d0000)]
  0x0000000022b85800 JavaThread "Timer hack thread" daemon [_thread_blocked, id=10428, stack(0x0000000026620000,0x0000000026720000)]
  0x00000000225a6800 JavaThread "Snooper Timer" daemon [_thread_blocked, id=5384, stack(0x0000000024110000,0x0000000024210000)]
  0x0000000020ef9000 JavaThread "Snooper Timer" daemon [_thread_blocked, id=12400, stack(0x0000000025290000,0x0000000025390000)]
  0x000000001d8a7000 JavaThread "Service Thread" daemon [_thread_blocked, id=11200, stack(0x000000001e110000,0x000000001e210000)]
  0x000000001d82b800 JavaThread "C1 CompilerThread2" daemon [_thread_blocked, id=9648, stack(0x000000001de80000,0x000000001df80000)]
  0x000000001d822000 JavaThread "C2 CompilerThread1" daemon [_thread_blocked, id=13168, stack(0x000000001dc30000,0x000000001dd30000)]
  0x000000001c00f000 JavaThread "C2 CompilerThread0" daemon [_thread_blocked, id=12472, stack(0x000000001dd80000,0x000000001de80000)]
  0x000000001c00d000 JavaThread "Attach Listener" daemon [_thread_blocked, id=6560, stack(0x000000001d710000,0x000000001d810000)]
  0x000000001c00a000 JavaThread "Signal Dispatcher" daemon [_thread_blocked, id=7828, stack(0x000000001d610000,0x000000001d710000)]
  0x000000001bfed800 JavaThread "Finalizer" daemon [_thread_blocked, id=8032, stack(0x000000001d440000,0x000000001d540000)]
  0x000000001bfa6800 JavaThread "Reference Handler" daemon [_thread_blocked, id=2676, stack(0x000000001d230000,0x000000001d330000)]
  0x000000000054b000 JavaThread "Client thread" [_thread_blocked, id=5116, stack(0x0000000002390000,0x0000000002490000)]

Other Threads:
=>0x000000001bf9e800 VMThread [stack: 0x000000001d0f0000,0x000000001d1f0000] [id=11388]

VM state:at safepoint (shutting down)

VM Mutex/Monitor currently owned by a thread:  ([mutex/lock_event])
[0x0000000000549680] Threads_lock - owner thread: 0x000000001bf9e800

Heap:
 PSYoungGen      total 1345536K, used 43763K [0x000000076ab00000, 0x00000007bf700000, 0x00000007c0000000)
  eden space 1306624K, 3% used [0x000000076ab00000,0x000000076d5bcf90,0x00000007ba700000)
  from space 38912K, 0% used [0x00000007bd100000,0x00000007bd100000,0x00000007bf700000)
  to   space 40960K, 0% used [0x00000007ba700000,0x00000007ba700000,0x00000007bcf00000)
 ParOldGen       total 316928K, used 181717K [0x00000006c0000000, 0x00000006d3580000, 0x000000076ab00000)
  object space 316928K, 57% used [0x00000006c0000000,0x00000006cb175610,0x00000006d3580000)
 Metaspace       used 43642K, capacity 44175K, committed 44544K, reserved 1089536K
  class space    used 5209K, capacity 5358K, committed 5376K, reserved 1048576K

Card table byte_map: [0x0000000011b20000,0x0000000012330000] byte_map_base: 0x000000000e520000

Marking Bits: (ParMarkBitMap*) 0x0000000052a80600
 Begin Bits: [0x0000000012e10000, 0x0000000016e10000)
 End Bits:   [0x0000000016e10000, 0x000000001ae10000)

Polling page: 0x0000000000120000

CodeCache: size=245760Kb used=30959Kb max_used=32082Kb free=214800Kb
 bounds [0x0000000002760000, 0x0000000004750000, 0x0000000011760000]
 total_blobs=8787 nmethods=7929 adapters=768
 compilation: enabled

Compilation events (10 events):
Event: 203.544 Thread 0x000000001c00f000 11460       4       net.minecraftforge.fml.common.registry.FMLControlledNamespacedRegistry::getId (6 bytes)
Event: 203.545 Thread 0x000000001d82b800 11461       3       java.util.Collections::emptySet (4 bytes)
Event: 203.545 Thread 0x000000001d82b800 nmethod 11461 0x0000000003873e10 code [0x0000000003873f60, 0x0000000003874090]
Event: 203.546 Thread 0x000000001c00f000 nmethod 11460 0x00000000038c6d50 code [0x00000000038c6ea0, 0x00000000038c70c8]
Event: 203.546 Thread 0x000000001d82b800 11462       3       java.lang.Object::toString (36 bytes)
Event: 203.546 Thread 0x000000001d82b800 nmethod 11462 0x000000000321a450 code [0x000000000321a660, 0x000000000321b208]
Event: 203.800 Thread 0x000000001d822000 11463       4       java.nio.DirectByteBuffer$Deallocator::run (37 bytes)
Event: 203.801 Thread 0x000000001d822000 nmethod 11463 0x000000000305d110 code [0x000000000305d260, 0x000000000305d388]
Event: 205.415 Thread 0x000000001d82b800 11464       3       org.apache.logging.log4j.core.helpers.NameUtil::getSubName (32 bytes)
Event: 205.416 Thread 0x000000001d82b800 nmethod 11464 0x000000000305e0d0 code [0x000000000305e260, 0x000000000305e7f8]

GC Heap History (10 events):
Event: 175.926 GC heap before
{Heap before GC invocations=26 (full 5):
 PSYoungGen      total 1243648K, used 1243418K [0x000000076ab00000, 0x00000007bd100000, 0x00000007c0000000)
  eden space 1224704K, 100% used [0x000000076ab00000,0x00000007b5700000,0x00000007b5700000)
  from space 18944K, 98% used [0x00000007bbe80000,0x00000007bd0c6920,0x00000007bd100000)
  to   space 49152K, 0% used [0x00000007b7100000,0x00000007b7100000,0x00000007ba100000)
 ParOldGen       total 316928K, used 170414K [0x00000006c0000000, 0x00000006d3580000, 0x000000076ab00000)
  object space 316928K, 53% used [0x00000006c0000000,0x00000006ca66ba88,0x00000006d3580000)
 Metaspace       used 43543K, capacity 44035K, committed 44288K, reserved 1087488K
  class space    used 5205K, capacity 5356K, committed 5376K, reserved 1048576K
Event: 175.946 GC heap after
Heap after GC invocations=26 (full 5):
 PSYoungGen      total 1300480K, used 20969K [0x000000076ab00000, 0x00000007bec80000, 0x00000007c0000000)
  eden space 1251328K, 0% used [0x000000076ab00000,0x000000076ab00000,0x00000007b7100000)
  from space 49152K, 42% used [0x00000007b7100000,0x00000007b857a7c0,0x00000007ba100000)
  to   space 46592K, 0% used [0x00000007bbf00000,0x00000007bbf00000,0x00000007bec80000)
 ParOldGen       total 316928K, used 170414K [0x00000006c0000000, 0x00000006d3580000, 0x000000076ab00000)
  object space 316928K, 53% used [0x00000006c0000000,0x00000006ca66ba88,0x00000006d3580000)
 Metaspace       used 43543K, capacity 44035K, committed 44288K, reserved 1087488K
  class space    used 5205K, capacity 5356K, committed 5376K, reserved 1048576K
}
Event: 185.973 GC heap before
{Heap before GC invocations=27 (full 5):
 PSYoungGen      total 1300480K, used 1272297K [0x000000076ab00000, 0x00000007bec80000, 0x00000007c0000000)
  eden space 1251328K, 100% used [0x000000076ab00000,0x00000007b7100000,0x00000007b7100000)
  from space 49152K, 42% used [0x00000007b7100000,0x00000007b857a7c0,0x00000007ba100000)
  to   space 46592K, 0% used [0x00000007bbf00000,0x00000007bbf00000,0x00000007bec80000)
 ParOldGen       total 316928K, used 170414K [0x00000006c0000000, 0x00000006d3580000, 0x000000076ab00000)
  object space 316928K, 53% used [0x00000006c0000000,0x00000006ca66ba88,0x00000006d3580000)
 Metaspace       used 43587K, capacity 44035K, committed 44288K, reserved 1087488K
  class space    used 5206K, capacity 5356K, committed 5376K, reserved 1048576K
Event: 185.982 GC heap after
Heap after GC invocations=27 (full 5):
 PSYoungGen      total 1333248K, used 23395K [0x000000076ab00000, 0x00000007bf880000, 0x00000007c0000000)
  eden space 1286656K, 0% used [0x000000076ab00000,0x000000076ab00000,0x00000007b9380000)
  from space 46592K, 50% used [0x00000007bbf00000,0x00000007bd5d8d40,0x00000007bec80000)
  to   space 44544K, 0% used [0x00000007b9380000,0x00000007b9380000,0x00000007bbf00000)
 ParOldGen       total 316928K, used 170422K [0x00000006c0000000, 0x00000006d3580000, 0x000000076ab00000)
  object space 316928K, 53% used [0x00000006c0000000,0x00000006ca66da88,0x00000006d3580000)
 Metaspace       used 43587K, capacity 44035K, committed 44288K, reserved 1087488K
  class space    used 5206K, capacity 5356K, committed 5376K, reserved 1048576K
}
Event: 196.513 GC heap before
{Heap before GC invocations=28 (full 5):
 PSYoungGen      total 1333248K, used 1310051K [0x000000076ab00000, 0x00000007bf880000, 0x00000007c0000000)
  eden space 1286656K, 100% used [0x000000076ab00000,0x00000007b9380000,0x00000007b9380000)
  from space 46592K, 50% used [0x00000007bbf00000,0x00000007bd5d8d40,0x00000007bec80000)
  to   space 44544K, 0% used [0x00000007b9380000,0x00000007b9380000,0x00000007bbf00000)
 ParOldGen       total 316928K, used 170422K [0x00000006c0000000, 0x00000006d3580000, 0x000000076ab00000)
  object space 316928K, 53% used [0x00000006c0000000,0x00000006ca66da88,0x00000006d3580000)
 Metaspace       used 43609K, capacity 44111K, committed 44288K, reserved 1087488K
  class space    used 5207K, capacity 5358K, committed 5376K, reserved 1048576K
Event: 196.522 GC heap after
Heap after GC invocations=28 (full 5):
 PSYoungGen      total 1331200K, used 23031K [0x000000076ab00000, 0x00000007bfb00000, 0x00000007c0000000)
  eden space 1286656K, 0% used [0x000000076ab00000,0x000000076ab00000,0x00000007b9380000)
  from space 44544K, 51% used [0x00000007b9380000,0x00000007ba9fde80,0x00000007bbf00000)
  to   space 43008K, 0% used [0x00000007bd100000,0x00000007bd100000,0x00000007bfb00000)
 ParOldGen       total 316928K, used 170422K [0x00000006c0000000, 0x00000006d3580000, 0x000000076ab00000)
  object space 316928K, 53% used [0x00000006c0000000,0x00000006ca66da88,0x00000006d3580000)
 Metaspace       used 43609K, capacity 44111K, committed 44288K, reserved 1087488K
  class space    used 5207K, capacity 5358K, committed 5376K, reserved 1048576K
}
Event: 203.547 GC heap before
{Heap before GC invocations=29 (full 5):
 PSYoungGen      total 1331200K, used 613386K [0x000000076ab00000, 0x00000007bfb00000, 0x00000007c0000000)
  eden space 1286656K, 45% used [0x000000076ab00000,0x000000078eb84a10,0x00000007b9380000)
  from space 44544K, 51% used [0x00000007b9380000,0x00000007ba9fde80,0x00000007bbf00000)
  to   space 43008K, 0% used [0x00000007bd100000,0x00000007bd100000,0x00000007bfb00000)
 ParOldGen       total 316928K, used 170422K [0x00000006c0000000, 0x00000006d3580000, 0x000000076ab00000)
  object space 316928K, 53% used [0x00000006c0000000,0x00000006ca66da88,0x00000006d3580000)
 Metaspace       used 43632K, capacity 44111K, committed 44288K, reserved 1087488K
  class space    used 5207K, capacity 5358K, committed 5376K, reserved 1048576K
Event: 203.556 GC heap after
Heap after GC invocations=29 (full 5):
 PSYoungGen      total 1345536K, used 22916K [0x000000076ab00000, 0x00000007bf700000, 0x00000007c0000000)
  eden space 1306624K, 0% used [0x000000076ab00000,0x000000076ab00000,0x00000007ba700000)
  from space 38912K, 58% used [0x00000007bd100000,0x00000007be7612d0,0x00000007bf700000)
  to   space 40960K, 0% used [0x00000007ba700000,0x00000007ba700000,0x00000007bcf00000)
 ParOldGen       total 316928K, used 170422K [0x00000006c0000000, 0x00000006d3580000, 0x000000076ab00000)
  object space 316928K, 53% used [0x00000006c0000000,0x00000006ca66da88,0x00000006d3580000)
 Metaspace       used 43632K, capacity 44111K, committed 44288K, reserved 1087488K
  class space    used 5207K, capacity 5358K, committed 5376K, reserved 1048576K
}
Event: 203.557 GC heap before
{Heap before GC invocations=30 (full 6):
 PSYoungGen      total 1345536K, used 22916K [0x000000076ab00000, 0x00000007bf700000, 0x00000007c0000000)
  eden space 1306624K, 0% used [0x000000076ab00000,0x000000076ab00000,0x00000007ba700000)
  from space 38912K, 58% used [0x00000007bd100000,0x00000007be7612d0,0x00000007bf700000)
  to   space 40960K, 0% used [0x00000007ba700000,0x00000007ba700000,0x00000007bcf00000)
 ParOldGen       total 316928K, used 170422K [0x00000006c0000000, 0x00000006d3580000, 0x000000076ab00000)
  object space 316928K, 53% used [0x00000006c0000000,0x00000006ca66da88,0x00000006d3580000)
 Metaspace       used 43632K, capacity 44111K, committed 44288K, reserved 1087488K
  class space    used 5207K, capacity 5358K, committed 5376K, reserved 1048576K
Event: 203.800 GC heap after
Heap after GC invocations=30 (full 6):
 PSYoungGen      total 1345536K, used 0K [0x000000076ab00000, 0x00000007bf700000, 0x00000007c0000000)
  eden space 1306624K, 0% used [0x000000076ab00000,0x000000076ab00000,0x00000007ba700000)
  from space 38912K, 0% used [0x00000007bd100000,0x00000007bd100000,0x00000007bf700000)
  to   space 40960K, 0% used [0x00000007ba700000,0x00000007ba700000,0x00000007bcf00000)
 ParOldGen       total 316928K, used 181717K [0x00000006c0000000, 0x00000006d3580000, 0x000000076ab00000)
  object space 316928K, 57% used [0x00000006c0000000,0x00000006cb175610,0x00000006d3580000)
 Metaspace       used 43632K, capacity 44111K, committed 44288K, reserved 1087488K
  class space    used 5207K, capacity 5358K, committed 5376K, reserved 1048576K
}

Deoptimization events (10 events):
Event: 203.532 Thread 0x00000000234d1000 Uncommon trap: reason=class_check action=maybe_recompile pc=0x00000000044a0198 method=net.minecraft.network.NettyCompressionDecoder.decode(Lio/netty/channel/ChannelHandlerContext;Lio/netty/buffer/ByteBuf;Ljava/util/List;)V @ 1
Event: 203.532 Thread 0x00000000234d1000 Uncommon trap: reason=class_check action=maybe_recompile pc=0x00000000044693ec method=net.minecraft.util.MessageDeserializer.decode(Lio/netty/channel/ChannelHandlerContext;Lio/netty/buffer/ByteBuf;Ljava/util/List;)V @ 1
Event: 203.532 Thread 0x00000000234d1000 Uncommon trap: reason=unstable_if action=reinterpret pc=0x0000000004419ebc method=sun.nio.ch.SelectorImpl.processDeregisterQueue()V @ 15
Event: 203.545 Thread 0x000000000054b000 Uncommon trap: reason=class_check action=maybe_recompile pc=0x0000000003abf674 method=com.google.common.cache.LocalCache$Segment.getFirst(I)Lcom/google/common/cache/LocalCache$ReferenceEntry; @ 17
Event: 203.545 Thread 0x000000000054b000 Uncommon trap: reason=class_check action=maybe_recompile pc=0x0000000003abf674 method=com.google.common.cache.LocalCache$Segment.getFirst(I)Lcom/google/common/cache/LocalCache$ReferenceEntry; @ 17
Event: 203.545 Thread 0x000000000054b000 Uncommon trap: reason=class_check action=maybe_recompile pc=0x0000000003abf674 method=com.google.common.cache.LocalCache$Segment.getFirst(I)Lcom/google/common/cache/LocalCache$ReferenceEntry; @ 17
Event: 203.545 Thread 0x000000000054b000 Uncommon trap: reason=class_check action=maybe_recompile pc=0x0000000003abf674 method=com.google.common.cache.LocalCache$Segment.getFirst(I)Lcom/google/common/cache/LocalCache$ReferenceEntry; @ 17
Event: 204.657 Thread 0x000000000054b000 Uncommon trap: reason=unstable_if action=reinterpret pc=0x0000000004420260 method=org.lwjgl.opengl.WindowsDisplay.doHandleMessage(JIJJJ)J @ 421
Event: 205.160 Thread 0x000000000054b000 Uncommon trap: reason=unstable_if action=reinterpret pc=0x0000000003f00828 method=net.minecraft.client.Minecraft.runGameLoop()V @ 19
Event: 205.414 Thread 0x000000000054b000 Uncommon trap: reason=unstable_if action=reinterpret pc=0x0000000002d72b90 method=net.minecraftforge.fml.relauncher.FMLSecurityManager.checkPermission(Ljava/security/Permission;)V @ 23

Internal exceptions (10 events):
Event: 203.479 Thread 0x0000000023500000 Exception <a 'java/lang/InterruptedException': sleep interrupted> (0x000000078d613e90) thrown at [D:\re\workspace\8-2-build-windows-amd64-cygwin\jdk8u77\6540\hotspot\src\share\vm\prims\jvm.cpp, line 3215]
Event: 203.491 Thread 0x0000000023500000 Exception <a 'java/lang/InterruptedException': sleep interrupted> (0x000000078d6140e8) thrown at [D:\re\workspace\8-2-build-windows-amd64-cygwin\jdk8u77\6540\hotspot\src\share\vm\prims\jvm.cpp, line 3215]
Event: 203.510 Thread 0x0000000023500000 Exception <a 'java/lang/InterruptedException': sleep interrupted> (0x000000078d614340) thrown at [D:\re\workspace\8-2-build-windows-amd64-cygwin\jdk8u77\6540\hotspot\src\share\vm\prims\jvm.cpp, line 3215]
Event: 203.529 Thread 0x0000000023500000 Exception <a 'java/lang/InterruptedException': sleep interrupted> (0x000000078d614598) thrown at [D:\re\workspace\8-2-build-windows-amd64-cygwin\jdk8u77\6540\hotspot\src\share\vm\prims\jvm.cpp, line 3215]
Event: 203.529 Thread 0x0000000023500000 Exception <a 'java/lang/InterruptedException': sleep interrupted> (0x000000078d615208) thrown at [D:\re\workspace\8-2-build-windows-amd64-cygwin\jdk8u77\6540\hotspot\src\share\vm\prims\jvm.cpp, line 3215]
Event: 203.529 Thread 0x0000000023500000 Exception <a 'java/lang/InterruptedException': sleep interrupted> (0x000000078d615460) thrown at [D:\re\workspace\8-2-build-windows-amd64-cygwin\jdk8u77\6540\hotspot\src\share\vm\prims\jvm.cpp, line 3215]
Event: 203.529 Thread 0x0000000023500000 Exception <a 'java/lang/InterruptedException': sleep interrupted> (0x000000078d6156b8) thrown at [D:\re\workspace\8-2-build-windows-amd64-cygwin\jdk8u77\6540\hotspot\src\share\vm\prims\jvm.cpp, line 3215]
Event: 203.800 Thread 0x0000000023500000 Exception <a 'java/lang/InterruptedException': sleep interrupted> (0x00000006cac42e60) thrown at [D:\re\workspace\8-2-build-windows-amd64-cygwin\jdk8u77\6540\hotspot\src\share\vm\prims\jvm.cpp, line 3215]
Event: 205.175 Thread 0x0000000023500000 Exception <a 'java/lang/InterruptedException': sleep interrupted> (0x000000076ab00238) thrown at [D:\re\workspace\8-2-build-windows-amd64-cygwin\jdk8u77\6540\hotspot\src\share\vm\prims\jvm.cpp, line 3215]
Event: 205.275 Thread 0x0000000023504800 Exception <a 'java/lang/InterruptedException': sleep interrupted> (0x000000076be58468) thrown at [D:\re\workspace\8-2-build-windows-amd64-cygwin\jdk8u77\6540\hotspot\src\share\vm\prims\jvm.cpp, line 3215]

Events (10 events):
Event: 205.414 loading class org/apache/logging/log4j/core/config/NullConfiguration done
Event: 205.414 Thread 0x0000000023500000 Thread exited: 0x0000000023500000
Event: 205.414 Thread 0x00000000234d1800 Thread exited: 0x00000000234d1800
Event: 205.415 loading class javax/servlet/ServletContext
Event: 205.415 loading class javax/servlet/ServletContext done
Event: 205.415 loading class javax/servlet/ServletContext
Event: 205.415 loading class javax/servlet/ServletContext done
Event: 205.415 Thread 0x0000000023504800 Thread exited: 0x0000000023504800
Event: 205.416 Thread 0x0000000023501800 Thread exited: 0x0000000023501800
Event: 205.416 Executing VM operation: Exit


Dynamic libraries:
0x000000013f950000 - 0x000000013f987000 	C:\Program Files\Java\jre1.8.0_77\bin\javaw.exe
0x0000000077600000 - 0x00000000777a9000 	C:\Windows\SYSTEM32\ntdll.dll
0x00000000774e0000 - 0x00000000775ff000 	C:\Windows\system32\kernel32.dll
0x000007fefd660000 - 0x000007fefd6cc000 	C:\Windows\system32\KERNELBASE.dll
0x000007fefe120000 - 0x000007fefe1fb000 	C:\Windows\system32\ADVAPI32.dll
0x000007fefda00000 - 0x000007fefda9f000 	C:\Windows\system32\msvcrt.dll
0x000007fefd9e0000 - 0x000007fefd9ff000 	C:\Windows\SYSTEM32\sechost.dll
0x000007fefe390000 - 0x000007fefe4bd000 	C:\Windows\system32\RPCRT4.dll
0x00000000773e0000 - 0x00000000774da000 	C:\Windows\system32\USER32.dll
0x000007fefdcf0000 - 0x000007fefdd57000 	C:\Windows\system32\GDI32.dll
0x000007fefe2b0000 - 0x000007fefe2be000 	C:\Windows\system32\LPK.dll
0x000007fefe2c0000 - 0x000007fefe389000 	C:\Windows\system32\USP10.dll
0x000007fefbf50000 - 0x000007fefc144000 	C:\Windows\WinSxS\amd64_microsoft.windows.common-controls_6595b64144ccf1df_6.0.7601.17514_none_fa396087175ac9ac\COMCTL32.dll
0x000007feff4b0000 - 0x000007feff521000 	C:\Windows\system32\SHLWAPI.dll
0x000007fefe650000 - 0x000007fefe67e000 	C:\Windows\system32\IMM32.DLL
0x000007feff800000 - 0x000007feff909000 	C:\Windows\system32\MSCTF.dll
0x000000005b410000 - 0x000000005b4e2000 	C:\Program Files\Java\jre1.8.0_77\bin\msvcr100.dll
0x0000000052270000 - 0x0000000052b00000 	C:\Program Files\Java\jre1.8.0_77\bin\server\jvm.dll
0x000007fefaf20000 - 0x000007fefaf29000 	C:\Windows\system32\WSOCK32.dll
0x000007fefdf90000 - 0x000007fefdfdd000 	C:\Windows\system32\WS2_32.dll
0x000007fefe200000 - 0x000007fefe208000 	C:\Windows\system32\NSI.dll
0x000007fef96a0000 - 0x000007fef96db000 	C:\Windows\system32\WINMM.dll
0x000007fefc490000 - 0x000007fefc49c000 	C:\Windows\system32\VERSION.dll
0x00000000777d0000 - 0x00000000777d7000 	C:\Windows\system32\PSAPI.DLL
0x00000000710a0000 - 0x00000000710af000 	C:\Program Files\Java\jre1.8.0_77\bin\verify.dll
0x000000005ddb0000 - 0x000000005ddd9000 	C:\Program Files\Java\jre1.8.0_77\bin\java.dll
0x000000005dd90000 - 0x000000005dda6000 	C:\Program Files\Java\jre1.8.0_77\bin\zip.dll
0x000007fefe680000 - 0x000007feff408000 	C:\Windows\system32\SHELL32.dll
0x000007fefdd60000 - 0x000007fefdf63000 	C:\Windows\system32\ole32.dll
0x000007fefd3d0000 - 0x000007fefd3df000 	C:\Windows\system32\profapi.dll
0x000000005dd40000 - 0x000000005dd4d000 	C:\Program Files\Java\jre1.8.0_77\bin\management.dll
0x000000005dd70000 - 0x000000005dd8a000 	C:\Program Files\Java\jre1.8.0_77\bin\net.dll
0x000007fefcb60000 - 0x000007fefcbb5000 	C:\Windows\system32\mswsock.dll
0x000007fefcb50000 - 0x000007fefcb57000 	C:\Windows\System32\wship6.dll
0x000000005dd50000 - 0x000000005dd61000 	C:\Program Files\Java\jre1.8.0_77\bin\nio.dll
0x000007fefb6f0000 - 0x000007fefb705000 	C:\Windows\system32\NLAapi.dll
0x000007fee4ab0000 - 0x000007fee4ac5000 	C:\Windows\system32\napinsp.dll
0x000007fee4a90000 - 0x000007fee4aa9000 	C:\Windows\system32\pnrpnsp.dll
0x000007fee4ae0000 - 0x000007fee4aeb000 	C:\Windows\System32\winrnr.dll
0x000007fefa0c0000 - 0x000007fefa0d2000 	C:\Windows\system32\PrxerNsp.dll
0x000007fefc9e0000 - 0x000007fefca3b000 	C:\Windows\system32\DNSAPI.dll
0x000007fefc580000 - 0x000007fefc587000 	C:\Windows\System32\wshtcpip.dll
0x000007fefb160000 - 0x000007fefb187000 	C:\Windows\system32\IPHLPAPI.DLL
0x000007fefb140000 - 0x000007fefb14b000 	C:\Windows\system32\WINNSI.DLL
0x000007fefa0b0000 - 0x000007fefa0b8000 	C:\Windows\system32\rasadhlp.dll
0x000007fefb080000 - 0x000007fefb0d3000 	C:\Windows\System32\fwpuclnt.dll
0x000000005d140000 - 0x000000005d164000 	C:\Program Files\Java\jre1.8.0_77\bin\sunec.dll
0x000007fefcbc0000 - 0x000007fefcbd8000 	C:\Windows\system32\CRYPTSP.dll
0x000007fefc8c0000 - 0x000007fefc907000 	C:\Windows\system32\rsaenh.dll
0x000007fefd710000 - 0x000007fefd72e000 	C:\Windows\system32\USERENV.dll
0x000007fefd220000 - 0x000007fefd22f000 	C:\Windows\system32\CRYPTBASE.dll
0x000007fefaf50000 - 0x000007fefaf61000 	C:\Windows\system32\dhcpcsvc6.DLL
0x000007fefaf30000 - 0x000007fefaf48000 	C:\Windows\system32\dhcpcsvc.DLL
0x0000000180000000 - 0x0000000180051000 	C:\Users\Sam Humby\.gradle\caches\minecraft\net\minecraft\natives\1.8\lwjgl64.dll
0x000007fee4660000 - 0x000007fee477d000 	C:\Windows\system32\OPENGL32.dll
0x000007fee5ec0000 - 0x000007fee5eed000 	C:\Windows\system32\GLU32.dll
0x000007feea680000 - 0x000007feea771000 	C:\Windows\system32\DDRAW.dll
0x000007feecc10000 - 0x000007feecc18000 	C:\Windows\system32\DCIMAN32.dll
0x000007fefd800000 - 0x000007fefd9d7000 	C:\Windows\system32\SETUPAPI.dll
0x000007fefd480000 - 0x000007fefd4b6000 	C:\Windows\system32\CFGMGR32.dll
0x000007fefe040000 - 0x000007fefe117000 	C:\Windows\system32\OLEAUT32.dll
0x000007fefd6e0000 - 0x000007fefd6fa000 	C:\Windows\system32\DEVOBJ.dll
0x000007fefc440000 - 0x000007fefc458000 	C:\Windows\system32\dwmapi.dll
0x0000000053860000 - 0x00000000539f8000 	C:\Program Files\Java\jre1.8.0_77\bin\awt.dll
0x000007fefb930000 - 0x000007fefb986000 	C:\Windows\system32\uxtheme.dll
0x000007feeb010000 - 0x000007feeb038000 	C:\Program Files (x86)\Raptr\ltc_help64-106568.dll
0x000007fefd730000 - 0x000007fefd76b000 	C:\Windows\system32\WINTRUST.dll
0x000007fefd4c0000 - 0x000007fefd62d000 	C:\Windows\system32\CRYPT32.dll
0x000007fefd3c0000 - 0x000007fefd3cf000 	C:\Windows\system32\MSASN1.dll
0x000007fee6650000 - 0x000007fee6668000 	C:\Windows\system32\atig6pxx.dll
0x0000000068ea0000 - 0x000000006ad37000 	C:\Windows\system32\atio6axx.dll
0x000007feecc70000 - 0x000007feecdb8000 	C:\Windows\system32\atiadlxx.dll
0x000007fefba30000 - 0x000007fefbb5c000 	C:\Windows\system32\PROPSYS.dll
0x000007fefc4a0000 - 0x000007fefc4b1000 	C:\Windows\system32\WTSAPI32.dll
0x000007fee58a0000 - 0x000007fee58cc000 	C:\Windows\system32\atig6txx.dll
0x000007feecac0000 - 0x000007feecb5c000 	C:\Windows\system32\mscms.dll
0x000007fee4930000 - 0x000007fee4972000 	C:\Windows\system32\icm32.dll
0x0000000070a40000 - 0x0000000070adc000 	C:\Users\Sam Humby\.gradle\caches\minecraft\net\minecraft\natives\1.8\avutil-ttv-51.dll
0x0000000065980000 - 0x00000000659d6000 	C:\Users\Sam Humby\.gradle\caches\minecraft\net\minecraft\natives\1.8\swresample-ttv-0.dll
0x000000006eb80000 - 0x000000006ec50000 	C:\Users\Sam Humby\.gradle\caches\minecraft\net\minecraft\natives\1.8\libmp3lame-ttv.dll
0x000007fedacb0000 - 0x000007fedc054000 	C:\Users\Sam Humby\.gradle\caches\minecraft\net\minecraft\natives\1.8\libmfxsw64.dll
0x000007fee1fb0000 - 0x000007fee211d000 	C:\Users\Sam Humby\.gradle\caches\minecraft\net\minecraft\natives\1.8\twitchsdk.dll
0x000007fefdaa0000 - 0x000007fefdce8000 	C:\Windows\system32\WININET.dll
0x000007fefd630000 - 0x000007fefd634000 	C:\Windows\system32\api-ms-win-downlevel-user32-l1-1-0.dll
0x000007fefd640000 - 0x000007fefd644000 	C:\Windows\system32\api-ms-win-downlevel-shlwapi-l1-1-0.dll
0x000007fefd700000 - 0x000007fefd704000 	C:\Windows\system32\api-ms-win-downlevel-version-l1-1-0.dll
0x000007fefd650000 - 0x000007fefd653000 	C:\Windows\system32\api-ms-win-downlevel-normaliz-l1-1-0.dll
0x00000000777c0000 - 0x00000000777c3000 	C:\Windows\system32\normaliz.DLL
0x000007feff530000 - 0x000007feff7f7000 	C:\Windows\system32\iertutil.dll
0x000007fefd770000 - 0x000007fefd775000 	C:\Windows\system32\api-ms-win-downlevel-advapi32-l1-1-0.dll
0x0000000012b60000 - 0x0000000012bc4000 	C:\Users\Sam Humby\.gradle\caches\minecraft\net\minecraft\natives\1.8\OpenAL64.dll
0x000007fefe210000 - 0x000007fefe2a9000 	C:\Windows\system32\CLBCatQ.DLL
0x000007fefb9e0000 - 0x000007fefba2b000 	C:\Windows\System32\MMDevApi.dll
0x000007fef2700000 - 0x000007fef2788000 	C:\Windows\system32\dsound.dll
0x000007fefc460000 - 0x000007fefc48c000 	C:\Windows\system32\POWRPROF.dll
0x000007fef2340000 - 0x000007fef238f000 	C:\Windows\system32\AUDIOSES.DLL
0x000007fefdf70000 - 0x000007fefdf89000 	C:\Windows\system32\imagehlp.dll
0x000007fefcd40000 - 0x000007fefcd90000 	C:\Windows\system32\ncrypt.dll
0x000007fefcd10000 - 0x000007fefcd32000 	C:\Windows\system32\bcrypt.dll
0x000007fefc800000 - 0x000007fefc84c000 	C:\Windows\system32\bcryptprimitives.dll
0x000007fefc670000 - 0x000007fefc68b000 	C:\Windows\system32\GPAPI.dll
0x000007fef66d0000 - 0x000007fef66f7000 	C:\Windows\system32\cryptnet.dll
0x000007fefdfe0000 - 0x000007fefe032000 	C:\Windows\system32\WLDAP32.dll
0x000007feecb60000 - 0x000007feecb69000 	C:\Windows\system32\SensApi.dll
0x000007fedf8a0000 - 0x000007fedfae8000 	C:\PROGRA~2\Raptr\ltc_game64-106568.dll
0x000007feee020000 - 0x000007feee145000 	C:\Windows\system32\dbghelp.dll

VM Arguments:
jvm_args: -Dfile.encoding=Cp1252 
java_command: GradleStart --username=samalot@plagachef.com --password=jedapo
java_class_path (initial): C:\Users\Sam Humby\Desktop\Minecraft Mod\Git\Lazarus\bin;C:\Users\Sam Humby\.gradle\caches\minecraft\net\minecraftforge\forge\1.8-11.14.4.1563\snapshot\20141130\forgeSrc-1.8-11.14.4.1563.jar;C:\Users\Sam Humby\.gradle\caches\modules-2\files-2.1\net.minecraft\launchwrapper\1.12\111e7bea9c968cdb3d06ef4632bf7ff0824d0f36\launchwrapper-1.12.jar;C:\Users\Sam Humby\.gradle\caches\modules-2\files-2.1\org.ow2.asm\asm-debug-all\5.0.3\f9e364ae2a66ce2a543012a4668856e84e5dab74\asm-debug-all-5.0.3.jar;C:\Users\Sam Humby\.gradle\caches\modules-2\files-2.1\com.typesafe.akka\akka-actor_2.11\2.3.3\ed62e9fc709ca0f2ff1a3220daa8b70a2870078e\akka-actor_2.11-2.3.3.jar;C:\Users\Sam Humby\.gradle\caches\modules-2\files-2.1\com.typesafe\config\1.2.1\f771f71fdae3df231bcd54d5ca2d57f0bf93f467\config-1.2.1.jar;C:\Users\Sam Humby\.gradle\caches\modules-2\files-2.1\org.scala-lang\scala-actors-migration_2.11\1.1.0\dfa8bc42b181d5b9f1a5dd147f8ae308b893eb6f\scala-actors-migration_2.11-1.1.0.jar;C:\Users\Sam Humby\.gradle\caches\modules-2\files-2.1\org.scala-lang\scala-compiler\2.11.1\56ea2e6c025e0821f28d73ca271218b8dd04926a\scala-compiler-2.11.1.jar;C:\Users\Sam Humby\.gradle\caches\modules-2\files-2.1\org.scala-lang.plugins\scala-continuations-library_2.11\1.0.2\e517c53a7e9acd6b1668c5a35eccbaa3bab9aac\scala-continuations-library_2.11-1.0.2.jar;C:\Users\Sam Humby\.gradle\caches\modules-2\files-2.1\org.scala-lang.plugins\scala-continuations-plugin_2.11.1\1.0.2\f361a3283452c57fa30c1ee69448995de23c60f7\scala-continuations-plugin_2.11.1-1.0.2.jar;C:\Users\Sam Humby\.gradle\caches\modules-2\files-2.1\org.scala-lang\scala-library\2.11.1\e11da23da3eabab9f4777b9220e60d44c1aab6a\scala-library-2.11.1.jar;C:\Users\Sam Humby\.gradle\caches\modules-2\files-2.1\org.scala-lang.modules\scala-parser-combinators_2.11\1.0.1\f05d7345bf5a58924f2837c6c1f4d73a938e1ff0\scala-parser-combinators_2.11-1.0.1.jar;C:\Users\Sam Humby\.gradle\caches\modules-2\files-2.1\org.scala-lang\scala-reflect\2.11.1
Launcher Type: SUN_STANDARD

Environment Variables:
JAVA_HOME=C:\Program Files\Java\jdk1.8.0_77
CLASSPATH=.;C:\Program Files\Java\jre1.8.0_77\lib\ext\QTJava.zip
PATH=C:/Program Files/Java/jre1.8.0_77/bin/server;C:/Program Files/Java/jre1.8.0_77/bin;C:/Program Files/Java/jre1.8.0_77/lib/amd64;C:\Program Files (x86)\NVIDIA Corporation\PhysX\Common;C:\ProgramData\Oracle\Java\javapath;C:\Program Files (x86)\AMD APP\bin\x86_64;C:\Program Files (x86)\AMD APP\bin\x86;C:\Program Files (x86)\Intel\iCLS Client\;C:\Program Files\Intel\iCLS Client\;C:\Windows\system32;C:\Windows;C:\Windows\System32\Wbem;C:\Windows\System32\WindowsPowerShell\v1.0\;C:\Program Files\Intel\Intel(R) Management Engine Components\DAL;C:\Program Files\Intel\Intel(R) Management Engine Components\IPT;C:\Program Files (x86)\Intel\Intel(R) Management Engine Components\DAL;C:\Program Files (x86)\Intel\Intel(R) Management Engine Components\IPT;C:\Program Files (x86)\ATI Technologies\ATI.ACE\Core-Static;C:\Program Files\Java\jdk1.7.0_21\bin;C:\Program Files (x86)\QuickTime\QTSystem\;C:\Program Files (x86)\Autodesk\Backburner\;C:\Program Files (x86)\Bitvise SSH Client;C:\Program Files\digieffects\bin;C:\Program Files\nodejs\;C:\Program Files (x86)\Git\cmd;C:\php;C:\Program Files (x86)\AMD\ATI.ACE\Core-Static;C:\Program Files\OpenVPN\bin;C:\MinGW\bin;C:\Users\Sam Humby\.dnx\bin;C:\Program Files\Microsoft DNX\Dnvm\;C:\Program Files (x86)\Skype\Phone\;C:\Program Files\MiKTeX 2.9\miktex\bin\x64\;C:\Python27\Scripts;C:\Program Files\Java\jdk1.8.0_77\bin;C:\Users\Sam Humby\AppData\Roaming\npm;C:\Program Files (x86)\apache-maven-3.3.3\Bin;C:\Python27\Scripts;C:\Windows\system32;
USERNAME=Sam Humby
OS=Windows_NT
PROCESSOR_IDENTIFIER=Intel64 Family 6 Model 58 Stepping 9, GenuineIntel



---------------  S Y S T E M  ---------------

OS: Windows 7 , 64 bit Build 7601 (6.1.7601.18409)

CPU:total 4 (4 cores per cpu, 1 threads per core) family 6 model 58 stepping 9, cmov, cx8, fxsr, mmx, sse, sse2, sse3, ssse3, sse4.1, sse4.2, popcnt, avx, aes, clmul, erms, tsc, tscinvbit, tscinv

Memory: 4k page, physical 16777216k(9762104k free), swap 18872512k(9572256k free)

vm_info: Java HotSpot(TM) 64-Bit Server VM (25.77-b03) for windows-amd64 JRE (1.8.0_77-b03), built on Mar 20 2016 22:01:33 by "java_re" with MS VC++ 10.0 (VS2010)

time: Sun Jun 19 03:17:48 2016
elapsed time: 205 seconds (0d 0h 3m 25s)

