#
# A fatal error has been detected by the Java Runtime Environment:
#
#  EXCEPTION_ACCESS_VIOLATION (0xc0000005) at pc=0x000007fee9eed6c4, pid=11156, tid=0x0000000000001884
#
# JRE version: Java(TM) SE Runtime Environment (8.0_101-b13) (build 1.8.0_101-b13)
# Java VM: Java HotSpot(TM) 64-Bit Server VM (25.101-b13 mixed mode windows-amd64 compressed oops)
# Problematic frame:
# C  [OPENGL32.dll+0xdd6c4]
#
# Failed to write core dump. Minidumps are not enabled by default on client versions of Windows
#
# If you would like to submit a bug report, please visit:
#   http://bugreport.java.com/bugreport/crash.jsp
#

---------------  T H R E A D  ---------------

Current thread (0x000000001c1ae800):  VMThread [stack: 0x000000001d230000,0x000000001d330000] [id=6276]

siginfo: ExceptionCode=0xc0000005, reading address 0x0000000000000a38

Registers:
RAX=0x0000000000000000, RBX=0x0000000028e6c710, RCX=0x0000000000000001, RDX=0x0000000028e6c718
RSP=0x000000001d32f3d8, RBP=0x0000000000000000, RSI=0x0000000028e6e830, RDI=0x0000000028e6e830
R8 =0x000000001d32f458, R9 =0x000000001c095400, R10=0x000000002c88a3d0, R11=0x000000001d32f1a2
R12=0x0000000000000000, R13=0x0000000028e67100, R14=0x0000000028e66fb0, R15=0x0000000000000000
RIP=0x000007fee9eed6c4, EFLAGS=0x0000000000010287

Top of Stack: (sp=0x000000001d32f3d8)
0x000000001d32f3d8:   000007feddd4244b 0000000000000001
0x000000001d32f3e8:   0000000028e6c718 000000001d32f458
0x000000001d32f3f8:   000000001c095400 0000000000000000
0x000000001d32f408:   000007feddd47f17 0000000028e67100
0x000000001d32f418:   0000000000000001 0000000028e670e0
0x000000001d32f428:   0000000028e66fb0 fffffffffffffffe
0x000000001d32f438:   0000000077851a4a 0000000000000000
0x000000001d32f448:   000007feddd487c9 0000000028e6e830
0x000000001d32f458:   0000000028e6fc80 000007fedde31940
0x000000001d32f468:   000007fedddc5700 fffffffffffffffe
0x000000001d32f478:   00000000281ecbf0 0000000000000001
0x000000001d32f488:   0000000028e670d8 0000000028e66fb0
0x000000001d32f498:   000007fedddcd7ad 000007feddf065b0
0x000000001d32f4a8:   000007fedde31930 000000001c095400
0x000000001d32f4b8:   000000001c1af110 0000000028e670d8
0x000000001d32f4c8:   0000000028e66fb0 0000000028e66fb0 

Instructions: (pc=0x000007fee9eed6c4)
0x000007fee9eed6a4:   cc cc cc cc cc cc 66 0f 1f 44 00 00 8b 05 16 0c
0x000007fee9eed6b4:   01 00 83 f8 40 73 0f 65 48 8b 04 c5 80 14 00 00
0x000007fee9eed6c4:   ff a0 38 0a 00 00 b8 47 01 00 00 e9 ec d4 ff ff
0x000007fee9eed6d4:   cc cc cc cc cc cc 66 0f 1f 44 00 00 8b 05 e6 0b 


Register to memory mapping:

RAX=0x0000000000000000 is an unknown value
RBX=0x0000000028e6c710 is an unknown value
RCX=0x0000000000000001 is an unknown value
RDX=0x0000000028e6c718 is an unknown value
RSP=0x000000001d32f3d8 is an unknown value
RBP=0x0000000000000000 is an unknown value
RSI=0x0000000028e6e830 is an unknown value
RDI=0x0000000028e6e830 is an unknown value
R8 =0x000000001d32f458 is an unknown value
R9 =0x000000001c095400 is an unknown value
R10=0x000000002c88a3d0 is an unknown value
R11=0x000000001d32f1a2 is an unknown value
R12=0x0000000000000000 is an unknown value
R13=0x0000000028e67100 is an unknown value
R14=0x0000000028e66fb0 is an unknown value
R15=0x0000000000000000 is an unknown value


Stack: [0x000000001d230000,0x000000001d330000],  sp=0x000000001d32f3d8,  free space=1020k
Native frames: (J=compiled Java code, j=interpreted, Vv=VM code, C=native code)

VM_Operation (0x000000000261dc80): Exit, mode: safepoint, requested by thread 0x000000000222b000


---------------  P R O C E S S  ---------------

Java Threads: ( => current thread )
  0x000000001f3a8800 JavaThread "File IO Thread" [_thread_blocked, id=13228, stack(0x00000000398d0000,0x00000000399d0000)]
  0x000000001f3a2000 JavaThread "pool-2-thread-1" [_thread_blocked, id=8656, stack(0x000000003c700000,0x000000003c800000)]
  0x000000001f3b0800 JavaThread "Chunk I/O Executor Thread-1" daemon [_thread_blocked, id=11496, stack(0x000000003cb70000,0x000000003cc70000)]
  0x000000001f3b0000 JavaThread "Netty Server IO #1" daemon [_thread_in_native, id=11076, stack(0x000000003c920000,0x000000003ca20000)]
  0x000000001f3af000 JavaThread "Netty Local Client IO #0" daemon [_thread_blocked, id=10180, stack(0x000000003ca40000,0x000000003cb40000)]
  0x000000001f3ad800 JavaThread "Netty Server IO #0" daemon [_thread_in_native, id=13256, stack(0x000000003a850000,0x000000003a950000)]
  0x000000001f3ac000 JavaThread "Chunk Batcher 1" daemon [_thread_blocked, id=12916, stack(0x0000000028f50000,0x0000000029050000)]
  0x000000001f3ab800 JavaThread "Chunk Batcher 0" daemon [_thread_blocked, id=8752, stack(0x000000002e9a0000,0x000000002eaa0000)]
  0x000000001f3a6000 JavaThread "LWJGL Timer" daemon [_thread_blocked, id=12796, stack(0x000000002d2e0000,0x000000002d3e0000)]
  0x000000001f3a3800 JavaThread "Java2D Disposer" daemon [_thread_blocked, id=10160, stack(0x0000000025560000,0x0000000025660000)]
  0x000000001f3a3000 JavaThread "Timer hack thread" daemon [_thread_blocked, id=11576, stack(0x0000000023bc0000,0x0000000023cc0000)]
  0x000000001f3a1800 JavaThread "Snooper Timer" daemon [_thread_blocked, id=12756, stack(0x0000000023d40000,0x0000000023e40000)]
  0x000000001d850800 JavaThread "Service Thread" daemon [_thread_blocked, id=12852, stack(0x000000001e220000,0x000000001e320000)]
  0x000000001d7c6800 JavaThread "C1 CompilerThread2" daemon [_thread_blocked, id=6552, stack(0x000000001df50000,0x000000001e050000)]
  0x000000001d7c5000 JavaThread "C2 CompilerThread1" daemon [_thread_blocked, id=12600, stack(0x000000001dc00000,0x000000001dd00000)]
  0x000000001c21f000 JavaThread "C2 CompilerThread0" daemon [_thread_blocked, id=12520, stack(0x000000001dd70000,0x000000001de70000)]
  0x000000001c21d800 JavaThread "Attach Listener" daemon [_thread_blocked, id=12300, stack(0x000000001d6b0000,0x000000001d7b0000)]
  0x000000001c21a000 JavaThread "Signal Dispatcher" daemon [_thread_blocked, id=8432, stack(0x000000001d540000,0x000000001d640000)]
  0x000000001c1fd800 JavaThread "Finalizer" daemon [_thread_blocked, id=6536, stack(0x000000001d3d0000,0x000000001d4d0000)]
  0x000000001c1b6800 JavaThread "Reference Handler" daemon [_thread_blocked, id=12900, stack(0x000000001d120000,0x000000001d220000)]
  0x000000000222b000 JavaThread "Client thread" [_thread_blocked, id=11588, stack(0x0000000002520000,0x0000000002620000)]

Other Threads:
=>0x000000001c1ae800 VMThread [stack: 0x000000001d230000,0x000000001d330000] [id=6276]

VM state:at safepoint (shutting down)

VM Mutex/Monitor currently owned by a thread:  ([mutex/lock_event])
[0x0000000002229700] Threads_lock - owner thread: 0x000000001c1ae800

Heap:
 PSYoungGen      total 929280K, used 494003K [0x000000076ab00000, 0x00000007a9100000, 0x00000007c0000000)
  eden space 885760K, 55% used [0x000000076ab00000,0x000000078883d858,0x00000007a0c00000)
  from space 43520K, 12% used [0x00000007a6680000,0x00000007a6baf440,0x00000007a9100000)
  to   space 68096K, 0% used [0x00000007a0c00000,0x00000007a0c00000,0x00000007a4e80000)
 ParOldGen       total 344064K, used 170169K [0x00000006c0000000, 0x00000006d5000000, 0x000000076ab00000)
  object space 344064K, 49% used [0x00000006c0000000,0x00000006ca62e7b8,0x00000006d5000000)
 Metaspace       used 44257K, capacity 44647K, committed 45184K, reserved 1089536K
  class space    used 5294K, capacity 5432K, committed 5504K, reserved 1048576K

Card table byte_map: [0x0000000011cb0000,0x00000000124c0000] byte_map_base: 0x000000000e6b0000

Marking Bits: (ParMarkBitMap*) 0x000000006fbea6d0
 Begin Bits: [0x0000000013020000, 0x0000000017020000)
 End Bits:   [0x0000000017020000, 0x000000001b020000)

Polling page: 0x0000000000120000

CodeCache: size=245760Kb used=32240Kb max_used=32253Kb free=213519Kb
 bounds [0x00000000028f0000, 0x00000000048b0000, 0x00000000118f0000]
 total_blobs=8753 nmethods=7883 adapters=780
 compilation: enabled

Compilation events (10 events):
Event: 39.690 Thread 0x000000001d7c6800 10474   !   3       java.util.Formatter$FormatSpecifier::width (59 bytes)
Event: 39.690 Thread 0x000000001d7c6800 nmethod 10474 0x000000000488d4d0 code [0x000000000488d660, 0x000000000488d9b8]
Event: 39.690 Thread 0x000000001d7c5000 nmethod 10469 0x000000000488f390 code [0x000000000488f4e0, 0x000000000488f698]
Event: 39.690 Thread 0x000000001d7c5000 10473       4       java.util.Arrays::rangeCheck (74 bytes)
Event: 39.691 Thread 0x000000001d7c5000 nmethod 10473 0x000000000488f0d0 code [0x000000000488f200, 0x000000000488f298]
Event: 39.692 Thread 0x000000001d7c5000 10475       4       com.google.common.collect.RegularImmutableMap$NonTerminalMapEntry::<init> (12 bytes)
Event: 39.692 Thread 0x000000001d7c5000 nmethod 10475 0x000000000489c8d0 code [0x000000000489ca00, 0x000000000489cad8]
Event: 39.700 Thread 0x000000001c21f000 nmethod 10470 0x000000000489ef10 code [0x000000000489f0e0, 0x000000000489fcd8]
Event: 39.730 Thread 0x000000001d7c6800 10476       1       org.apache.logging.log4j.core.config.LoggerConfig::getLevel (5 bytes)
Event: 39.731 Thread 0x000000001d7c6800 nmethod 10476 0x000000000489ec50 code [0x000000000489eda0, 0x000000000489eeb0]

GC Heap History (10 events):
Event: 22.706 GC heap before
{Heap before GC invocations=18 (full 4):
 PSYoungGen      total 841216K, used 376245K [0x000000076ab00000, 0x00000007a2a00000, 0x00000007c0000000)
  eden space 774144K, 48% used [0x000000076ab00000,0x0000000781a6d6c8,0x0000000799f00000)
  from space 67072K, 0% used [0x0000000799f00000,0x0000000799f00000,0x000000079e080000)
  to   space 69120K, 0% used [0x000000079e680000,0x000000079e680000,0x00000007a2a00000)
 ParOldGen       total 180224K, used 129104K [0x00000006c0000000, 0x00000006cb000000, 0x000000076ab00000)
  object space 180224K, 71% used [0x00000006c0000000,0x00000006c7e14060,0x00000006cb000000)
 Metaspace       used 41664K, capacity 42065K, committed 42496K, reserved 1087488K
  class space    used 5185K, capacity 5327K, committed 5376K, reserved 1048576K
Event: 22.721 GC heap after
Heap after GC invocations=18 (full 4):
 PSYoungGen      total 845312K, used 36689K [0x000000076ab00000, 0x00000007a2800000, 0x00000007c0000000)
  eden space 778240K, 0% used [0x000000076ab00000,0x000000076ab00000,0x000000079a300000)
  from space 67072K, 54% used [0x000000079e680000,0x00000007a0a54590,0x00000007a2800000)
  to   space 68096K, 0% used [0x000000079a300000,0x000000079a300000,0x000000079e580000)
 ParOldGen       total 180224K, used 129112K [0x00000006c0000000, 0x00000006cb000000, 0x000000076ab00000)
  object space 180224K, 71% used [0x00000006c0000000,0x00000006c7e16060,0x00000006cb000000)
 Metaspace       used 41664K, capacity 42065K, committed 42496K, reserved 1087488K
  class space    used 5185K, capacity 5327K, committed 5376K, reserved 1048576K
}
Event: 22.721 GC heap before
{Heap before GC invocations=19 (full 5):
 PSYoungGen      total 845312K, used 36689K [0x000000076ab00000, 0x00000007a2800000, 0x00000007c0000000)
  eden space 778240K, 0% used [0x000000076ab00000,0x000000076ab00000,0x000000079a300000)
  from space 67072K, 54% used [0x000000079e680000,0x00000007a0a54590,0x00000007a2800000)
  to   space 68096K, 0% used [0x000000079a300000,0x000000079a300000,0x000000079e580000)
 ParOldGen       total 180224K, used 129112K [0x00000006c0000000, 0x00000006cb000000, 0x000000076ab00000)
  object space 180224K, 71% used [0x00000006c0000000,0x00000006c7e16060,0x00000006cb000000)
 Metaspace       used 41664K, capacity 42065K, committed 42496K, reserved 1087488K
  class space    used 5185K, capacity 5327K, committed 5376K, reserved 1048576K
Event: 23.115 GC heap after
Heap after GC invocations=19 (full 5):
 PSYoungGen      total 845312K, used 0K [0x000000076ab00000, 0x00000007a2800000, 0x00000007c0000000)
  eden space 778240K, 0% used [0x000000076ab00000,0x000000076ab00000,0x000000079a300000)
  from space 67072K, 0% used [0x000000079e680000,0x000000079e680000,0x00000007a2800000)
  to   space 68096K, 0% used [0x000000079a300000,0x000000079a300000,0x000000079e580000)
 ParOldGen       total 180224K, used 161833K [0x00000006c0000000, 0x00000006cb000000, 0x000000076ab00000)
  object space 180224K, 89% used [0x00000006c0000000,0x00000006c9e0a6a0,0x00000006cb000000)
 Metaspace       used 41664K, capacity 42065K, committed 42496K, reserved 1087488K
  class space    used 5185K, capacity 5327K, committed 5376K, reserved 1048576K
}
Event: 24.855 GC heap before
{Heap before GC invocations=20 (full 6):
 PSYoungGen      total 845312K, used 778240K [0x000000076ab00000, 0x00000007a2800000, 0x00000007c0000000)
  eden space 778240K, 100% used [0x000000076ab00000,0x000000079a300000,0x000000079a300000)
  from space 67072K, 0% used [0x000000079e680000,0x000000079e680000,0x00000007a2800000)
  to   space 68096K, 0% used [0x000000079a300000,0x000000079a300000,0x000000079e580000)
 ParOldGen       total 180224K, used 161833K [0x00000006c0000000, 0x00000006cb000000, 0x000000076ab00000)
  object space 180224K, 89% used [0x00000006c0000000,0x00000006c9e0a6a0,0x00000006cb000000)
 Metaspace       used 43095K, capacity 43489K, committed 43904K, reserved 1087488K
  class space    used 5279K, capacity 5431K, committed 5504K, reserved 1048576K
Event: 24.999 GC heap after
Heap after GC invocations=20 (full 6):
 PSYoungGen      total 845312K, used 0K [0x000000076ab00000, 0x00000007a2800000, 0x00000007c0000000)
  eden space 778240K, 0% used [0x000000076ab00000,0x000000076ab00000,0x000000079a300000)
  from space 67072K, 0% used [0x000000079e680000,0x000000079e680000,0x00000007a2800000)
  to   space 68096K, 0% used [0x000000079a300000,0x000000079a300000,0x000000079e580000)
 ParOldGen       total 344064K, used 170153K [0x00000006c0000000, 0x00000006d5000000, 0x000000076ab00000)
  object space 344064K, 49% used [0x00000006c0000000,0x00000006ca62a7b8,0x00000006d5000000)
 Metaspace       used 43095K, capacity 43489K, committed 43904K, reserved 1087488K
  class space    used 5279K, capacity 5431K, committed 5504K, reserved 1048576K
}
Event: 29.498 GC heap before
{Heap before GC invocations=21 (full 6):
 PSYoungGen      total 845312K, used 778240K [0x000000076ab00000, 0x00000007a2800000, 0x00000007c0000000)
  eden space 778240K, 100% used [0x000000076ab00000,0x000000079a300000,0x000000079a300000)
  from space 67072K, 0% used [0x000000079e680000,0x000000079e680000,0x00000007a2800000)
  to   space 68096K, 0% used [0x000000079a300000,0x000000079a300000,0x000000079e580000)
 ParOldGen       total 344064K, used 170153K [0x00000006c0000000, 0x00000006d5000000, 0x000000076ab00000)
  object space 344064K, 49% used [0x00000006c0000000,0x00000006ca62a7b8,0x00000006d5000000)
 Metaspace       used 43637K, capacity 44007K, committed 44416K, reserved 1087488K
  class space    used 5280K, capacity 5432K, committed 5504K, reserved 1048576K
Event: 29.501 GC heap after
Heap after GC invocations=21 (full 6):
 PSYoungGen      total 846336K, used 5325K [0x000000076ab00000, 0x00000007aa900000, 0x00000007c0000000)
  eden space 778240K, 0% used [0x000000076ab00000,0x000000076ab00000,0x000000079a300000)
  from space 68096K, 7% used [0x000000079a300000,0x000000079a833450,0x000000079e580000)
  to   space 68096K, 0% used [0x00000007a6680000,0x00000007a6680000,0x00000007aa900000)
 ParOldGen       total 344064K, used 170161K [0x00000006c0000000, 0x00000006d5000000, 0x000000076ab00000)
  object space 344064K, 49% used [0x00000006c0000000,0x00000006ca62c7b8,0x00000006d5000000)
 Metaspace       used 43637K, capacity 44007K, committed 44416K, reserved 1087488K
  class space    used 5280K, capacity 5432K, committed 5504K, reserved 1048576K
}
Event: 35.699 GC heap before
{Heap before GC invocations=22 (full 6):
 PSYoungGen      total 846336K, used 783565K [0x000000076ab00000, 0x00000007aa900000, 0x00000007c0000000)
  eden space 778240K, 100% used [0x000000076ab00000,0x000000079a300000,0x000000079a300000)
  from space 68096K, 7% used [0x000000079a300000,0x000000079a833450,0x000000079e580000)
  to   space 68096K, 0% used [0x00000007a6680000,0x00000007a6680000,0x00000007aa900000)
 ParOldGen       total 344064K, used 170161K [0x00000006c0000000, 0x00000006d5000000, 0x000000076ab00000)
  object space 344064K, 49% used [0x00000006c0000000,0x00000006ca62c7b8,0x00000006d5000000)
 Metaspace       used 44037K, capacity 44519K, committed 44928K, reserved 1089536K
  class space    used 5283K, capacity 5432K, committed 5504K, reserved 1048576K
Event: 35.702 GC heap after
Heap after GC invocations=22 (full 6):
 PSYoungGen      total 929280K, used 5309K [0x000000076ab00000, 0x00000007a9100000, 0x00000007c0000000)
  eden space 885760K, 0% used [0x000000076ab00000,0x000000076ab00000,0x00000007a0c00000)
  from space 43520K, 12% used [0x00000007a6680000,0x00000007a6baf440,0x00000007a9100000)
  to   space 68096K, 0% used [0x00000007a0c00000,0x00000007a0c00000,0x00000007a4e80000)
 ParOldGen       total 344064K, used 170169K [0x00000006c0000000, 0x00000006d5000000, 0x000000076ab00000)
  object space 344064K, 49% used [0x00000006c0000000,0x00000006ca62e7b8,0x00000006d5000000)
 Metaspace       used 44037K, capacity 44519K, committed 44928K, reserved 1089536K
  class space    used 5283K, capacity 5432K, committed 5504K, reserved 1048576K
}

Deoptimization events (10 events):
Event: 39.546 Thread 0x000000001f3a6800 Uncommon trap: reason=unstable_if action=reinterpret pc=0x0000000003bf8a7c method=net.minecraft.world.World.isChunkLoaded(IIZ)Z @ 11
Event: 39.546 Thread 0x000000001f3a6800 Uncommon trap: reason=unstable_if action=reinterpret pc=0x00000000047e7f60 method=net.minecraft.entity.EntityLiving.despawnEntity()V @ 76
Event: 39.591 Thread 0x000000001f3a6800 Uncommon trap: reason=class_check action=maybe_recompile pc=0x0000000003f767cc method=com.google.common.cache.LocalCache$Segment.drainRecencyQueue()V @ 4
Event: 39.591 Thread 0x000000001f3a6800 Uncommon trap: reason=class_check action=maybe_recompile pc=0x0000000003f767cc method=com.google.common.cache.LocalCache$Segment.drainRecencyQueue()V @ 4
Event: 39.591 Thread 0x000000001f3a6800 Uncommon trap: reason=class_check action=maybe_recompile pc=0x0000000003f767cc method=com.google.common.cache.LocalCache$Segment.drainRecencyQueue()V @ 4
Event: 39.602 Thread 0x000000001f3a6800 Uncommon trap: reason=unstable_if action=reinterpret pc=0x000000000487fe84 method=net.minecraft.world.chunk.storage.AnvilChunkLoader.writeChunkToNBT(Lnet/minecraft/world/chunk/Chunk;Lnet/minecraft/world/World;Lnet/minecraft/nbt/NBTTagCompound;)V @ 499
Event: 39.618 Thread 0x000000001f3a6800 Uncommon trap: reason=unstable_if action=reinterpret pc=0x000000000483c1f8 method=java.util.Collections$SetFromMap.add(Ljava/lang/Object;)Z @ 13
Event: 39.689 Thread 0x000000001f3a6800 Uncommon trap: reason=class_check action=maybe_recompile pc=0x0000000003f767cc method=com.google.common.cache.LocalCache$Segment.drainRecencyQueue()V @ 4
Event: 39.692 Thread 0x000000001f3a6800 Uncommon trap: reason=unstable_if action=reinterpret pc=0x0000000003edcddc method=sun.reflect.misc.ReflectUtil.needsPackageAccessCheck(Ljava/lang/ClassLoader;Ljava/lang/ClassLoader;)Z @ 6
Event: 39.728 Thread 0x000000000222b000 Uncommon trap: reason=unstable_if action=reinterpret pc=0x0000000002f07f10 method=net.minecraftforge.fml.relauncher.FMLSecurityManager.checkPermission(Ljava/security/Permission;)V @ 23

Internal exceptions (10 events):
Event: 39.267 Thread 0x000000001f3a8800 Exception <a 'java/lang/InterruptedException': sleep interrupted> (0x000000076bc90600) thrown at [C:\re\workspace\8-2-build-windows-amd64-cygwin\jdk8u101\7261\hotspot\src\share\vm\prims\jvm.cpp, line 3215]
Event: 39.282 Thread 0x000000001f3a8800 Exception <a 'java/lang/InterruptedException': sleep interrupted> (0x000000076bc908a8) thrown at [C:\re\workspace\8-2-build-windows-amd64-cygwin\jdk8u101\7261\hotspot\src\share\vm\prims\jvm.cpp, line 3215]
Event: 39.299 Thread 0x000000001f3a8800 Exception <a 'java/lang/InterruptedException': sleep interrupted> (0x000000076bc90b50) thrown at [C:\re\workspace\8-2-build-windows-amd64-cygwin\jdk8u101\7261\hotspot\src\share\vm\prims\jvm.cpp, line 3215]
Event: 39.317 Thread 0x000000001f3a8800 Exception <a 'java/lang/InterruptedException': sleep interrupted> (0x000000076bc90df8) thrown at [C:\re\workspace\8-2-build-windows-amd64-cygwin\jdk8u101\7261\hotspot\src\share\vm\prims\jvm.cpp, line 3215]
Event: 39.332 Thread 0x000000001f3a8800 Exception <a 'java/lang/InterruptedException': sleep interrupted> (0x000000076bc910a0) thrown at [C:\re\workspace\8-2-build-windows-amd64-cygwin\jdk8u101\7261\hotspot\src\share\vm\prims\jvm.cpp, line 3215]
Event: 39.433 Thread 0x000000001f3a8800 Exception <a 'java/lang/InterruptedException': sleep interrupted> (0x000000076bc91348) thrown at [C:\re\workspace\8-2-build-windows-amd64-cygwin\jdk8u101\7261\hotspot\src\share\vm\prims\jvm.cpp, line 3215]
Event: 39.513 Thread 0x000000001f3a8800 Exception <a 'java/lang/InterruptedException': sleep interrupted> (0x000000076bc915f0) thrown at [C:\re\workspace\8-2-build-windows-amd64-cygwin\jdk8u101\7261\hotspot\src\share\vm\prims\jvm.cpp, line 3215]
Event: 39.612 Thread 0x000000001f3ad000 Exception <a 'java/lang/InterruptedException': sleep interrupted> (0x0000000787861c48) thrown at [C:\re\workspace\8-2-build-windows-amd64-cygwin\jdk8u101\7261\hotspot\src\share\vm\prims\jvm.cpp, line 3215]
Event: 39.691 Thread 0x000000001f3a6800 NullPointerException at vtable entry 0x0000000002a04050
Event: 39.691 Thread 0x000000001f3a6800 Exception <a 'java/lang/NullPointerException'> (0x00000007872262d8) thrown at [C:\re\workspace\8-2-build-windows-amd64-cygwin\jdk8u101\7261\hotspot\src\share\vm\runtime\sharedRuntime.cpp, line 605]

Events (10 events):
Event: 39.729 loading class org/apache/logging/log4j/core/config/NullConfiguration done
Event: 39.729 Thread 0x000000001f3a5000 Thread exited: 0x000000001f3a5000
Event: 39.729 Thread 0x000000001f3aa800 Thread exited: 0x000000001f3aa800
Event: 39.730 loading class javax/servlet/ServletContext
Event: 39.730 loading class javax/servlet/ServletContext done
Event: 39.730 loading class javax/servlet/ServletContext
Event: 39.730 loading class javax/servlet/ServletContext done
Event: 39.731 Thread 0x000000001f3ad000 Thread exited: 0x000000001f3ad000
Event: 39.731 Executing VM operation: Exit
Event: 39.731 Thread 0x000000001f3a6800 Thread exited: 0x000000001f3a6800


Dynamic libraries:
0x000000013f650000 - 0x000000013f687000 	C:\Program Files\Java\jre1.8.0_101\bin\javaw.exe
0x0000000077a50000 - 0x0000000077bf9000 	C:\Windows\SYSTEM32\ntdll.dll
0x0000000077830000 - 0x000000007794f000 	C:\Windows\system32\kernel32.dll
0x000007fefdae0000 - 0x000007fefdb4c000 	C:\Windows\system32\KERNELBASE.dll
0x000007fefe960000 - 0x000007fefea3b000 	C:\Windows\system32\ADVAPI32.dll
0x000007fefe300000 - 0x000007fefe39f000 	C:\Windows\system32\msvcrt.dll
0x000007fefe480000 - 0x000007fefe49f000 	C:\Windows\SYSTEM32\sechost.dll
0x000007fefe100000 - 0x000007fefe22d000 	C:\Windows\system32\RPCRT4.dll
0x0000000077950000 - 0x0000000077a4a000 	C:\Windows\system32\USER32.dll
0x000007fefe290000 - 0x000007fefe2f7000 	C:\Windows\system32\GDI32.dll
0x000007fefec70000 - 0x000007fefec7e000 	C:\Windows\system32\LPK.dll
0x000007fefec80000 - 0x000007fefed49000 	C:\Windows\system32\USP10.dll
0x000007fefc3a0000 - 0x000007fefc594000 	C:\Windows\WinSxS\amd64_microsoft.windows.common-controls_6595b64144ccf1df_6.0.7601.17514_none_fa396087175ac9ac\COMCTL32.dll
0x000007fefea60000 - 0x000007fefead1000 	C:\Windows\system32\SHLWAPI.dll
0x000007feffd30000 - 0x000007feffd5e000 	C:\Windows\system32\IMM32.DLL
0x000007fefe7d0000 - 0x000007fefe8d9000 	C:\Windows\system32\MSCTF.dll
0x0000000079270000 - 0x0000000079342000 	C:\Program Files\Java\jre1.8.0_101\bin\msvcr100.dll
0x000000006f3d0000 - 0x000000006fc6a000 	C:\Program Files\Java\jre1.8.0_101\bin\server\jvm.dll
0x000007feead80000 - 0x000007feead89000 	C:\Windows\system32\WSOCK32.dll
0x000007fefe240000 - 0x000007fefe28d000 	C:\Windows\system32\WS2_32.dll
0x000007fefe230000 - 0x000007fefe238000 	C:\Windows\system32\NSI.dll
0x000007fef9fb0000 - 0x000007fef9feb000 	C:\Windows\system32\WINMM.dll
0x000007fefc8b0000 - 0x000007fefc8bc000 	C:\Windows\system32\VERSION.dll
0x0000000077c20000 - 0x0000000077c27000 	C:\Windows\system32\PSAPI.DLL
0x000000005bb90000 - 0x000000005bb9f000 	C:\Program Files\Java\jre1.8.0_101\bin\verify.dll
0x0000000077e60000 - 0x0000000077e89000 	C:\Program Files\Java\jre1.8.0_101\bin\java.dll
0x0000000059ec0000 - 0x0000000059ed6000 	C:\Program Files\Java\jre1.8.0_101\bin\zip.dll
0x000007fefefa0000 - 0x000007feffd28000 	C:\Windows\system32\SHELL32.dll
0x000007fefde50000 - 0x000007fefe053000 	C:\Windows\system32\ole32.dll
0x000007fefd810000 - 0x000007fefd81f000 	C:\Windows\system32\profapi.dll
0x00000000595b0000 - 0x00000000595bd000 	C:\Program Files\Java\jre1.8.0_101\bin\management.dll
0x000000005b3b0000 - 0x000000005b3ca000 	C:\Program Files\Java\jre1.8.0_101\bin\net.dll
0x000007fefcfb0000 - 0x000007fefd005000 	C:\Windows\system32\mswsock.dll
0x000007fefcfa0000 - 0x000007fefcfa7000 	C:\Windows\System32\wship6.dll
0x0000000057c90000 - 0x0000000057ca1000 	C:\Program Files\Java\jre1.8.0_101\bin\nio.dll
0x000007fefb310000 - 0x000007fefb325000 	C:\Windows\system32\NLAapi.dll
0x000007fee49c0000 - 0x000007fee49d5000 	C:\Windows\system32\napinsp.dll
0x000007fee4950000 - 0x000007fee4969000 	C:\Windows\system32\pnrpnsp.dll
0x000007fee4a60000 - 0x000007fee4a6b000 	C:\Windows\System32\winrnr.dll
0x000007fee5070000 - 0x000007fee5082000 	C:\Windows\system32\PrxerNsp.dll
0x000007fefce30000 - 0x000007fefce8b000 	C:\Windows\system32\DNSAPI.dll
0x000007fefc9d0000 - 0x000007fefc9d7000 	C:\Windows\System32\wshtcpip.dll
0x000007fefb1b0000 - 0x000007fefb1d7000 	C:\Windows\system32\IPHLPAPI.DLL
0x000007fefb1a0000 - 0x000007fefb1ab000 	C:\Windows\system32\WINNSI.DLL
0x000007fee5060000 - 0x000007fee5068000 	C:\Windows\system32\rasadhlp.dll
0x000007fefb000000 - 0x000007fefb053000 	C:\Windows\System32\fwpuclnt.dll
0x0000000077f00000 - 0x0000000077f24000 	C:\Program Files\Java\jre1.8.0_101\bin\sunec.dll
0x000007fefd010000 - 0x000007fefd028000 	C:\Windows\system32\CRYPTSP.dll
0x000007fefcd10000 - 0x000007fefcd57000 	C:\Windows\system32\rsaenh.dll
0x000007fefdba0000 - 0x000007fefdbbe000 	C:\Windows\system32\USERENV.dll
0x000007fefd670000 - 0x000007fefd67f000 	C:\Windows\system32\CRYPTBASE.dll
0x000007fefaf90000 - 0x000007fefafa1000 	C:\Windows\system32\dhcpcsvc6.DLL
0x000007fefaf70000 - 0x000007fefaf88000 	C:\Windows\system32\dhcpcsvc.DLL
0x000000005c4c0000 - 0x000000005c4cb000 	C:\Program Files\Java\jre1.8.0_101\bin\sunmscapi.dll
0x000007fefd970000 - 0x000007fefdadd000 	C:\Windows\system32\CRYPT32.dll
0x000007fefd820000 - 0x000007fefd82f000 	C:\Windows\system32\MSASN1.dll
0x0000000180000000 - 0x0000000180051000 	C:\Users\Sam Humby\.gradle\caches\minecraft\net\minecraft\natives\1.8\lwjgl64.dll
0x000007fee9e10000 - 0x000007fee9f2d000 	C:\Windows\system32\OPENGL32.dll
0x000007feee900000 - 0x000007feee92d000 	C:\Windows\system32\GLU32.dll
0x000007fee0da0000 - 0x000007fee0e91000 	C:\Windows\system32\DDRAW.dll
0x000007fee5030000 - 0x000007fee5038000 	C:\Windows\system32\DCIMAN32.dll
0x000007fefdbd0000 - 0x000007fefdda7000 	C:\Windows\system32\SETUPAPI.dll
0x000007fefd830000 - 0x000007fefd866000 	C:\Windows\system32\CFGMGR32.dll
0x000007fefe3a0000 - 0x000007fefe477000 	C:\Windows\system32\OLEAUT32.dll
0x000007fefdb80000 - 0x000007fefdb9a000 	C:\Windows\system32\DEVOBJ.dll
0x000007fefc890000 - 0x000007fefc8a8000 	C:\Windows\system32\dwmapi.dll
0x000000006c0b0000 - 0x000000006c248000 	C:\Program Files\Java\jre1.8.0_101\bin\awt.dll
0x000007fefc1c0000 - 0x000007fefc216000 	C:\Windows\system32\uxtheme.dll
0x000007fee17d0000 - 0x000007fee17f8000 	C:\Program Files (x86)\Raptr\ltc_help64-106568.dll
0x000007fefd880000 - 0x000007fefd8bb000 	C:\Windows\system32\WINTRUST.dll
0x000007feee8e0000 - 0x000007feee8ff000 	C:\Windows\system32\atig6pxx.dll
0x0000000068160000 - 0x000000006a133000 	C:\Windows\system32\atio6axx.dll
0x000007feeda30000 - 0x000007feedb80000 	C:\Windows\system32\atiadlxx.dll
0x000007fefc220000 - 0x000007fefc34c000 	C:\Windows\system32\PROPSYS.dll
0x000007fefc8f0000 - 0x000007fefc901000 	C:\Windows\system32\WTSAPI32.dll
0x000007feeb310000 - 0x000007feeb343000 	C:\Windows\system32\atig6txx.dll
0x000007fefbb50000 - 0x000007fefbbec000 	C:\Windows\system32\mscms.dll
0x000007fee4180000 - 0x000007fee41c2000 	C:\Windows\system32\icm32.dll
0x0000000070a40000 - 0x0000000070adc000 	C:\Users\Sam Humby\.gradle\caches\minecraft\net\minecraft\natives\1.8\avutil-ttv-51.dll
0x0000000065980000 - 0x00000000659d6000 	C:\Users\Sam Humby\.gradle\caches\minecraft\net\minecraft\natives\1.8\swresample-ttv-0.dll
0x000000006eb80000 - 0x000000006ec50000 	C:\Users\Sam Humby\.gradle\caches\minecraft\net\minecraft\natives\1.8\libmp3lame-ttv.dll
0x000007feddf30000 - 0x000007fedf2d4000 	C:\Users\Sam Humby\.gradle\caches\minecraft\net\minecraft\natives\1.8\libmfxsw64.dll
0x000007fee4270000 - 0x000007fee43dd000 	C:\Users\Sam Humby\.gradle\caches\minecraft\net\minecraft\natives\1.8\twitchsdk.dll
0x000007fefed50000 - 0x000007fefef98000 	C:\Windows\system32\WININET.dll
0x000007fefdb50000 - 0x000007fefdb54000 	C:\Windows\system32\api-ms-win-downlevel-user32-l1-1-0.dll
0x000007fefdb60000 - 0x000007fefdb64000 	C:\Windows\system32\api-ms-win-downlevel-shlwapi-l1-1-0.dll
0x000007fefd870000 - 0x000007fefd874000 	C:\Windows\system32\api-ms-win-downlevel-version-l1-1-0.dll
0x000007fefdbc0000 - 0x000007fefdbc3000 	C:\Windows\system32\api-ms-win-downlevel-normaliz-l1-1-0.dll
0x0000000077c10000 - 0x0000000077c13000 	C:\Windows\system32\normaliz.DLL
0x000007fefe4a0000 - 0x000007fefe767000 	C:\Windows\system32\iertutil.dll
0x000007fefdb70000 - 0x000007fefdb75000 	C:\Windows\system32\api-ms-win-downlevel-advapi32-l1-1-0.dll
0x000000001d330000 - 0x000000001d394000 	C:\Users\Sam Humby\.gradle\caches\minecraft\net\minecraft\natives\1.8\OpenAL64.dll
0x000007fefe060000 - 0x000007fefe0f9000 	C:\Windows\system32\CLBCatQ.DLL
0x000007fefbdb0000 - 0x000007fefbdfb000 	C:\Windows\System32\MMDevApi.dll
0x000007fef3320000 - 0x000007fef33a8000 	C:\Windows\system32\dsound.dll
0x000007fefc8c0000 - 0x000007fefc8ec000 	C:\Windows\system32\POWRPROF.dll
0x000007fef3000000 - 0x000007fef304f000 	C:\Windows\system32\AUDIOSES.DLL
0x000007fefea40000 - 0x000007fefea59000 	C:\Windows\system32\imagehlp.dll
0x000007fefd190000 - 0x000007fefd1e0000 	C:\Windows\system32\ncrypt.dll
0x000007fefd160000 - 0x000007fefd182000 	C:\Windows\system32\bcrypt.dll
0x000007fefcc50000 - 0x000007fefcc9c000 	C:\Windows\system32\bcryptprimitives.dll
0x000007fefcac0000 - 0x000007fefcadb000 	C:\Windows\system32\GPAPI.dll
0x000007fef9330000 - 0x000007fef9357000 	C:\Windows\system32\cryptnet.dll
0x000007fefe770000 - 0x000007fefe7c2000 	C:\Windows\system32\WLDAP32.dll
0x000007fefbbf0000 - 0x000007fefbbf9000 	C:\Windows\system32\SensApi.dll
0x000007feddce0000 - 0x000007feddf28000 	C:\PROGRA~2\Raptr\ltc_game64-106568.dll
0x000007feedb80000 - 0x000007feedca5000 	C:\Windows\system32\dbghelp.dll

VM Arguments:
jvm_args: -Dfile.encoding=Cp1252 
java_command: GradleStart --username=samalot@plagachef.com --password=jedapo
java_class_path (initial): C:\Users\Sam Humby\Desktop\Minecraft Mod\Git\Lazarus\bin;C:\Users\Sam Humby\.gradle\caches\minecraft\net\minecraftforge\forge\1.8-11.14.4.1563\snapshot\20141130\forgeSrc-1.8-11.14.4.1563.jar;C:\Users\Sam Humby\.gradle\caches\modules-2\files-2.1\net.minecraft\launchwrapper\1.12\111e7bea9c968cdb3d06ef4632bf7ff0824d0f36\launchwrapper-1.12.jar;C:\Users\Sam Humby\.gradle\caches\modules-2\files-2.1\org.ow2.asm\asm-debug-all\5.0.3\f9e364ae2a66ce2a543012a4668856e84e5dab74\asm-debug-all-5.0.3.jar;C:\Users\Sam Humby\.gradle\caches\modules-2\files-2.1\com.typesafe.akka\akka-actor_2.11\2.3.3\ed62e9fc709ca0f2ff1a3220daa8b70a2870078e\akka-actor_2.11-2.3.3.jar;C:\Users\Sam Humby\.gradle\caches\modules-2\files-2.1\com.typesafe\config\1.2.1\f771f71fdae3df231bcd54d5ca2d57f0bf93f467\config-1.2.1.jar;C:\Users\Sam Humby\.gradle\caches\modules-2\files-2.1\org.scala-lang\scala-actors-migration_2.11\1.1.0\dfa8bc42b181d5b9f1a5dd147f8ae308b893eb6f\scala-actors-migration_2.11-1.1.0.jar;C:\Users\Sam Humby\.gradle\caches\modules-2\files-2.1\org.scala-lang\scala-compiler\2.11.1\56ea2e6c025e0821f28d73ca271218b8dd04926a\scala-compiler-2.11.1.jar;C:\Users\Sam Humby\.gradle\caches\modules-2\files-2.1\org.scala-lang.plugins\scala-continuations-library_2.11\1.0.2\e517c53a7e9acd6b1668c5a35eccbaa3bab9aac\scala-continuations-library_2.11-1.0.2.jar;C:\Users\Sam Humby\.gradle\caches\modules-2\files-2.1\org.scala-lang.plugins\scala-continuations-plugin_2.11.1\1.0.2\f361a3283452c57fa30c1ee69448995de23c60f7\scala-continuations-plugin_2.11.1-1.0.2.jar;C:\Users\Sam Humby\.gradle\caches\modules-2\files-2.1\org.scala-lang\scala-library\2.11.1\e11da23da3eabab9f4777b9220e60d44c1aab6a\scala-library-2.11.1.jar;C:\Users\Sam Humby\.gradle\caches\modules-2\files-2.1\org.scala-lang.modules\scala-parser-combinators_2.11\1.0.1\f05d7345bf5a58924f2837c6c1f4d73a938e1ff0\scala-parser-combinators_2.11-1.0.1.jar;C:\Users\Sam Humby\.gradle\caches\modules-2\files-2.1\org.scala-lang\scala-reflect\2.11.1
Launcher Type: SUN_STANDARD

Environment Variables:
JAVA_HOME=C:\Program Files\Java\jdk1.8.0_77
CLASSPATH=.;C:\Program Files\Java\jre1.8.0_77\lib\ext\QTJava.zip
PATH=C:/Program Files/Java/jre1.8.0_101/bin/server;C:/Program Files/Java/jre1.8.0_101/bin;C:/Program Files/Java/jre1.8.0_101/lib/amd64;C:\Program Files (x86)\NVIDIA Corporation\PhysX\Common;C:\ProgramData\Oracle\Java\javapath;C:\Program Files (x86)\AMD APP\bin\x86_64;C:\Program Files (x86)\AMD APP\bin\x86;C:\Program Files (x86)\Intel\iCLS Client\;C:\Program Files\Intel\iCLS Client\;C:\Windows\system32;C:\Windows;C:\Windows\System32\Wbem;C:\Windows\System32\WindowsPowerShell\v1.0\;C:\Program Files\Intel\Intel(R) Management Engine Components\DAL;C:\Program Files\Intel\Intel(R) Management Engine Components\IPT;C:\Program Files (x86)\Intel\Intel(R) Management Engine Components\DAL;C:\Program Files (x86)\Intel\Intel(R) Management Engine Components\IPT;C:\Program Files (x86)\ATI Technologies\ATI.ACE\Core-Static;C:\Program Files\Java\jdk1.7.0_21\bin;C:\Program Files (x86)\QuickTime\QTSystem\;C:\Program Files (x86)\Autodesk\Backburner\;C:\Program Files (x86)\Bitvise SSH Client;C:\Program Files\digieffects\bin;C:\Program Files\nodejs\;C:\Program Files (x86)\Git\cmd;C:\php;C:\Program Files (x86)\AMD\ATI.ACE\Core-Static;C:\Program Files\OpenVPN\bin;C:\MinGW\bin;C:\Users\Sam Humby\.dnx\bin;C:\Program Files\Microsoft DNX\Dnvm\;C:\Program Files (x86)\Skype\Phone\;C:\Program Files\MiKTeX 2.9\miktex\bin\x64\;C:\Python27\Scripts;C:\Program Files\Java\jdk1.8.0_77\bin;C:\Users\Sam Humby\AppData\Roaming\npm;C:\Program Files (x86)\apache-maven-3.3.3\Bin;C:\Python27\Scripts;C:\Windows\system32;
USERNAME=Sam Humby
OS=Windows_NT
PROCESSOR_IDENTIFIER=Intel64 Family 6 Model 58 Stepping 9, GenuineIntel



---------------  S Y S T E M  ---------------

OS: Windows 7 , 64 bit Build 7601 (6.1.7601.18409)

CPU:total 4 (4 cores per cpu, 1 threads per core) family 6 model 58 stepping 9, cmov, cx8, fxsr, mmx, sse, sse2, sse3, ssse3, sse4.1, sse4.2, popcnt, avx, aes, clmul, erms, tsc, tscinvbit, tscinv

Memory: 4k page, physical 16777216k(10340060k free), swap 18872512k(11257736k free)

vm_info: Java HotSpot(TM) 64-Bit Server VM (25.101-b13) for windows-amd64 JRE (1.8.0_101-b13), built on Jun 22 2016 01:21:29 by "java_re" with MS VC++ 10.0 (VS2010)

time: Sat Aug 20 00:34:06 2016
elapsed time: 40 seconds (0d 0h 0m 40s)

