#
# A fatal error has been detected by the Java Runtime Environment:
#
#  EXCEPTION_ACCESS_VIOLATION (0xc0000005) at pc=0x000007fee78cd6c4, pid=8108, tid=8300
#
# JRE version: Java(TM) SE Runtime Environment (8.0_77-b03) (build 1.8.0_77-b03)
# Java VM: Java HotSpot(TM) 64-Bit Server VM (25.77-b03 mixed mode windows-amd64 compressed oops)
# Problematic frame:
# C  [OPENGL32.dll+0xdd6c4]
#
# Failed to write core dump. Minidumps are not enabled by default on client versions of Windows
#
# If you would like to submit a bug report, please visit:
#   http://bugreport.java.com/bugreport/crash.jsp
#

---------------  T H R E A D  ---------------

Current thread (0x000000001c1ae800):  VMThread [stack: 0x000000001d190000,0x000000001d290000] [id=8300]

siginfo: ExceptionCode=0xc0000005, reading address 0x0000000000000a38

Registers:
RAX=0x0000000000000000, RBX=0x000000002911ffa0, RCX=0x0000000000000001, RDX=0x000000002911ffa8
RSP=0x000000001d28f3f8, RBP=0x0000000000000000, RSI=0x000000002911edb0, RDI=0x000000002911edb0
R8 =0x000000001d28f478, R9 =0x000000001c095500, R10=0x0000000029d5d090, R11=0x000000001d28f1c2
R12=0x0000000000000000, R13=0x0000000029117100, R14=0x0000000029116fb0, R15=0x0000000000000000
RIP=0x000007fee78cd6c4, EFLAGS=0x0000000000010287

Top of Stack: (sp=0x000000001d28f3f8)
0x000000001d28f3f8:   000007fedf4e244b 0000000000000001
0x000000001d28f408:   000000002911ffa8 000000001d28f478
0x000000001d28f418:   000000001c095500 0000000000000000
0x000000001d28f428:   000007fedf4e7f17 0000000029117100
0x000000001d28f438:   0000000000000001 00000000291170e0
0x000000001d28f448:   0000000029116fb0 fffffffffffffffe
0x000000001d28f458:   0000000077181a4a 0000000000000000
0x000000001d28f468:   000007fedf4e87c9 000000002911edb0
0x000000001d28f478:   000000002911f910 000007fedf5d1940
0x000000001d28f488:   000007fedf565700 fffffffffffffffe
0x000000001d28f498:   000000001d02cbe0 0000000000000001
0x000000001d28f4a8:   00000000291170d8 0000000029116fb0
0x000000001d28f4b8:   000007fedf56d7ad 000007fedf6a65b0
0x000000001d28f4c8:   000007fedf5d1930 000000001c095500
0x000000001d28f4d8:   000000001c1aefc0 00000000291170d8
0x000000001d28f4e8:   0000000029116fb0 0000000029116fb0 

Instructions: (pc=0x000007fee78cd6c4)
0x000007fee78cd6a4:   cc cc cc cc cc cc 66 0f 1f 44 00 00 8b 05 16 0c
0x000007fee78cd6b4:   01 00 83 f8 40 73 0f 65 48 8b 04 c5 80 14 00 00
0x000007fee78cd6c4:   ff a0 38 0a 00 00 b8 47 01 00 00 e9 ec d4 ff ff
0x000007fee78cd6d4:   cc cc cc cc cc cc 66 0f 1f 44 00 00 8b 05 e6 0b 


Register to memory mapping:

RAX=0x0000000000000000 is an unknown value
RBX=0x000000002911ffa0 is an unknown value
RCX=0x0000000000000001 is an unknown value
RDX=0x000000002911ffa8 is an unknown value
RSP=0x000000001d28f3f8 is an unknown value
RBP=0x0000000000000000 is an unknown value
RSI=0x000000002911edb0 is an unknown value
RDI=0x000000002911edb0 is an unknown value
R8 =0x000000001d28f478 is an unknown value
R9 =0x000000001c095500 is an unknown value
R10=0x0000000029d5d090 is an unknown value
R11=0x000000001d28f1c2 is an unknown value
R12=0x0000000000000000 is an unknown value
R13=0x0000000029117100 is an unknown value
R14=0x0000000029116fb0 is an unknown value
R15=0x0000000000000000 is an unknown value


Stack: [0x000000001d190000,0x000000001d290000],  sp=0x000000001d28f3f8,  free space=1020k
Native frames: (J=compiled Java code, j=interpreted, Vv=VM code, C=native code)

VM_Operation (0x000000000256dcd0): Exit, mode: safepoint, requested by thread 0x0000000001cfb000


---------------  P R O C E S S  ---------------

Java Threads: ( => current thread )
  0x0000000020bf4000 JavaThread "File IO Thread" [_thread_blocked, id=9048, stack(0x000000003b930000,0x000000003ba30000)]
  0x0000000020bf5000 JavaThread "Chunk I/O Executor Thread-1" daemon [_thread_blocked, id=2672, stack(0x000000003ef90000,0x000000003f090000)]
  0x000000002fbd8000 JavaThread "Netty Server IO #1" daemon [_thread_in_native, id=6344, stack(0x000000003eae0000,0x000000003ebe0000)]
  0x000000002fbd7800 JavaThread "Netty Local Client IO #0" daemon [_thread_blocked, id=7668, stack(0x000000003e950000,0x000000003ea50000)]
  0x000000002fbd6000 JavaThread "Netty Server IO #0" daemon [_thread_in_native, id=324, stack(0x0000000028570000,0x0000000028670000)]
  0x000000002fbd4800 JavaThread "Chunk Batcher 1" daemon [_thread_blocked, id=8404, stack(0x000000002ddc0000,0x000000002dec0000)]
  0x000000002fbd3800 JavaThread "Chunk Batcher 0" daemon [_thread_blocked, id=8708, stack(0x000000002db30000,0x000000002dc30000)]
  0x000000001ff01000 JavaThread "LWJGL Timer" daemon [_thread_blocked, id=4348, stack(0x0000000028820000,0x0000000028920000)]
  0x0000000021558000 JavaThread "Java2D Disposer" daemon [_thread_blocked, id=8204, stack(0x0000000025890000,0x0000000025990000)]
  0x0000000023e2f000 JavaThread "Timer hack thread" daemon [_thread_blocked, id=7896, stack(0x0000000024430000,0x0000000024530000)]
  0x0000000020f85800 JavaThread "Snooper Timer" daemon [_thread_blocked, id=7560, stack(0x0000000023fe0000,0x00000000240e0000)]
  0x000000001d9e5000 JavaThread "Service Thread" daemon [_thread_blocked, id=7712, stack(0x000000001e130000,0x000000001e230000)]
  0x000000001d96c000 JavaThread "C1 CompilerThread2" daemon [_thread_blocked, id=9140, stack(0x000000001d6c0000,0x000000001d7c0000)]
  0x000000001d966800 JavaThread "C2 CompilerThread1" daemon [_thread_blocked, id=3504, stack(0x000000001e020000,0x000000001e120000)]
  0x000000001c21f000 JavaThread "C2 CompilerThread0" daemon [_thread_blocked, id=8320, stack(0x000000001de30000,0x000000001df30000)]
  0x000000001c21d000 JavaThread "Attach Listener" daemon [_thread_blocked, id=4840, stack(0x000000001d860000,0x000000001d960000)]
  0x000000001c1fd800 JavaThread "Finalizer" daemon [_thread_blocked, id=8484, stack(0x000000001d440000,0x000000001d540000)]
  0x000000001c1b6800 JavaThread "Reference Handler" daemon [_thread_blocked, id=9016, stack(0x000000001d090000,0x000000001d190000)]
  0x0000000001cfb000 JavaThread "Client thread" [_thread_blocked, id=1224, stack(0x0000000002470000,0x0000000002570000)]

Other Threads:
=>0x000000001c1ae800 VMThread [stack: 0x000000001d190000,0x000000001d290000] [id=8300]

VM state:at safepoint (shutting down)

VM Mutex/Monitor currently owned by a thread:  ([mutex/lock_event])
[0x0000000001cf9680] Threads_lock - owner thread: 0x000000001c1ae800

Heap:
 PSYoungGen      total 874496K, used 679919K [0x000000076ab00000, 0x00000007a5880000, 0x00000007c0000000)
  eden space 835072K, 79% used [0x000000076ab00000,0x0000000793133408,0x000000079da80000)
  from space 39424K, 46% used [0x00000007a3200000,0x00000007a43c88f0,0x00000007a5880000)
  to   space 64512K, 0% used [0x000000079da80000,0x000000079da80000,0x00000007a1980000)
 ParOldGen       total 186880K, used 159054K [0x00000006c0000000, 0x00000006cb680000, 0x000000076ab00000)
  object space 186880K, 85% used [0x00000006c0000000,0x00000006c9b53a30,0x00000006cb680000)
 Metaspace       used 43921K, capacity 44393K, committed 44672K, reserved 1089536K
  class space    used 5262K, capacity 5407K, committed 5504K, reserved 1048576K

Card table byte_map: [0x0000000011c00000,0x0000000012410000] byte_map_base: 0x000000000e600000

Marking Bits: (ParMarkBitMap*) 0x000000006ff90600
 Begin Bits: [0x0000000013020000, 0x0000000017020000)
 End Bits:   [0x0000000017020000, 0x000000001b020000)

Polling page: 0x0000000000320000

CodeCache: size=245760Kb used=29394Kb max_used=30503Kb free=216365Kb
 bounds [0x0000000002840000, 0x0000000004670000, 0x0000000011840000]
 total_blobs=8327 nmethods=7455 adapters=782
 compilation: enabled

Compilation events (10 events):
Event: 36.594 Thread 0x000000001c21f000 nmethod 10134 0x0000000003d9cd90 code [0x0000000003d9cee0, 0x0000000003d9cf68]
Event: 36.594 Thread 0x000000001d96c000 nmethod 10135 0x0000000003d428d0 code [0x0000000003d42c00, 0x0000000003d43ed8]
Event: 36.594 Thread 0x000000001c21f000 10133       4       com.google.common.cache.LocalCache::refreshes (15 bytes)
Event: 36.594 Thread 0x000000001d96c000 10136       3       java.util.Formatter$FormatSpecifier::flags (31 bytes)
Event: 36.594 Thread 0x000000001d96c000 nmethod 10136 0x000000000387ed50 code [0x000000000387eec0, 0x000000000387f1c8]
Event: 36.594 Thread 0x000000001c21f000 nmethod 10133 0x0000000002c2ca90 code [0x0000000002c2cbc0, 0x0000000002c2cc58]
Event: 36.611 Thread 0x000000001d96c000 10137       3       java.util.logging.LogManager$LoggerContext::ensureDefaultLogger (70 bytes)
Event: 36.611 Thread 0x000000001d96c000 nmethod 10137 0x00000000032ca750 code [0x00000000032ca900, 0x00000000032cb1a8]
Event: 36.612 Thread 0x000000001d96c000 10138       1       org.apache.logging.log4j.core.config.LoggerConfig::getLevel (5 bytes)
Event: 36.612 Thread 0x000000001d96c000 nmethod 10138 0x0000000003b39c10 code [0x0000000003b39d60, 0x0000000003b39e70]

GC Heap History (10 events):
Event: 19.171 GC heap before
{Heap before GC invocations=17 (full 4):
 PSYoungGen      total 787968K, used 0K [0x000000076ab00000, 0x000000079f880000, 0x00000007c0000000)
  eden space 719872K, 0% used [0x000000076ab00000,0x000000076ab00000,0x0000000796a00000)
  from space 68096K, 0% used [0x0000000796a00000,0x0000000796a00000,0x000000079ac80000)
  to   space 70144K, 0% used [0x000000079b400000,0x000000079b400000,0x000000079f880000)
 ParOldGen       total 186880K, used 128170K [0x00000006c0000000, 0x00000006cb680000, 0x000000076ab00000)
  object space 186880K, 68% used [0x00000006c0000000,0x00000006c7d2a9b0,0x00000006cb680000)
 Metaspace       used 36363K, capacity 36789K, committed 36992K, reserved 1081344K
  class space    used 4531K, capacity 4683K, committed 4736K, reserved 1048576K
Event: 19.247 GC heap after
Heap after GC invocations=17 (full 4):
 PSYoungGen      total 787968K, used 0K [0x000000076ab00000, 0x000000079f880000, 0x00000007c0000000)
  eden space 719872K, 0% used [0x000000076ab00000,0x000000076ab00000,0x0000000796a00000)
  from space 68096K, 0% used [0x0000000796a00000,0x0000000796a00000,0x000000079ac80000)
  to   space 70144K, 0% used [0x000000079b400000,0x000000079b400000,0x000000079f880000)
 ParOldGen       total 186880K, used 128170K [0x00000006c0000000, 0x00000006cb680000, 0x000000076ab00000)
  object space 186880K, 68% used [0x00000006c0000000,0x00000006c7d2a9b0,0x00000006cb680000)
 Metaspace       used 36363K, capacity 36789K, committed 36992K, reserved 1081344K
  class space    used 4531K, capacity 4683K, committed 4736K, reserved 1048576K
}
Event: 20.681 GC heap before
{Heap before GC invocations=18 (full 4):
 PSYoungGen      total 787968K, used 382924K [0x000000076ab00000, 0x000000079f880000, 0x00000007c0000000)
  eden space 719872K, 53% used [0x000000076ab00000,0x00000007820f30e8,0x0000000796a00000)
  from space 68096K, 0% used [0x0000000796a00000,0x0000000796a00000,0x000000079ac80000)
  to   space 70144K, 0% used [0x000000079b400000,0x000000079b400000,0x000000079f880000)
 ParOldGen       total 186880K, used 128170K [0x00000006c0000000, 0x00000006cb680000, 0x000000076ab00000)
  object space 186880K, 68% used [0x00000006c0000000,0x00000006c7d2a9b0,0x00000006cb680000)
 Metaspace       used 41888K, capacity 42373K, committed 42752K, reserved 1087488K
  class space    used 5183K, capacity 5337K, committed 5376K, reserved 1048576K
Event: 20.696 GC heap after
Heap after GC invocations=18 (full 4):
 PSYoungGen      total 791552K, used 34592K [0x000000076ab00000, 0x000000079f480000, 0x00000007c0000000)
  eden space 725504K, 0% used [0x000000076ab00000,0x000000076ab00000,0x0000000796f80000)
  from space 66048K, 52% used [0x000000079b400000,0x000000079d5c8028,0x000000079f480000)
  to   space 68096K, 0% used [0x0000000796f80000,0x0000000796f80000,0x000000079b200000)
 ParOldGen       total 186880K, used 128178K [0x00000006c0000000, 0x00000006cb680000, 0x000000076ab00000)
  object space 186880K, 68% used [0x00000006c0000000,0x00000006c7d2c9b0,0x00000006cb680000)
 Metaspace       used 41888K, capacity 42373K, committed 42752K, reserved 1087488K
  class space    used 5183K, capacity 5337K, committed 5376K, reserved 1048576K
}
Event: 20.696 GC heap before
{Heap before GC invocations=19 (full 5):
 PSYoungGen      total 791552K, used 34592K [0x000000076ab00000, 0x000000079f480000, 0x00000007c0000000)
  eden space 725504K, 0% used [0x000000076ab00000,0x000000076ab00000,0x0000000796f80000)
  from space 66048K, 52% used [0x000000079b400000,0x000000079d5c8028,0x000000079f480000)
  to   space 68096K, 0% used [0x0000000796f80000,0x0000000796f80000,0x000000079b200000)
 ParOldGen       total 186880K, used 128178K [0x00000006c0000000, 0x00000006cb680000, 0x000000076ab00000)
  object space 186880K, 68% used [0x00000006c0000000,0x00000006c7d2c9b0,0x00000006cb680000)
 Metaspace       used 41888K, capacity 42373K, committed 42752K, reserved 1087488K
  class space    used 5183K, capacity 5337K, committed 5376K, reserved 1048576K
Event: 21.072 GC heap after
Heap after GC invocations=19 (full 5):
 PSYoungGen      total 791552K, used 0K [0x000000076ab00000, 0x000000079f480000, 0x00000007c0000000)
  eden space 725504K, 0% used [0x000000076ab00000,0x000000076ab00000,0x0000000796f80000)
  from space 66048K, 0% used [0x000000079b400000,0x000000079b400000,0x000000079f480000)
  to   space 68096K, 0% used [0x0000000796f80000,0x0000000796f80000,0x000000079b200000)
 ParOldGen       total 186880K, used 159038K [0x00000006c0000000, 0x00000006cb680000, 0x000000076ab00000)
  object space 186880K, 85% used [0x00000006c0000000,0x00000006c9b4fa30,0x00000006cb680000)
 Metaspace       used 41888K, capacity 42373K, committed 42752K, reserved 1087488K
  class space    used 5183K, capacity 5337K, committed 5376K, reserved 1048576K
}
Event: 24.875 GC heap before
{Heap before GC invocations=20 (full 5):
 PSYoungGen      total 791552K, used 725504K [0x000000076ab00000, 0x000000079f480000, 0x00000007c0000000)
  eden space 725504K, 100% used [0x000000076ab00000,0x0000000796f80000,0x0000000796f80000)
  from space 66048K, 0% used [0x000000079b400000,0x000000079b400000,0x000000079f480000)
  to   space 68096K, 0% used [0x0000000796f80000,0x0000000796f80000,0x000000079b200000)
 ParOldGen       total 186880K, used 159038K [0x00000006c0000000, 0x00000006cb680000, 0x000000076ab00000)
  object space 186880K, 85% used [0x00000006c0000000,0x00000006c9b4fa30,0x00000006cb680000)
 Metaspace       used 43269K, capacity 43753K, committed 44160K, reserved 1087488K
  class space    used 5249K, capacity 5407K, committed 5504K, reserved 1048576K
Event: 24.883 GC heap after
Heap after GC invocations=20 (full 5):
 PSYoungGen      total 793600K, used 18648K [0x000000076ab00000, 0x00000007a7280000, 0x00000007c0000000)
  eden space 725504K, 0% used [0x000000076ab00000,0x000000076ab00000,0x0000000796f80000)
  from space 68096K, 27% used [0x0000000796f80000,0x00000007981b6340,0x000000079b200000)
  to   space 66048K, 0% used [0x00000007a3200000,0x00000007a3200000,0x00000007a7280000)
 ParOldGen       total 186880K, used 159046K [0x00000006c0000000, 0x00000006cb680000, 0x000000076ab00000)
  object space 186880K, 85% used [0x00000006c0000000,0x00000006c9b51a30,0x00000006cb680000)
 Metaspace       used 43269K, capacity 43753K, committed 44160K, reserved 1087488K
  class space    used 5249K, capacity 5407K, committed 5504K, reserved 1048576K
}
Event: 30.878 GC heap before
{Heap before GC invocations=21 (full 5):
 PSYoungGen      total 793600K, used 744152K [0x000000076ab00000, 0x00000007a7280000, 0x00000007c0000000)
  eden space 725504K, 100% used [0x000000076ab00000,0x0000000796f80000,0x0000000796f80000)
  from space 68096K, 27% used [0x0000000796f80000,0x00000007981b6340,0x000000079b200000)
  to   space 66048K, 0% used [0x00000007a3200000,0x00000007a3200000,0x00000007a7280000)
 ParOldGen       total 186880K, used 159046K [0x00000006c0000000, 0x00000006cb680000, 0x000000076ab00000)
  object space 186880K, 85% used [0x00000006c0000000,0x00000006c9b51a30,0x00000006cb680000)
 Metaspace       used 43638K, capacity 44073K, committed 44416K, reserved 1087488K
  class space    used 5252K, capacity 5407K, committed 5504K, reserved 1048576K
Event: 30.885 GC heap after
Heap after GC invocations=21 (full 5):
 PSYoungGen      total 874496K, used 18210K [0x000000076ab00000, 0x00000007a5880000, 0x00000007c0000000)
  eden space 835072K, 0% used [0x000000076ab00000,0x000000076ab00000,0x000000079da80000)
  from space 39424K, 46% used [0x00000007a3200000,0x00000007a43c88f0,0x00000007a5880000)
  to   space 64512K, 0% used [0x000000079da80000,0x000000079da80000,0x00000007a1980000)
 ParOldGen       total 186880K, used 159054K [0x00000006c0000000, 0x00000006cb680000, 0x000000076ab00000)
  object space 186880K, 85% used [0x00000006c0000000,0x00000006c9b53a30,0x00000006cb680000)
 Metaspace       used 43638K, capacity 44073K, committed 44416K, reserved 1087488K
  class space    used 5252K, capacity 5407K, committed 5504K, reserved 1048576K
}

Deoptimization events (10 events):
Event: 36.379 Thread 0x000000002fbd2000 Uncommon trap: reason=class_check action=maybe_recompile pc=0x0000000002e38768 method=java.util.concurrent.ConcurrentHashMap.putVal(Ljava/lang/Object;Ljava/lang/Object;Z)Ljava/lang/Object; @ 192
Event: 36.379 Thread 0x000000002fbd2000 Uncommon trap: reason=class_check action=maybe_recompile pc=0x0000000002e38768 method=java.util.concurrent.ConcurrentHashMap.putVal(Ljava/lang/Object;Ljava/lang/Object;Z)Ljava/lang/Object; @ 192
Event: 36.385 Thread 0x000000002fbd2000 Uncommon trap: reason=unstable_if action=reinterpret pc=0x00000000045550e8 method=java.util.concurrent.ConcurrentHashMap.isEmpty()Z @ 6
Event: 36.386 Thread 0x000000002fbd2000 Uncommon trap: reason=bimorphic action=maybe_recompile pc=0x00000000037b50ac method=java.io.DataInputStream.readFully([BII)V @ 34
Event: 36.391 Thread 0x000000002fbd2000 Uncommon trap: reason=unstable_if action=reinterpret pc=0x0000000003df7044 method=java.util.concurrent.ConcurrentHashMap.isEmpty()Z @ 6
Event: 36.476 Thread 0x000000002fbd2000 Uncommon trap: reason=class_check action=maybe_recompile pc=0x0000000003b2ca54 method=net.minecraft.world.chunk.storage.AnvilChunkLoader.writeChunkToNBT(Lnet/minecraft/world/chunk/Chunk;Lnet/minecraft/world/World;Lnet/minecraft/nbt/NBTTagCompound;)V @ 509
Event: 36.477 Thread 0x000000002fbd2000 Uncommon trap: reason=class_check action=maybe_recompile pc=0x0000000003b2ca54 method=net.minecraft.world.chunk.storage.AnvilChunkLoader.writeChunkToNBT(Lnet/minecraft/world/chunk/Chunk;Lnet/minecraft/world/World;Lnet/minecraft/nbt/NBTTagCompound;)V @ 509
Event: 36.477 Thread 0x000000002fbd2000 Uncommon trap: reason=class_check action=maybe_recompile pc=0x0000000003b2ca54 method=net.minecraft.world.chunk.storage.AnvilChunkLoader.writeChunkToNBT(Lnet/minecraft/world/chunk/Chunk;Lnet/minecraft/world/World;Lnet/minecraft/nbt/NBTTagCompound;)V @ 509
Event: 36.478 Thread 0x000000002fbd2000 Uncommon trap: reason=class_check action=maybe_recompile pc=0x0000000003b2ca54 method=net.minecraft.world.chunk.storage.AnvilChunkLoader.writeChunkToNBT(Lnet/minecraft/world/chunk/Chunk;Lnet/minecraft/world/World;Lnet/minecraft/nbt/NBTTagCompound;)V @ 509
Event: 36.610 Thread 0x0000000001cfb000 Uncommon trap: reason=unstable_if action=reinterpret pc=0x0000000002e18150 method=net.minecraftforge.fml.relauncher.FMLSecurityManager.checkPermission(Ljava/security/Permission;)V @ 23

Internal exceptions (10 events):
Event: 36.138 Thread 0x000000002fbd1000 Exception <a 'java/lang/InterruptedException': sleep interrupted> (0x000000076bd95a10) thrown at [D:\re\workspace\8-2-build-windows-amd64-cygwin\jdk8u77\6540\hotspot\src\share\vm\prims\jvm.cpp, line 3215]
Event: 36.154 Thread 0x000000002fbd1000 Exception <a 'java/lang/InterruptedException': sleep interrupted> (0x000000076bd95cb8) thrown at [D:\re\workspace\8-2-build-windows-amd64-cygwin\jdk8u77\6540\hotspot\src\share\vm\prims\jvm.cpp, line 3215]
Event: 36.172 Thread 0x000000002fbd1000 Exception <a 'java/lang/InterruptedException': sleep interrupted> (0x000000076bd95f60) thrown at [D:\re\workspace\8-2-build-windows-amd64-cygwin\jdk8u77\6540\hotspot\src\share\vm\prims\jvm.cpp, line 3215]
Event: 36.187 Thread 0x000000002fbd1000 Exception <a 'java/lang/InterruptedException': sleep interrupted> (0x000000076bd96208) thrown at [D:\re\workspace\8-2-build-windows-amd64-cygwin\jdk8u77\6540\hotspot\src\share\vm\prims\jvm.cpp, line 3215]
Event: 36.204 Thread 0x000000002fbd1000 Exception <a 'java/lang/InterruptedException': sleep interrupted> (0x000000076bd964b0) thrown at [D:\re\workspace\8-2-build-windows-amd64-cygwin\jdk8u77\6540\hotspot\src\share\vm\prims\jvm.cpp, line 3215]
Event: 36.342 Thread 0x000000002fbd1000 Exception <a 'java/lang/InterruptedException': sleep interrupted> (0x000000076bd96758) thrown at [D:\re\workspace\8-2-build-windows-amd64-cygwin\jdk8u77\6540\hotspot\src\share\vm\prims\jvm.cpp, line 3215]
Event: 36.391 Thread 0x000000002fbd1000 Exception <a 'java/lang/InterruptedException': sleep interrupted> (0x000000076bd96a00) thrown at [D:\re\workspace\8-2-build-windows-amd64-cygwin\jdk8u77\6540\hotspot\src\share\vm\prims\jvm.cpp, line 3215]
Event: 36.492 Thread 0x000000002fbd5000 Exception <a 'java/lang/InterruptedException': sleep interrupted> (0x0000000791faab70) thrown at [D:\re\workspace\8-2-build-windows-amd64-cygwin\jdk8u77\6540\hotspot\src\share\vm\prims\jvm.cpp, line 3215]
Event: 36.596 Thread 0x000000002fbd2000 NullPointerException at vtable entry 0x0000000002953d38
Event: 36.596 Thread 0x000000002fbd2000 Exception <a 'java/lang/NullPointerException'> (0x0000000791cf65b8) thrown at [D:\re\workspace\8-2-build-windows-amd64-cygwin\jdk8u77\6540\hotspot\src\share\vm\runtime\sharedRuntime.cpp, line 605]

Events (10 events):
Event: 36.611 Thread 0x000000002fbd5000 Thread exited: 0x000000002fbd5000
Event: 36.611 loading class javax/servlet/ServletContext
Event: 36.611 loading class javax/servlet/ServletContext done
Event: 36.612 Thread 0x000000002fbd1000 Thread exited: 0x000000002fbd1000
Event: 36.612 loading class javax/servlet/ServletContext
Event: 36.612 loading class javax/servlet/ServletContext done
Event: 36.612 Thread 0x000000002fbd3000 Thread exited: 0x000000002fbd3000
Event: 36.612 Thread 0x000000002fbd2000 Thread exited: 0x000000002fbd2000
Event: 36.612 Thread 0x000000001c21a000 Thread exited: 0x000000001c21a000
Event: 36.612 Executing VM operation: Exit


Dynamic libraries:
0x000000013f3d0000 - 0x000000013f407000 	C:\Program Files\Java\jre1.8.0_77\bin\javaw.exe
0x0000000077280000 - 0x0000000077429000 	C:\Windows\SYSTEM32\ntdll.dll
0x0000000077160000 - 0x000000007727f000 	C:\Windows\system32\kernel32.dll
0x000007fefd0c0000 - 0x000007fefd12c000 	C:\Windows\system32\KERNELBASE.dll
0x000007fefdda0000 - 0x000007fefde7b000 	C:\Windows\system32\ADVAPI32.dll
0x000007fefd8b0000 - 0x000007fefd94f000 	C:\Windows\system32\msvcrt.dll
0x000007fefe370000 - 0x000007fefe38f000 	C:\Windows\SYSTEM32\sechost.dll
0x000007fefe4a0000 - 0x000007fefe5cd000 	C:\Windows\system32\RPCRT4.dll
0x0000000077060000 - 0x000000007715a000 	C:\Windows\system32\USER32.dll
0x000007fefe6a0000 - 0x000007fefe707000 	C:\Windows\system32\GDI32.dll
0x000007fefdd90000 - 0x000007fefdd9e000 	C:\Windows\system32\LPK.dll
0x000007fefe5d0000 - 0x000007fefe699000 	C:\Windows\system32\USP10.dll
0x000007fefbbd0000 - 0x000007fefbdc4000 	C:\Windows\WinSxS\amd64_microsoft.windows.common-controls_6595b64144ccf1df_6.0.7601.17514_none_fa396087175ac9ac\COMCTL32.dll
0x000007fefd830000 - 0x000007fefd8a1000 	C:\Windows\system32\SHLWAPI.dll
0x000007fefdce0000 - 0x000007fefdd0e000 	C:\Windows\system32\IMM32.DLL
0x000007fefe390000 - 0x000007fefe499000 	C:\Windows\system32\MSCTF.dll
0x0000000057960000 - 0x0000000057a32000 	C:\Program Files\Java\jre1.8.0_77\bin\msvcr100.dll
0x000000006f780000 - 0x0000000070010000 	C:\Program Files\Java\jre1.8.0_77\bin\server\jvm.dll
0x000007fef2b30000 - 0x000007fef2b39000 	C:\Windows\system32\WSOCK32.dll
0x000007fefe090000 - 0x000007fefe0dd000 	C:\Windows\system32\WS2_32.dll
0x000007feff580000 - 0x000007feff588000 	C:\Windows\system32\NSI.dll
0x000007fef9c00000 - 0x000007fef9c3b000 	C:\Windows\system32\WINMM.dll
0x000007fefc0c0000 - 0x000007fefc0cc000 	C:\Windows\system32\VERSION.dll
0x0000000077440000 - 0x0000000077447000 	C:\Windows\system32\PSAPI.DLL
0x000000005ff00000 - 0x000000005ff0f000 	C:\Program Files\Java\jre1.8.0_77\bin\verify.dll
0x000000005ea30000 - 0x000000005ea59000 	C:\Program Files\Java\jre1.8.0_77\bin\java.dll
0x000000005ea70000 - 0x000000005ea86000 	C:\Program Files\Java\jre1.8.0_77\bin\zip.dll
0x000007fefe710000 - 0x000007feff498000 	C:\Windows\system32\SHELL32.dll
0x000007fefde80000 - 0x000007fefe083000 	C:\Windows\system32\ole32.dll
0x000007fefd040000 - 0x000007fefd04f000 	C:\Windows\system32\profapi.dll
0x00000000003c0000 - 0x00000000003cd000 	C:\Program Files\Java\jre1.8.0_77\bin\management.dll
0x000000005d660000 - 0x000000005d67a000 	C:\Program Files\Java\jre1.8.0_77\bin\net.dll
0x000007fefc7e0000 - 0x000007fefc835000 	C:\Windows\system32\mswsock.dll
0x000007fefc7d0000 - 0x000007fefc7d7000 	C:\Windows\System32\wship6.dll
0x000000005d640000 - 0x000000005d651000 	C:\Program Files\Java\jre1.8.0_77\bin\nio.dll
0x000007fefb4d0000 - 0x000007fefb4e5000 	C:\Windows\system32\NLAapi.dll
0x000007fee4a00000 - 0x000007fee4a15000 	C:\Windows\system32\napinsp.dll
0x000007fee49e0000 - 0x000007fee49f9000 	C:\Windows\system32\pnrpnsp.dll
0x000007fee49d0000 - 0x000007fee49db000 	C:\Windows\System32\winrnr.dll
0x000007feeb470000 - 0x000007feeb482000 	C:\Windows\system32\PrxerNsp.dll
0x000007fefc660000 - 0x000007fefc6bb000 	C:\Windows\system32\DNSAPI.dll
0x000007fefc200000 - 0x000007fefc207000 	C:\Windows\System32\wshtcpip.dll
0x000007fefaf40000 - 0x000007fefaf67000 	C:\Windows\system32\IPHLPAPI.DLL
0x000007fefaf00000 - 0x000007fefaf0b000 	C:\Windows\system32\WINNSI.DLL
0x000007feeb460000 - 0x000007feeb468000 	C:\Windows\system32\rasadhlp.dll
0x000007fefae10000 - 0x000007fefae63000 	C:\Windows\System32\fwpuclnt.dll
0x0000000070b70000 - 0x0000000070b94000 	C:\Program Files\Java\jre1.8.0_77\bin\sunec.dll
0x000007fefc840000 - 0x000007fefc858000 	C:\Windows\system32\CRYPTSP.dll
0x000007fefc540000 - 0x000007fefc587000 	C:\Windows\system32\rsaenh.dll
0x000007fefd2a0000 - 0x000007fefd2be000 	C:\Windows\system32\USERENV.dll
0x000007fefcea0000 - 0x000007fefceaf000 	C:\Windows\system32\CRYPTBASE.dll
0x000007fefabe0000 - 0x000007fefabf1000 	C:\Windows\system32\dhcpcsvc6.DLL
0x000007fefabc0000 - 0x000007fefabd8000 	C:\Windows\system32\dhcpcsvc.DLL
0x0000000180000000 - 0x0000000180051000 	C:\Users\Sam Humby\.gradle\caches\minecraft\net\minecraft\natives\1.8\lwjgl64.dll
0x000007fee77f0000 - 0x000007fee790d000 	C:\Windows\system32\OPENGL32.dll
0x000007feeb750000 - 0x000007feeb77d000 	C:\Windows\system32\GLU32.dll
0x000007fee2ea0000 - 0x000007fee2f91000 	C:\Windows\system32\DDRAW.dll
0x000007fee3db0000 - 0x000007fee3db8000 	C:\Windows\system32\DCIMAN32.dll
0x000007fefd400000 - 0x000007fefd5d7000 	C:\Windows\system32\SETUPAPI.dll
0x000007fefd070000 - 0x000007fefd0a6000 	C:\Windows\system32\CFGMGR32.dll
0x000007feff4a0000 - 0x000007feff577000 	C:\Windows\system32\OLEAUT32.dll
0x000007fefd380000 - 0x000007fefd39a000 	C:\Windows\system32\DEVOBJ.dll
0x000007fefc0d0000 - 0x000007fefc0e8000 	C:\Windows\system32\dwmapi.dll
0x0000000052980000 - 0x0000000052b18000 	C:\Program Files\Java\jre1.8.0_77\bin\awt.dll
0x000007fefb5f0000 - 0x000007fefb646000 	C:\Windows\system32\uxtheme.dll
0x000007fee2e70000 - 0x000007fee2e98000 	C:\Program Files (x86)\Raptr\ltc_help64-106568.dll
0x000007fefd3b0000 - 0x000007fefd3eb000 	C:\Windows\system32\WINTRUST.dll
0x000007fefd130000 - 0x000007fefd29d000 	C:\Windows\system32\CRYPT32.dll
0x000007fefd050000 - 0x000007fefd05f000 	C:\Windows\system32\MSASN1.dll
0x000007fef2b60000 - 0x000007fef2b78000 	C:\Windows\system32\atig6pxx.dll
0x0000000068ae0000 - 0x000000006a977000 	C:\Windows\system32\atio6axx.dll
0x000007feed3b0000 - 0x000007feed4f8000 	C:\Windows\system32\atiadlxx.dll
0x000007fefb800000 - 0x000007fefb92c000 	C:\Windows\system32\PROPSYS.dll
0x000007fefc120000 - 0x000007fefc131000 	C:\Windows\system32\WTSAPI32.dll
0x000007feeb720000 - 0x000007feeb74c000 	C:\Windows\system32\atig6txx.dll
0x000007feed1f0000 - 0x000007feed28c000 	C:\Windows\system32\mscms.dll
0x000007feeace0000 - 0x000007feead22000 	C:\Windows\system32\icm32.dll
0x0000000070a40000 - 0x0000000070adc000 	C:\Users\Sam Humby\.gradle\caches\minecraft\net\minecraft\natives\1.8\avutil-ttv-51.dll
0x0000000065980000 - 0x00000000659d6000 	C:\Users\Sam Humby\.gradle\caches\minecraft\net\minecraft\natives\1.8\swresample-ttv-0.dll
0x000000006eb80000 - 0x000000006ec50000 	C:\Users\Sam Humby\.gradle\caches\minecraft\net\minecraft\natives\1.8\libmp3lame-ttv.dll
0x000007feda9c0000 - 0x000007fedbd64000 	C:\Users\Sam Humby\.gradle\caches\minecraft\net\minecraft\natives\1.8\libmfxsw64.dll
0x000007fee7680000 - 0x000007fee77ed000 	C:\Users\Sam Humby\.gradle\caches\minecraft\net\minecraft\natives\1.8\twitchsdk.dll
0x000007fefd5e0000 - 0x000007fefd828000 	C:\Windows\system32\WININET.dll
0x000007fefd060000 - 0x000007fefd064000 	C:\Windows\system32\api-ms-win-downlevel-user32-l1-1-0.dll
0x000007fefd2c0000 - 0x000007fefd2c4000 	C:\Windows\system32\api-ms-win-downlevel-shlwapi-l1-1-0.dll
0x000007fefd370000 - 0x000007fefd374000 	C:\Windows\system32\api-ms-win-downlevel-version-l1-1-0.dll
0x000007fefd3f0000 - 0x000007fefd3f3000 	C:\Windows\system32\api-ms-win-downlevel-normaliz-l1-1-0.dll
0x0000000077450000 - 0x0000000077453000 	C:\Windows\system32\normaliz.DLL
0x000007fefd950000 - 0x000007fefdc17000 	C:\Windows\system32\iertutil.dll
0x000007fefd3a0000 - 0x000007fefd3a5000 	C:\Windows\system32\api-ms-win-downlevel-advapi32-l1-1-0.dll
0x0000000012c50000 - 0x0000000012cb4000 	C:\Users\Sam Humby\.gradle\caches\minecraft\net\minecraft\natives\1.8\OpenAL64.dll
0x000007fefe0e0000 - 0x000007fefe179000 	C:\Windows\system32\CLBCatQ.DLL
0x000007fefb650000 - 0x000007fefb69b000 	C:\Windows\System32\MMDevApi.dll
0x000007fef29e0000 - 0x000007fef2a68000 	C:\Windows\system32\dsound.dll
0x000007fefc0f0000 - 0x000007fefc11c000 	C:\Windows\system32\POWRPROF.dll
0x000007fef25a0000 - 0x000007fef25ef000 	C:\Windows\system32\AUDIOSES.DLL
0x000007fefdcc0000 - 0x000007fefdcd9000 	C:\Windows\system32\imagehlp.dll
0x000007fefc9c0000 - 0x000007fefca10000 	C:\Windows\system32\ncrypt.dll
0x000007fefc990000 - 0x000007fefc9b2000 	C:\Windows\system32\bcrypt.dll
0x000007fefc480000 - 0x000007fefc4cc000 	C:\Windows\system32\bcryptprimitives.dll
0x000007fefc300000 - 0x000007fefc31b000 	C:\Windows\system32\GPAPI.dll
0x000007fef6910000 - 0x000007fef6937000 	C:\Windows\system32\cryptnet.dll
0x000007fefe310000 - 0x000007fefe362000 	C:\Windows\system32\WLDAP32.dll
0x000007fefaac0000 - 0x000007fefaac9000 	C:\Windows\system32\SensApi.dll
0x000007fedf480000 - 0x000007fedf6c8000 	C:\PROGRA~2\Raptr\ltc_game64-106568.dll
0x000007feee030000 - 0x000007feee155000 	C:\Windows\system32\dbghelp.dll

VM Arguments:
jvm_args: -Dfile.encoding=Cp1252 
java_command: GradleStart --username=samalot@plagachef.com --password=jedapo
java_class_path (initial): C:\Users\Sam Humby\Desktop\Minecraft Mod\Git\Lazarus\bin;C:\Users\Sam Humby\.gradle\caches\minecraft\net\minecraftforge\forge\1.8-11.14.4.1563\snapshot\20141130\forgeSrc-1.8-11.14.4.1563.jar;C:\Users\Sam Humby\.gradle\caches\modules-2\files-2.1\net.minecraft\launchwrapper\1.12\111e7bea9c968cdb3d06ef4632bf7ff0824d0f36\launchwrapper-1.12.jar;C:\Users\Sam Humby\.gradle\caches\modules-2\files-2.1\org.ow2.asm\asm-debug-all\5.0.3\f9e364ae2a66ce2a543012a4668856e84e5dab74\asm-debug-all-5.0.3.jar;C:\Users\Sam Humby\.gradle\caches\modules-2\files-2.1\com.typesafe.akka\akka-actor_2.11\2.3.3\ed62e9fc709ca0f2ff1a3220daa8b70a2870078e\akka-actor_2.11-2.3.3.jar;C:\Users\Sam Humby\.gradle\caches\modules-2\files-2.1\com.typesafe\config\1.2.1\f771f71fdae3df231bcd54d5ca2d57f0bf93f467\config-1.2.1.jar;C:\Users\Sam Humby\.gradle\caches\modules-2\files-2.1\org.scala-lang\scala-actors-migration_2.11\1.1.0\dfa8bc42b181d5b9f1a5dd147f8ae308b893eb6f\scala-actors-migration_2.11-1.1.0.jar;C:\Users\Sam Humby\.gradle\caches\modules-2\files-2.1\org.scala-lang\scala-compiler\2.11.1\56ea2e6c025e0821f28d73ca271218b8dd04926a\scala-compiler-2.11.1.jar;C:\Users\Sam Humby\.gradle\caches\modules-2\files-2.1\org.scala-lang.plugins\scala-continuations-library_2.11\1.0.2\e517c53a7e9acd6b1668c5a35eccbaa3bab9aac\scala-continuations-library_2.11-1.0.2.jar;C:\Users\Sam Humby\.gradle\caches\modules-2\files-2.1\org.scala-lang.plugins\scala-continuations-plugin_2.11.1\1.0.2\f361a3283452c57fa30c1ee69448995de23c60f7\scala-continuations-plugin_2.11.1-1.0.2.jar;C:\Users\Sam Humby\.gradle\caches\modules-2\files-2.1\org.scala-lang\scala-library\2.11.1\e11da23da3eabab9f4777b9220e60d44c1aab6a\scala-library-2.11.1.jar;C:\Users\Sam Humby\.gradle\caches\modules-2\files-2.1\org.scala-lang.modules\scala-parser-combinators_2.11\1.0.1\f05d7345bf5a58924f2837c6c1f4d73a938e1ff0\scala-parser-combinators_2.11-1.0.1.jar;C:\Users\Sam Humby\.gradle\caches\modules-2\files-2.1\org.scala-lang\scala-reflect\2.11.1
Launcher Type: SUN_STANDARD

Environment Variables:
JAVA_HOME=C:\Program Files\Java\jdk1.8.0_77
CLASSPATH=.;C:\Program Files\Java\jre1.8.0_77\lib\ext\QTJava.zip
PATH=C:/Program Files/Java/jre1.8.0_77/bin/server;C:/Program Files/Java/jre1.8.0_77/bin;C:/Program Files/Java/jre1.8.0_77/lib/amd64;C:\Program Files (x86)\NVIDIA Corporation\PhysX\Common;C:\ProgramData\Oracle\Java\javapath;C:\Program Files (x86)\AMD APP\bin\x86_64;C:\Program Files (x86)\AMD APP\bin\x86;C:\Program Files (x86)\Intel\iCLS Client\;C:\Program Files\Intel\iCLS Client\;C:\Windows\system32;C:\Windows;C:\Windows\System32\Wbem;C:\Windows\System32\WindowsPowerShell\v1.0\;C:\Program Files\Intel\Intel(R) Management Engine Components\DAL;C:\Program Files\Intel\Intel(R) Management Engine Components\IPT;C:\Program Files (x86)\Intel\Intel(R) Management Engine Components\DAL;C:\Program Files (x86)\Intel\Intel(R) Management Engine Components\IPT;C:\Program Files (x86)\ATI Technologies\ATI.ACE\Core-Static;C:\Program Files\Java\jdk1.7.0_21\bin;C:\Program Files (x86)\QuickTime\QTSystem\;C:\Program Files (x86)\Autodesk\Backburner\;C:\Program Files (x86)\Bitvise SSH Client;C:\Program Files\digieffects\bin;C:\Program Files\nodejs\;C:\Program Files (x86)\Git\cmd;C:\php;C:\Program Files (x86)\AMD\ATI.ACE\Core-Static;C:\Program Files\OpenVPN\bin;C:\MinGW\bin;C:\Users\Sam Humby\.dnx\bin;C:\Program Files\Microsoft DNX\Dnvm\;C:\Program Files (x86)\Skype\Phone\;C:\Program Files\MiKTeX 2.9\miktex\bin\x64\;C:\Python27\Scripts;C:\Program Files\Java\jdk1.8.0_77\bin;C:\Users\Sam Humby\AppData\Roaming\npm;C:\Program Files (x86)\apache-maven-3.3.3\Bin;C:\Python27\Scripts;C:\Windows\system32;
USERNAME=Sam Humby
OS=Windows_NT
PROCESSOR_IDENTIFIER=Intel64 Family 6 Model 58 Stepping 9, GenuineIntel



---------------  S Y S T E M  ---------------

OS: Windows 7 , 64 bit Build 7601 (6.1.7601.18409)

CPU:total 4 (4 cores per cpu, 1 threads per core) family 6 model 58 stepping 9, cmov, cx8, fxsr, mmx, sse, sse2, sse3, ssse3, sse4.1, sse4.2, popcnt, avx, aes, clmul, erms, tsc, tscinvbit, tscinv

Memory: 4k page, physical 16777216k(11494860k free), swap 18872512k(12673384k free)

vm_info: Java HotSpot(TM) 64-Bit Server VM (25.77-b03) for windows-amd64 JRE (1.8.0_77-b03), built on Mar 20 2016 22:01:33 by "java_re" with MS VC++ 10.0 (VS2010)

time: Sun Jun 19 22:36:21 2016
elapsed time: 36 seconds (0d 0h 0m 36s)

