#
# A fatal error has been detected by the Java Runtime Environment:
#
#  EXCEPTION_ACCESS_VIOLATION (0xc0000005) at pc=0x000007fee66cd6c4, pid=10236, tid=0x0000000000002378
#
# JRE version: Java(TM) SE Runtime Environment (8.0_101-b13) (build 1.8.0_101-b13)
# Java VM: Java HotSpot(TM) 64-Bit Server VM (25.101-b13 mixed mode windows-amd64 compressed oops)
# Problematic frame:
# C  [OPENGL32.dll+0xdd6c4]
#
# Failed to write core dump. Minidumps are not enabled by default on client versions of Windows
#
# If you would like to submit a bug report, please visit:
#   http://bugreport.java.com/bugreport/crash.jsp
#

---------------  T H R E A D  ---------------

Current thread (0x000000001c05e800):  VMThread [stack: 0x000000001d010000,0x000000001d110000] [id=9080]

siginfo: ExceptionCode=0xc0000005, reading address 0x0000000000000a38

Registers:
RAX=0x0000000000000000, RBX=0x0000000039d6c770, RCX=0x0000000000000001, RDX=0x0000000039d6c778
RSP=0x000000001d10f5b8, RBP=0x0000000000000000, RSI=0x0000000039d6f910, RDI=0x0000000039d6f910
R8 =0x000000001d10f638, R9 =0x000000001bf45500, R10=0x000000002c8e5230, R11=0x000000001d10f382
R12=0x0000000000000000, R13=0x0000000039d67100, R14=0x0000000039d66fb0, R15=0x0000000000000000
RIP=0x000007fee66cd6c4, EFLAGS=0x0000000000010287

Top of Stack: (sp=0x000000001d10f5b8)
0x000000001d10f5b8:   000007fedf0f244b 0000000000000001
0x000000001d10f5c8:   0000000039d6c778 000000001d10f638
0x000000001d10f5d8:   000000001bf45500 0000000000000000
0x000000001d10f5e8:   000007fedf0f7f17 0000000039d67100
0x000000001d10f5f8:   0000000000000001 0000000039d670e0
0x000000001d10f608:   0000000039d66fb0 fffffffffffffffe
0x000000001d10f618:   0000000077851a4a 0000000000000000
0x000000001d10f628:   000007fedf0f87c9 0000000039d6f910
0x000000001d10f638:   0000000039d70d60 000007fedf1e1940
0x000000001d10f648:   000007fedf175700 fffffffffffffffe
0x000000001d10f658:   000000001cfecbf0 0000000000000001
0x000000001d10f668:   0000000039d670d8 0000000039d66fb0
0x000000001d10f678:   000007fedf17d7ad 000007fedf2b65b0
0x000000001d10f688:   000007fedf1e1930 000000001bf45500
0x000000001d10f698:   000000001c05f0e0 0000000039d670d8
0x000000001d10f6a8:   0000000039d66fb0 0000000039d66fb0 

Instructions: (pc=0x000007fee66cd6c4)
0x000007fee66cd6a4:   cc cc cc cc cc cc 66 0f 1f 44 00 00 8b 05 16 0c
0x000007fee66cd6b4:   01 00 83 f8 40 73 0f 65 48 8b 04 c5 80 14 00 00
0x000007fee66cd6c4:   ff a0 38 0a 00 00 b8 47 01 00 00 e9 ec d4 ff ff
0x000007fee66cd6d4:   cc cc cc cc cc cc 66 0f 1f 44 00 00 8b 05 e6 0b 


Register to memory mapping:

RAX=0x0000000000000000 is an unknown value
RBX=0x0000000039d6c770 is an unknown value
RCX=0x0000000000000001 is an unknown value
RDX=0x0000000039d6c778 is an unknown value
RSP=0x000000001d10f5b8 is an unknown value
RBP=0x0000000000000000 is an unknown value
RSI=0x0000000039d6f910 is an unknown value
RDI=0x0000000039d6f910 is an unknown value
R8 =0x000000001d10f638 is an unknown value
R9 =0x000000001bf45500 is an unknown value
R10=0x000000002c8e5230 is an unknown value
R11=0x000000001d10f382 is an unknown value
R12=0x0000000000000000 is an unknown value
R13=0x0000000039d67100 is an unknown value
R14=0x0000000039d66fb0 is an unknown value
R15=0x0000000000000000 is an unknown value


Stack: [0x000000001d010000,0x000000001d110000],  sp=0x000000001d10f5b8,  free space=1021k
Native frames: (J=compiled Java code, j=interpreted, Vv=VM code, C=native code)

VM_Operation (0x000000000237dc40): Exit, mode: safepoint, requested by thread 0x000000000200b000


---------------  P R O C E S S  ---------------

Java Threads: ( => current thread )
  0x000000001d916000 JavaThread "File IO Thread" [_thread_blocked, id=11692, stack(0x0000000028a00000,0x0000000028b00000)]
  0x000000001d924800 JavaThread "Chunk I/O Executor Thread-1" daemon [_thread_blocked, id=10744, stack(0x000000003ad20000,0x000000003ae20000)]
  0x000000001d923800 JavaThread "Netty Server IO #1" daemon [_thread_in_native, id=9660, stack(0x000000003bfb0000,0x000000003c0b0000)]
  0x000000001d922800 JavaThread "Netty Local Client IO #0" daemon [_thread_blocked, id=13232, stack(0x000000003a390000,0x000000003a490000)]
  0x000000001d921000 JavaThread "Netty Server IO #0" daemon [_thread_in_native, id=4512, stack(0x000000003bc60000,0x000000003bd60000)]
  0x000000001d91f800 JavaThread "Chunk Batcher 1" daemon [_thread_blocked, id=8852, stack(0x0000000035970000,0x0000000035a70000)]
  0x000000001d91f000 JavaThread "Chunk Batcher 0" daemon [_thread_blocked, id=8096, stack(0x00000000357c0000,0x00000000358c0000)]
  0x000000001d91b000 JavaThread "LWJGL Timer" daemon [_thread_blocked, id=11952, stack(0x000000002d370000,0x000000002d470000)]
  0x000000001d919800 JavaThread "Java2D Disposer" daemon [_thread_blocked, id=11292, stack(0x0000000025a00000,0x0000000025b00000)]
  0x000000001d919000 JavaThread "Timer hack thread" daemon [_thread_blocked, id=10812, stack(0x0000000025890000,0x0000000025990000)]
  0x000000001d917800 JavaThread "Snooper Timer" daemon [_thread_blocked, id=6472, stack(0x0000000023dc0000,0x0000000023ec0000)]
  0x000000001d915000 JavaThread "Service Thread" daemon [_thread_blocked, id=10756, stack(0x000000001df50000,0x000000001e050000)]
  0x000000001d88d800 JavaThread "C1 CompilerThread2" daemon [_thread_blocked, id=7328, stack(0x000000001ddc0000,0x000000001dec0000)]
  0x000000001d884000 JavaThread "C2 CompilerThread1" daemon [_thread_blocked, id=10948, stack(0x000000001dc70000,0x000000001dd70000)]
  0x000000001c0cf000 JavaThread "C2 CompilerThread0" daemon [_thread_blocked, id=13248, stack(0x000000001d370000,0x000000001d470000)]
  0x000000001c0ce000 JavaThread "Attach Listener" daemon [_thread_blocked, id=4524, stack(0x000000001d770000,0x000000001d870000)]
  0x000000001c0ca000 JavaThread "Signal Dispatcher" daemon [_thread_blocked, id=4476, stack(0x000000001d630000,0x000000001d730000)]
  0x000000001c0ad800 JavaThread "Finalizer" daemon [_thread_blocked, id=10116, stack(0x000000001d4a0000,0x000000001d5a0000)]
  0x000000001c066800 JavaThread "Reference Handler" daemon [_thread_blocked, id=12592, stack(0x000000001d240000,0x000000001d340000)]
  0x000000000200b000 JavaThread "Client thread" [_thread_blocked, id=10644, stack(0x0000000002280000,0x0000000002380000)]

Other Threads:
=>0x000000001c05e800 VMThread [stack: 0x000000001d010000,0x000000001d110000] [id=9080]

VM state:at safepoint (shutting down)

VM Mutex/Monitor currently owned by a thread:  ([mutex/lock_event])
[0x0000000002009700] Threads_lock - owner thread: 0x000000001c05e800

Heap:
 PSYoungGen      total 1302528K, used 502921K [0x000000076ab00000, 0x00000007bcd80000, 0x00000007c0000000)
  eden space 1266176K, 38% used [0x000000076ab00000,0x00000007883a0ee8,0x00000007b7f80000)
  from space 36352K, 52% used [0x00000007baa00000,0x00000007bbc81720,0x00000007bcd80000)
  to   space 39936K, 0% used [0x00000007b7f80000,0x00000007b7f80000,0x00000007ba680000)
 ParOldGen       total 181760K, used 161806K [0x00000006c0000000, 0x00000006cb180000, 0x000000076ab00000)
  object space 181760K, 89% used [0x00000006c0000000,0x00000006c9e03b88,0x00000006cb180000)
 Metaspace       used 44745K, capacity 45139K, committed 45696K, reserved 1089536K
  class space    used 5321K, capacity 5466K, committed 5504K, reserved 1048576K

Card table byte_map: [0x0000000011a10000,0x0000000012220000] byte_map_base: 0x000000000e410000

Marking Bits: (ParMarkBitMap*) 0x000000006fbea6d0
 Begin Bits: [0x0000000012ed0000, 0x0000000016ed0000)
 End Bits:   [0x0000000016ed0000, 0x000000001aed0000)

Polling page: 0x0000000000120000

CodeCache: size=245760Kb used=32039Kb max_used=32757Kb free=213720Kb
 bounds [0x0000000002650000, 0x00000000046c0000, 0x0000000011650000]
 total_blobs=8870 nmethods=7998 adapters=782
 compilation: enabled

Compilation events (10 events):
Event: 141.274 Thread 0x000000001c0cf000 11524       4       net.minecraft.util.RegistrySimple::putObject (68 bytes)
Event: 141.276 Thread 0x000000001d88d800 11525       1       com.google.common.cache.LocalCache$WeakEntry::getHash (5 bytes)
Event: 141.277 Thread 0x000000001d88d800 nmethod 11525 0x0000000003e73fd0 code [0x0000000003e74120, 0x0000000003e74230]
Event: 141.283 Thread 0x000000001c0cf000 nmethod 11524 0x0000000003d122d0 code [0x0000000003d124a0, 0x0000000003d12e68]
Event: 141.355 Thread 0x000000001d88d800 11526   !   3       java.util.concurrent.ConcurrentHashMap::putVal (362 bytes)
Event: 141.356 Thread 0x000000001d88d800 nmethod 11526 0x00000000044aaa90 code [0x00000000044aad40, 0x00000000044ac698]
Event: 141.357 Thread 0x000000001d88d800 11527       1       org.apache.logging.log4j.core.config.LoggerConfig::getLevel (5 bytes)
Event: 141.357 Thread 0x000000001d88d800 nmethod 11527 0x000000000442b650 code [0x000000000442b7a0, 0x000000000442b8b0]
Event: 141.357 Thread 0x000000001d88d800 11528       3       java.util.concurrent.ConcurrentHashMap$ValueIterator::next (34 bytes)
Event: 141.357 Thread 0x000000001d88d800 nmethod 11528 0x00000000044aa490 code [0x00000000044aa620, 0x00000000044aa958]

GC Heap History (10 events):
Event: 97.742 GC heap before
{Heap before GC invocations=29 (full 5):
 PSYoungGen      total 1246208K, used 1214111K [0x000000076ab00000, 0x00000007bbe80000, 0x00000007c0000000)
  eden space 1195520K, 100% used [0x000000076ab00000,0x00000007b3a80000,0x00000007b3a80000)
  from space 50688K, 36% used [0x00000007b3a80000,0x00000007b4ca7e10,0x00000007b6c00000)
  to   space 49152K, 0% used [0x00000007b8e80000,0x00000007b8e80000,0x00000007bbe80000)
 ParOldGen       total 181760K, used 161806K [0x00000006c0000000, 0x00000006cb180000, 0x000000076ab00000)
  object space 181760K, 89% used [0x00000006c0000000,0x00000006c9e03b88,0x00000006cb180000)
 Metaspace       used 44579K, capacity 44973K, committed 45440K, reserved 1089536K
  class space    used 5309K, capacity 5433K, committed 5504K, reserved 1048576K
Event: 97.750 GC heap after
Heap after GC invocations=29 (full 5):
 PSYoungGen      total 1265152K, used 18623K [0x000000076ab00000, 0x00000007bb480000, 0x00000007c0000000)
  eden space 1226240K, 0% used [0x000000076ab00000,0x000000076ab00000,0x00000007b5880000)
  from space 38912K, 47% used [0x00000007b8e80000,0x00000007ba0afe10,0x00000007bb480000)
  to   space 47104K, 0% used [0x00000007b5880000,0x00000007b5880000,0x00000007b8680000)
 ParOldGen       total 181760K, used 161806K [0x00000006c0000000, 0x00000006cb180000, 0x000000076ab00000)
  object space 181760K, 89% used [0x00000006c0000000,0x00000006c9e03b88,0x00000006cb180000)
 Metaspace       used 44579K, capacity 44973K, committed 45440K, reserved 1089536K
  class space    used 5309K, capacity 5433K, committed 5504K, reserved 1048576K
}
Event: 107.473 GC heap before
{Heap before GC invocations=30 (full 5):
 PSYoungGen      total 1265152K, used 1244863K [0x000000076ab00000, 0x00000007bb480000, 0x00000007c0000000)
  eden space 1226240K, 100% used [0x000000076ab00000,0x00000007b5880000,0x00000007b5880000)
  from space 38912K, 47% used [0x00000007b8e80000,0x00000007ba0afe10,0x00000007bb480000)
  to   space 47104K, 0% used [0x00000007b5880000,0x00000007b5880000,0x00000007b8680000)
 ParOldGen       total 181760K, used 161806K [0x00000006c0000000, 0x00000006cb180000, 0x000000076ab00000)
  object space 181760K, 89% used [0x00000006c0000000,0x00000006c9e03b88,0x00000006cb180000)
 Metaspace       used 44594K, capacity 44973K, committed 45440K, reserved 1089536K
  class space    used 5309K, capacity 5433K, committed 5504K, reserved 1048576K
Event: 107.480 GC heap after
Heap after GC invocations=30 (full 5):
 PSYoungGen      total 1273344K, used 18655K [0x000000076ab00000, 0x00000007bca00000, 0x00000007c0000000)
  eden space 1226240K, 0% used [0x000000076ab00000,0x000000076ab00000,0x00000007b5880000)
  from space 47104K, 39% used [0x00000007b5880000,0x00000007b6ab7e10,0x00000007b8680000)
  to   space 45056K, 0% used [0x00000007b9e00000,0x00000007b9e00000,0x00000007bca00000)
 ParOldGen       total 181760K, used 161806K [0x00000006c0000000, 0x00000006cb180000, 0x000000076ab00000)
  object space 181760K, 89% used [0x00000006c0000000,0x00000006c9e03b88,0x00000006cb180000)
 Metaspace       used 44594K, capacity 44973K, committed 45440K, reserved 1089536K
  class space    used 5309K, capacity 5433K, committed 5504K, reserved 1048576K
}
Event: 117.522 GC heap before
{Heap before GC invocations=31 (full 5):
 PSYoungGen      total 1273344K, used 1244895K [0x000000076ab00000, 0x00000007bca00000, 0x00000007c0000000)
  eden space 1226240K, 100% used [0x000000076ab00000,0x00000007b5880000,0x00000007b5880000)
  from space 47104K, 39% used [0x00000007b5880000,0x00000007b6ab7e10,0x00000007b8680000)
  to   space 45056K, 0% used [0x00000007b9e00000,0x00000007b9e00000,0x00000007bca00000)
 ParOldGen       total 181760K, used 161806K [0x00000006c0000000, 0x00000006cb180000, 0x000000076ab00000)
  object space 181760K, 89% used [0x00000006c0000000,0x00000006c9e03b88,0x00000006cb180000)
 Metaspace       used 44607K, capacity 44973K, committed 45440K, reserved 1089536K
  class space    used 5309K, capacity 5433K, committed 5504K, reserved 1048576K
Event: 117.531 GC heap after
Heap after GC invocations=31 (full 5):
 PSYoungGen      total 1287168K, used 18703K [0x000000076ab00000, 0x00000007bc380000, 0x00000007c0000000)
  eden space 1248768K, 0% used [0x000000076ab00000,0x000000076ab00000,0x00000007b6e80000)
  from space 38400K, 48% used [0x00000007b9e00000,0x00000007bb043ca0,0x00000007bc380000)
  to   space 43520K, 0% used [0x00000007b6e80000,0x00000007b6e80000,0x00000007b9900000)
 ParOldGen       total 181760K, used 161806K [0x00000006c0000000, 0x00000006cb180000, 0x000000076ab00000)
  object space 181760K, 89% used [0x00000006c0000000,0x00000006c9e03b88,0x00000006cb180000)
 Metaspace       used 44607K, capacity 44973K, committed 45440K, reserved 1089536K
  class space    used 5309K, capacity 5433K, committed 5504K, reserved 1048576K
}
Event: 127.757 GC heap before
{Heap before GC invocations=32 (full 5):
 PSYoungGen      total 1287168K, used 1267471K [0x000000076ab00000, 0x00000007bc380000, 0x00000007c0000000)
  eden space 1248768K, 100% used [0x000000076ab00000,0x00000007b6e80000,0x00000007b6e80000)
  from space 38400K, 48% used [0x00000007b9e00000,0x00000007bb043ca0,0x00000007bc380000)
  to   space 43520K, 0% used [0x00000007b6e80000,0x00000007b6e80000,0x00000007b9900000)
 ParOldGen       total 181760K, used 161806K [0x00000006c0000000, 0x00000006cb180000, 0x000000076ab00000)
  object space 181760K, 89% used [0x00000006c0000000,0x00000006c9e03b88,0x00000006cb180000)
 Metaspace       used 44608K, capacity 44973K, committed 45440K, reserved 1089536K
  class space    used 5309K, capacity 5433K, committed 5504K, reserved 1048576K
Event: 127.765 GC heap after
Heap after GC invocations=32 (full 5):
 PSYoungGen      total 1292288K, used 18703K [0x000000076ab00000, 0x00000007bd280000, 0x00000007c0000000)
  eden space 1248768K, 0% used [0x000000076ab00000,0x000000076ab00000,0x00000007b6e80000)
  from space 43520K, 42% used [0x00000007b6e80000,0x00000007b80c3ca0,0x00000007b9900000)
  to   space 41472K, 0% used [0x00000007baa00000,0x00000007baa00000,0x00000007bd280000)
 ParOldGen       total 181760K, used 161806K [0x00000006c0000000, 0x00000006cb180000, 0x000000076ab00000)
  object space 181760K, 89% used [0x00000006c0000000,0x00000006c9e03b88,0x00000006cb180000)
 Metaspace       used 44608K, capacity 44973K, committed 45440K, reserved 1089536K
  class space    used 5309K, capacity 5433K, committed 5504K, reserved 1048576K
}
Event: 137.674 GC heap before
{Heap before GC invocations=33 (full 5):
 PSYoungGen      total 1292288K, used 1267471K [0x000000076ab00000, 0x00000007bd280000, 0x00000007c0000000)
  eden space 1248768K, 100% used [0x000000076ab00000,0x00000007b6e80000,0x00000007b6e80000)
  from space 43520K, 42% used [0x00000007b6e80000,0x00000007b80c3ca0,0x00000007b9900000)
  to   space 41472K, 0% used [0x00000007baa00000,0x00000007baa00000,0x00000007bd280000)
 ParOldGen       total 181760K, used 161806K [0x00000006c0000000, 0x00000006cb180000, 0x000000076ab00000)
  object space 181760K, 89% used [0x00000006c0000000,0x00000006c9e03b88,0x00000006cb180000)
 Metaspace       used 44663K, capacity 45075K, committed 45440K, reserved 1089536K
  class space    used 5312K, capacity 5466K, committed 5504K, reserved 1048576K
Event: 137.682 GC heap after
Heap after GC invocations=33 (full 5):
 PSYoungGen      total 1302528K, used 18949K [0x000000076ab00000, 0x00000007bcd80000, 0x00000007c0000000)
  eden space 1266176K, 0% used [0x000000076ab00000,0x000000076ab00000,0x00000007b7f80000)
  from space 36352K, 52% used [0x00000007baa00000,0x00000007bbc81720,0x00000007bcd80000)
  to   space 39936K, 0% used [0x00000007b7f80000,0x00000007b7f80000,0x00000007ba680000)
 ParOldGen       total 181760K, used 161806K [0x00000006c0000000, 0x00000006cb180000, 0x000000076ab00000)
  object space 181760K, 89% used [0x00000006c0000000,0x00000006c9e03b88,0x00000006cb180000)
 Metaspace       used 44663K, capacity 45075K, committed 45440K, reserved 1089536K
  class space    used 5312K, capacity 5466K, committed 5504K, reserved 1048576K
}

Deoptimization events (10 events):
Event: 141.194 Thread 0x000000001d91a800 Uncommon trap: reason=class_check action=maybe_recompile pc=0x0000000003ce1d8c method=com.google.common.cache.LocalCache$Segment.drainRecencyQueue()V @ 4
Event: 141.194 Thread 0x000000001d91a800 Uncommon trap: reason=class_check action=maybe_recompile pc=0x0000000003ce1d8c method=com.google.common.cache.LocalCache$Segment.drainRecencyQueue()V @ 4
Event: 141.194 Thread 0x000000001d91a800 Uncommon trap: reason=class_check action=maybe_recompile pc=0x0000000003ce1d8c method=com.google.common.cache.LocalCache$Segment.drainRecencyQueue()V @ 4
Event: 141.195 Thread 0x000000001d91a800 Uncommon trap: reason=speculate_class_check action=maybe_recompile pc=0x000000000461ac88 method=com.google.common.base.Equivalence.hash(Ljava/lang/Object;)I @ 8
Event: 141.195 Thread 0x000000001d91a800 Uncommon trap: reason=speculate_class_check action=maybe_recompile pc=0x000000000461ac88 method=com.google.common.base.Equivalence.hash(Ljava/lang/Object;)I @ 8
Event: 141.195 Thread 0x000000001d91a800 Uncommon trap: reason=speculate_class_check action=maybe_recompile pc=0x000000000461ac88 method=com.google.common.base.Equivalence.hash(Ljava/lang/Object;)I @ 8
Event: 141.199 Thread 0x000000001d921000 Uncommon trap: reason=unstable_if action=reinterpret pc=0x0000000003b9ab64 method=io.netty.util.concurrent.SingleThreadEventExecutor.execute(Ljava/lang/Runnable;)V @ 20
Event: 141.207 Thread 0x000000001d91a800 Uncommon trap: reason=unstable_if action=reinterpret pc=0x00000000046380c0 method=java.util.concurrent.ConcurrentHashMap.putVal(Ljava/lang/Object;Ljava/lang/Object;Z)Ljava/lang/Object; @ 331
Event: 141.276 Thread 0x000000001d91a800 Uncommon trap: reason=class_check action=maybe_recompile pc=0x0000000003ce1d8c method=com.google.common.cache.LocalCache$Segment.drainRecencyQueue()V @ 4
Event: 141.355 Thread 0x000000000200b000 Uncommon trap: reason=unstable_if action=reinterpret pc=0x0000000002c7d110 method=net.minecraftforge.fml.relauncher.FMLSecurityManager.checkPermission(Ljava/security/Permission;)V @ 23

Internal exceptions (10 events):
Event: 140.875 Thread 0x000000001d91e000 Exception <a 'java/lang/InterruptedException': sleep interrupted> (0x000000077c2b0a60) thrown at [C:\re\workspace\8-2-build-windows-amd64-cygwin\jdk8u101\7261\hotspot\src\share\vm\prims\jvm.cpp, line 3215]
Event: 140.889 Thread 0x000000001d91e000 Exception <a 'java/lang/InterruptedException': sleep interrupted> (0x000000077c2b0cb8) thrown at [C:\re\workspace\8-2-build-windows-amd64-cygwin\jdk8u101\7261\hotspot\src\share\vm\prims\jvm.cpp, line 3215]
Event: 140.906 Thread 0x000000001d91e000 Exception <a 'java/lang/InterruptedException': sleep interrupted> (0x000000077c2b0f10) thrown at [C:\re\workspace\8-2-build-windows-amd64-cygwin\jdk8u101\7261\hotspot\src\share\vm\prims\jvm.cpp, line 3215]
Event: 140.924 Thread 0x000000001d91e000 Exception <a 'java/lang/InterruptedException': sleep interrupted> (0x000000077c2b1168) thrown at [C:\re\workspace\8-2-build-windows-amd64-cygwin\jdk8u101\7261\hotspot\src\share\vm\prims\jvm.cpp, line 3215]
Event: 140.939 Thread 0x000000001d91e000 Exception <a 'java/lang/InterruptedException': sleep interrupted> (0x000000077c2b13c0) thrown at [C:\re\workspace\8-2-build-windows-amd64-cygwin\jdk8u101\7261\hotspot\src\share\vm\prims\jvm.cpp, line 3215]
Event: 141.068 Thread 0x000000001d91e000 Exception <a 'java/lang/InterruptedException': sleep interrupted> (0x000000077c2b1618) thrown at [C:\re\workspace\8-2-build-windows-amd64-cygwin\jdk8u101\7261\hotspot\src\share\vm\prims\jvm.cpp, line 3215]
Event: 141.141 Thread 0x000000001d91e000 Exception <a 'java/lang/InterruptedException': sleep interrupted> (0x000000077c2b1898) thrown at [C:\re\workspace\8-2-build-windows-amd64-cygwin\jdk8u101\7261\hotspot\src\share\vm\prims\jvm.cpp, line 3215]
Event: 141.241 Thread 0x000000001d920800 Exception <a 'java/lang/InterruptedException': sleep interrupted> (0x0000000786d43e08) thrown at [C:\re\workspace\8-2-build-windows-amd64-cygwin\jdk8u101\7261\hotspot\src\share\vm\prims\jvm.cpp, line 3215]
Event: 141.278 Thread 0x000000001d91a800 NullPointerException at vtable entry 0x0000000002763550
Event: 141.278 Thread 0x000000001d91a800 Exception <a 'java/lang/NullPointerException'> (0x00000007858e8520) thrown at [C:\re\workspace\8-2-build-windows-amd64-cygwin\jdk8u101\7261\hotspot\src\share\vm\runtime\sharedRuntime.cpp, line 605]

Events (10 events):
Event: 141.355 loading class org/apache/logging/log4j/core/config/NullConfiguration done
Event: 141.355 Thread 0x000000001d91e000 Thread exited: 0x000000001d91e000
Event: 141.356 loading class javax/servlet/ServletContext
Event: 141.356 loading class javax/servlet/ServletContext done
Event: 141.356 loading class javax/servlet/ServletContext
Event: 141.356 loading class javax/servlet/ServletContext done
Event: 141.357 Thread 0x000000001d91d800 Thread exited: 0x000000001d91d800
Event: 141.357 Thread 0x000000001d91a800 Thread exited: 0x000000001d91a800
Event: 141.357 Thread 0x000000001d920800 Thread exited: 0x000000001d920800
Event: 141.357 Executing VM operation: Exit


Dynamic libraries:
0x000000013ff30000 - 0x000000013ff67000 	C:\Program Files\Java\jre1.8.0_101\bin\javaw.exe
0x0000000077a50000 - 0x0000000077bf9000 	C:\Windows\SYSTEM32\ntdll.dll
0x0000000077830000 - 0x000000007794f000 	C:\Windows\system32\kernel32.dll
0x000007fefdae0000 - 0x000007fefdb4c000 	C:\Windows\system32\KERNELBASE.dll
0x000007fefe960000 - 0x000007fefea3b000 	C:\Windows\system32\ADVAPI32.dll
0x000007fefe300000 - 0x000007fefe39f000 	C:\Windows\system32\msvcrt.dll
0x000007fefe480000 - 0x000007fefe49f000 	C:\Windows\SYSTEM32\sechost.dll
0x000007fefe100000 - 0x000007fefe22d000 	C:\Windows\system32\RPCRT4.dll
0x0000000077950000 - 0x0000000077a4a000 	C:\Windows\system32\USER32.dll
0x000007fefe290000 - 0x000007fefe2f7000 	C:\Windows\system32\GDI32.dll
0x000007fefec70000 - 0x000007fefec7e000 	C:\Windows\system32\LPK.dll
0x000007fefec80000 - 0x000007fefed49000 	C:\Windows\system32\USP10.dll
0x000007fefc3a0000 - 0x000007fefc594000 	C:\Windows\WinSxS\amd64_microsoft.windows.common-controls_6595b64144ccf1df_6.0.7601.17514_none_fa396087175ac9ac\COMCTL32.dll
0x000007fefea60000 - 0x000007fefead1000 	C:\Windows\system32\SHLWAPI.dll
0x000007feffd30000 - 0x000007feffd5e000 	C:\Windows\system32\IMM32.DLL
0x000007fefe7d0000 - 0x000007fefe8d9000 	C:\Windows\system32\MSCTF.dll
0x0000000079150000 - 0x0000000079222000 	C:\Program Files\Java\jre1.8.0_101\bin\msvcr100.dll
0x000000006f3d0000 - 0x000000006fc6a000 	C:\Program Files\Java\jre1.8.0_101\bin\server\jvm.dll
0x000007feead80000 - 0x000007feead89000 	C:\Windows\system32\WSOCK32.dll
0x000007fefe240000 - 0x000007fefe28d000 	C:\Windows\system32\WS2_32.dll
0x000007fefe230000 - 0x000007fefe238000 	C:\Windows\system32\NSI.dll
0x000007fef9fb0000 - 0x000007fef9feb000 	C:\Windows\system32\WINMM.dll
0x000007fefc8b0000 - 0x000007fefc8bc000 	C:\Windows\system32\VERSION.dll
0x0000000077c20000 - 0x0000000077c27000 	C:\Windows\system32\PSAPI.DLL
0x000000005bb90000 - 0x000000005bb9f000 	C:\Program Files\Java\jre1.8.0_101\bin\verify.dll
0x0000000077e60000 - 0x0000000077e89000 	C:\Program Files\Java\jre1.8.0_101\bin\java.dll
0x0000000059ec0000 - 0x0000000059ed6000 	C:\Program Files\Java\jre1.8.0_101\bin\zip.dll
0x000007fefefa0000 - 0x000007feffd28000 	C:\Windows\system32\SHELL32.dll
0x000007fefde50000 - 0x000007fefe053000 	C:\Windows\system32\ole32.dll
0x000007fefd810000 - 0x000007fefd81f000 	C:\Windows\system32\profapi.dll
0x00000000595b0000 - 0x00000000595bd000 	C:\Program Files\Java\jre1.8.0_101\bin\management.dll
0x000000005b3b0000 - 0x000000005b3ca000 	C:\Program Files\Java\jre1.8.0_101\bin\net.dll
0x000007fefcfb0000 - 0x000007fefd005000 	C:\Windows\system32\mswsock.dll
0x000007fefcfa0000 - 0x000007fefcfa7000 	C:\Windows\System32\wship6.dll
0x0000000057c90000 - 0x0000000057ca1000 	C:\Program Files\Java\jre1.8.0_101\bin\nio.dll
0x000007fefb310000 - 0x000007fefb325000 	C:\Windows\system32\NLAapi.dll
0x000007fee49c0000 - 0x000007fee49d5000 	C:\Windows\system32\napinsp.dll
0x000007fee4950000 - 0x000007fee4969000 	C:\Windows\system32\pnrpnsp.dll
0x000007fee4a60000 - 0x000007fee4a6b000 	C:\Windows\System32\winrnr.dll
0x000007fee5070000 - 0x000007fee5082000 	C:\Windows\system32\PrxerNsp.dll
0x000007fefce30000 - 0x000007fefce8b000 	C:\Windows\system32\DNSAPI.dll
0x000007fefc9d0000 - 0x000007fefc9d7000 	C:\Windows\System32\wshtcpip.dll
0x000007fefb1b0000 - 0x000007fefb1d7000 	C:\Windows\system32\IPHLPAPI.DLL
0x000007fefb1a0000 - 0x000007fefb1ab000 	C:\Windows\system32\WINNSI.DLL
0x000007fee5060000 - 0x000007fee5068000 	C:\Windows\system32\rasadhlp.dll
0x000007fefb000000 - 0x000007fefb053000 	C:\Windows\System32\fwpuclnt.dll
0x0000000077f00000 - 0x0000000077f24000 	C:\Program Files\Java\jre1.8.0_101\bin\sunec.dll
0x000007fefd010000 - 0x000007fefd028000 	C:\Windows\system32\CRYPTSP.dll
0x000007fefcd10000 - 0x000007fefcd57000 	C:\Windows\system32\rsaenh.dll
0x000007fefdba0000 - 0x000007fefdbbe000 	C:\Windows\system32\USERENV.dll
0x000007fefd670000 - 0x000007fefd67f000 	C:\Windows\system32\CRYPTBASE.dll
0x000007fefaf90000 - 0x000007fefafa1000 	C:\Windows\system32\dhcpcsvc6.DLL
0x000007fefaf70000 - 0x000007fefaf88000 	C:\Windows\system32\dhcpcsvc.DLL
0x000000005c4c0000 - 0x000000005c4cb000 	C:\Program Files\Java\jre1.8.0_101\bin\sunmscapi.dll
0x000007fefd970000 - 0x000007fefdadd000 	C:\Windows\system32\CRYPT32.dll
0x000007fefd820000 - 0x000007fefd82f000 	C:\Windows\system32\MSASN1.dll
0x0000000180000000 - 0x0000000180051000 	C:\Users\Sam Humby\.gradle\caches\minecraft\net\minecraft\natives\1.8\lwjgl64.dll
0x000007fee65f0000 - 0x000007fee670d000 	C:\Windows\system32\OPENGL32.dll
0x000007feee900000 - 0x000007feee92d000 	C:\Windows\system32\GLU32.dll
0x000007fee0da0000 - 0x000007fee0e91000 	C:\Windows\system32\DDRAW.dll
0x000007fee5030000 - 0x000007fee5038000 	C:\Windows\system32\DCIMAN32.dll
0x000007fefdbd0000 - 0x000007fefdda7000 	C:\Windows\system32\SETUPAPI.dll
0x000007fefd830000 - 0x000007fefd866000 	C:\Windows\system32\CFGMGR32.dll
0x000007fefe3a0000 - 0x000007fefe477000 	C:\Windows\system32\OLEAUT32.dll
0x000007fefdb80000 - 0x000007fefdb9a000 	C:\Windows\system32\DEVOBJ.dll
0x000007fefc890000 - 0x000007fefc8a8000 	C:\Windows\system32\dwmapi.dll
0x000000006c3c0000 - 0x000000006c558000 	C:\Program Files\Java\jre1.8.0_101\bin\awt.dll
0x000007fefc1c0000 - 0x000007fefc216000 	C:\Windows\system32\uxtheme.dll
0x000007fee17d0000 - 0x000007fee17f8000 	C:\Program Files (x86)\Raptr\ltc_help64-106568.dll
0x000007fefd880000 - 0x000007fefd8bb000 	C:\Windows\system32\WINTRUST.dll
0x000007feee8e0000 - 0x000007feee8ff000 	C:\Windows\system32\atig6pxx.dll
0x00000000684d0000 - 0x000000006a4a3000 	C:\Windows\system32\atio6axx.dll
0x000007feeda30000 - 0x000007feedb80000 	C:\Windows\system32\atiadlxx.dll
0x000007fefc220000 - 0x000007fefc34c000 	C:\Windows\system32\PROPSYS.dll
0x000007fefc8f0000 - 0x000007fefc901000 	C:\Windows\system32\WTSAPI32.dll
0x000007feeb2d0000 - 0x000007feeb303000 	C:\Windows\system32\atig6txx.dll
0x000007fefbb50000 - 0x000007fefbbec000 	C:\Windows\system32\mscms.dll
0x000007fee4180000 - 0x000007fee41c2000 	C:\Windows\system32\icm32.dll
0x0000000070a40000 - 0x0000000070adc000 	C:\Users\Sam Humby\.gradle\caches\minecraft\net\minecraft\natives\1.8\avutil-ttv-51.dll
0x0000000065980000 - 0x00000000659d6000 	C:\Users\Sam Humby\.gradle\caches\minecraft\net\minecraft\natives\1.8\swresample-ttv-0.dll
0x000000006eb80000 - 0x000000006ec50000 	C:\Users\Sam Humby\.gradle\caches\minecraft\net\minecraft\natives\1.8\libmp3lame-ttv.dll
0x000007fedcb80000 - 0x000007feddf24000 	C:\Users\Sam Humby\.gradle\caches\minecraft\net\minecraft\natives\1.8\libmfxsw64.dll
0x000007fee43e0000 - 0x000007fee454d000 	C:\Users\Sam Humby\.gradle\caches\minecraft\net\minecraft\natives\1.8\twitchsdk.dll
0x000007fefed50000 - 0x000007fefef98000 	C:\Windows\system32\WININET.dll
0x000007fefdb50000 - 0x000007fefdb54000 	C:\Windows\system32\api-ms-win-downlevel-user32-l1-1-0.dll
0x000007fefdb60000 - 0x000007fefdb64000 	C:\Windows\system32\api-ms-win-downlevel-shlwapi-l1-1-0.dll
0x000007fefd870000 - 0x000007fefd874000 	C:\Windows\system32\api-ms-win-downlevel-version-l1-1-0.dll
0x000007fefdbc0000 - 0x000007fefdbc3000 	C:\Windows\system32\api-ms-win-downlevel-normaliz-l1-1-0.dll
0x0000000077c10000 - 0x0000000077c13000 	C:\Windows\system32\normaliz.DLL
0x000007fefe4a0000 - 0x000007fefe767000 	C:\Windows\system32\iertutil.dll
0x000007fefdb70000 - 0x000007fefdb75000 	C:\Windows\system32\api-ms-win-downlevel-advapi32-l1-1-0.dll
0x0000000012cf0000 - 0x0000000012d54000 	C:\Users\Sam Humby\.gradle\caches\minecraft\net\minecraft\natives\1.8\OpenAL64.dll
0x000007fefe060000 - 0x000007fefe0f9000 	C:\Windows\system32\CLBCatQ.DLL
0x000007fefbdb0000 - 0x000007fefbdfb000 	C:\Windows\System32\MMDevApi.dll
0x000007fef3320000 - 0x000007fef33a8000 	C:\Windows\system32\dsound.dll
0x000007fefc8c0000 - 0x000007fefc8ec000 	C:\Windows\system32\POWRPROF.dll
0x000007fef3000000 - 0x000007fef304f000 	C:\Windows\system32\AUDIOSES.DLL
0x000007fefea40000 - 0x000007fefea59000 	C:\Windows\system32\imagehlp.dll
0x000007fefd190000 - 0x000007fefd1e0000 	C:\Windows\system32\ncrypt.dll
0x000007fefd160000 - 0x000007fefd182000 	C:\Windows\system32\bcrypt.dll
0x000007fefcc50000 - 0x000007fefcc9c000 	C:\Windows\system32\bcryptprimitives.dll
0x000007fefcac0000 - 0x000007fefcadb000 	C:\Windows\system32\GPAPI.dll
0x000007fef9330000 - 0x000007fef9357000 	C:\Windows\system32\cryptnet.dll
0x000007fefe770000 - 0x000007fefe7c2000 	C:\Windows\system32\WLDAP32.dll
0x000007fefbbf0000 - 0x000007fefbbf9000 	C:\Windows\system32\SensApi.dll
0x000007fedf090000 - 0x000007fedf2d8000 	C:\PROGRA~2\Raptr\ltc_game64-106568.dll
0x000007feedb80000 - 0x000007feedca5000 	C:\Windows\system32\dbghelp.dll

VM Arguments:
jvm_args: -Dfile.encoding=Cp1252 
java_command: GradleStart --username=samalot@plagachef.com --password=jedapo
java_class_path (initial): C:\Users\Sam Humby\Desktop\Minecraft Mod\Git\Lazarus\bin;C:\Users\Sam Humby\.gradle\caches\minecraft\net\minecraftforge\forge\1.8-11.14.4.1563\snapshot\20141130\forgeSrc-1.8-11.14.4.1563.jar;C:\Users\Sam Humby\.gradle\caches\modules-2\files-2.1\net.minecraft\launchwrapper\1.12\111e7bea9c968cdb3d06ef4632bf7ff0824d0f36\launchwrapper-1.12.jar;C:\Users\Sam Humby\.gradle\caches\modules-2\files-2.1\org.ow2.asm\asm-debug-all\5.0.3\f9e364ae2a66ce2a543012a4668856e84e5dab74\asm-debug-all-5.0.3.jar;C:\Users\Sam Humby\.gradle\caches\modules-2\files-2.1\com.typesafe.akka\akka-actor_2.11\2.3.3\ed62e9fc709ca0f2ff1a3220daa8b70a2870078e\akka-actor_2.11-2.3.3.jar;C:\Users\Sam Humby\.gradle\caches\modules-2\files-2.1\com.typesafe\config\1.2.1\f771f71fdae3df231bcd54d5ca2d57f0bf93f467\config-1.2.1.jar;C:\Users\Sam Humby\.gradle\caches\modules-2\files-2.1\org.scala-lang\scala-actors-migration_2.11\1.1.0\dfa8bc42b181d5b9f1a5dd147f8ae308b893eb6f\scala-actors-migration_2.11-1.1.0.jar;C:\Users\Sam Humby\.gradle\caches\modules-2\files-2.1\org.scala-lang\scala-compiler\2.11.1\56ea2e6c025e0821f28d73ca271218b8dd04926a\scala-compiler-2.11.1.jar;C:\Users\Sam Humby\.gradle\caches\modules-2\files-2.1\org.scala-lang.plugins\scala-continuations-library_2.11\1.0.2\e517c53a7e9acd6b1668c5a35eccbaa3bab9aac\scala-continuations-library_2.11-1.0.2.jar;C:\Users\Sam Humby\.gradle\caches\modules-2\files-2.1\org.scala-lang.plugins\scala-continuations-plugin_2.11.1\1.0.2\f361a3283452c57fa30c1ee69448995de23c60f7\scala-continuations-plugin_2.11.1-1.0.2.jar;C:\Users\Sam Humby\.gradle\caches\modules-2\files-2.1\org.scala-lang\scala-library\2.11.1\e11da23da3eabab9f4777b9220e60d44c1aab6a\scala-library-2.11.1.jar;C:\Users\Sam Humby\.gradle\caches\modules-2\files-2.1\org.scala-lang.modules\scala-parser-combinators_2.11\1.0.1\f05d7345bf5a58924f2837c6c1f4d73a938e1ff0\scala-parser-combinators_2.11-1.0.1.jar;C:\Users\Sam Humby\.gradle\caches\modules-2\files-2.1\org.scala-lang\scala-reflect\2.11.1
Launcher Type: SUN_STANDARD

Environment Variables:
JAVA_HOME=C:\Program Files\Java\jdk1.8.0_77
CLASSPATH=.;C:\Program Files\Java\jre1.8.0_77\lib\ext\QTJava.zip
PATH=C:/Program Files/Java/jre1.8.0_101/bin/server;C:/Program Files/Java/jre1.8.0_101/bin;C:/Program Files/Java/jre1.8.0_101/lib/amd64;C:\Program Files (x86)\NVIDIA Corporation\PhysX\Common;C:\ProgramData\Oracle\Java\javapath;C:\Program Files (x86)\AMD APP\bin\x86_64;C:\Program Files (x86)\AMD APP\bin\x86;C:\Program Files (x86)\Intel\iCLS Client\;C:\Program Files\Intel\iCLS Client\;C:\Windows\system32;C:\Windows;C:\Windows\System32\Wbem;C:\Windows\System32\WindowsPowerShell\v1.0\;C:\Program Files\Intel\Intel(R) Management Engine Components\DAL;C:\Program Files\Intel\Intel(R) Management Engine Components\IPT;C:\Program Files (x86)\Intel\Intel(R) Management Engine Components\DAL;C:\Program Files (x86)\Intel\Intel(R) Management Engine Components\IPT;C:\Program Files (x86)\ATI Technologies\ATI.ACE\Core-Static;C:\Program Files\Java\jdk1.7.0_21\bin;C:\Program Files (x86)\QuickTime\QTSystem\;C:\Program Files (x86)\Autodesk\Backburner\;C:\Program Files (x86)\Bitvise SSH Client;C:\Program Files\digieffects\bin;C:\Program Files\nodejs\;C:\Program Files (x86)\Git\cmd;C:\php;C:\Program Files (x86)\AMD\ATI.ACE\Core-Static;C:\Program Files\OpenVPN\bin;C:\MinGW\bin;C:\Users\Sam Humby\.dnx\bin;C:\Program Files\Microsoft DNX\Dnvm\;C:\Program Files (x86)\Skype\Phone\;C:\Program Files\MiKTeX 2.9\miktex\bin\x64\;C:\Python27\Scripts;C:\Program Files\Java\jdk1.8.0_77\bin;C:\Users\Sam Humby\AppData\Roaming\npm;C:\Program Files (x86)\apache-maven-3.3.3\Bin;C:\Python27\Scripts;C:\Windows\system32;
USERNAME=Sam Humby
OS=Windows_NT
PROCESSOR_IDENTIFIER=Intel64 Family 6 Model 58 Stepping 9, GenuineIntel



---------------  S Y S T E M  ---------------

OS: Windows 7 , 64 bit Build 7601 (6.1.7601.18409)

CPU:total 4 (4 cores per cpu, 1 threads per core) family 6 model 58 stepping 9, cmov, cx8, fxsr, mmx, sse, sse2, sse3, ssse3, sse4.1, sse4.2, popcnt, avx, aes, clmul, erms, tsc, tscinvbit, tscinv

Memory: 4k page, physical 16777216k(9864100k free), swap 18872512k(11094880k free)

vm_info: Java HotSpot(TM) 64-Bit Server VM (25.101-b13) for windows-amd64 JRE (1.8.0_101-b13), built on Jun 22 2016 01:21:29 by "java_re" with MS VC++ 10.0 (VS2010)

time: Sat Aug 20 00:33:18 2016
elapsed time: 141 seconds (0d 0h 2m 21s)

