#
# A fatal error has been detected by the Java Runtime Environment:
#
#  EXCEPTION_ACCESS_VIOLATION (0xc0000005) at pc=0x000007feea1bd6c4, pid=9768, tid=0x000000000000303c
#
# JRE version: Java(TM) SE Runtime Environment (8.0_101-b13) (build 1.8.0_101-b13)
# Java VM: Java HotSpot(TM) 64-Bit Server VM (25.101-b13 mixed mode windows-amd64 compressed oops)
# Problematic frame:
# C  [OPENGL32.dll+0xdd6c4]
#
# Failed to write core dump. Minidumps are not enabled by default on client versions of Windows
#
# If you would like to submit a bug report, please visit:
#   http://bugreport.java.com/bugreport/crash.jsp
#

---------------  T H R E A D  ---------------

Current thread (0x000000001c0be800):  VMThread [stack: 0x000000001cfa0000,0x000000001d0a0000] [id=12348]

siginfo: ExceptionCode=0xc0000005, reading address 0x0000000000000a38

Registers:
RAX=0x0000000000000000, RBX=0x000000003686c710, RCX=0x0000000000000001, RDX=0x000000003686c718
RSP=0x000000001d09f1b8, RBP=0x0000000000000000, RSI=0x000000003686eb60, RDI=0x000000003686eb60
R8 =0x000000001d09f238, R9 =0x000000001bfa5500, R10=0x000000002c59e620, R11=0x000000001d09ef82
R12=0x0000000000000000, R13=0x0000000036867100, R14=0x0000000036866fb0, R15=0x0000000000000000
RIP=0x000007feea1bd6c4, EFLAGS=0x0000000000010287

Top of Stack: (sp=0x000000001d09f1b8)
0x000000001d09f1b8:   000007fee436244b 0000000000000001
0x000000001d09f1c8:   000000003686c718 000000001d09f238
0x000000001d09f1d8:   000000001bfa5500 0000000000000000
0x000000001d09f1e8:   000007fee4367f17 0000000036867100
0x000000001d09f1f8:   0000000000000001 00000000368670e0
0x000000001d09f208:   0000000036866fb0 fffffffffffffffe
0x000000001d09f218:   0000000077851a4a 0000000000000000
0x000000001d09f228:   000007fee43687c9 000000003686eb60
0x000000001d09f238:   0000000036870830 000007fee4451940
0x000000001d09f248:   000007fee43e5700 fffffffffffffffe
0x000000001d09f258:   0000000036bacbf0 0000000000000001
0x000000001d09f268:   00000000368670d8 0000000036866fb0
0x000000001d09f278:   000007fee43ed7ad 000007fee45265b0
0x000000001d09f288:   000007fee4451930 000000001bfa5500
0x000000001d09f298:   000000001c0bf0e0 00000000368670d8
0x000000001d09f2a8:   0000000036866fb0 0000000036866fb0 

Instructions: (pc=0x000007feea1bd6c4)
0x000007feea1bd6a4:   cc cc cc cc cc cc 66 0f 1f 44 00 00 8b 05 16 0c
0x000007feea1bd6b4:   01 00 83 f8 40 73 0f 65 48 8b 04 c5 80 14 00 00
0x000007feea1bd6c4:   ff a0 38 0a 00 00 b8 47 01 00 00 e9 ec d4 ff ff
0x000007feea1bd6d4:   cc cc cc cc cc cc 66 0f 1f 44 00 00 8b 05 e6 0b 


Register to memory mapping:

RAX=0x0000000000000000 is an unknown value
RBX=0x000000003686c710 is an unknown value
RCX=0x0000000000000001 is an unknown value
RDX=0x000000003686c718 is an unknown value
RSP=0x000000001d09f1b8 is an unknown value
RBP=0x0000000000000000 is an unknown value
RSI=0x000000003686eb60 is an unknown value
RDI=0x000000003686eb60 is an unknown value
R8 =0x000000001d09f238 is an unknown value
R9 =0x000000001bfa5500 is an unknown value
R10=0x000000002c59e620 is an unknown value
R11=0x000000001d09ef82 is an unknown value
R12=0x0000000000000000 is an unknown value
R13=0x0000000036867100 is an unknown value
R14=0x0000000036866fb0 is an unknown value
R15=0x0000000000000000 is an unknown value


Stack: [0x000000001cfa0000,0x000000001d0a0000],  sp=0x000000001d09f1b8,  free space=1020k
Native frames: (J=compiled Java code, j=interpreted, Vv=VM code, C=native code)

VM_Operation (0x000000000254d9a0): Exit, mode: safepoint, requested by thread 0x000000000212b000


---------------  P R O C E S S  ---------------

Java Threads: ( => current thread )
  0x000000002270a800 JavaThread "pool-2-thread-1" [_thread_blocked, id=10704, stack(0x00000000366f0000,0x00000000367f0000)]
  0x0000000022d68800 JavaThread "File IO Thread" [_thread_blocked, id=7524, stack(0x0000000028f20000,0x0000000029020000)]
  0x0000000022709000 JavaThread "Chunk I/O Executor Thread-1" daemon [_thread_blocked, id=5572, stack(0x000000003b900000,0x000000003ba00000)]
  0x0000000022708000 JavaThread "Netty Server IO #1" daemon [_thread_in_native, id=12452, stack(0x0000000036bd0000,0x0000000036cd0000)]
  0x0000000022d69800 JavaThread "Netty Local Client IO #0" daemon [_thread_blocked, id=12364, stack(0x000000003d8a0000,0x000000003d9a0000)]
  0x0000000022d64000 JavaThread "Netty Server IO #0" daemon [_thread_in_native, id=13008, stack(0x000000003d190000,0x000000003d290000)]
  0x0000000022d65800 JavaThread "Chunk Batcher 1" daemon [_thread_blocked, id=12604, stack(0x0000000037080000,0x0000000037180000)]
  0x0000000022d65000 JavaThread "Chunk Batcher 0" daemon [_thread_blocked, id=9304, stack(0x0000000036ed0000,0x0000000036fd0000)]
  0x000000001e546000 JavaThread "LWJGL Timer" daemon [_thread_blocked, id=11692, stack(0x000000002d040000,0x000000002d140000)]
  0x000000002103b000 JavaThread "Java2D Disposer" daemon [_thread_blocked, id=10756, stack(0x00000000246a0000,0x00000000247a0000)]
  0x000000002233c000 JavaThread "Timer hack thread" daemon [_thread_blocked, id=7328, stack(0x0000000024110000,0x0000000024210000)]
  0x000000001f7da000 JavaThread "Snooper Timer" daemon [_thread_blocked, id=13248, stack(0x0000000024370000,0x0000000024470000)]
  0x000000001d8c0800 JavaThread "Service Thread" daemon [_thread_blocked, id=11472, stack(0x000000001df00000,0x000000001e000000)]
  0x000000001d834000 JavaThread "C1 CompilerThread2" daemon [_thread_blocked, id=8068, stack(0x000000001d330000,0x000000001d430000)]
  0x000000001d832000 JavaThread "C2 CompilerThread1" daemon [_thread_blocked, id=7664, stack(0x000000001dd60000,0x000000001de60000)]
  0x000000001c12f000 JavaThread "C2 CompilerThread0" daemon [_thread_blocked, id=11336, stack(0x000000001dc20000,0x000000001dd20000)]
  0x000000001c12d800 JavaThread "Attach Listener" daemon [_thread_blocked, id=12360, stack(0x000000001d720000,0x000000001d820000)]
  0x000000001c10d800 JavaThread "Finalizer" daemon [_thread_blocked, id=11804, stack(0x000000001d480000,0x000000001d580000)]
  0x000000001c0c6800 JavaThread "Reference Handler" daemon [_thread_blocked, id=6864, stack(0x000000001d1a0000,0x000000001d2a0000)]
  0x000000000212b000 JavaThread "Client thread" [_thread_blocked, id=9524, stack(0x0000000002450000,0x0000000002550000)]

Other Threads:
=>0x000000001c0be800 VMThread [stack: 0x000000001cfa0000,0x000000001d0a0000] [id=12348]

VM state:at safepoint (shutting down)

VM Mutex/Monitor currently owned by a thread:  ([mutex/lock_event])
[0x0000000002129700] Threads_lock - owner thread: 0x000000001c0be800

Heap:
 PSYoungGen      total 1007616K, used 329973K [0x000000076ab00000, 0x00000007aca80000, 0x00000007c0000000)
  eden space 954368K, 32% used [0x000000076ab00000,0x000000077d9503f8,0x00000007a4f00000)
  from space 53248K, 38% used [0x00000007a4f00000,0x00000007a62ed048,0x00000007a8300000)
  to   space 51200K, 0% used [0x00000007a9880000,0x00000007a9880000,0x00000007aca80000)
 ParOldGen       total 188928K, used 162230K [0x00000006c0000000, 0x00000006cb880000, 0x000000076ab00000)
  object space 188928K, 85% used [0x00000006c0000000,0x00000006c9e6d860,0x00000006cb880000)
 Metaspace       used 44608K, capacity 44935K, committed 45440K, reserved 1089536K
  class space    used 5320K, capacity 5464K, committed 5504K, reserved 1048576K

Card table byte_map: [0x0000000011be0000,0x00000000123f0000] byte_map_base: 0x000000000e5e0000

Marking Bits: (ParMarkBitMap*) 0x000000006fbea6d0
 Begin Bits: [0x0000000012f30000, 0x0000000016f30000)
 End Bits:   [0x0000000016f30000, 0x000000001af30000)

Polling page: 0x0000000000230000

CodeCache: size=245760Kb used=32557Kb max_used=33207Kb free=213202Kb
 bounds [0x0000000002820000, 0x0000000004900000, 0x0000000011820000]
 total_blobs=8786 nmethods=7913 adapters=783
 compilation: enabled

Compilation events (10 events):
Event: 82.677 Thread 0x000000001d832000 nmethod 11013 0x0000000004133a90 code [0x0000000004133bc0, 0x0000000004133cb8]
Event: 82.679 Thread 0x000000001c12f000 nmethod 11014 0x0000000003ddd5d0 code [0x0000000003ddd720, 0x0000000003ddd8e8]
Event: 82.681 Thread 0x000000001d832000 11015       4       com.google.common.collect.ImmutableMap::copyOf (121 bytes)
Event: 82.694 Thread 0x000000001d832000 nmethod 11015 0x0000000003ddb310 code [0x0000000003ddb580, 0x0000000003ddc638]
Event: 82.779 Thread 0x000000001d834000 11016       3       java.util.logging.LogManager$LoggerContext::ensureDefaultLogger (70 bytes)
Event: 82.780 Thread 0x000000001d834000 nmethod 11016 0x0000000004134610 code [0x00000000041347c0, 0x0000000004135068]
Event: 82.780 Thread 0x000000001d834000 11017       1       org.apache.logging.log4j.core.config.LoggerConfig::getLevel (5 bytes)
Event: 82.780 Thread 0x000000001d834000 nmethod 11017 0x0000000004134350 code [0x00000000041344a0, 0x00000000041345b0]
Event: 82.780 Thread 0x000000001d834000 11018       3       java.util.concurrent.ConcurrentHashMap$ValueIterator::next (34 bytes)
Event: 82.780 Thread 0x000000001d834000 nmethod 11018 0x0000000003ddeed0 code [0x0000000003ddf060, 0x0000000003ddf398]

GC Heap History (10 events):
Event: 51.739 GC heap before
{Heap before GC invocations=24 (full 5):
 PSYoungGen      total 914432K, used 891065K [0x000000076ab00000, 0x00000007a7880000, 0x00000007c0000000)
  eden space 869888K, 100% used [0x000000076ab00000,0x000000079fc80000,0x000000079fc80000)
  from space 44544K, 47% used [0x00000007a4d00000,0x00000007a61ae768,0x00000007a7880000)
  to   space 63488K, 0% used [0x000000079fc80000,0x000000079fc80000,0x00000007a3a80000)
 ParOldGen       total 188928K, used 162198K [0x00000006c0000000, 0x00000006cb880000, 0x000000076ab00000)
  object space 188928K, 85% used [0x00000006c0000000,0x00000006c9e65860,0x00000006cb880000)
 Metaspace       used 44451K, capacity 44865K, committed 45184K, reserved 1089536K
  class space    used 5311K, capacity 5463K, committed 5504K, reserved 1048576K
Event: 51.747 GC heap after
Heap after GC invocations=24 (full 5):
 PSYoungGen      total 933376K, used 21044K [0x000000076ab00000, 0x00000007ab700000, 0x00000007c0000000)
  eden space 869888K, 0% used [0x000000076ab00000,0x000000076ab00000,0x000000079fc80000)
  from space 63488K, 33% used [0x000000079fc80000,0x00000007a110d048,0x00000007a3a80000)
  to   space 60928K, 0% used [0x00000007a7b80000,0x00000007a7b80000,0x00000007ab700000)
 ParOldGen       total 188928K, used 162206K [0x00000006c0000000, 0x00000006cb880000, 0x000000076ab00000)
  object space 188928K, 85% used [0x00000006c0000000,0x00000006c9e67860,0x00000006cb880000)
 Metaspace       used 44451K, capacity 44865K, committed 45184K, reserved 1089536K
  class space    used 5311K, capacity 5463K, committed 5504K, reserved 1048576K
}
Event: 58.524 GC heap before
{Heap before GC invocations=25 (full 5):
 PSYoungGen      total 933376K, used 890932K [0x000000076ab00000, 0x00000007ab700000, 0x00000007c0000000)
  eden space 869888K, 100% used [0x000000076ab00000,0x000000079fc80000,0x000000079fc80000)
  from space 63488K, 33% used [0x000000079fc80000,0x00000007a110d048,0x00000007a3a80000)
  to   space 60928K, 0% used [0x00000007a7b80000,0x00000007a7b80000,0x00000007ab700000)
 ParOldGen       total 188928K, used 162206K [0x00000006c0000000, 0x00000006cb880000, 0x000000076ab00000)
  object space 188928K, 85% used [0x00000006c0000000,0x00000006c9e67860,0x00000006cb880000)
 Metaspace       used 44492K, capacity 44935K, committed 45440K, reserved 1089536K
  class space    used 5311K, capacity 5464K, committed 5504K, reserved 1048576K
Event: 58.533 GC heap after
Heap after GC invocations=25 (full 5):
 PSYoungGen      total 969216K, used 21092K [0x000000076ab00000, 0x00000007aa580000, 0x00000007c0000000)
  eden space 926208K, 0% used [0x000000076ab00000,0x000000076ab00000,0x00000007a3380000)
  from space 43008K, 49% used [0x00000007a7b80000,0x00000007a9019038,0x00000007aa580000)
  to   space 58368K, 0% used [0x00000007a3380000,0x00000007a3380000,0x00000007a6c80000)
 ParOldGen       total 188928K, used 162214K [0x00000006c0000000, 0x00000006cb880000, 0x000000076ab00000)
  object space 188928K, 85% used [0x00000006c0000000,0x00000006c9e69860,0x00000006cb880000)
 Metaspace       used 44492K, capacity 44935K, committed 45440K, reserved 1089536K
  class space    used 5311K, capacity 5464K, committed 5504K, reserved 1048576K
}
Event: 65.834 GC heap before
{Heap before GC invocations=26 (full 5):
 PSYoungGen      total 969216K, used 947300K [0x000000076ab00000, 0x00000007aa580000, 0x00000007c0000000)
  eden space 926208K, 100% used [0x000000076ab00000,0x00000007a3380000,0x00000007a3380000)
  from space 43008K, 49% used [0x00000007a7b80000,0x00000007a9019038,0x00000007aa580000)
  to   space 58368K, 0% used [0x00000007a3380000,0x00000007a3380000,0x00000007a6c80000)
 ParOldGen       total 188928K, used 162214K [0x00000006c0000000, 0x00000006cb880000, 0x000000076ab00000)
  object space 188928K, 85% used [0x00000006c0000000,0x00000006c9e69860,0x00000006cb880000)
 Metaspace       used 44498K, capacity 44935K, committed 45440K, reserved 1089536K
  class space    used 5311K, capacity 5464K, committed 5504K, reserved 1048576K
Event: 65.842 GC heap after
Heap after GC invocations=26 (full 5):
 PSYoungGen      total 984576K, used 21092K [0x000000076ab00000, 0x00000007ac080000, 0x00000007c0000000)
  eden space 926208K, 0% used [0x000000076ab00000,0x000000076ab00000,0x00000007a3380000)
  from space 58368K, 36% used [0x00000007a3380000,0x00000007a4819038,0x00000007a6c80000)
  to   space 55808K, 0% used [0x00000007a8a00000,0x00000007a8a00000,0x00000007ac080000)
 ParOldGen       total 188928K, used 162222K [0x00000006c0000000, 0x00000006cb880000, 0x000000076ab00000)
  object space 188928K, 85% used [0x00000006c0000000,0x00000006c9e6b860,0x00000006cb880000)
 Metaspace       used 44498K, capacity 44935K, committed 45440K, reserved 1089536K
  class space    used 5311K, capacity 5464K, committed 5504K, reserved 1048576K
}
Event: 72.884 GC heap before
{Heap before GC invocations=27 (full 5):
 PSYoungGen      total 984576K, used 947300K [0x000000076ab00000, 0x00000007ac080000, 0x00000007c0000000)
  eden space 926208K, 100% used [0x000000076ab00000,0x00000007a3380000,0x00000007a3380000)
  from space 58368K, 36% used [0x00000007a3380000,0x00000007a4819038,0x00000007a6c80000)
  to   space 55808K, 0% used [0x00000007a8a00000,0x00000007a8a00000,0x00000007ac080000)
 ParOldGen       total 188928K, used 162222K [0x00000006c0000000, 0x00000006cb880000, 0x000000076ab00000)
  object space 188928K, 85% used [0x00000006c0000000,0x00000006c9e6b860,0x00000006cb880000)
 Metaspace       used 44510K, capacity 44935K, committed 45440K, reserved 1089536K
  class space    used 5311K, capacity 5464K, committed 5504K, reserved 1048576K
Event: 72.896 GC heap after
Heap after GC invocations=27 (full 5):
 PSYoungGen      total 1000448K, used 21092K [0x000000076ab00000, 0x00000007ab700000, 0x00000007c0000000)
  eden space 954368K, 0% used [0x000000076ab00000,0x000000076ab00000,0x00000007a4f00000)
  from space 46080K, 45% used [0x00000007a8a00000,0x00000007a9e99038,0x00000007ab700000)
  to   space 53248K, 0% used [0x00000007a4f00000,0x00000007a4f00000,0x00000007a8300000)
 ParOldGen       total 188928K, used 162222K [0x00000006c0000000, 0x00000006cb880000, 0x000000076ab00000)
  object space 188928K, 85% used [0x00000006c0000000,0x00000006c9e6b860,0x00000006cb880000)
 Metaspace       used 44510K, capacity 44935K, committed 45440K, reserved 1089536K
  class space    used 5311K, capacity 5464K, committed 5504K, reserved 1048576K
}
Event: 80.284 GC heap before
{Heap before GC invocations=28 (full 5):
 PSYoungGen      total 1000448K, used 975460K [0x000000076ab00000, 0x00000007ab700000, 0x00000007c0000000)
  eden space 954368K, 100% used [0x000000076ab00000,0x00000007a4f00000,0x00000007a4f00000)
  from space 46080K, 45% used [0x00000007a8a00000,0x00000007a9e99038,0x00000007ab700000)
  to   space 53248K, 0% used [0x00000007a4f00000,0x00000007a4f00000,0x00000007a8300000)
 ParOldGen       total 188928K, used 162222K [0x00000006c0000000, 0x00000006cb880000, 0x000000076ab00000)
  object space 188928K, 85% used [0x00000006c0000000,0x00000006c9e6b860,0x00000006cb880000)
 Metaspace       used 44525K, capacity 44935K, committed 45440K, reserved 1089536K
  class space    used 5311K, capacity 5464K, committed 5504K, reserved 1048576K
Event: 80.292 GC heap after
Heap after GC invocations=28 (full 5):
 PSYoungGen      total 1007616K, used 20404K [0x000000076ab00000, 0x00000007aca80000, 0x00000007c0000000)
  eden space 954368K, 0% used [0x000000076ab00000,0x000000076ab00000,0x00000007a4f00000)
  from space 53248K, 38% used [0x00000007a4f00000,0x00000007a62ed048,0x00000007a8300000)
  to   space 51200K, 0% used [0x00000007a9880000,0x00000007a9880000,0x00000007aca80000)
 ParOldGen       total 188928K, used 162230K [0x00000006c0000000, 0x00000006cb880000, 0x000000076ab00000)
  object space 188928K, 85% used [0x00000006c0000000,0x00000006c9e6d860,0x00000006cb880000)
 Metaspace       used 44525K, capacity 44935K, committed 45440K, reserved 1089536K
  class space    used 5311K, capacity 5464K, committed 5504K, reserved 1048576K
}

Deoptimization events (10 events):
Event: 82.535 Thread 0x0000000022d68000 Uncommon trap: reason=unstable_if action=reinterpret pc=0x0000000002e199a8 method=net.minecraft.network.play.server.S21PacketChunkData.func_179756_a(Lnet/minecraft/world/chunk/Chunk;ZZI)Lnet/minecraft/network/play/server/S21PacketChunkData$Extracted; @ 61
Event: 82.544 Thread 0x0000000022d68000 Uncommon trap: reason=unstable_if action=reinterpret pc=0x0000000003d7f6a8 method=java.lang.StrictMath.floorOrCeil(DDDD)D @ 14
Event: 82.552 Thread 0x0000000022d68000 Uncommon trap: reason=unstable_if action=reinterpret pc=0x0000000003c42778 method=net.minecraft.entity.EntityLiving.despawnEntity()V @ 76
Event: 82.598 Thread 0x0000000022d68000 Uncommon trap: reason=class_check action=maybe_recompile pc=0x000000000427a400 method=com.google.common.cache.LocalCache$Segment.drainRecencyQueue()V @ 4
Event: 82.598 Thread 0x0000000022d68000 Uncommon trap: reason=class_check action=maybe_recompile pc=0x000000000427a400 method=com.google.common.cache.LocalCache$Segment.drainRecencyQueue()V @ 4
Event: 82.598 Thread 0x0000000022d68000 Uncommon trap: reason=class_check action=maybe_recompile pc=0x000000000427a400 method=com.google.common.cache.LocalCache$Segment.drainRecencyQueue()V @ 4
Event: 82.601 Thread 0x0000000022d64000 Uncommon trap: reason=unstable_if action=reinterpret pc=0x00000000033ccb94 method=io.netty.util.concurrent.SingleThreadEventExecutor.execute(Ljava/lang/Runnable;)V @ 20
Event: 82.606 Thread 0x0000000022d68000 Uncommon trap: reason=unstable_if action=reinterpret pc=0x00000000043ef1c0 method=net.minecraft.world.chunk.storage.AnvilChunkLoader.writeChunkToNBT(Lnet/minecraft/world/chunk/Chunk;Lnet/minecraft/world/World;Lnet/minecraft/nbt/NBTTagCompound;)V @ 626
Event: 82.679 Thread 0x0000000022d68000 Uncommon trap: reason=class_check action=maybe_recompile pc=0x000000000427a400 method=com.google.common.cache.LocalCache$Segment.drainRecencyQueue()V @ 4
Event: 82.779 Thread 0x000000000212b000 Uncommon trap: reason=unstable_if action=reinterpret pc=0x0000000002e46e50 method=net.minecraftforge.fml.relauncher.FMLSecurityManager.checkPermission(Ljava/security/Permission;)V @ 23

Internal exceptions (10 events):
Event: 82.337 Thread 0x0000000022d62800 Exception <a 'java/lang/InterruptedException': sleep interrupted> (0x00000007749fccd0) thrown at [C:\re\workspace\8-2-build-windows-amd64-cygwin\jdk8u101\7261\hotspot\src\share\vm\prims\jvm.cpp, line 3215]
Event: 82.354 Thread 0x0000000022d62800 Exception <a 'java/lang/InterruptedException': sleep interrupted> (0x00000007749fcf28) thrown at [C:\re\workspace\8-2-build-windows-amd64-cygwin\jdk8u101\7261\hotspot\src\share\vm\prims\jvm.cpp, line 3215]
Event: 82.372 Thread 0x0000000022d62800 Exception <a 'java/lang/InterruptedException': sleep interrupted> (0x00000007749fd180) thrown at [C:\re\workspace\8-2-build-windows-amd64-cygwin\jdk8u101\7261\hotspot\src\share\vm\prims\jvm.cpp, line 3215]
Event: 82.388 Thread 0x0000000022d62800 Exception <a 'java/lang/InterruptedException': sleep interrupted> (0x00000007749fd3d8) thrown at [C:\re\workspace\8-2-build-windows-amd64-cygwin\jdk8u101\7261\hotspot\src\share\vm\prims\jvm.cpp, line 3215]
Event: 82.404 Thread 0x0000000022d62800 Exception <a 'java/lang/InterruptedException': sleep interrupted> (0x00000007749fd630) thrown at [C:\re\workspace\8-2-build-windows-amd64-cygwin\jdk8u101\7261\hotspot\src\share\vm\prims\jvm.cpp, line 3215]
Event: 82.497 Thread 0x0000000022d62800 Exception <a 'java/lang/InterruptedException': sleep interrupted> (0x00000007749fd888) thrown at [C:\re\workspace\8-2-build-windows-amd64-cygwin\jdk8u101\7261\hotspot\src\share\vm\prims\jvm.cpp, line 3215]
Event: 82.545 Thread 0x0000000022d62800 Exception <a 'java/lang/InterruptedException': sleep interrupted> (0x00000007749fdae0) thrown at [C:\re\workspace\8-2-build-windows-amd64-cygwin\jdk8u101\7261\hotspot\src\share\vm\prims\jvm.cpp, line 3215]
Event: 82.644 Thread 0x0000000022d66800 Exception <a 'java/lang/InterruptedException': sleep interrupted> (0x000000077c795e60) thrown at [C:\re\workspace\8-2-build-windows-amd64-cygwin\jdk8u101\7261\hotspot\src\share\vm\prims\jvm.cpp, line 3215]
Event: 82.681 Thread 0x0000000022d68000 NullPointerException at vtable entry 0x0000000002933910
Event: 82.681 Thread 0x0000000022d68000 Exception <a 'java/lang/NullPointerException'> (0x000000077c4545d8) thrown at [C:\re\workspace\8-2-build-windows-amd64-cygwin\jdk8u101\7261\hotspot\src\share\vm\runtime\sharedRuntime.cpp, line 605]

Events (10 events):
Event: 82.779 Thread 0x0000000022d62800 Thread exited: 0x0000000022d62800
Event: 82.779 Thread 0x0000000022d67000 Thread exited: 0x0000000022d67000
Event: 82.780 loading class javax/servlet/ServletContext
Event: 82.780 loading class javax/servlet/ServletContext done
Event: 82.780 loading class javax/servlet/ServletContext
Event: 82.780 loading class javax/servlet/ServletContext done
Event: 82.780 Thread 0x0000000022d66800 Thread exited: 0x0000000022d66800
Event: 82.781 Thread 0x0000000022d68000 Thread exited: 0x0000000022d68000
Event: 82.781 Thread 0x000000001c12a000 Thread exited: 0x000000001c12a000
Event: 82.781 Executing VM operation: Exit


Dynamic libraries:
0x000000013fbe0000 - 0x000000013fc17000 	C:\Program Files\Java\jre1.8.0_101\bin\javaw.exe
0x0000000077a50000 - 0x0000000077bf9000 	C:\Windows\SYSTEM32\ntdll.dll
0x0000000077830000 - 0x000000007794f000 	C:\Windows\system32\kernel32.dll
0x000007fefdae0000 - 0x000007fefdb4c000 	C:\Windows\system32\KERNELBASE.dll
0x000007fefe960000 - 0x000007fefea3b000 	C:\Windows\system32\ADVAPI32.dll
0x000007fefe300000 - 0x000007fefe39f000 	C:\Windows\system32\msvcrt.dll
0x000007fefe480000 - 0x000007fefe49f000 	C:\Windows\SYSTEM32\sechost.dll
0x000007fefe100000 - 0x000007fefe22d000 	C:\Windows\system32\RPCRT4.dll
0x0000000077950000 - 0x0000000077a4a000 	C:\Windows\system32\USER32.dll
0x000007fefe290000 - 0x000007fefe2f7000 	C:\Windows\system32\GDI32.dll
0x000007fefec70000 - 0x000007fefec7e000 	C:\Windows\system32\LPK.dll
0x000007fefec80000 - 0x000007fefed49000 	C:\Windows\system32\USP10.dll
0x000007fefc3a0000 - 0x000007fefc594000 	C:\Windows\WinSxS\amd64_microsoft.windows.common-controls_6595b64144ccf1df_6.0.7601.17514_none_fa396087175ac9ac\COMCTL32.dll
0x000007fefea60000 - 0x000007fefead1000 	C:\Windows\system32\SHLWAPI.dll
0x000007feffd30000 - 0x000007feffd5e000 	C:\Windows\system32\IMM32.DLL
0x000007fefe7d0000 - 0x000007fefe8d9000 	C:\Windows\system32\MSCTF.dll
0x0000000079280000 - 0x0000000079352000 	C:\Program Files\Java\jre1.8.0_101\bin\msvcr100.dll
0x000000006f3d0000 - 0x000000006fc6a000 	C:\Program Files\Java\jre1.8.0_101\bin\server\jvm.dll
0x000007feead80000 - 0x000007feead89000 	C:\Windows\system32\WSOCK32.dll
0x000007fefe240000 - 0x000007fefe28d000 	C:\Windows\system32\WS2_32.dll
0x000007fefe230000 - 0x000007fefe238000 	C:\Windows\system32\NSI.dll
0x000007fef9fb0000 - 0x000007fef9feb000 	C:\Windows\system32\WINMM.dll
0x000007fefc8b0000 - 0x000007fefc8bc000 	C:\Windows\system32\VERSION.dll
0x0000000077c20000 - 0x0000000077c27000 	C:\Windows\system32\PSAPI.DLL
0x000000005bb90000 - 0x000000005bb9f000 	C:\Program Files\Java\jre1.8.0_101\bin\verify.dll
0x0000000077e60000 - 0x0000000077e89000 	C:\Program Files\Java\jre1.8.0_101\bin\java.dll
0x0000000059ec0000 - 0x0000000059ed6000 	C:\Program Files\Java\jre1.8.0_101\bin\zip.dll
0x000007fefefa0000 - 0x000007feffd28000 	C:\Windows\system32\SHELL32.dll
0x000007fefde50000 - 0x000007fefe053000 	C:\Windows\system32\ole32.dll
0x000007fefd810000 - 0x000007fefd81f000 	C:\Windows\system32\profapi.dll
0x00000000595c0000 - 0x00000000595cd000 	C:\Program Files\Java\jre1.8.0_101\bin\management.dll
0x000000005b3b0000 - 0x000000005b3ca000 	C:\Program Files\Java\jre1.8.0_101\bin\net.dll
0x000007fefcfb0000 - 0x000007fefd005000 	C:\Windows\system32\mswsock.dll
0x000007fefcfa0000 - 0x000007fefcfa7000 	C:\Windows\System32\wship6.dll
0x0000000057c90000 - 0x0000000057ca1000 	C:\Program Files\Java\jre1.8.0_101\bin\nio.dll
0x000007fefb310000 - 0x000007fefb325000 	C:\Windows\system32\NLAapi.dll
0x000007fee49c0000 - 0x000007fee49d5000 	C:\Windows\system32\napinsp.dll
0x000007fee4950000 - 0x000007fee4969000 	C:\Windows\system32\pnrpnsp.dll
0x000007fee4a60000 - 0x000007fee4a6b000 	C:\Windows\System32\winrnr.dll
0x000007fee5070000 - 0x000007fee5082000 	C:\Windows\system32\PrxerNsp.dll
0x000007fefce30000 - 0x000007fefce8b000 	C:\Windows\system32\DNSAPI.dll
0x000007fefc9d0000 - 0x000007fefc9d7000 	C:\Windows\System32\wshtcpip.dll
0x000007fefb1b0000 - 0x000007fefb1d7000 	C:\Windows\system32\IPHLPAPI.DLL
0x000007fefb1a0000 - 0x000007fefb1ab000 	C:\Windows\system32\WINNSI.DLL
0x000007fee5060000 - 0x000007fee5068000 	C:\Windows\system32\rasadhlp.dll
0x000007fefb000000 - 0x000007fefb053000 	C:\Windows\System32\fwpuclnt.dll
0x0000000077f00000 - 0x0000000077f24000 	C:\Program Files\Java\jre1.8.0_101\bin\sunec.dll
0x000007fefd010000 - 0x000007fefd028000 	C:\Windows\system32\CRYPTSP.dll
0x000007fefcd10000 - 0x000007fefcd57000 	C:\Windows\system32\rsaenh.dll
0x000007fefdba0000 - 0x000007fefdbbe000 	C:\Windows\system32\USERENV.dll
0x000007fefd670000 - 0x000007fefd67f000 	C:\Windows\system32\CRYPTBASE.dll
0x000007fefaf90000 - 0x000007fefafa1000 	C:\Windows\system32\dhcpcsvc6.DLL
0x000007fefaf70000 - 0x000007fefaf88000 	C:\Windows\system32\dhcpcsvc.DLL
0x000000005c4c0000 - 0x000000005c4cb000 	C:\Program Files\Java\jre1.8.0_101\bin\sunmscapi.dll
0x000007fefd970000 - 0x000007fefdadd000 	C:\Windows\system32\CRYPT32.dll
0x000007fefd820000 - 0x000007fefd82f000 	C:\Windows\system32\MSASN1.dll
0x0000000180000000 - 0x0000000180051000 	C:\Users\Sam Humby\.gradle\caches\minecraft\net\minecraft\natives\1.8\lwjgl64.dll
0x000007feea0e0000 - 0x000007feea1fd000 	C:\Windows\system32\OPENGL32.dll
0x000007feee8d0000 - 0x000007feee8fd000 	C:\Windows\system32\GLU32.dll
0x000007fee0da0000 - 0x000007fee0e91000 	C:\Windows\system32\DDRAW.dll
0x000007fee5030000 - 0x000007fee5038000 	C:\Windows\system32\DCIMAN32.dll
0x000007fefdbd0000 - 0x000007fefdda7000 	C:\Windows\system32\SETUPAPI.dll
0x000007fefd830000 - 0x000007fefd866000 	C:\Windows\system32\CFGMGR32.dll
0x000007fefe3a0000 - 0x000007fefe477000 	C:\Windows\system32\OLEAUT32.dll
0x000007fefdb80000 - 0x000007fefdb9a000 	C:\Windows\system32\DEVOBJ.dll
0x000007fefc890000 - 0x000007fefc8a8000 	C:\Windows\system32\dwmapi.dll
0x000000006c180000 - 0x000000006c318000 	C:\Program Files\Java\jre1.8.0_101\bin\awt.dll
0x000007fefc1c0000 - 0x000007fefc216000 	C:\Windows\system32\uxtheme.dll
0x000007fee17d0000 - 0x000007fee17f8000 	C:\Program Files (x86)\Raptr\ltc_help64-106568.dll
0x000007fefd880000 - 0x000007fefd8bb000 	C:\Windows\system32\WINTRUST.dll
0x000007feee910000 - 0x000007feee92f000 	C:\Windows\system32\atig6pxx.dll
0x0000000068290000 - 0x000000006a263000 	C:\Windows\system32\atio6axx.dll
0x000007feeda30000 - 0x000007feedb80000 	C:\Windows\system32\atiadlxx.dll
0x000007fefc220000 - 0x000007fefc34c000 	C:\Windows\system32\PROPSYS.dll
0x000007fefc8f0000 - 0x000007fefc901000 	C:\Windows\system32\WTSAPI32.dll
0x000007feeb310000 - 0x000007feeb343000 	C:\Windows\system32\atig6txx.dll
0x000007fefbb50000 - 0x000007fefbbec000 	C:\Windows\system32\mscms.dll
0x000007fee4180000 - 0x000007fee41c2000 	C:\Windows\system32\icm32.dll
0x0000000070a40000 - 0x0000000070adc000 	C:\Users\Sam Humby\.gradle\caches\minecraft\net\minecraft\natives\1.8\avutil-ttv-51.dll
0x0000000065980000 - 0x00000000659d6000 	C:\Users\Sam Humby\.gradle\caches\minecraft\net\minecraft\natives\1.8\swresample-ttv-0.dll
0x000000006eb80000 - 0x000000006ec50000 	C:\Users\Sam Humby\.gradle\caches\minecraft\net\minecraft\natives\1.8\libmp3lame-ttv.dll
0x000007fedcb80000 - 0x000007feddf24000 	C:\Users\Sam Humby\.gradle\caches\minecraft\net\minecraft\natives\1.8\libmfxsw64.dll
0x000007fee9dc0000 - 0x000007fee9f2d000 	C:\Users\Sam Humby\.gradle\caches\minecraft\net\minecraft\natives\1.8\twitchsdk.dll
0x000007fefed50000 - 0x000007fefef98000 	C:\Windows\system32\WININET.dll
0x000007fefdb50000 - 0x000007fefdb54000 	C:\Windows\system32\api-ms-win-downlevel-user32-l1-1-0.dll
0x000007fefdb60000 - 0x000007fefdb64000 	C:\Windows\system32\api-ms-win-downlevel-shlwapi-l1-1-0.dll
0x000007fefd870000 - 0x000007fefd874000 	C:\Windows\system32\api-ms-win-downlevel-version-l1-1-0.dll
0x000007fefdbc0000 - 0x000007fefdbc3000 	C:\Windows\system32\api-ms-win-downlevel-normaliz-l1-1-0.dll
0x0000000077c10000 - 0x0000000077c13000 	C:\Windows\system32\normaliz.DLL
0x000007fefe4a0000 - 0x000007fefe767000 	C:\Windows\system32\iertutil.dll
0x000007fefdb70000 - 0x000007fefdb75000 	C:\Windows\system32\api-ms-win-downlevel-advapi32-l1-1-0.dll
0x0000000012b90000 - 0x0000000012bf4000 	C:\Users\Sam Humby\.gradle\caches\minecraft\net\minecraft\natives\1.8\OpenAL64.dll
0x000007fefe060000 - 0x000007fefe0f9000 	C:\Windows\system32\CLBCatQ.DLL
0x000007fefbdb0000 - 0x000007fefbdfb000 	C:\Windows\System32\MMDevApi.dll
0x000007fef3320000 - 0x000007fef33a8000 	C:\Windows\system32\dsound.dll
0x000007fefc8c0000 - 0x000007fefc8ec000 	C:\Windows\system32\POWRPROF.dll
0x000007fef3000000 - 0x000007fef304f000 	C:\Windows\system32\AUDIOSES.DLL
0x000007fefea40000 - 0x000007fefea59000 	C:\Windows\system32\imagehlp.dll
0x000007fefd190000 - 0x000007fefd1e0000 	C:\Windows\system32\ncrypt.dll
0x000007fefd160000 - 0x000007fefd182000 	C:\Windows\system32\bcrypt.dll
0x000007fefcc50000 - 0x000007fefcc9c000 	C:\Windows\system32\bcryptprimitives.dll
0x000007fefcac0000 - 0x000007fefcadb000 	C:\Windows\system32\GPAPI.dll
0x000007fef9330000 - 0x000007fef9357000 	C:\Windows\system32\cryptnet.dll
0x000007fefe770000 - 0x000007fefe7c2000 	C:\Windows\system32\WLDAP32.dll
0x000007fefbbf0000 - 0x000007fefbbf9000 	C:\Windows\system32\SensApi.dll
0x000007fee4300000 - 0x000007fee4548000 	C:\PROGRA~2\Raptr\ltc_game64-106568.dll
0x000007feedb80000 - 0x000007feedca5000 	C:\Windows\system32\dbghelp.dll

VM Arguments:
jvm_args: -Dfile.encoding=Cp1252 
java_command: GradleStart --username=samalot@plagachef.com --password=jedapo
java_class_path (initial): C:\Users\Sam Humby\Desktop\Minecraft Mod\Git\Lazarus\bin;C:\Users\Sam Humby\.gradle\caches\minecraft\net\minecraftforge\forge\1.8-11.14.4.1563\snapshot\20141130\forgeSrc-1.8-11.14.4.1563.jar;C:\Users\Sam Humby\.gradle\caches\modules-2\files-2.1\net.minecraft\launchwrapper\1.12\111e7bea9c968cdb3d06ef4632bf7ff0824d0f36\launchwrapper-1.12.jar;C:\Users\Sam Humby\.gradle\caches\modules-2\files-2.1\org.ow2.asm\asm-debug-all\5.0.3\f9e364ae2a66ce2a543012a4668856e84e5dab74\asm-debug-all-5.0.3.jar;C:\Users\Sam Humby\.gradle\caches\modules-2\files-2.1\com.typesafe.akka\akka-actor_2.11\2.3.3\ed62e9fc709ca0f2ff1a3220daa8b70a2870078e\akka-actor_2.11-2.3.3.jar;C:\Users\Sam Humby\.gradle\caches\modules-2\files-2.1\com.typesafe\config\1.2.1\f771f71fdae3df231bcd54d5ca2d57f0bf93f467\config-1.2.1.jar;C:\Users\Sam Humby\.gradle\caches\modules-2\files-2.1\org.scala-lang\scala-actors-migration_2.11\1.1.0\dfa8bc42b181d5b9f1a5dd147f8ae308b893eb6f\scala-actors-migration_2.11-1.1.0.jar;C:\Users\Sam Humby\.gradle\caches\modules-2\files-2.1\org.scala-lang\scala-compiler\2.11.1\56ea2e6c025e0821f28d73ca271218b8dd04926a\scala-compiler-2.11.1.jar;C:\Users\Sam Humby\.gradle\caches\modules-2\files-2.1\org.scala-lang.plugins\scala-continuations-library_2.11\1.0.2\e517c53a7e9acd6b1668c5a35eccbaa3bab9aac\scala-continuations-library_2.11-1.0.2.jar;C:\Users\Sam Humby\.gradle\caches\modules-2\files-2.1\org.scala-lang.plugins\scala-continuations-plugin_2.11.1\1.0.2\f361a3283452c57fa30c1ee69448995de23c60f7\scala-continuations-plugin_2.11.1-1.0.2.jar;C:\Users\Sam Humby\.gradle\caches\modules-2\files-2.1\org.scala-lang\scala-library\2.11.1\e11da23da3eabab9f4777b9220e60d44c1aab6a\scala-library-2.11.1.jar;C:\Users\Sam Humby\.gradle\caches\modules-2\files-2.1\org.scala-lang.modules\scala-parser-combinators_2.11\1.0.1\f05d7345bf5a58924f2837c6c1f4d73a938e1ff0\scala-parser-combinators_2.11-1.0.1.jar;C:\Users\Sam Humby\.gradle\caches\modules-2\files-2.1\org.scala-lang\scala-reflect\2.11.1
Launcher Type: SUN_STANDARD

Environment Variables:
JAVA_HOME=C:\Program Files\Java\jdk1.8.0_77
CLASSPATH=.;C:\Program Files\Java\jre1.8.0_77\lib\ext\QTJava.zip
PATH=C:/Program Files/Java/jre1.8.0_101/bin/server;C:/Program Files/Java/jre1.8.0_101/bin;C:/Program Files/Java/jre1.8.0_101/lib/amd64;C:\Program Files (x86)\NVIDIA Corporation\PhysX\Common;C:\ProgramData\Oracle\Java\javapath;C:\Program Files (x86)\AMD APP\bin\x86_64;C:\Program Files (x86)\AMD APP\bin\x86;C:\Program Files (x86)\Intel\iCLS Client\;C:\Program Files\Intel\iCLS Client\;C:\Windows\system32;C:\Windows;C:\Windows\System32\Wbem;C:\Windows\System32\WindowsPowerShell\v1.0\;C:\Program Files\Intel\Intel(R) Management Engine Components\DAL;C:\Program Files\Intel\Intel(R) Management Engine Components\IPT;C:\Program Files (x86)\Intel\Intel(R) Management Engine Components\DAL;C:\Program Files (x86)\Intel\Intel(R) Management Engine Components\IPT;C:\Program Files (x86)\ATI Technologies\ATI.ACE\Core-Static;C:\Program Files\Java\jdk1.7.0_21\bin;C:\Program Files (x86)\QuickTime\QTSystem\;C:\Program Files (x86)\Autodesk\Backburner\;C:\Program Files (x86)\Bitvise SSH Client;C:\Program Files\digieffects\bin;C:\Program Files\nodejs\;C:\Program Files (x86)\Git\cmd;C:\php;C:\Program Files (x86)\AMD\ATI.ACE\Core-Static;C:\Program Files\OpenVPN\bin;C:\MinGW\bin;C:\Users\Sam Humby\.dnx\bin;C:\Program Files\Microsoft DNX\Dnvm\;C:\Program Files (x86)\Skype\Phone\;C:\Program Files\MiKTeX 2.9\miktex\bin\x64\;C:\Python27\Scripts;C:\Program Files\Java\jdk1.8.0_77\bin;C:\Users\Sam Humby\AppData\Roaming\npm;C:\Program Files (x86)\apache-maven-3.3.3\Bin;C:\Python27\Scripts;C:\Windows\system32;
USERNAME=Sam Humby
OS=Windows_NT
PROCESSOR_IDENTIFIER=Intel64 Family 6 Model 58 Stepping 9, GenuineIntel



---------------  S Y S T E M  ---------------

OS: Windows 7 , 64 bit Build 7601 (6.1.7601.18409)

CPU:total 4 (4 cores per cpu, 1 threads per core) family 6 model 58 stepping 9, cmov, cx8, fxsr, mmx, sse, sse2, sse3, ssse3, sse4.1, sse4.2, popcnt, avx, aes, clmul, erms, tsc, tscinvbit, tscinv

Memory: 4k page, physical 16777216k(10374020k free), swap 18872512k(11460852k free)

vm_info: Java HotSpot(TM) 64-Bit Server VM (25.101-b13) for windows-amd64 JRE (1.8.0_101-b13), built on Jun 22 2016 01:21:29 by "java_re" with MS VC++ 10.0 (VS2010)

time: Sat Aug 20 00:35:56 2016
elapsed time: 83 seconds (0d 0h 1m 23s)

