#
# A fatal error has been detected by the Java Runtime Environment:
#
#  EXCEPTION_ACCESS_VIOLATION (0xc0000005) at pc=0x000007feea1bd6c4, pid=12244, tid=0x0000000000003188
#
# JRE version: Java(TM) SE Runtime Environment (8.0_101-b13) (build 1.8.0_101-b13)
# Java VM: Java HotSpot(TM) 64-Bit Server VM (25.101-b13 mixed mode windows-amd64 compressed oops)
# Problematic frame:
# C  [OPENGL32.dll+0xdd6c4]
#
# Failed to write core dump. Minidumps are not enabled by default on client versions of Windows
#
# If you would like to submit a bug report, please visit:
#   http://bugreport.java.com/bugreport/crash.jsp
#

---------------  T H R E A D  ---------------

Current thread (0x000000001bf4e800):  VMThread [stack: 0x000000001d180000,0x000000001d280000] [id=12680]

siginfo: ExceptionCode=0xc0000005, reading address 0x0000000000000a38

Registers:
RAX=0x0000000000000000, RBX=0x000000002d3dc330, RCX=0x0000000000000001, RDX=0x000000002d3dc338
RSP=0x000000001d27f708, RBP=0x0000000000000000, RSI=0x000000002d3e0710, RDI=0x000000002d3e0710
R8 =0x000000001d27f788, R9 =0x000000001be35400, R10=0x000000002b3d9030, R11=0x000000001d27f4d2
R12=0x0000000000000000, R13=0x000000002d3d7100, R14=0x000000002d3d6fb0, R15=0x0000000000000000
RIP=0x000007feea1bd6c4, EFLAGS=0x0000000000010287

Top of Stack: (sp=0x000000001d27f708)
0x000000001d27f708:   000007feddd4244b 0000000000000001
0x000000001d27f718:   000000002d3dc338 000000001d27f788
0x000000001d27f728:   000000001be35400 0000000000000000
0x000000001d27f738:   000007feddd47f17 000000002d3d7100
0x000000001d27f748:   0000000000000001 000000002d3d70e0
0x000000001d27f758:   000000002d3d6fb0 fffffffffffffffe
0x000000001d27f768:   0000000077851a4a 0000000000000000
0x000000001d27f778:   000007feddd487c9 000000002d3e0710
0x000000001d27f788:   000000002d3e2f60 000007fedde31940
0x000000001d27f798:   000007fedddc5700 fffffffffffffffe
0x000000001d27f7a8:   00000000372fcbf0 0000000000000001
0x000000001d27f7b8:   000000002d3d70d8 000000002d3d6fb0
0x000000001d27f7c8:   000007fedddcd7ad 000007feddf065b0
0x000000001d27f7d8:   000007fedde31930 000000001be35400
0x000000001d27f7e8:   000000001bf4f110 000000002d3d70d8
0x000000001d27f7f8:   000000002d3d6fb0 000000002d3d6fb0 

Instructions: (pc=0x000007feea1bd6c4)
0x000007feea1bd6a4:   cc cc cc cc cc cc 66 0f 1f 44 00 00 8b 05 16 0c
0x000007feea1bd6b4:   01 00 83 f8 40 73 0f 65 48 8b 04 c5 80 14 00 00
0x000007feea1bd6c4:   ff a0 38 0a 00 00 b8 47 01 00 00 e9 ec d4 ff ff
0x000007feea1bd6d4:   cc cc cc cc cc cc 66 0f 1f 44 00 00 8b 05 e6 0b 


Register to memory mapping:

RAX=0x0000000000000000 is an unknown value
RBX=0x000000002d3dc330 is an unknown value
RCX=0x0000000000000001 is an unknown value
RDX=0x000000002d3dc338 is an unknown value
RSP=0x000000001d27f708 is an unknown value
RBP=0x0000000000000000 is an unknown value
RSI=0x000000002d3e0710 is an unknown value
RDI=0x000000002d3e0710 is an unknown value
R8 =0x000000001d27f788 is an unknown value
R9 =0x000000001be35400 is an unknown value
R10=0x000000002b3d9030 is an unknown value
R11=0x000000001d27f4d2 is an unknown value
R12=0x0000000000000000 is an unknown value
R13=0x000000002d3d7100 is an unknown value
R14=0x000000002d3d6fb0 is an unknown value
R15=0x0000000000000000 is an unknown value


Stack: [0x000000001d180000,0x000000001d280000],  sp=0x000000001d27f708,  free space=1021k
Native frames: (J=compiled Java code, j=interpreted, Vv=VM code, C=native code)

VM_Operation (0x00000000024de090): Exit, mode: safepoint, requested by thread 0x000000000204b000


---------------  P R O C E S S  ---------------

Java Threads: ( => current thread )
  0x000000002dd30800 JavaThread "File IO Thread" [_thread_blocked, id=6428, stack(0x00000000349a0000,0x0000000034aa0000)]
  0x0000000022cd5000 JavaThread "pool-2-thread-1" [_thread_blocked, id=10120, stack(0x0000000036b20000,0x0000000036c20000)]
  0x0000000022cd7800 JavaThread "Chunk I/O Executor Thread-1" daemon [_thread_blocked, id=11660, stack(0x0000000037070000,0x0000000037170000)]
  0x0000000022cd6800 JavaThread "Netty Server IO #1" daemon [_thread_in_native, id=4260, stack(0x0000000036e80000,0x0000000036f80000)]
  0x0000000022cd6000 JavaThread "Netty Local Client IO #0" daemon [_thread_blocked, id=7916, stack(0x0000000036cf0000,0x0000000036df0000)]
  0x000000002dd32800 JavaThread "Netty Server IO #0" daemon [_thread_in_native, id=12296, stack(0x0000000036960000,0x0000000036a60000)]
  0x000000002dd34000 JavaThread "Chunk Batcher 1" daemon [_thread_blocked, id=12428, stack(0x0000000037ac0000,0x0000000037bc0000)]
  0x000000002dd33800 JavaThread "Chunk Batcher 0" daemon [_thread_blocked, id=12372, stack(0x0000000037960000,0x0000000037a60000)]
  0x000000001e638000 JavaThread "LWJGL Timer" daemon [_thread_blocked, id=7564, stack(0x000000002c0d0000,0x000000002c1d0000)]
  0x0000000022cf4800 JavaThread "Java2D Disposer" daemon [_thread_blocked, id=5660, stack(0x0000000024760000,0x0000000024860000)]
  0x00000000212a8000 JavaThread "Timer hack thread" daemon [_thread_blocked, id=10216, stack(0x00000000241d0000,0x00000000242d0000)]
  0x000000001ef04000 JavaThread "Snooper Timer" daemon [_thread_blocked, id=2304, stack(0x0000000023d90000,0x0000000023e90000)]
  0x000000001d50d800 JavaThread "Service Thread" daemon [_thread_blocked, id=10160, stack(0x000000001da40000,0x000000001db40000)]
  0x000000001d48d000 JavaThread "C1 CompilerThread2" daemon [_thread_blocked, id=13284, stack(0x000000001df40000,0x000000001e040000)]
  0x000000001d48c000 JavaThread "C2 CompilerThread1" daemon [_thread_blocked, id=13240, stack(0x000000001dd70000,0x000000001de70000)]
  0x000000001d473000 JavaThread "C2 CompilerThread0" daemon [_thread_blocked, id=10096, stack(0x000000001db40000,0x000000001dc40000)]
  0x000000001bfbf000 JavaThread "Attach Listener" daemon [_thread_blocked, id=4244, stack(0x000000001d8d0000,0x000000001d9d0000)]
  0x000000001bf9d800 JavaThread "Finalizer" daemon [_thread_blocked, id=13228, stack(0x000000001d370000,0x000000001d470000)]
  0x000000001bf56800 JavaThread "Reference Handler" daemon [_thread_blocked, id=9292, stack(0x000000001d040000,0x000000001d140000)]
  0x000000000204b000 JavaThread "Client thread" [_thread_blocked, id=11576, stack(0x00000000023e0000,0x00000000024e0000)]

Other Threads:
=>0x000000001bf4e800 VMThread [stack: 0x000000001d180000,0x000000001d280000] [id=12680]

VM state:at safepoint (shutting down)

VM Mutex/Monitor currently owned by a thread:  ([mutex/lock_event])
[0x0000000002049700] Threads_lock - owner thread: 0x000000001bf4e800

Heap:
 PSYoungGen      total 1001984K, used 660348K [0x000000076ab00000, 0x00000007b0d80000, 0x00000007c0000000)
  eden space 939008K, 68% used [0x000000076ab00000,0x0000000791d81520,0x00000007a4000000)
  from space 62976K, 29% used [0x00000007a4000000,0x00000007a525db00,0x00000007a7d80000)
  to   space 60416K, 0% used [0x00000007ad280000,0x00000007ad280000,0x00000007b0d80000)
 ParOldGen       total 186880K, used 162350K [0x00000006c0000000, 0x00000006cb680000, 0x000000076ab00000)
  object space 186880K, 86% used [0x00000006c0000000,0x00000006c9e8bb80,0x00000006cb680000)
 Metaspace       used 44483K, capacity 44877K, committed 45184K, reserved 1089536K
  class space    used 5322K, capacity 5465K, committed 5504K, reserved 1048576K

Card table byte_map: [0x0000000011b70000,0x0000000012380000] byte_map_base: 0x000000000e570000

Marking Bits: (ParMarkBitMap*) 0x000000006fbea6d0
 Begin Bits: [0x0000000012dc0000, 0x0000000016dc0000)
 End Bits:   [0x0000000016dc0000, 0x000000001adc0000)

Polling page: 0x0000000000320000

CodeCache: size=245760Kb used=29981Kb max_used=30517Kb free=215778Kb
 bounds [0x00000000027b0000, 0x0000000004630000, 0x00000000117b0000]
 total_blobs=8497 nmethods=7624 adapters=783
 compilation: enabled

Compilation events (10 events):
Event: 49.858 Thread 0x000000001d48d000 10609       3       java.io.DataOutputStream::writeDouble (9 bytes)
Event: 49.858 Thread 0x000000001d48d000 nmethod 10609 0x00000000034c7b50 code [0x00000000034c7cc0, 0x00000000034c7fe8]
Event: 49.858 Thread 0x000000001d48d000 10610       3       java.lang.Double::doubleToLongBits (33 bytes)
Event: 49.858 Thread 0x000000001d48d000 nmethod 10610 0x0000000002ee01d0 code [0x0000000002ee0320, 0x0000000002ee0510]
Event: 49.871 Thread 0x000000001d48d000 10611       3       com.google.common.cache.LocalCache::segmentFor (17 bytes)
Event: 49.871 Thread 0x000000001d48d000 nmethod 10611 0x0000000003e727d0 code [0x0000000003e72920, 0x0000000003e72ab0]
Event: 49.871 Thread 0x000000001d48d000 10612       3       com.google.common.cache.LocalCache::hash (14 bytes)
Event: 49.871 Thread 0x000000001d48d000 nmethod 10612 0x0000000003a9eb90 code [0x0000000003a9ed20, 0x0000000003a9f098]
Event: 49.911 Thread 0x000000001d48d000 10613       1       org.apache.logging.log4j.core.config.LoggerConfig::getLevel (5 bytes)
Event: 49.911 Thread 0x000000001d48d000 nmethod 10613 0x00000000035a66d0 code [0x00000000035a6820, 0x00000000035a6930]

GC Heap History (10 events):
Event: 21.967 GC heap before
{Heap before GC invocations=20 (full 5):
 PSYoungGen      total 792064K, used 721920K [0x000000076ab00000, 0x000000079f800000, 0x00000007c0000000)
  eden space 721920K, 100% used [0x000000076ab00000,0x0000000796c00000,0x0000000796c00000)
  from space 70144K, 0% used [0x000000079b380000,0x000000079b380000,0x000000079f800000)
  to   space 71680K, 0% used [0x0000000796c00000,0x0000000796c00000,0x000000079b200000)
 ParOldGen       total 186880K, used 162310K [0x00000006c0000000, 0x00000006cb680000, 0x000000076ab00000)
  object space 186880K, 86% used [0x00000006c0000000,0x00000006c9e81b80,0x00000006cb680000)
 Metaspace       used 43031K, capacity 43425K, committed 43904K, reserved 1087488K
  class space    used 5285K, capacity 5431K, committed 5504K, reserved 1048576K
Event: 21.973 GC heap after
Heap after GC invocations=20 (full 5):
 PSYoungGen      total 793600K, used 13618K [0x000000076ab00000, 0x00000007a7e00000, 0x00000007c0000000)
  eden space 721920K, 0% used [0x000000076ab00000,0x000000076ab00000,0x0000000796c00000)
  from space 71680K, 18% used [0x0000000796c00000,0x000000079794ca00,0x000000079b200000)
  to   space 70144K, 0% used [0x00000007a3980000,0x00000007a3980000,0x00000007a7e00000)
 ParOldGen       total 186880K, used 162318K [0x00000006c0000000, 0x00000006cb680000, 0x000000076ab00000)
  object space 186880K, 86% used [0x00000006c0000000,0x00000006c9e83b80,0x00000006cb680000)
 Metaspace       used 43031K, capacity 43425K, committed 43904K, reserved 1087488K
  class space    used 5285K, capacity 5431K, committed 5504K, reserved 1048576K
}
Event: 25.581 GC heap before
{Heap before GC invocations=21 (full 5):
 PSYoungGen      total 793600K, used 735538K [0x000000076ab00000, 0x00000007a7e00000, 0x00000007c0000000)
  eden space 721920K, 100% used [0x000000076ab00000,0x0000000796c00000,0x0000000796c00000)
  from space 71680K, 18% used [0x0000000796c00000,0x000000079794ca00,0x000000079b200000)
  to   space 70144K, 0% used [0x00000007a3980000,0x00000007a3980000,0x00000007a7e00000)
 ParOldGen       total 186880K, used 162318K [0x00000006c0000000, 0x00000006cb680000, 0x000000076ab00000)
  object space 186880K, 86% used [0x00000006c0000000,0x00000006c9e83b80,0x00000006cb680000)
 Metaspace       used 43688K, capacity 44065K, committed 44416K, reserved 1087488K
  class space    used 5297K, capacity 5431K, committed 5504K, reserved 1048576K
Event: 25.592 GC heap after
Heap after GC invocations=21 (full 5):
 PSYoungGen      total 886272K, used 18594K [0x000000076ab00000, 0x00000007a6580000, 0x00000007c0000000)
  eden space 841216K, 0% used [0x000000076ab00000,0x000000076ab00000,0x000000079e080000)
  from space 45056K, 41% used [0x00000007a3980000,0x00000007a4ba8948,0x00000007a6580000)
  to   space 68096K, 0% used [0x000000079e080000,0x000000079e080000,0x00000007a2300000)
 ParOldGen       total 186880K, used 162326K [0x00000006c0000000, 0x00000006cb680000, 0x000000076ab00000)
  object space 186880K, 86% used [0x00000006c0000000,0x00000006c9e85b80,0x00000006cb680000)
 Metaspace       used 43688K, capacity 44065K, committed 44416K, reserved 1087488K
  class space    used 5297K, capacity 5431K, committed 5504K, reserved 1048576K
}
Event: 30.883 GC heap before
{Heap before GC invocations=22 (full 5):
 PSYoungGen      total 886272K, used 859810K [0x000000076ab00000, 0x00000007a6580000, 0x00000007c0000000)
  eden space 841216K, 100% used [0x000000076ab00000,0x000000079e080000,0x000000079e080000)
  from space 45056K, 41% used [0x00000007a3980000,0x00000007a4ba8948,0x00000007a6580000)
  to   space 68096K, 0% used [0x000000079e080000,0x000000079e080000,0x00000007a2300000)
 ParOldGen       total 186880K, used 162326K [0x00000006c0000000, 0x00000006cb680000, 0x000000076ab00000)
  object space 186880K, 86% used [0x00000006c0000000,0x00000006c9e85b80,0x00000006cb680000)
 Metaspace       used 44048K, capacity 44481K, committed 44928K, reserved 1089536K
  class space    used 5309K, capacity 5463K, committed 5504K, reserved 1048576K
Event: 30.902 GC heap after
Heap after GC invocations=22 (full 5):
 PSYoungGen      total 909312K, used 18918K [0x000000076ab00000, 0x00000007ad500000, 0x00000007c0000000)
  eden space 841216K, 0% used [0x000000076ab00000,0x000000076ab00000,0x000000079e080000)
  from space 68096K, 27% used [0x000000079e080000,0x000000079f2f9b10,0x00000007a2300000)
  to   space 65536K, 0% used [0x00000007a9500000,0x00000007a9500000,0x00000007ad500000)
 ParOldGen       total 186880K, used 162334K [0x00000006c0000000, 0x00000006cb680000, 0x000000076ab00000)
  object space 186880K, 86% used [0x00000006c0000000,0x00000006c9e87b80,0x00000006cb680000)
 Metaspace       used 44048K, capacity 44481K, committed 44928K, reserved 1089536K
  class space    used 5309K, capacity 5463K, committed 5504K, reserved 1048576K
}
Event: 37.432 GC heap before
{Heap before GC invocations=23 (full 5):
 PSYoungGen      total 909312K, used 860134K [0x000000076ab00000, 0x00000007ad500000, 0x00000007c0000000)
  eden space 841216K, 100% used [0x000000076ab00000,0x000000079e080000,0x000000079e080000)
  from space 68096K, 27% used [0x000000079e080000,0x000000079f2f9b10,0x00000007a2300000)
  to   space 65536K, 0% used [0x00000007a9500000,0x00000007a9500000,0x00000007ad500000)
 ParOldGen       total 186880K, used 162334K [0x00000006c0000000, 0x00000006cb680000, 0x000000076ab00000)
  object space 186880K, 86% used [0x00000006c0000000,0x00000006c9e87b80,0x00000006cb680000)
 Metaspace       used 44288K, capacity 44737K, committed 45184K, reserved 1089536K
  class space    used 5309K, capacity 5463K, committed 5504K, reserved 1048576K
Event: 37.440 GC heap after
Heap after GC invocations=23 (full 5):
 PSYoungGen      total 977920K, used 18806K [0x000000076ab00000, 0x00000007abb00000, 0x00000007c0000000)
  eden space 939008K, 0% used [0x000000076ab00000,0x000000076ab00000,0x00000007a4000000)
  from space 38912K, 48% used [0x00000007a9500000,0x00000007aa75db00,0x00000007abb00000)
  to   space 62976K, 0% used [0x00000007a4000000,0x00000007a4000000,0x00000007a7d80000)
 ParOldGen       total 186880K, used 162342K [0x00000006c0000000, 0x00000006cb680000, 0x000000076ab00000)
  object space 186880K, 86% used [0x00000006c0000000,0x00000006c9e89b80,0x00000006cb680000)
 Metaspace       used 44288K, capacity 44737K, committed 45184K, reserved 1089536K
  class space    used 5309K, capacity 5463K, committed 5504K, reserved 1048576K
}
Event: 44.932 GC heap before
{Heap before GC invocations=24 (full 5):
 PSYoungGen      total 977920K, used 957814K [0x000000076ab00000, 0x00000007abb00000, 0x00000007c0000000)
  eden space 939008K, 100% used [0x000000076ab00000,0x00000007a4000000,0x00000007a4000000)
  from space 38912K, 48% used [0x00000007a9500000,0x00000007aa75db00,0x00000007abb00000)
  to   space 62976K, 0% used [0x00000007a4000000,0x00000007a4000000,0x00000007a7d80000)
 ParOldGen       total 186880K, used 162342K [0x00000006c0000000, 0x00000006cb680000, 0x000000076ab00000)
  object space 186880K, 86% used [0x00000006c0000000,0x00000006c9e89b80,0x00000006cb680000)
 Metaspace       used 44368K, capacity 44813K, committed 45184K, reserved 1089536K
  class space    used 5310K, capacity 5465K, committed 5504K, reserved 1048576K
Event: 44.940 GC heap after
Heap after GC invocations=24 (full 5):
 PSYoungGen      total 1001984K, used 18806K [0x000000076ab00000, 0x00000007b0d80000, 0x00000007c0000000)
  eden space 939008K, 0% used [0x000000076ab00000,0x000000076ab00000,0x00000007a4000000)
  from space 62976K, 29% used [0x00000007a4000000,0x00000007a525db00,0x00000007a7d80000)
  to   space 60416K, 0% used [0x00000007ad280000,0x00000007ad280000,0x00000007b0d80000)
 ParOldGen       total 186880K, used 162350K [0x00000006c0000000, 0x00000006cb680000, 0x000000076ab00000)
  object space 186880K, 86% used [0x00000006c0000000,0x00000006c9e8bb80,0x00000006cb680000)
 Metaspace       used 44368K, capacity 44813K, committed 45184K, reserved 1089536K
  class space    used 5310K, capacity 5465K, committed 5504K, reserved 1048576K
}

Deoptimization events (10 events):
Event: 49.773 Thread 0x000000002dd37000 Uncommon trap: reason=class_check action=maybe_recompile pc=0x0000000003be9f40 method=com.google.common.cache.LocalCache$Segment.getFirst(I)Lcom/google/common/cache/LocalCache$ReferenceEntry; @ 17
Event: 49.773 Thread 0x000000002dd37000 Uncommon trap: reason=class_check action=maybe_recompile pc=0x0000000003c32f14 method=com.google.common.cache.LocalCache$Segment.getLiveValue(Lcom/google/common/cache/LocalCache$ReferenceEntry;J)Ljava/lang/Object; @ 1
Event: 49.784 Thread 0x000000002dd37000 Uncommon trap: reason=class_check action=maybe_recompile pc=0x00000000039aa1ac method=net.minecraft.world.chunk.storage.AnvilChunkLoader.writeChunkToNBT(Lnet/minecraft/world/chunk/Chunk;Lnet/minecraft/world/World;Lnet/minecraft/nbt/NBTTagCompound;)V @ 509
Event: 49.784 Thread 0x000000002dd37000 Uncommon trap: reason=class_check action=maybe_recompile pc=0x00000000039aa1ac method=net.minecraft.world.chunk.storage.AnvilChunkLoader.writeChunkToNBT(Lnet/minecraft/world/chunk/Chunk;Lnet/minecraft/world/World;Lnet/minecraft/nbt/NBTTagCompound;)V @ 509
Event: 49.785 Thread 0x000000002dd37000 Uncommon trap: reason=class_check action=maybe_recompile pc=0x00000000039aa1ac method=net.minecraft.world.chunk.storage.AnvilChunkLoader.writeChunkToNBT(Lnet/minecraft/world/chunk/Chunk;Lnet/minecraft/world/World;Lnet/minecraft/nbt/NBTTagCompound;)V @ 509
Event: 49.785 Thread 0x000000002dd37000 Uncommon trap: reason=class_check action=maybe_recompile pc=0x00000000039aa1ac method=net.minecraft.world.chunk.storage.AnvilChunkLoader.writeChunkToNBT(Lnet/minecraft/world/chunk/Chunk;Lnet/minecraft/world/World;Lnet/minecraft/nbt/NBTTagCompound;)V @ 509
Event: 49.789 Thread 0x000000002dd37000 Uncommon trap: reason=unstable_if action=reinterpret pc=0x0000000003a16b64 method=java.util.Collections$SetFromMap.add(Ljava/lang/Object;)Z @ 13
Event: 49.791 Thread 0x000000002dd37000 Uncommon trap: reason=unstable_if action=reinterpret pc=0x000000000328c418 method=java.util.concurrent.ConcurrentHashMap.transfer([Ljava/util/concurrent/ConcurrentHashMap$Node;[Ljava/util/concurrent/ConcurrentHashMap$Node;)V @ 356
Event: 49.870 Thread 0x000000002dd37000 Uncommon trap: reason=class_check action=maybe_recompile pc=0x000000000421300c method=com.google.common.cache.LocalCache$Segment.drainRecencyQueue()V @ 4
Event: 49.909 Thread 0x000000000204b000 Uncommon trap: reason=unstable_if action=reinterpret pc=0x0000000002de7250 method=net.minecraftforge.fml.relauncher.FMLSecurityManager.checkPermission(Ljava/security/Permission;)V @ 23

Internal exceptions (10 events):
Event: 49.486 Thread 0x000000002dd30800 Exception <a 'java/lang/InterruptedException': sleep interrupted> (0x000000076bd27808) thrown at [C:\re\workspace\8-2-build-windows-amd64-cygwin\jdk8u101\7261\hotspot\src\share\vm\prims\jvm.cpp, line 3215]
Event: 49.501 Thread 0x000000002dd30800 Exception <a 'java/lang/InterruptedException': sleep interrupted> (0x000000076bd27ab0) thrown at [C:\re\workspace\8-2-build-windows-amd64-cygwin\jdk8u101\7261\hotspot\src\share\vm\prims\jvm.cpp, line 3215]
Event: 49.518 Thread 0x000000002dd30800 Exception <a 'java/lang/InterruptedException': sleep interrupted> (0x000000076bd27d58) thrown at [C:\re\workspace\8-2-build-windows-amd64-cygwin\jdk8u101\7261\hotspot\src\share\vm\prims\jvm.cpp, line 3215]
Event: 49.536 Thread 0x000000002dd30800 Exception <a 'java/lang/InterruptedException': sleep interrupted> (0x000000076bd28000) thrown at [C:\re\workspace\8-2-build-windows-amd64-cygwin\jdk8u101\7261\hotspot\src\share\vm\prims\jvm.cpp, line 3215]
Event: 49.617 Thread 0x000000002dd30800 Exception <a 'java/lang/InterruptedException': sleep interrupted> (0x000000076bd282a8) thrown at [C:\re\workspace\8-2-build-windows-amd64-cygwin\jdk8u101\7261\hotspot\src\share\vm\prims\jvm.cpp, line 3215]
Event: 49.695 Thread 0x000000002dd30800 Exception <a 'java/lang/InterruptedException': sleep interrupted> (0x000000076bd28550) thrown at [C:\re\workspace\8-2-build-windows-amd64-cygwin\jdk8u101\7261\hotspot\src\share\vm\prims\jvm.cpp, line 3215]
Event: 49.772 Thread 0x000000002dd37000 Implicit null exception at 0x000000000421e409 to 0x000000000421ec69
Event: 49.795 Thread 0x000000002dd35000 Exception <a 'java/lang/InterruptedException': sleep interrupted> (0x0000000790d75058) thrown at [C:\re\workspace\8-2-build-windows-amd64-cygwin\jdk8u101\7261\hotspot\src\share\vm\prims\jvm.cpp, line 3215]
Event: 49.872 Thread 0x000000002dd37000 NullPointerException at vtable entry 0x00000000028c6cd0
Event: 49.872 Thread 0x000000002dd37000 Exception <a 'java/lang/NullPointerException'> (0x000000078feeadd0) thrown at [C:\re\workspace\8-2-build-windows-amd64-cygwin\jdk8u101\7261\hotspot\src\share\vm\runtime\sharedRuntime.cpp, line 605]

Events (10 events):
Event: 49.910 Thread 0x000000002dd36800 Thread exited: 0x000000002dd36800
Event: 49.910 loading class javax/servlet/ServletContext
Event: 49.910 loading class javax/servlet/ServletContext done
Event: 49.911 loading class javax/servlet/ServletContext
Event: 49.911 loading class javax/servlet/ServletContext done
Event: 49.911 Thread 0x000000002dd37000 Thread exited: 0x000000002dd37000
Event: 49.911 Thread 0x000000002dd35000 Thread exited: 0x000000002dd35000
Event: 49.911 Thread 0x000000001d48d000 flushing nmethod 0x0000000002b0b990
Event: 49.911 Thread 0x000000001bfbe000 Thread exited: 0x000000001bfbe000
Event: 49.911 Executing VM operation: Exit


Dynamic libraries:
0x000000013f440000 - 0x000000013f477000 	C:\Program Files\Java\jre1.8.0_101\bin\javaw.exe
0x0000000077a50000 - 0x0000000077bf9000 	C:\Windows\SYSTEM32\ntdll.dll
0x0000000077830000 - 0x000000007794f000 	C:\Windows\system32\kernel32.dll
0x000007fefdae0000 - 0x000007fefdb4c000 	C:\Windows\system32\KERNELBASE.dll
0x000007fefe960000 - 0x000007fefea3b000 	C:\Windows\system32\ADVAPI32.dll
0x000007fefe300000 - 0x000007fefe39f000 	C:\Windows\system32\msvcrt.dll
0x000007fefe480000 - 0x000007fefe49f000 	C:\Windows\SYSTEM32\sechost.dll
0x000007fefe100000 - 0x000007fefe22d000 	C:\Windows\system32\RPCRT4.dll
0x0000000077950000 - 0x0000000077a4a000 	C:\Windows\system32\USER32.dll
0x000007fefe290000 - 0x000007fefe2f7000 	C:\Windows\system32\GDI32.dll
0x000007fefec70000 - 0x000007fefec7e000 	C:\Windows\system32\LPK.dll
0x000007fefec80000 - 0x000007fefed49000 	C:\Windows\system32\USP10.dll
0x000007fefc3a0000 - 0x000007fefc594000 	C:\Windows\WinSxS\amd64_microsoft.windows.common-controls_6595b64144ccf1df_6.0.7601.17514_none_fa396087175ac9ac\COMCTL32.dll
0x000007fefea60000 - 0x000007fefead1000 	C:\Windows\system32\SHLWAPI.dll
0x000007feffd30000 - 0x000007feffd5e000 	C:\Windows\system32\IMM32.DLL
0x000007fefe7d0000 - 0x000007fefe8d9000 	C:\Windows\system32\MSCTF.dll
0x0000000079000000 - 0x00000000790d2000 	C:\Program Files\Java\jre1.8.0_101\bin\msvcr100.dll
0x000000006f3d0000 - 0x000000006fc6a000 	C:\Program Files\Java\jre1.8.0_101\bin\server\jvm.dll
0x000007feead80000 - 0x000007feead89000 	C:\Windows\system32\WSOCK32.dll
0x000007fefe240000 - 0x000007fefe28d000 	C:\Windows\system32\WS2_32.dll
0x000007fefe230000 - 0x000007fefe238000 	C:\Windows\system32\NSI.dll
0x000007fef9fb0000 - 0x000007fef9feb000 	C:\Windows\system32\WINMM.dll
0x000007fefc8b0000 - 0x000007fefc8bc000 	C:\Windows\system32\VERSION.dll
0x0000000077c20000 - 0x0000000077c27000 	C:\Windows\system32\PSAPI.DLL
0x000000005bb90000 - 0x000000005bb9f000 	C:\Program Files\Java\jre1.8.0_101\bin\verify.dll
0x0000000077e60000 - 0x0000000077e89000 	C:\Program Files\Java\jre1.8.0_101\bin\java.dll
0x0000000059ec0000 - 0x0000000059ed6000 	C:\Program Files\Java\jre1.8.0_101\bin\zip.dll
0x000007fefefa0000 - 0x000007feffd28000 	C:\Windows\system32\SHELL32.dll
0x000007fefde50000 - 0x000007fefe053000 	C:\Windows\system32\ole32.dll
0x000007fefd810000 - 0x000007fefd81f000 	C:\Windows\system32\profapi.dll
0x00000000595c0000 - 0x00000000595cd000 	C:\Program Files\Java\jre1.8.0_101\bin\management.dll
0x000000005b3b0000 - 0x000000005b3ca000 	C:\Program Files\Java\jre1.8.0_101\bin\net.dll
0x000007fefcfb0000 - 0x000007fefd005000 	C:\Windows\system32\mswsock.dll
0x000007fefcfa0000 - 0x000007fefcfa7000 	C:\Windows\System32\wship6.dll
0x0000000057c90000 - 0x0000000057ca1000 	C:\Program Files\Java\jre1.8.0_101\bin\nio.dll
0x000007fefb310000 - 0x000007fefb325000 	C:\Windows\system32\NLAapi.dll
0x000007fee49c0000 - 0x000007fee49d5000 	C:\Windows\system32\napinsp.dll
0x000007fee4950000 - 0x000007fee4969000 	C:\Windows\system32\pnrpnsp.dll
0x000007fee4a60000 - 0x000007fee4a6b000 	C:\Windows\System32\winrnr.dll
0x000007fee5070000 - 0x000007fee5082000 	C:\Windows\system32\PrxerNsp.dll
0x000007fefce30000 - 0x000007fefce8b000 	C:\Windows\system32\DNSAPI.dll
0x000007fefc9d0000 - 0x000007fefc9d7000 	C:\Windows\System32\wshtcpip.dll
0x000007fefb1b0000 - 0x000007fefb1d7000 	C:\Windows\system32\IPHLPAPI.DLL
0x000007fefb1a0000 - 0x000007fefb1ab000 	C:\Windows\system32\WINNSI.DLL
0x000007fee5060000 - 0x000007fee5068000 	C:\Windows\system32\rasadhlp.dll
0x000007fefb000000 - 0x000007fefb053000 	C:\Windows\System32\fwpuclnt.dll
0x0000000077f00000 - 0x0000000077f24000 	C:\Program Files\Java\jre1.8.0_101\bin\sunec.dll
0x000007fefd010000 - 0x000007fefd028000 	C:\Windows\system32\CRYPTSP.dll
0x000007fefcd10000 - 0x000007fefcd57000 	C:\Windows\system32\rsaenh.dll
0x000007fefdba0000 - 0x000007fefdbbe000 	C:\Windows\system32\USERENV.dll
0x000007fefd670000 - 0x000007fefd67f000 	C:\Windows\system32\CRYPTBASE.dll
0x000007fefaf90000 - 0x000007fefafa1000 	C:\Windows\system32\dhcpcsvc6.DLL
0x000007fefaf70000 - 0x000007fefaf88000 	C:\Windows\system32\dhcpcsvc.DLL
0x000000005c4c0000 - 0x000000005c4cb000 	C:\Program Files\Java\jre1.8.0_101\bin\sunmscapi.dll
0x000007fefd970000 - 0x000007fefdadd000 	C:\Windows\system32\CRYPT32.dll
0x000007fefd820000 - 0x000007fefd82f000 	C:\Windows\system32\MSASN1.dll
0x0000000180000000 - 0x0000000180051000 	C:\Users\Sam Humby\.gradle\caches\minecraft\net\minecraft\natives\1.8\lwjgl64.dll
0x000007feea0e0000 - 0x000007feea1fd000 	C:\Windows\system32\OPENGL32.dll
0x000007feeb2a0000 - 0x000007feeb2cd000 	C:\Windows\system32\GLU32.dll
0x000007fee0da0000 - 0x000007fee0e91000 	C:\Windows\system32\DDRAW.dll
0x000007fee5030000 - 0x000007fee5038000 	C:\Windows\system32\DCIMAN32.dll
0x000007fefdbd0000 - 0x000007fefdda7000 	C:\Windows\system32\SETUPAPI.dll
0x000007fefd830000 - 0x000007fefd866000 	C:\Windows\system32\CFGMGR32.dll
0x000007fefe3a0000 - 0x000007fefe477000 	C:\Windows\system32\OLEAUT32.dll
0x000007fefdb80000 - 0x000007fefdb9a000 	C:\Windows\system32\DEVOBJ.dll
0x000007fefc890000 - 0x000007fefc8a8000 	C:\Windows\system32\dwmapi.dll
0x000000006c4d0000 - 0x000000006c668000 	C:\Program Files\Java\jre1.8.0_101\bin\awt.dll
0x000007fefc1c0000 - 0x000007fefc216000 	C:\Windows\system32\uxtheme.dll
0x000007fee17d0000 - 0x000007fee17f8000 	C:\Program Files (x86)\Raptr\ltc_help64-106568.dll
0x000007fefd880000 - 0x000007fefd8bb000 	C:\Windows\system32\WINTRUST.dll
0x000007feee8f0000 - 0x000007feee90f000 	C:\Windows\system32\atig6pxx.dll
0x0000000068320000 - 0x000000006a2f3000 	C:\Windows\system32\atio6axx.dll
0x000007feeda30000 - 0x000007feedb80000 	C:\Windows\system32\atiadlxx.dll
0x000007fefc220000 - 0x000007fefc34c000 	C:\Windows\system32\PROPSYS.dll
0x000007fefc8f0000 - 0x000007fefc901000 	C:\Windows\system32\WTSAPI32.dll
0x000007feeb220000 - 0x000007feeb253000 	C:\Windows\system32\atig6txx.dll
0x000007fefbb50000 - 0x000007fefbbec000 	C:\Windows\system32\mscms.dll
0x000007fee4180000 - 0x000007fee41c2000 	C:\Windows\system32\icm32.dll
0x0000000070a40000 - 0x0000000070adc000 	C:\Users\Sam Humby\.gradle\caches\minecraft\net\minecraft\natives\1.8\avutil-ttv-51.dll
0x0000000065980000 - 0x00000000659d6000 	C:\Users\Sam Humby\.gradle\caches\minecraft\net\minecraft\natives\1.8\swresample-ttv-0.dll
0x000000006eb80000 - 0x000000006ec50000 	C:\Users\Sam Humby\.gradle\caches\minecraft\net\minecraft\natives\1.8\libmp3lame-ttv.dll
0x000007feddf30000 - 0x000007fedf2d4000 	C:\Users\Sam Humby\.gradle\caches\minecraft\net\minecraft\natives\1.8\libmfxsw64.dll
0x000007fee43e0000 - 0x000007fee454d000 	C:\Users\Sam Humby\.gradle\caches\minecraft\net\minecraft\natives\1.8\twitchsdk.dll
0x000007fefed50000 - 0x000007fefef98000 	C:\Windows\system32\WININET.dll
0x000007fefdb50000 - 0x000007fefdb54000 	C:\Windows\system32\api-ms-win-downlevel-user32-l1-1-0.dll
0x000007fefdb60000 - 0x000007fefdb64000 	C:\Windows\system32\api-ms-win-downlevel-shlwapi-l1-1-0.dll
0x000007fefd870000 - 0x000007fefd874000 	C:\Windows\system32\api-ms-win-downlevel-version-l1-1-0.dll
0x000007fefdbc0000 - 0x000007fefdbc3000 	C:\Windows\system32\api-ms-win-downlevel-normaliz-l1-1-0.dll
0x0000000077c10000 - 0x0000000077c13000 	C:\Windows\system32\normaliz.DLL
0x000007fefe4a0000 - 0x000007fefe767000 	C:\Windows\system32\iertutil.dll
0x000007fefdb70000 - 0x000007fefdb75000 	C:\Windows\system32\api-ms-win-downlevel-advapi32-l1-1-0.dll
0x000000001d280000 - 0x000000001d2e4000 	C:\Users\Sam Humby\.gradle\caches\minecraft\net\minecraft\natives\1.8\OpenAL64.dll
0x000007fefe060000 - 0x000007fefe0f9000 	C:\Windows\system32\CLBCatQ.DLL
0x000007fefbdb0000 - 0x000007fefbdfb000 	C:\Windows\System32\MMDevApi.dll
0x000007fef3320000 - 0x000007fef33a8000 	C:\Windows\system32\dsound.dll
0x000007fefc8c0000 - 0x000007fefc8ec000 	C:\Windows\system32\POWRPROF.dll
0x000007fef3000000 - 0x000007fef304f000 	C:\Windows\system32\AUDIOSES.DLL
0x000007fefea40000 - 0x000007fefea59000 	C:\Windows\system32\imagehlp.dll
0x000007fefd190000 - 0x000007fefd1e0000 	C:\Windows\system32\ncrypt.dll
0x000007fefd160000 - 0x000007fefd182000 	C:\Windows\system32\bcrypt.dll
0x000007fefcc50000 - 0x000007fefcc9c000 	C:\Windows\system32\bcryptprimitives.dll
0x000007fefcac0000 - 0x000007fefcadb000 	C:\Windows\system32\GPAPI.dll
0x000007fef9330000 - 0x000007fef9357000 	C:\Windows\system32\cryptnet.dll
0x000007fefe770000 - 0x000007fefe7c2000 	C:\Windows\system32\WLDAP32.dll
0x000007fefbbf0000 - 0x000007fefbbf9000 	C:\Windows\system32\SensApi.dll
0x000007feddce0000 - 0x000007feddf28000 	C:\PROGRA~2\Raptr\ltc_game64-106568.dll
0x000007feedb80000 - 0x000007feedca5000 	C:\Windows\system32\dbghelp.dll

VM Arguments:
jvm_args: -Dfile.encoding=Cp1252 
java_command: GradleStart --username=samalot@plagachef.com --password=jedapo
java_class_path (initial): C:\Users\Sam Humby\Desktop\Minecraft Mod\Git\Lazarus\bin;C:\Users\Sam Humby\.gradle\caches\minecraft\net\minecraftforge\forge\1.8-11.14.4.1563\snapshot\20141130\forgeSrc-1.8-11.14.4.1563.jar;C:\Users\Sam Humby\.gradle\caches\modules-2\files-2.1\net.minecraft\launchwrapper\1.12\111e7bea9c968cdb3d06ef4632bf7ff0824d0f36\launchwrapper-1.12.jar;C:\Users\Sam Humby\.gradle\caches\modules-2\files-2.1\org.ow2.asm\asm-debug-all\5.0.3\f9e364ae2a66ce2a543012a4668856e84e5dab74\asm-debug-all-5.0.3.jar;C:\Users\Sam Humby\.gradle\caches\modules-2\files-2.1\com.typesafe.akka\akka-actor_2.11\2.3.3\ed62e9fc709ca0f2ff1a3220daa8b70a2870078e\akka-actor_2.11-2.3.3.jar;C:\Users\Sam Humby\.gradle\caches\modules-2\files-2.1\com.typesafe\config\1.2.1\f771f71fdae3df231bcd54d5ca2d57f0bf93f467\config-1.2.1.jar;C:\Users\Sam Humby\.gradle\caches\modules-2\files-2.1\org.scala-lang\scala-actors-migration_2.11\1.1.0\dfa8bc42b181d5b9f1a5dd147f8ae308b893eb6f\scala-actors-migration_2.11-1.1.0.jar;C:\Users\Sam Humby\.gradle\caches\modules-2\files-2.1\org.scala-lang\scala-compiler\2.11.1\56ea2e6c025e0821f28d73ca271218b8dd04926a\scala-compiler-2.11.1.jar;C:\Users\Sam Humby\.gradle\caches\modules-2\files-2.1\org.scala-lang.plugins\scala-continuations-library_2.11\1.0.2\e517c53a7e9acd6b1668c5a35eccbaa3bab9aac\scala-continuations-library_2.11-1.0.2.jar;C:\Users\Sam Humby\.gradle\caches\modules-2\files-2.1\org.scala-lang.plugins\scala-continuations-plugin_2.11.1\1.0.2\f361a3283452c57fa30c1ee69448995de23c60f7\scala-continuations-plugin_2.11.1-1.0.2.jar;C:\Users\Sam Humby\.gradle\caches\modules-2\files-2.1\org.scala-lang\scala-library\2.11.1\e11da23da3eabab9f4777b9220e60d44c1aab6a\scala-library-2.11.1.jar;C:\Users\Sam Humby\.gradle\caches\modules-2\files-2.1\org.scala-lang.modules\scala-parser-combinators_2.11\1.0.1\f05d7345bf5a58924f2837c6c1f4d73a938e1ff0\scala-parser-combinators_2.11-1.0.1.jar;C:\Users\Sam Humby\.gradle\caches\modules-2\files-2.1\org.scala-lang\scala-reflect\2.11.1
Launcher Type: SUN_STANDARD

Environment Variables:
JAVA_HOME=C:\Program Files\Java\jdk1.8.0_77
CLASSPATH=.;C:\Program Files\Java\jre1.8.0_77\lib\ext\QTJava.zip
PATH=C:/Program Files/Java/jre1.8.0_101/bin/server;C:/Program Files/Java/jre1.8.0_101/bin;C:/Program Files/Java/jre1.8.0_101/lib/amd64;C:\Program Files (x86)\NVIDIA Corporation\PhysX\Common;C:\ProgramData\Oracle\Java\javapath;C:\Program Files (x86)\AMD APP\bin\x86_64;C:\Program Files (x86)\AMD APP\bin\x86;C:\Program Files (x86)\Intel\iCLS Client\;C:\Program Files\Intel\iCLS Client\;C:\Windows\system32;C:\Windows;C:\Windows\System32\Wbem;C:\Windows\System32\WindowsPowerShell\v1.0\;C:\Program Files\Intel\Intel(R) Management Engine Components\DAL;C:\Program Files\Intel\Intel(R) Management Engine Components\IPT;C:\Program Files (x86)\Intel\Intel(R) Management Engine Components\DAL;C:\Program Files (x86)\Intel\Intel(R) Management Engine Components\IPT;C:\Program Files (x86)\ATI Technologies\ATI.ACE\Core-Static;C:\Program Files\Java\jdk1.7.0_21\bin;C:\Program Files (x86)\QuickTime\QTSystem\;C:\Program Files (x86)\Autodesk\Backburner\;C:\Program Files (x86)\Bitvise SSH Client;C:\Program Files\digieffects\bin;C:\Program Files\nodejs\;C:\Program Files (x86)\Git\cmd;C:\php;C:\Program Files (x86)\AMD\ATI.ACE\Core-Static;C:\Program Files\OpenVPN\bin;C:\MinGW\bin;C:\Users\Sam Humby\.dnx\bin;C:\Program Files\Microsoft DNX\Dnvm\;C:\Program Files (x86)\Skype\Phone\;C:\Program Files\MiKTeX 2.9\miktex\bin\x64\;C:\Python27\Scripts;C:\Program Files\Java\jdk1.8.0_77\bin;C:\Users\Sam Humby\AppData\Roaming\npm;C:\Program Files (x86)\apache-maven-3.3.3\Bin;C:\Python27\Scripts;C:\Windows\system32;
USERNAME=Sam Humby
OS=Windows_NT
PROCESSOR_IDENTIFIER=Intel64 Family 6 Model 58 Stepping 9, GenuineIntel



---------------  S Y S T E M  ---------------

OS: Windows 7 , 64 bit Build 7601 (6.1.7601.18409)

CPU:total 4 (4 cores per cpu, 1 threads per core) family 6 model 58 stepping 9, cmov, cx8, fxsr, mmx, sse, sse2, sse3, ssse3, sse4.1, sse4.2, popcnt, avx, aes, clmul, erms, tsc, tscinvbit, tscinv

Memory: 4k page, physical 16777216k(10426336k free), swap 18872512k(11553128k free)

vm_info: Java HotSpot(TM) 64-Bit Server VM (25.101-b13) for windows-amd64 JRE (1.8.0_101-b13), built on Jun 22 2016 01:21:29 by "java_re" with MS VC++ 10.0 (VS2010)

time: Sat Aug 20 00:40:30 2016
elapsed time: 50 seconds (0d 0h 0m 50s)

