#
# A fatal error has been detected by the Java Runtime Environment:
#
#  EXCEPTION_ACCESS_VIOLATION (0xc0000005) at pc=0x000007fee9eed6c4, pid=12292, tid=0x0000000000003270
#
# JRE version: Java(TM) SE Runtime Environment (8.0_101-b13) (build 1.8.0_101-b13)
# Java VM: Java HotSpot(TM) 64-Bit Server VM (25.101-b13 mixed mode windows-amd64 compressed oops)
# Problematic frame:
# C  [OPENGL32.dll+0xdd6c4]
#
# Failed to write core dump. Minidumps are not enabled by default on client versions of Windows
#
# If you would like to submit a bug report, please visit:
#   http://bugreport.java.com/bugreport/crash.jsp
#

---------------  T H R E A D  ---------------

Current thread (0x000000001c30e800):  VMThread [stack: 0x000000001d2c0000,0x000000001d3c0000] [id=12912]

siginfo: ExceptionCode=0xc0000005, reading address 0x0000000000000a38

Registers:
RAX=0x0000000000000000, RBX=0x00000000284d0be0, RCX=0x0000000000000001, RDX=0x00000000284d0be8
RSP=0x000000001d3bf778, RBP=0x0000000000000000, RSI=0x00000000284cf910, RDI=0x00000000284cf910
R8 =0x000000001d3bf7f8, R9 =0x000000001c1f5400, R10=0x000000002c63c8a0, R11=0x000000001d3bf542
R12=0x0000000000000000, R13=0x00000000284c7100, R14=0x00000000284c6fb0, R15=0x0000000000000000
RIP=0x000007fee9eed6c4, EFLAGS=0x0000000000010287

Top of Stack: (sp=0x000000001d3bf778)
0x000000001d3bf778:   000007fedf0f244b 0000000000000001
0x000000001d3bf788:   00000000284d0be8 000000001d3bf7f8
0x000000001d3bf798:   000000001c1f5400 0000000000000000
0x000000001d3bf7a8:   000007fedf0f7f17 00000000284c7100
0x000000001d3bf7b8:   0000000000000001 00000000284c70e0
0x000000001d3bf7c8:   00000000284c6fb0 fffffffffffffffe
0x000000001d3bf7d8:   0000000077851a4a 0000000000000000
0x000000001d3bf7e8:   000007fedf0f87c9 00000000284cf910
0x000000001d3bf7f8:   00000000284d2190 000007fedf1e1940
0x000000001d3bf808:   000007fedf175700 fffffffffffffffe
0x000000001d3bf818:   0000000028afcbf0 0000000000000001
0x000000001d3bf828:   00000000284c70d8 00000000284c6fb0
0x000000001d3bf838:   000007fedf17d7ad 000007fedf2b65b0
0x000000001d3bf848:   000007fedf1e1930 000000001c1f5400
0x000000001d3bf858:   000000001c30f110 00000000284c70d8
0x000000001d3bf868:   00000000284c6fb0 00000000284c6fb0 

Instructions: (pc=0x000007fee9eed6c4)
0x000007fee9eed6a4:   cc cc cc cc cc cc 66 0f 1f 44 00 00 8b 05 16 0c
0x000007fee9eed6b4:   01 00 83 f8 40 73 0f 65 48 8b 04 c5 80 14 00 00
0x000007fee9eed6c4:   ff a0 38 0a 00 00 b8 47 01 00 00 e9 ec d4 ff ff
0x000007fee9eed6d4:   cc cc cc cc cc cc 66 0f 1f 44 00 00 8b 05 e6 0b 


Register to memory mapping:

RAX=0x0000000000000000 is an unknown value
RBX=0x00000000284d0be0 is an unknown value
RCX=0x0000000000000001 is an unknown value
RDX=0x00000000284d0be8 is an unknown value
RSP=0x000000001d3bf778 is an unknown value
RBP=0x0000000000000000 is an unknown value
RSI=0x00000000284cf910 is an unknown value
RDI=0x00000000284cf910 is an unknown value
R8 =0x000000001d3bf7f8 is an unknown value
R9 =0x000000001c1f5400 is an unknown value
R10=0x000000002c63c8a0 is an unknown value
R11=0x000000001d3bf542 is an unknown value
R12=0x0000000000000000 is an unknown value
R13=0x00000000284c7100 is an unknown value
R14=0x00000000284c6fb0 is an unknown value
R15=0x0000000000000000 is an unknown value


Stack: [0x000000001d2c0000,0x000000001d3c0000],  sp=0x000000001d3bf778,  free space=1021k
Native frames: (J=compiled Java code, j=interpreted, Vv=VM code, C=native code)

VM_Operation (0x00000000026ddc90): Exit, mode: safepoint, requested by thread 0x000000000223b000


---------------  P R O C E S S  ---------------

Java Threads: ( => current thread )
  0x000000002f92b000 JavaThread "File IO Thread" [_thread_blocked, id=13052, stack(0x0000000034b50000,0x0000000034c50000)]
  0x000000002f927000 JavaThread "pool-2-thread-1" [_thread_blocked, id=10304, stack(0x0000000023c00000,0x0000000023d00000)]
  0x000000002f929800 JavaThread "Chunk I/O Executor Thread-1" daemon [_thread_blocked, id=7524, stack(0x000000003d210000,0x000000003d310000)]
  0x000000002f929000 JavaThread "Netty Server IO #1" daemon [_thread_in_native, id=8068, stack(0x000000003c8f0000,0x000000003c9f0000)]
  0x000000002f928000 JavaThread "Netty Local Client IO #0" daemon [_thread_blocked, id=9608, stack(0x000000003d100000,0x000000003d200000)]
  0x000000002e40a000 JavaThread "Netty Server IO #0" daemon [_thread_in_native, id=11160, stack(0x000000003ccb0000,0x000000003cdb0000)]
  0x000000002e407800 JavaThread "Chunk Batcher 1" daemon [_thread_blocked, id=11596, stack(0x0000000035270000,0x0000000035370000)]
  0x000000002e407000 JavaThread "Chunk Batcher 0" daemon [_thread_blocked, id=12552, stack(0x000000002e8d0000,0x000000002e9d0000)]
  0x000000001e6c5000 JavaThread "LWJGL Timer" daemon [_thread_blocked, id=7500, stack(0x000000002d1b0000,0x000000002d2b0000)]
  0x0000000021675800 JavaThread "Java2D Disposer" daemon [_thread_blocked, id=13252, stack(0x0000000025920000,0x0000000025a20000)]
  0x0000000022357000 JavaThread "Timer hack thread" daemon [_thread_blocked, id=13044, stack(0x0000000025540000,0x0000000025640000)]
  0x00000000212b4000 JavaThread "Snooper Timer" daemon [_thread_blocked, id=11180, stack(0x0000000023af0000,0x0000000023bf0000)]
  0x000000001d88a800 JavaThread "Service Thread" daemon [_thread_blocked, id=8656, stack(0x000000001e220000,0x000000001e320000)]
  0x000000001d803800 JavaThread "C1 CompilerThread2" daemon [_thread_blocked, id=12644, stack(0x000000001e050000,0x000000001e150000)]
  0x000000001d7fc800 JavaThread "C2 CompilerThread1" daemon [_thread_blocked, id=12588, stack(0x000000001de50000,0x000000001df50000)]
  0x000000001d7e5000 JavaThread "C2 CompilerThread0" daemon [_thread_blocked, id=12140, stack(0x000000001dc10000,0x000000001dd10000)]
  0x000000001d7e0800 JavaThread "Attach Listener" daemon [_thread_blocked, id=12448, stack(0x000000001d190000,0x000000001d290000)]
  0x000000001c37c000 JavaThread "Signal Dispatcher" daemon [_thread_blocked, id=12852, stack(0x000000001d6e0000,0x000000001d7e0000)]
  0x000000001c35d800 JavaThread "Finalizer" daemon [_thread_blocked, id=11000, stack(0x000000001d3e0000,0x000000001d4e0000)]
  0x000000001c316800 JavaThread "Reference Handler" daemon [_thread_blocked, id=12600, stack(0x000000001d520000,0x000000001d620000)]
  0x000000000223b000 JavaThread "Client thread" [_thread_blocked, id=11176, stack(0x00000000025e0000,0x00000000026e0000)]

Other Threads:
=>0x000000001c30e800 VMThread [stack: 0x000000001d2c0000,0x000000001d3c0000] [id=12912]

VM state:at safepoint (shutting down)

VM Mutex/Monitor currently owned by a thread:  ([mutex/lock_event])
[0x0000000002239700] Threads_lock - owner thread: 0x000000001c30e800

Heap:
 PSYoungGen      total 1111552K, used 119545K [0x000000076ab00000, 0x00000007b4800000, 0x00000007c0000000)
  eden space 1052672K, 9% used [0x000000076ab00000,0x0000000770dd3158,0x00000007aaf00000)
  from space 58880K, 31% used [0x00000007aaf00000,0x00000007ac0eb3c0,0x00000007ae880000)
  to   space 56320K, 0% used [0x00000007b1100000,0x00000007b1100000,0x00000007b4800000)
 ParOldGen       total 187392K, used 161573K [0x00000006c0000000, 0x00000006cb700000, 0x000000076ab00000)
  object space 187392K, 86% used [0x00000006c0000000,0x00000006c9dc96e0,0x00000006cb700000)
 Metaspace       used 44194K, capacity 44577K, committed 44928K, reserved 1089536K
  class space    used 5294K, capacity 5431K, committed 5504K, reserved 1048576K

Card table byte_map: [0x0000000011d70000,0x0000000012580000] byte_map_base: 0x000000000e770000

Marking Bits: (ParMarkBitMap*) 0x000000006fbea6d0
 Begin Bits: [0x0000000013180000, 0x0000000017180000)
 End Bits:   [0x0000000017180000, 0x000000001b180000)

Polling page: 0x0000000000120000

CodeCache: size=245760Kb used=29910Kb max_used=30676Kb free=215849Kb
 bounds [0x00000000029b0000, 0x0000000004820000, 0x00000000119b0000]
 total_blobs=8380 nmethods=7509 adapters=781
 compilation: enabled

Compilation events (10 events):
Event: 64.897 Thread 0x000000001d803800 10523       3       java.util.Formatter$FormatSpecifier::<init> (246 bytes)
Event: 64.898 Thread 0x000000001d803800 nmethod 10523 0x0000000003524b90 code [0x0000000003524ec0, 0x0000000003526198]
Event: 64.898 Thread 0x000000001d803800 10524   !   3       sun.reflect.GeneratedMethodAccessor4::invoke (96 bytes)
Event: 64.899 Thread 0x000000001d803800 nmethod 10524 0x0000000003523490 code [0x00000000035236e0, 0x0000000003524438]
Event: 64.899 Thread 0x000000001d803800 10525   !   3       sun.reflect.GeneratedMethodAccessor5::invoke (76 bytes)
Event: 64.900 Thread 0x000000001d803800 nmethod 10525 0x0000000003522750 code [0x0000000003522940, 0x0000000003523078]
Event: 64.930 Thread 0x000000001d803800 10526  s    3       java.lang.Throwable::getOurStackTrace (80 bytes)
Event: 64.931 Thread 0x000000001d803800 nmethod 10526 0x00000000043f30d0 code [0x00000000043f3280, 0x00000000043f3af8]
Event: 64.932 Thread 0x000000001d803800 10527       1       org.apache.logging.log4j.core.config.LoggerConfig::getLevel (5 bytes)
Event: 64.932 Thread 0x000000001d803800 nmethod 10527 0x00000000043e0850 code [0x00000000043e09a0, 0x00000000043e0ab0]

GC Heap History (10 events):
Event: 33.099 GC heap before
{Heap before GC invocations=22 (full 5):
 PSYoungGen      total 916992K, used 893932K [0x000000076ab00000, 0x00000007a8700000, 0x00000007c0000000)
  eden space 875520K, 100% used [0x000000076ab00000,0x00000007a0200000,0x00000007a0200000)
  from space 41472K, 44% used [0x00000007a5e80000,0x00000007a707b3c0,0x00000007a8700000)
  to   space 68096K, 0% used [0x00000007a0200000,0x00000007a0200000,0x00000007a4480000)
 ParOldGen       total 187392K, used 161541K [0x00000006c0000000, 0x00000006cb700000, 0x000000076ab00000)
  object space 187392K, 86% used [0x00000006c0000000,0x00000006c9dc16e0,0x00000006cb700000)
 Metaspace       used 43866K, capacity 44321K, committed 44672K, reserved 1089536K
  class space    used 5282K, capacity 5431K, committed 5504K, reserved 1048576K
Event: 33.106 GC heap after
Heap after GC invocations=22 (full 5):
 PSYoungGen      total 943616K, used 18348K [0x000000076ab00000, 0x00000007afd00000, 0x00000007c0000000)
  eden space 875520K, 0% used [0x000000076ab00000,0x000000076ab00000,0x00000007a0200000)
  from space 68096K, 26% used [0x00000007a0200000,0x00000007a13eb3c0,0x00000007a4480000)
  to   space 66048K, 0% used [0x00000007abc80000,0x00000007abc80000,0x00000007afd00000)
 ParOldGen       total 187392K, used 161549K [0x00000006c0000000, 0x00000006cb700000, 0x000000076ab00000)
  object space 187392K, 86% used [0x00000006c0000000,0x00000006c9dc36e0,0x00000006cb700000)
 Metaspace       used 43866K, capacity 44321K, committed 44672K, reserved 1089536K
  class space    used 5282K, capacity 5431K, committed 5504K, reserved 1048576K
}
Event: 40.152 GC heap before
{Heap before GC invocations=23 (full 5):
 PSYoungGen      total 943616K, used 893868K [0x000000076ab00000, 0x00000007afd00000, 0x00000007c0000000)
  eden space 875520K, 100% used [0x000000076ab00000,0x00000007a0200000,0x00000007a0200000)
  from space 68096K, 26% used [0x00000007a0200000,0x00000007a13eb3c0,0x00000007a4480000)
  to   space 66048K, 0% used [0x00000007abc80000,0x00000007abc80000,0x00000007afd00000)
 ParOldGen       total 187392K, used 161549K [0x00000006c0000000, 0x00000006cb700000, 0x000000076ab00000)
  object space 187392K, 86% used [0x00000006c0000000,0x00000006c9dc36e0,0x00000006cb700000)
 Metaspace       used 43996K, capacity 44385K, committed 44928K, reserved 1089536K
  class space    used 5282K, capacity 5431K, committed 5504K, reserved 1048576K
Event: 40.160 GC heap after
Heap after GC invocations=23 (full 5):
 PSYoungGen      total 1015296K, used 18348K [0x000000076ab00000, 0x00000007ae180000, 0x00000007c0000000)
  eden space 977408K, 0% used [0x000000076ab00000,0x000000076ab00000,0x00000007a6580000)
  from space 37888K, 48% used [0x00000007abc80000,0x00000007ace6b3c0,0x00000007ae180000)
  to   space 63488K, 0% used [0x00000007a6580000,0x00000007a6580000,0x00000007aa380000)
 ParOldGen       total 187392K, used 161557K [0x00000006c0000000, 0x00000006cb700000, 0x000000076ab00000)
  object space 187392K, 86% used [0x00000006c0000000,0x00000006c9dc56e0,0x00000006cb700000)
 Metaspace       used 43996K, capacity 44385K, committed 44928K, reserved 1089536K
  class space    used 5282K, capacity 5431K, committed 5504K, reserved 1048576K
}
Event: 48.104 GC heap before
{Heap before GC invocations=24 (full 5):
 PSYoungGen      total 1015296K, used 995756K [0x000000076ab00000, 0x00000007ae180000, 0x00000007c0000000)
  eden space 977408K, 100% used [0x000000076ab00000,0x00000007a6580000,0x00000007a6580000)
  from space 37888K, 48% used [0x00000007abc80000,0x00000007ace6b3c0,0x00000007ae180000)
  to   space 63488K, 0% used [0x00000007a6580000,0x00000007a6580000,0x00000007aa380000)
 ParOldGen       total 187392K, used 161557K [0x00000006c0000000, 0x00000006cb700000, 0x000000076ab00000)
  object space 187392K, 86% used [0x00000006c0000000,0x00000006c9dc56e0,0x00000006cb700000)
 Metaspace       used 44037K, capacity 44449K, committed 44928K, reserved 1089536K
  class space    used 5283K, capacity 5431K, committed 5504K, reserved 1048576K
Event: 48.112 GC heap after
Heap after GC invocations=24 (full 5):
 PSYoungGen      total 1040896K, used 18348K [0x000000076ab00000, 0x00000007b3800000, 0x00000007c0000000)
  eden space 977408K, 0% used [0x000000076ab00000,0x000000076ab00000,0x00000007a6580000)
  from space 63488K, 28% used [0x00000007a6580000,0x00000007a776b3c0,0x00000007aa380000)
  to   space 61440K, 0% used [0x00000007afc00000,0x00000007afc00000,0x00000007b3800000)
 ParOldGen       total 187392K, used 161565K [0x00000006c0000000, 0x00000006cb700000, 0x000000076ab00000)
  object space 187392K, 86% used [0x00000006c0000000,0x00000006c9dc76e0,0x00000006cb700000)
 Metaspace       used 44037K, capacity 44449K, committed 44928K, reserved 1089536K
  class space    used 5283K, capacity 5431K, committed 5504K, reserved 1048576K
}
Event: 55.803 GC heap before
{Heap before GC invocations=25 (full 5):
 PSYoungGen      total 1040896K, used 995756K [0x000000076ab00000, 0x00000007b3800000, 0x00000007c0000000)
  eden space 977408K, 100% used [0x000000076ab00000,0x00000007a6580000,0x00000007a6580000)
  from space 63488K, 28% used [0x00000007a6580000,0x00000007a776b3c0,0x00000007aa380000)
  to   space 61440K, 0% used [0x00000007afc00000,0x00000007afc00000,0x00000007b3800000)
 ParOldGen       total 187392K, used 161565K [0x00000006c0000000, 0x00000006cb700000, 0x000000076ab00000)
  object space 187392K, 86% used [0x00000006c0000000,0x00000006c9dc76e0,0x00000006cb700000)
 Metaspace       used 44063K, capacity 44449K, committed 44928K, reserved 1089536K
  class space    used 5283K, capacity 5431K, committed 5504K, reserved 1048576K
Event: 55.810 GC heap after
Heap after GC invocations=25 (full 5):
 PSYoungGen      total 1091584K, used 18284K [0x000000076ab00000, 0x00000007b2200000, 0x00000007c0000000)
  eden space 1052672K, 0% used [0x000000076ab00000,0x000000076ab00000,0x00000007aaf00000)
  from space 38912K, 46% used [0x00000007afc00000,0x00000007b0ddb3c0,0x00000007b2200000)
  to   space 58880K, 0% used [0x00000007aaf00000,0x00000007aaf00000,0x00000007ae880000)
 ParOldGen       total 187392K, used 161565K [0x00000006c0000000, 0x00000006cb700000, 0x000000076ab00000)
  object space 187392K, 86% used [0x00000006c0000000,0x00000006c9dc76e0,0x00000006cb700000)
 Metaspace       used 44063K, capacity 44449K, committed 44928K, reserved 1089536K
  class space    used 5283K, capacity 5431K, committed 5504K, reserved 1048576K
}
Event: 64.251 GC heap before
{Heap before GC invocations=26 (full 5):
 PSYoungGen      total 1091584K, used 1070956K [0x000000076ab00000, 0x00000007b2200000, 0x00000007c0000000)
  eden space 1052672K, 100% used [0x000000076ab00000,0x00000007aaf00000,0x00000007aaf00000)
  from space 38912K, 46% used [0x00000007afc00000,0x00000007b0ddb3c0,0x00000007b2200000)
  to   space 58880K, 0% used [0x00000007aaf00000,0x00000007aaf00000,0x00000007ae880000)
 ParOldGen       total 187392K, used 161565K [0x00000006c0000000, 0x00000006cb700000, 0x000000076ab00000)
  object space 187392K, 86% used [0x00000006c0000000,0x00000006c9dc76e0,0x00000006cb700000)
 Metaspace       used 44082K, capacity 44513K, committed 44928K, reserved 1089536K
  class space    used 5283K, capacity 5431K, committed 5504K, reserved 1048576K
Event: 64.258 GC heap after
Heap after GC invocations=26 (full 5):
 PSYoungGen      total 1111552K, used 18348K [0x000000076ab00000, 0x00000007b4800000, 0x00000007c0000000)
  eden space 1052672K, 0% used [0x000000076ab00000,0x000000076ab00000,0x00000007aaf00000)
  from space 58880K, 31% used [0x00000007aaf00000,0x00000007ac0eb3c0,0x00000007ae880000)
  to   space 56320K, 0% used [0x00000007b1100000,0x00000007b1100000,0x00000007b4800000)
 ParOldGen       total 187392K, used 161573K [0x00000006c0000000, 0x00000006cb700000, 0x000000076ab00000)
  object space 187392K, 86% used [0x00000006c0000000,0x00000006c9dc96e0,0x00000006cb700000)
 Metaspace       used 44082K, capacity 44513K, committed 44928K, reserved 1089536K
  class space    used 5283K, capacity 5431K, committed 5504K, reserved 1048576K
}

Deoptimization events (10 events):
Event: 64.699 Thread 0x000000002e409000 Uncommon trap: reason=bimorphic action=maybe_recompile pc=0x0000000003d4bb04 method=java.io.DataOutputStream.writeInt(I)V @ 12
Event: 64.699 Thread 0x000000002e409000 Uncommon trap: reason=bimorphic action=maybe_recompile pc=0x0000000003d4bb04 method=java.io.DataOutputStream.writeInt(I)V @ 12
Event: 64.732 Thread 0x000000002e409000 Uncommon trap: reason=unstable_if action=reinterpret pc=0x0000000003d1b230 method=net.minecraft.entity.EntityLiving.despawnEntity()V @ 76
Event: 64.779 Thread 0x000000002e409000 Uncommon trap: reason=class_check action=maybe_recompile pc=0x0000000003febd8c method=com.google.common.cache.LocalCache$Segment.drainRecencyQueue()V @ 4
Event: 64.779 Thread 0x000000002e409000 Uncommon trap: reason=class_check action=maybe_recompile pc=0x0000000003febd8c method=com.google.common.cache.LocalCache$Segment.drainRecencyQueue()V @ 4
Event: 64.779 Thread 0x000000002e409000 Uncommon trap: reason=class_check action=maybe_recompile pc=0x0000000003febd8c method=com.google.common.cache.LocalCache$Segment.drainRecencyQueue()V @ 4
Event: 64.789 Thread 0x000000002e409000 Uncommon trap: reason=unstable_if action=reinterpret pc=0x00000000045d2f3c method=java.util.concurrent.ConcurrentHashMap.putVal(Ljava/lang/Object;Ljava/lang/Object;Z)Ljava/lang/Object; @ 331
Event: 64.899 Thread 0x000000002e409000 Uncommon trap: reason=class_check action=maybe_recompile pc=0x0000000003febd8c method=com.google.common.cache.LocalCache$Segment.drainRecencyQueue()V @ 4
Event: 64.902 Thread 0x000000002e409000 Uncommon trap: reason=unstable_if action=reinterpret pc=0x0000000004017c70 method=sun.reflect.misc.ReflectUtil.needsPackageAccessCheck(Ljava/lang/ClassLoader;Ljava/lang/ClassLoader;)Z @ 6
Event: 64.931 Thread 0x000000000223b000 Uncommon trap: reason=unstable_if action=reinterpret pc=0x0000000002fd4bd0 method=net.minecraftforge.fml.relauncher.FMLSecurityManager.checkPermission(Ljava/security/Permission;)V @ 23

Internal exceptions (10 events):
Event: 64.451 Thread 0x000000002e403000 Exception <a 'java/lang/InterruptedException': sleep interrupted> (0x000000076bf1e888) thrown at [C:\re\workspace\8-2-build-windows-amd64-cygwin\jdk8u101\7261\hotspot\src\share\vm\prims\jvm.cpp, line 3215]
Event: 64.467 Thread 0x000000002e403000 Exception <a 'java/lang/InterruptedException': sleep interrupted> (0x000000076bf1eae0) thrown at [C:\re\workspace\8-2-build-windows-amd64-cygwin\jdk8u101\7261\hotspot\src\share\vm\prims\jvm.cpp, line 3215]
Event: 64.486 Thread 0x000000002e403000 Exception <a 'java/lang/InterruptedException': sleep interrupted> (0x000000076bf1ed38) thrown at [C:\re\workspace\8-2-build-windows-amd64-cygwin\jdk8u101\7261\hotspot\src\share\vm\prims\jvm.cpp, line 3215]
Event: 64.501 Thread 0x000000002e403000 Exception <a 'java/lang/InterruptedException': sleep interrupted> (0x000000076bf1ef90) thrown at [C:\re\workspace\8-2-build-windows-amd64-cygwin\jdk8u101\7261\hotspot\src\share\vm\prims\jvm.cpp, line 3215]
Event: 64.518 Thread 0x000000002e403000 Exception <a 'java/lang/InterruptedException': sleep interrupted> (0x000000076bf1f1e8) thrown at [C:\re\workspace\8-2-build-windows-amd64-cygwin\jdk8u101\7261\hotspot\src\share\vm\prims\jvm.cpp, line 3215]
Event: 64.636 Thread 0x000000002e403000 Exception <a 'java/lang/InterruptedException': sleep interrupted> (0x000000076bf1f440) thrown at [C:\re\workspace\8-2-build-windows-amd64-cygwin\jdk8u101\7261\hotspot\src\share\vm\prims\jvm.cpp, line 3215]
Event: 64.712 Thread 0x000000002e403000 Exception <a 'java/lang/InterruptedException': sleep interrupted> (0x000000076bf1f698) thrown at [C:\re\workspace\8-2-build-windows-amd64-cygwin\jdk8u101\7261\hotspot\src\share\vm\prims\jvm.cpp, line 3215]
Event: 64.812 Thread 0x000000002e408800 Exception <a 'java/lang/InterruptedException': sleep interrupted> (0x000000076f70fc60) thrown at [C:\re\workspace\8-2-build-windows-amd64-cygwin\jdk8u101\7261\hotspot\src\share\vm\prims\jvm.cpp, line 3215]
Event: 64.901 Thread 0x000000002e409000 NullPointerException at vtable entry 0x0000000002ac3410
Event: 64.901 Thread 0x000000002e409000 Exception <a 'java/lang/NullPointerException'> (0x000000076ea56b98) thrown at [C:\re\workspace\8-2-build-windows-amd64-cygwin\jdk8u101\7261\hotspot\src\share\vm\runtime\sharedRuntime.cpp, line 605]

Events (10 events):
Event: 64.931 Thread 0x000000001d803800 flushing nmethod 0x00000000038aa910
Event: 64.931 Thread 0x000000002e403000 Thread exited: 0x000000002e403000
Event: 64.931 Thread 0x000000002e406000 Thread exited: 0x000000002e406000
Event: 64.932 loading class javax/servlet/ServletContext
Event: 64.932 loading class javax/servlet/ServletContext done
Event: 64.932 loading class javax/servlet/ServletContext
Event: 64.932 loading class javax/servlet/ServletContext done
Event: 64.932 Thread 0x000000002e409000 Thread exited: 0x000000002e409000
Event: 64.932 Thread 0x000000002e408800 Thread exited: 0x000000002e408800
Event: 64.932 Executing VM operation: Exit


Dynamic libraries:
0x000000013f560000 - 0x000000013f597000 	C:\Program Files\Java\jre1.8.0_101\bin\javaw.exe
0x0000000077a50000 - 0x0000000077bf9000 	C:\Windows\SYSTEM32\ntdll.dll
0x0000000077830000 - 0x000000007794f000 	C:\Windows\system32\kernel32.dll
0x000007fefdae0000 - 0x000007fefdb4c000 	C:\Windows\system32\KERNELBASE.dll
0x000007fefe960000 - 0x000007fefea3b000 	C:\Windows\system32\ADVAPI32.dll
0x000007fefe300000 - 0x000007fefe39f000 	C:\Windows\system32\msvcrt.dll
0x000007fefe480000 - 0x000007fefe49f000 	C:\Windows\SYSTEM32\sechost.dll
0x000007fefe100000 - 0x000007fefe22d000 	C:\Windows\system32\RPCRT4.dll
0x0000000077950000 - 0x0000000077a4a000 	C:\Windows\system32\USER32.dll
0x000007fefe290000 - 0x000007fefe2f7000 	C:\Windows\system32\GDI32.dll
0x000007fefec70000 - 0x000007fefec7e000 	C:\Windows\system32\LPK.dll
0x000007fefec80000 - 0x000007fefed49000 	C:\Windows\system32\USP10.dll
0x000007fefc3a0000 - 0x000007fefc594000 	C:\Windows\WinSxS\amd64_microsoft.windows.common-controls_6595b64144ccf1df_6.0.7601.17514_none_fa396087175ac9ac\COMCTL32.dll
0x000007fefea60000 - 0x000007fefead1000 	C:\Windows\system32\SHLWAPI.dll
0x000007feffd30000 - 0x000007feffd5e000 	C:\Windows\system32\IMM32.DLL
0x000007fefe7d0000 - 0x000007fefe8d9000 	C:\Windows\system32\MSCTF.dll
0x0000000078fe0000 - 0x00000000790b2000 	C:\Program Files\Java\jre1.8.0_101\bin\msvcr100.dll
0x000000006f3d0000 - 0x000000006fc6a000 	C:\Program Files\Java\jre1.8.0_101\bin\server\jvm.dll
0x000007feead80000 - 0x000007feead89000 	C:\Windows\system32\WSOCK32.dll
0x000007fefe240000 - 0x000007fefe28d000 	C:\Windows\system32\WS2_32.dll
0x000007fefe230000 - 0x000007fefe238000 	C:\Windows\system32\NSI.dll
0x000007fef9fb0000 - 0x000007fef9feb000 	C:\Windows\system32\WINMM.dll
0x000007fefc8b0000 - 0x000007fefc8bc000 	C:\Windows\system32\VERSION.dll
0x0000000077c20000 - 0x0000000077c27000 	C:\Windows\system32\PSAPI.DLL
0x000000005bb90000 - 0x000000005bb9f000 	C:\Program Files\Java\jre1.8.0_101\bin\verify.dll
0x0000000077e60000 - 0x0000000077e89000 	C:\Program Files\Java\jre1.8.0_101\bin\java.dll
0x0000000059ec0000 - 0x0000000059ed6000 	C:\Program Files\Java\jre1.8.0_101\bin\zip.dll
0x000007fefefa0000 - 0x000007feffd28000 	C:\Windows\system32\SHELL32.dll
0x000007fefde50000 - 0x000007fefe053000 	C:\Windows\system32\ole32.dll
0x000007fefd810000 - 0x000007fefd81f000 	C:\Windows\system32\profapi.dll
0x00000000595b0000 - 0x00000000595bd000 	C:\Program Files\Java\jre1.8.0_101\bin\management.dll
0x000000005b3b0000 - 0x000000005b3ca000 	C:\Program Files\Java\jre1.8.0_101\bin\net.dll
0x000007fefcfb0000 - 0x000007fefd005000 	C:\Windows\system32\mswsock.dll
0x000007fefcfa0000 - 0x000007fefcfa7000 	C:\Windows\System32\wship6.dll
0x0000000057c90000 - 0x0000000057ca1000 	C:\Program Files\Java\jre1.8.0_101\bin\nio.dll
0x000007fefb310000 - 0x000007fefb325000 	C:\Windows\system32\NLAapi.dll
0x000007fee49c0000 - 0x000007fee49d5000 	C:\Windows\system32\napinsp.dll
0x000007fee4950000 - 0x000007fee4969000 	C:\Windows\system32\pnrpnsp.dll
0x000007fee4a60000 - 0x000007fee4a6b000 	C:\Windows\System32\winrnr.dll
0x000007fee5070000 - 0x000007fee5082000 	C:\Windows\system32\PrxerNsp.dll
0x000007fefce30000 - 0x000007fefce8b000 	C:\Windows\system32\DNSAPI.dll
0x000007fefc9d0000 - 0x000007fefc9d7000 	C:\Windows\System32\wshtcpip.dll
0x000007fefb1b0000 - 0x000007fefb1d7000 	C:\Windows\system32\IPHLPAPI.DLL
0x000007fefb1a0000 - 0x000007fefb1ab000 	C:\Windows\system32\WINNSI.DLL
0x000007fee5060000 - 0x000007fee5068000 	C:\Windows\system32\rasadhlp.dll
0x000007fefb000000 - 0x000007fefb053000 	C:\Windows\System32\fwpuclnt.dll
0x0000000077f00000 - 0x0000000077f24000 	C:\Program Files\Java\jre1.8.0_101\bin\sunec.dll
0x000007fefd010000 - 0x000007fefd028000 	C:\Windows\system32\CRYPTSP.dll
0x000007fefcd10000 - 0x000007fefcd57000 	C:\Windows\system32\rsaenh.dll
0x000007fefdba0000 - 0x000007fefdbbe000 	C:\Windows\system32\USERENV.dll
0x000007fefd670000 - 0x000007fefd67f000 	C:\Windows\system32\CRYPTBASE.dll
0x000007fefaf90000 - 0x000007fefafa1000 	C:\Windows\system32\dhcpcsvc6.DLL
0x000007fefaf70000 - 0x000007fefaf88000 	C:\Windows\system32\dhcpcsvc.DLL
0x000000005c4c0000 - 0x000000005c4cb000 	C:\Program Files\Java\jre1.8.0_101\bin\sunmscapi.dll
0x000007fefd970000 - 0x000007fefdadd000 	C:\Windows\system32\CRYPT32.dll
0x000007fefd820000 - 0x000007fefd82f000 	C:\Windows\system32\MSASN1.dll
0x0000000180000000 - 0x0000000180051000 	C:\Users\Sam Humby\.gradle\caches\minecraft\net\minecraft\natives\1.8\lwjgl64.dll
0x000007fee9e10000 - 0x000007fee9f2d000 	C:\Windows\system32\OPENGL32.dll
0x000007feeb270000 - 0x000007feeb29d000 	C:\Windows\system32\GLU32.dll
0x000007fee0da0000 - 0x000007fee0e91000 	C:\Windows\system32\DDRAW.dll
0x000007fee5030000 - 0x000007fee5038000 	C:\Windows\system32\DCIMAN32.dll
0x000007fefdbd0000 - 0x000007fefdda7000 	C:\Windows\system32\SETUPAPI.dll
0x000007fefd830000 - 0x000007fefd866000 	C:\Windows\system32\CFGMGR32.dll
0x000007fefe3a0000 - 0x000007fefe477000 	C:\Windows\system32\OLEAUT32.dll
0x000007fefdb80000 - 0x000007fefdb9a000 	C:\Windows\system32\DEVOBJ.dll
0x000007fefc890000 - 0x000007fefc8a8000 	C:\Windows\system32\dwmapi.dll
0x000000006ccf0000 - 0x000000006ce88000 	C:\Program Files\Java\jre1.8.0_101\bin\awt.dll
0x000007fefc1c0000 - 0x000007fefc216000 	C:\Windows\system32\uxtheme.dll
0x000007fee17d0000 - 0x000007fee17f8000 	C:\Program Files (x86)\Raptr\ltc_help64-106568.dll
0x000007fefd880000 - 0x000007fefd8bb000 	C:\Windows\system32\WINTRUST.dll
0x000007feee8d0000 - 0x000007feee8ef000 	C:\Windows\system32\atig6pxx.dll
0x0000000068330000 - 0x000000006a303000 	C:\Windows\system32\atio6axx.dll
0x000007feeda30000 - 0x000007feedb80000 	C:\Windows\system32\atiadlxx.dll
0x000007fefc220000 - 0x000007fefc34c000 	C:\Windows\system32\PROPSYS.dll
0x000007fefc8f0000 - 0x000007fefc901000 	C:\Windows\system32\WTSAPI32.dll
0x000007feea1c0000 - 0x000007feea1f3000 	C:\Windows\system32\atig6txx.dll
0x000007fefbb50000 - 0x000007fefbbec000 	C:\Windows\system32\mscms.dll
0x000007fee4180000 - 0x000007fee41c2000 	C:\Windows\system32\icm32.dll
0x0000000070a40000 - 0x0000000070adc000 	C:\Users\Sam Humby\.gradle\caches\minecraft\net\minecraft\natives\1.8\avutil-ttv-51.dll
0x0000000065980000 - 0x00000000659d6000 	C:\Users\Sam Humby\.gradle\caches\minecraft\net\minecraft\natives\1.8\swresample-ttv-0.dll
0x000000006eb80000 - 0x000000006ec50000 	C:\Users\Sam Humby\.gradle\caches\minecraft\net\minecraft\natives\1.8\libmp3lame-ttv.dll
0x000007fedcb80000 - 0x000007feddf24000 	C:\Users\Sam Humby\.gradle\caches\minecraft\net\minecraft\natives\1.8\libmfxsw64.dll
0x000007fee4270000 - 0x000007fee43dd000 	C:\Users\Sam Humby\.gradle\caches\minecraft\net\minecraft\natives\1.8\twitchsdk.dll
0x000007fefed50000 - 0x000007fefef98000 	C:\Windows\system32\WININET.dll
0x000007fefdb50000 - 0x000007fefdb54000 	C:\Windows\system32\api-ms-win-downlevel-user32-l1-1-0.dll
0x000007fefdb60000 - 0x000007fefdb64000 	C:\Windows\system32\api-ms-win-downlevel-shlwapi-l1-1-0.dll
0x000007fefd870000 - 0x000007fefd874000 	C:\Windows\system32\api-ms-win-downlevel-version-l1-1-0.dll
0x000007fefdbc0000 - 0x000007fefdbc3000 	C:\Windows\system32\api-ms-win-downlevel-normaliz-l1-1-0.dll
0x0000000077c10000 - 0x0000000077c13000 	C:\Windows\system32\normaliz.DLL
0x000007fefe4a0000 - 0x000007fefe767000 	C:\Windows\system32\iertutil.dll
0x000007fefdb70000 - 0x000007fefdb75000 	C:\Windows\system32\api-ms-win-downlevel-advapi32-l1-1-0.dll
0x0000000012e10000 - 0x0000000012e74000 	C:\Users\Sam Humby\.gradle\caches\minecraft\net\minecraft\natives\1.8\OpenAL64.dll
0x000007fefe060000 - 0x000007fefe0f9000 	C:\Windows\system32\CLBCatQ.DLL
0x000007fefbdb0000 - 0x000007fefbdfb000 	C:\Windows\System32\MMDevApi.dll
0x000007fef3320000 - 0x000007fef33a8000 	C:\Windows\system32\dsound.dll
0x000007fefc8c0000 - 0x000007fefc8ec000 	C:\Windows\system32\POWRPROF.dll
0x000007fef3000000 - 0x000007fef304f000 	C:\Windows\system32\AUDIOSES.DLL
0x000007fefea40000 - 0x000007fefea59000 	C:\Windows\system32\imagehlp.dll
0x000007fefd190000 - 0x000007fefd1e0000 	C:\Windows\system32\ncrypt.dll
0x000007fefd160000 - 0x000007fefd182000 	C:\Windows\system32\bcrypt.dll
0x000007fefcc50000 - 0x000007fefcc9c000 	C:\Windows\system32\bcryptprimitives.dll
0x000007fefcac0000 - 0x000007fefcadb000 	C:\Windows\system32\GPAPI.dll
0x000007fef9330000 - 0x000007fef9357000 	C:\Windows\system32\cryptnet.dll
0x000007fefe770000 - 0x000007fefe7c2000 	C:\Windows\system32\WLDAP32.dll
0x000007fefbbf0000 - 0x000007fefbbf9000 	C:\Windows\system32\SensApi.dll
0x000007fedf090000 - 0x000007fedf2d8000 	C:\PROGRA~2\Raptr\ltc_game64-106568.dll
0x000007feedb80000 - 0x000007feedca5000 	C:\Windows\system32\dbghelp.dll

VM Arguments:
jvm_args: -Dfile.encoding=Cp1252 
java_command: GradleStart --username=samalot@plagachef.com --password=jedapo
java_class_path (initial): C:\Users\Sam Humby\Desktop\Minecraft Mod\Git\Lazarus\bin;C:\Users\Sam Humby\.gradle\caches\minecraft\net\minecraftforge\forge\1.8-11.14.4.1563\snapshot\20141130\forgeSrc-1.8-11.14.4.1563.jar;C:\Users\Sam Humby\.gradle\caches\modules-2\files-2.1\net.minecraft\launchwrapper\1.12\111e7bea9c968cdb3d06ef4632bf7ff0824d0f36\launchwrapper-1.12.jar;C:\Users\Sam Humby\.gradle\caches\modules-2\files-2.1\org.ow2.asm\asm-debug-all\5.0.3\f9e364ae2a66ce2a543012a4668856e84e5dab74\asm-debug-all-5.0.3.jar;C:\Users\Sam Humby\.gradle\caches\modules-2\files-2.1\com.typesafe.akka\akka-actor_2.11\2.3.3\ed62e9fc709ca0f2ff1a3220daa8b70a2870078e\akka-actor_2.11-2.3.3.jar;C:\Users\Sam Humby\.gradle\caches\modules-2\files-2.1\com.typesafe\config\1.2.1\f771f71fdae3df231bcd54d5ca2d57f0bf93f467\config-1.2.1.jar;C:\Users\Sam Humby\.gradle\caches\modules-2\files-2.1\org.scala-lang\scala-actors-migration_2.11\1.1.0\dfa8bc42b181d5b9f1a5dd147f8ae308b893eb6f\scala-actors-migration_2.11-1.1.0.jar;C:\Users\Sam Humby\.gradle\caches\modules-2\files-2.1\org.scala-lang\scala-compiler\2.11.1\56ea2e6c025e0821f28d73ca271218b8dd04926a\scala-compiler-2.11.1.jar;C:\Users\Sam Humby\.gradle\caches\modules-2\files-2.1\org.scala-lang.plugins\scala-continuations-library_2.11\1.0.2\e517c53a7e9acd6b1668c5a35eccbaa3bab9aac\scala-continuations-library_2.11-1.0.2.jar;C:\Users\Sam Humby\.gradle\caches\modules-2\files-2.1\org.scala-lang.plugins\scala-continuations-plugin_2.11.1\1.0.2\f361a3283452c57fa30c1ee69448995de23c60f7\scala-continuations-plugin_2.11.1-1.0.2.jar;C:\Users\Sam Humby\.gradle\caches\modules-2\files-2.1\org.scala-lang\scala-library\2.11.1\e11da23da3eabab9f4777b9220e60d44c1aab6a\scala-library-2.11.1.jar;C:\Users\Sam Humby\.gradle\caches\modules-2\files-2.1\org.scala-lang.modules\scala-parser-combinators_2.11\1.0.1\f05d7345bf5a58924f2837c6c1f4d73a938e1ff0\scala-parser-combinators_2.11-1.0.1.jar;C:\Users\Sam Humby\.gradle\caches\modules-2\files-2.1\org.scala-lang\scala-reflect\2.11.1
Launcher Type: SUN_STANDARD

Environment Variables:
JAVA_HOME=C:\Program Files\Java\jdk1.8.0_77
CLASSPATH=.;C:\Program Files\Java\jre1.8.0_77\lib\ext\QTJava.zip
PATH=C:/Program Files/Java/jre1.8.0_101/bin/server;C:/Program Files/Java/jre1.8.0_101/bin;C:/Program Files/Java/jre1.8.0_101/lib/amd64;C:\Program Files (x86)\NVIDIA Corporation\PhysX\Common;C:\ProgramData\Oracle\Java\javapath;C:\Program Files (x86)\AMD APP\bin\x86_64;C:\Program Files (x86)\AMD APP\bin\x86;C:\Program Files (x86)\Intel\iCLS Client\;C:\Program Files\Intel\iCLS Client\;C:\Windows\system32;C:\Windows;C:\Windows\System32\Wbem;C:\Windows\System32\WindowsPowerShell\v1.0\;C:\Program Files\Intel\Intel(R) Management Engine Components\DAL;C:\Program Files\Intel\Intel(R) Management Engine Components\IPT;C:\Program Files (x86)\Intel\Intel(R) Management Engine Components\DAL;C:\Program Files (x86)\Intel\Intel(R) Management Engine Components\IPT;C:\Program Files (x86)\ATI Technologies\ATI.ACE\Core-Static;C:\Program Files\Java\jdk1.7.0_21\bin;C:\Program Files (x86)\QuickTime\QTSystem\;C:\Program Files (x86)\Autodesk\Backburner\;C:\Program Files (x86)\Bitvise SSH Client;C:\Program Files\digieffects\bin;C:\Program Files\nodejs\;C:\Program Files (x86)\Git\cmd;C:\php;C:\Program Files (x86)\AMD\ATI.ACE\Core-Static;C:\Program Files\OpenVPN\bin;C:\MinGW\bin;C:\Users\Sam Humby\.dnx\bin;C:\Program Files\Microsoft DNX\Dnvm\;C:\Program Files (x86)\Skype\Phone\;C:\Program Files\MiKTeX 2.9\miktex\bin\x64\;C:\Python27\Scripts;C:\Program Files\Java\jdk1.8.0_77\bin;C:\Users\Sam Humby\AppData\Roaming\npm;C:\Program Files (x86)\apache-maven-3.3.3\Bin;C:\Python27\Scripts;C:\Windows\system32;
USERNAME=Sam Humby
OS=Windows_NT
PROCESSOR_IDENTIFIER=Intel64 Family 6 Model 58 Stepping 9, GenuineIntel



---------------  S Y S T E M  ---------------

OS: Windows 7 , 64 bit Build 7601 (6.1.7601.18409)

CPU:total 4 (4 cores per cpu, 1 threads per core) family 6 model 58 stepping 9, cmov, cx8, fxsr, mmx, sse, sse2, sse3, ssse3, sse4.1, sse4.2, popcnt, avx, aes, clmul, erms, tsc, tscinvbit, tscinv

Memory: 4k page, physical 16777216k(10302164k free), swap 18872512k(11488816k free)

vm_info: Java HotSpot(TM) 64-Bit Server VM (25.101-b13) for windows-amd64 JRE (1.8.0_101-b13), built on Jun 22 2016 01:21:29 by "java_re" with MS VC++ 10.0 (VS2010)

time: Sat Aug 20 00:42:24 2016
elapsed time: 65 seconds (0d 0h 1m 5s)

