#
# A fatal error has been detected by the Java Runtime Environment:
#
#  EXCEPTION_ACCESS_VIOLATION (0xc0000005) at pc=0x000007feeb65d6c4, pid=9160, tid=8024
#
# JRE version: Java(TM) SE Runtime Environment (8.0_77-b03) (build 1.8.0_77-b03)
# Java VM: Java HotSpot(TM) 64-Bit Server VM (25.77-b03 mixed mode windows-amd64 compressed oops)
# Problematic frame:
# C  [OPENGL32.dll+0xdd6c4]
#
# Failed to write core dump. Minidumps are not enabled by default on client versions of Windows
#
# If you would like to submit a bug report, please visit:
#   http://bugreport.java.com/bugreport/crash.jsp
#

---------------  T H R E A D  ---------------

Current thread (0x000000001c07e800):  VMThread [stack: 0x000000001cfd0000,0x000000001d0d0000] [id=8024]

siginfo: ExceptionCode=0xc0000005, reading address 0x0000000000000a38

Registers:
RAX=0x0000000000000000, RBX=0x0000000039d20a10, RCX=0x0000000000000001, RDX=0x0000000039d20a18
RSP=0x000000001d0cf608, RBP=0x0000000000000000, RSI=0x0000000039d1f8f0, RDI=0x0000000039d1f8f0
R8 =0x000000001d0cf688, R9 =0x000000001bf65500, R10=0x000000002a87a0b0, R11=0x000000001d0cf3d2
R12=0x0000000000000000, R13=0x0000000039d17100, R14=0x0000000039d16fb0, R15=0x0000000000000000
RIP=0x000007feeb65d6c4, EFLAGS=0x0000000000010287

Top of Stack: (sp=0x000000001d0cf608)
0x000000001d0cf608:   000007fedf73244b 0000000000000001
0x000000001d0cf618:   0000000039d20a18 000000001d0cf688
0x000000001d0cf628:   000000001bf65500 0000000000000000
0x000000001d0cf638:   000007fedf737f17 0000000039d17100
0x000000001d0cf648:   0000000000000001 0000000039d170e0
0x000000001d0cf658:   0000000039d16fb0 fffffffffffffffe
0x000000001d0cf668:   0000000077181a4a 0000000000000000
0x000000001d0cf678:   000007fedf7387c9 0000000039d1f8f0
0x000000001d0cf688:   0000000039d20d40 000007fedf821940
0x000000001d0cf698:   000007fedf7b5700 fffffffffffffffe
0x000000001d0cf6a8:   0000000039decbe0 0000000000000001
0x000000001d0cf6b8:   0000000039d170d8 0000000039d16fb0
0x000000001d0cf6c8:   000007fedf7bd7ad 000007fedf8f65b0
0x000000001d0cf6d8:   000007fedf821930 000000001bf65500
0x000000001d0cf6e8:   000000001c07f070 0000000039d170d8
0x000000001d0cf6f8:   0000000039d16fb0 0000000039d16fb0 

Instructions: (pc=0x000007feeb65d6c4)
0x000007feeb65d6a4:   cc cc cc cc cc cc 66 0f 1f 44 00 00 8b 05 16 0c
0x000007feeb65d6b4:   01 00 83 f8 40 73 0f 65 48 8b 04 c5 80 14 00 00
0x000007feeb65d6c4:   ff a0 38 0a 00 00 b8 47 01 00 00 e9 ec d4 ff ff
0x000007feeb65d6d4:   cc cc cc cc cc cc 66 0f 1f 44 00 00 8b 05 e6 0b 


Register to memory mapping:

RAX=0x0000000000000000 is an unknown value
RBX=0x0000000039d20a10 is an unknown value
RCX=0x0000000000000001 is an unknown value
RDX=0x0000000039d20a18 is an unknown value
RSP=0x000000001d0cf608 is an unknown value
RBP=0x0000000000000000 is an unknown value
RSI=0x0000000039d1f8f0 is an unknown value
RDI=0x0000000039d1f8f0 is an unknown value
R8 =0x000000001d0cf688 is an unknown value
R9 =0x000000001bf65500 is an unknown value
R10=0x000000002a87a0b0 is an unknown value
R11=0x000000001d0cf3d2 is an unknown value
R12=0x0000000000000000 is an unknown value
R13=0x0000000039d17100 is an unknown value
R14=0x0000000039d16fb0 is an unknown value
R15=0x0000000000000000 is an unknown value


Stack: [0x000000001cfd0000,0x000000001d0d0000],  sp=0x000000001d0cf608,  free space=1021k
Native frames: (J=compiled Java code, j=interpreted, Vv=VM code, C=native code)

VM_Operation (0x000000000248dcf0): Exit, mode: safepoint, requested by thread 0x0000000001b8b000


---------------  P R O C E S S  ---------------

Java Threads: ( => current thread )
  0x0000000031ed8000 JavaThread "File IO Thread" [_thread_blocked, id=8188, stack(0x000000003c820000,0x000000003c920000)]
  0x0000000031ed7000 JavaThread "pool-2-thread-1" [_thread_blocked, id=2304, stack(0x000000003e600000,0x000000003e700000)]
  0x0000000031ed6800 JavaThread "Chunk I/O Executor Thread-1" daemon [_thread_blocked, id=8368, stack(0x000000003b010000,0x000000003b110000)]
  0x0000000031ed5800 JavaThread "Netty Server IO #1" daemon [_thread_in_native, id=1596, stack(0x000000003ac90000,0x000000003ad90000)]
  0x0000000020fe8800 JavaThread "Netty Local Client IO #0" daemon [_thread_blocked, id=2672, stack(0x000000003ab90000,0x000000003ac90000)]
  0x0000000020fe7000 JavaThread "Netty Server IO #0" daemon [_thread_in_native, id=6344, stack(0x000000003a560000,0x000000003a660000)]
  0x0000000020fe4800 JavaThread "Chunk Batcher 1" daemon [_thread_blocked, id=324, stack(0x0000000033a00000,0x0000000033b00000)]
  0x0000000020fe3800 JavaThread "Chunk Batcher 0" daemon [_thread_blocked, id=6752, stack(0x00000000337f0000,0x00000000338f0000)]
  0x000000001f832800 JavaThread "LWJGL Timer" daemon [_thread_blocked, id=8864, stack(0x00000000292b0000,0x00000000293b0000)]
  0x00000000214a2800 JavaThread "Java2D Disposer" daemon [_thread_blocked, id=7024, stack(0x0000000026650000,0x0000000026750000)]
  0x00000000214a1000 JavaThread "Timer hack thread" daemon [_thread_blocked, id=9156, stack(0x0000000024200000,0x0000000024300000)]
  0x0000000021e9c800 JavaThread "Snooper Timer" daemon [_thread_blocked, id=8240, stack(0x0000000023b30000,0x0000000023c30000)]
  0x000000001d84c800 JavaThread "Service Thread" daemon [_thread_blocked, id=8056, stack(0x000000001e050000,0x000000001e150000)]
  0x000000001d7e8000 JavaThread "C1 CompilerThread2" daemon [_thread_blocked, id=9024, stack(0x000000001e180000,0x000000001e280000)]
  0x000000001d7e7000 JavaThread "C2 CompilerThread1" daemon [_thread_blocked, id=9016, stack(0x000000001df10000,0x000000001e010000)]
  0x000000001c0ef000 JavaThread "C2 CompilerThread0" daemon [_thread_blocked, id=2116, stack(0x000000001dcc0000,0x000000001ddc0000)]
  0x000000001c0ed000 JavaThread "Attach Listener" daemon [_thread_blocked, id=908, stack(0x000000001d6d0000,0x000000001d7d0000)]
  0x000000001c0ea000 JavaThread "Signal Dispatcher" daemon [_thread_blocked, id=8848, stack(0x000000001d540000,0x000000001d640000)]
  0x000000001c0cd800 JavaThread "Finalizer" daemon [_thread_blocked, id=5532, stack(0x000000001d360000,0x000000001d460000)]
  0x000000001c086800 JavaThread "Reference Handler" daemon [_thread_blocked, id=9020, stack(0x000000001d1b0000,0x000000001d2b0000)]
  0x0000000001b8b000 JavaThread "Client thread" [_thread_blocked, id=8432, stack(0x0000000002390000,0x0000000002490000)]

Other Threads:
=>0x000000001c07e800 VMThread [stack: 0x000000001cfd0000,0x000000001d0d0000] [id=8024]

VM state:at safepoint (shutting down)

VM Mutex/Monitor currently owned by a thread:  ([mutex/lock_event])
[0x0000000001b89680] Threads_lock - owner thread: 0x000000001c07e800

Heap:
 PSYoungGen      total 1019904K, used 35011K [0x000000076ab00000, 0x00000007af280000, 0x00000007c0000000)
  eden space 999936K, 3% used [0x000000076ab00000,0x000000076cd30ca0,0x00000007a7b80000)
  from space 19968K, 0% used [0x00000007a7b80000,0x00000007a7b80000,0x00000007a8f00000)
  to   space 60928K, 0% used [0x00000007ab700000,0x00000007ab700000,0x00000007af280000)
 ParOldGen       total 184320K, used 170758K [0x00000006c0000000, 0x00000006cb400000, 0x000000076ab00000)
  object space 184320K, 92% used [0x00000006c0000000,0x00000006ca6c19c0,0x00000006cb400000)
 Metaspace       used 44562K, capacity 45005K, committed 45440K, reserved 1089536K
  class space    used 5305K, capacity 5439K, committed 5504K, reserved 1048576K

Card table byte_map: [0x0000000011b20000,0x0000000012330000] byte_map_base: 0x000000000e520000

Marking Bits: (ParMarkBitMap*) 0x000000006ff90600
 Begin Bits: [0x0000000012ef0000, 0x0000000016ef0000)
 End Bits:   [0x0000000016ef0000, 0x000000001aef0000)

Polling page: 0x0000000001fc0000

CodeCache: size=245760Kb used=32402Kb max_used=32635Kb free=213357Kb
 bounds [0x0000000002760000, 0x0000000004790000, 0x0000000011760000]
 total_blobs=8863 nmethods=7987 adapters=785
 compilation: enabled

Compilation events (10 events):
Event: 40.555 Thread 0x000000001d7e8000 11080       3       org.lwjgl.opengl.WindowsMouse::putMouseEventWithCoords (61 bytes)
Event: 40.555 Thread 0x000000001d7e8000 nmethod 11080 0x0000000003a4ab50 code [0x0000000003a4ad40, 0x0000000003a4b588]
Event: 40.572 Thread 0x000000001d7e7000 11081       4       net.minecraft.client.renderer.GlStateManager::viewport (76 bytes)
Event: 40.574 Thread 0x000000001d7e7000 nmethod 11081 0x0000000003d61e50 code [0x0000000003d61fa0, 0x0000000003d62158]
Event: 41.336 Thread 0x000000001d7e8000 11082       3       net.minecraftforge.fml.relauncher.FMLSecurityManager::checkPermission (170 bytes)
Event: 41.337 Thread 0x000000001d7e8000 nmethod 11082 0x0000000004285990 code [0x0000000004285c40, 0x0000000004287038]
Event: 41.337 Thread 0x000000001d7e8000 11083       3       java.util.logging.LogManager$LoggerContext::ensureDefaultLogger (70 bytes)
Event: 41.337 Thread 0x000000001d7e8000 nmethod 11083 0x0000000003f12dd0 code [0x0000000003f12f80, 0x0000000003f13828]
Event: 41.337 Thread 0x000000001d7e8000 11084       1       org.apache.logging.log4j.core.config.LoggerConfig::getLevel (5 bytes)
Event: 41.338 Thread 0x000000001d7e8000 nmethod 11084 0x0000000003c309d0 code [0x0000000003c30b20, 0x0000000003c30c30]

GC Heap History (10 events):
Event: 23.646 GC heap before
{Heap before GC invocations=21 (full 5):
 PSYoungGen      total 826880K, used 768035K [0x000000076ab00000, 0x00000007ab300000, 0x00000007c0000000)
  eden space 755200K, 100% used [0x000000076ab00000,0x0000000798c80000,0x0000000798c80000)
  from space 71680K, 17% used [0x0000000798c80000,0x0000000799908fb8,0x000000079d280000)
  to   space 70656K, 0% used [0x00000007a6e00000,0x00000007a6e00000,0x00000007ab300000)
 ParOldGen       total 184320K, used 159071K [0x00000006c0000000, 0x00000006cb400000, 0x000000076ab00000)
  object space 184320K, 86% used [0x00000006c0000000,0x00000006c9b57c40,0x00000006cb400000)
 Metaspace       used 43800K, capacity 44295K, committed 44672K, reserved 1089536K
  class space    used 5283K, capacity 5438K, committed 5504K, reserved 1048576K
Event: 23.655 GC heap after
Heap after GC invocations=21 (full 5):
 PSYoungGen      total 931840K, used 18707K [0x000000076ab00000, 0x00000007a9600000, 0x00000007c0000000)
  eden space 890880K, 0% used [0x000000076ab00000,0x000000076ab00000,0x00000007a1100000)
  from space 40960K, 45% used [0x00000007a6e00000,0x00000007a8044e20,0x00000007a9600000)
  to   space 68096K, 0% used [0x00000007a1100000,0x00000007a1100000,0x00000007a5380000)
 ParOldGen       total 184320K, used 159079K [0x00000006c0000000, 0x00000006cb400000, 0x000000076ab00000)
  object space 184320K, 86% used [0x00000006c0000000,0x00000006c9b59c40,0x00000006cb400000)
 Metaspace       used 43800K, capacity 44295K, committed 44672K, reserved 1089536K
  class space    used 5283K, capacity 5438K, committed 5504K, reserved 1048576K
}
Event: 29.461 GC heap before
{Heap before GC invocations=22 (full 5):
 PSYoungGen      total 931840K, used 909587K [0x000000076ab00000, 0x00000007a9600000, 0x00000007c0000000)
  eden space 890880K, 100% used [0x000000076ab00000,0x00000007a1100000,0x00000007a1100000)
  from space 40960K, 45% used [0x00000007a6e00000,0x00000007a8044e20,0x00000007a9600000)
  to   space 68096K, 0% used [0x00000007a1100000,0x00000007a1100000,0x00000007a5380000)
 ParOldGen       total 184320K, used 159079K [0x00000006c0000000, 0x00000006cb400000, 0x000000076ab00000)
  object space 184320K, 86% used [0x00000006c0000000,0x00000006c9b59c40,0x00000006cb400000)
 Metaspace       used 44177K, capacity 44615K, committed 44928K, reserved 1089536K
  class space    used 5286K, capacity 5438K, committed 5504K, reserved 1048576K
Event: 29.468 GC heap after
Heap after GC invocations=22 (full 5):
 PSYoungGen      total 958976K, used 18945K [0x000000076ab00000, 0x00000007b1380000, 0x00000007c0000000)
  eden space 890880K, 0% used [0x000000076ab00000,0x000000076ab00000,0x00000007a1100000)
  from space 68096K, 27% used [0x00000007a1100000,0x00000007a23805b0,0x00000007a5380000)
  to   space 66048K, 0% used [0x00000007ad300000,0x00000007ad300000,0x00000007b1380000)
 ParOldGen       total 184320K, used 159087K [0x00000006c0000000, 0x00000006cb400000, 0x000000076ab00000)
  object space 184320K, 86% used [0x00000006c0000000,0x00000006c9b5bc40,0x00000006cb400000)
 Metaspace       used 44177K, capacity 44615K, committed 44928K, reserved 1089536K
  class space    used 5286K, capacity 5438K, committed 5504K, reserved 1048576K
}
Event: 36.054 GC heap before
{Heap before GC invocations=23 (full 5):
 PSYoungGen      total 958976K, used 909825K [0x000000076ab00000, 0x00000007b1380000, 0x00000007c0000000)
  eden space 890880K, 100% used [0x000000076ab00000,0x00000007a1100000,0x00000007a1100000)
  from space 68096K, 27% used [0x00000007a1100000,0x00000007a23805b0,0x00000007a5380000)
  to   space 66048K, 0% used [0x00000007ad300000,0x00000007ad300000,0x00000007b1380000)
 ParOldGen       total 184320K, used 159087K [0x00000006c0000000, 0x00000006cb400000, 0x000000076ab00000)
  object space 184320K, 86% used [0x00000006c0000000,0x00000006c9b5bc40,0x00000006cb400000)
 Metaspace       used 44391K, capacity 44807K, committed 45184K, reserved 1089536K
  class space    used 5291K, capacity 5438K, committed 5504K, reserved 1048576K
Event: 36.062 GC heap after
Heap after GC invocations=23 (full 5):
 PSYoungGen      total 1037312K, used 18977K [0x000000076ab00000, 0x00000007af780000, 0x00000007c0000000)
  eden space 999936K, 0% used [0x000000076ab00000,0x000000076ab00000,0x00000007a7b80000)
  from space 37376K, 50% used [0x00000007ad300000,0x00000007ae588710,0x00000007af780000)
  to   space 63488K, 0% used [0x00000007a7b80000,0x00000007a7b80000,0x00000007ab980000)
 ParOldGen       total 184320K, used 159087K [0x00000006c0000000, 0x00000006cb400000, 0x000000076ab00000)
  object space 184320K, 86% used [0x00000006c0000000,0x00000006c9b5bc40,0x00000006cb400000)
 Metaspace       used 44391K, capacity 44807K, committed 45184K, reserved 1089536K
  class space    used 5291K, capacity 5438K, committed 5504K, reserved 1048576K
}
Event: 39.688 GC heap before
{Heap before GC invocations=24 (full 5):
 PSYoungGen      total 1037312K, used 643376K [0x000000076ab00000, 0x00000007af780000, 0x00000007c0000000)
  eden space 999936K, 62% used [0x000000076ab00000,0x0000000790cc3a20,0x00000007a7b80000)
  from space 37376K, 50% used [0x00000007ad300000,0x00000007ae588710,0x00000007af780000)
  to   space 63488K, 0% used [0x00000007a7b80000,0x00000007a7b80000,0x00000007ab980000)
 ParOldGen       total 184320K, used 159087K [0x00000006c0000000, 0x00000006cb400000, 0x000000076ab00000)
  object space 184320K, 86% used [0x00000006c0000000,0x00000006c9b5bc40,0x00000006cb400000)
 Metaspace       used 44548K, capacity 44941K, committed 45440K, reserved 1089536K
  class space    used 5303K, capacity 5439K, committed 5504K, reserved 1048576K
Event: 39.697 GC heap after
Heap after GC invocations=24 (full 5):
 PSYoungGen      total 1019904K, used 19915K [0x000000076ab00000, 0x00000007af280000, 0x00000007c0000000)
  eden space 999936K, 0% used [0x000000076ab00000,0x000000076ab00000,0x00000007a7b80000)
  from space 19968K, 99% used [0x00000007a7b80000,0x00000007a8ef2c10,0x00000007a8f00000)
  to   space 60928K, 0% used [0x00000007ab700000,0x00000007ab700000,0x00000007af280000)
 ParOldGen       total 184320K, used 159095K [0x00000006c0000000, 0x00000006cb400000, 0x000000076ab00000)
  object space 184320K, 86% used [0x00000006c0000000,0x00000006c9b5dc40,0x00000006cb400000)
 Metaspace       used 44548K, capacity 44941K, committed 45440K, reserved 1089536K
  class space    used 5303K, capacity 5439K, committed 5504K, reserved 1048576K
}
Event: 39.697 GC heap before
{Heap before GC invocations=25 (full 6):
 PSYoungGen      total 1019904K, used 19915K [0x000000076ab00000, 0x00000007af280000, 0x00000007c0000000)
  eden space 999936K, 0% used [0x000000076ab00000,0x000000076ab00000,0x00000007a7b80000)
  from space 19968K, 99% used [0x00000007a7b80000,0x00000007a8ef2c10,0x00000007a8f00000)
  to   space 60928K, 0% used [0x00000007ab700000,0x00000007ab700000,0x00000007af280000)
 ParOldGen       total 184320K, used 159095K [0x00000006c0000000, 0x00000006cb400000, 0x000000076ab00000)
  object space 184320K, 86% used [0x00000006c0000000,0x00000006c9b5dc40,0x00000006cb400000)
 Metaspace       used 44548K, capacity 44941K, committed 45440K, reserved 1089536K
  class space    used 5303K, capacity 5439K, committed 5504K, reserved 1048576K
Event: 39.956 GC heap after
Heap after GC invocations=25 (full 6):
 PSYoungGen      total 1019904K, used 0K [0x000000076ab00000, 0x00000007af280000, 0x00000007c0000000)
  eden space 999936K, 0% used [0x000000076ab00000,0x000000076ab00000,0x00000007a7b80000)
  from space 19968K, 0% used [0x00000007a7b80000,0x00000007a7b80000,0x00000007a8f00000)
  to   space 60928K, 0% used [0x00000007ab700000,0x00000007ab700000,0x00000007af280000)
 ParOldGen       total 184320K, used 170758K [0x00000006c0000000, 0x00000006cb400000, 0x000000076ab00000)
  object space 184320K, 92% used [0x00000006c0000000,0x00000006ca6c19c0,0x00000006cb400000)
 Metaspace       used 44548K, capacity 44941K, committed 45440K, reserved 1089536K
  class space    used 5303K, capacity 5439K, committed 5504K, reserved 1048576K
}

Deoptimization events (10 events):
Event: 39.604 Thread 0x0000000020fe3000 Uncommon trap: reason=class_check action=maybe_recompile pc=0x0000000002d7c0d0 method=java.util.concurrent.ConcurrentHashMap.putVal(Ljava/lang/Object;Ljava/lang/Object;Z)Ljava/lang/Object; @ 192
Event: 39.604 Thread 0x0000000020fe3000 Uncommon trap: reason=class_check action=maybe_recompile pc=0x0000000002d7c0d0 method=java.util.concurrent.ConcurrentHashMap.putVal(Ljava/lang/Object;Ljava/lang/Object;Z)Ljava/lang/Object; @ 192
Event: 39.604 Thread 0x0000000020fe3000 Uncommon trap: reason=class_check action=maybe_recompile pc=0x0000000002d7c0d0 method=java.util.concurrent.ConcurrentHashMap.putVal(Ljava/lang/Object;Ljava/lang/Object;Z)Ljava/lang/Object; @ 192
Event: 39.604 Thread 0x0000000020fe3000 Uncommon trap: reason=class_check action=maybe_recompile pc=0x0000000002d7c0d0 method=java.util.concurrent.ConcurrentHashMap.putVal(Ljava/lang/Object;Ljava/lang/Object;Z)Ljava/lang/Object; @ 192
Event: 39.660 Thread 0x0000000020fe3000 Uncommon trap: reason=class_check action=maybe_recompile pc=0x0000000002c572cc method=com.google.common.cache.LocalCache$Segment.drainRecencyQueue()V @ 4
Event: 39.660 Thread 0x0000000020fe3000 Uncommon trap: reason=class_check action=maybe_recompile pc=0x0000000002c572cc method=com.google.common.cache.LocalCache$Segment.drainRecencyQueue()V @ 4
Event: 39.660 Thread 0x0000000020fe3000 Uncommon trap: reason=class_check action=maybe_recompile pc=0x0000000002c572cc method=com.google.common.cache.LocalCache$Segment.drainRecencyQueue()V @ 4
Event: 39.957 Thread 0x0000000020fe3000 Uncommon trap: reason=class_check action=maybe_recompile pc=0x0000000002c572cc method=com.google.common.cache.LocalCache$Segment.drainRecencyQueue()V @ 4
Event: 41.122 Thread 0x0000000001b8b000 Uncommon trap: reason=unstable_if action=reinterpret pc=0x0000000003a86420 method=net.minecraft.client.Minecraft.getNetHandler()Lnet/minecraft/client/network/NetHandlerPlayClient; @ 4
Event: 41.336 Thread 0x0000000001b8b000 Uncommon trap: reason=unstable_if action=reinterpret pc=0x0000000002d6bad0 method=net.minecraftforge.fml.relauncher.FMLSecurityManager.checkPermission(Ljava/security/Permission;)V @ 23

Internal exceptions (10 events):
Event: 39.540 Thread 0x0000000020fe1800 Exception <a 'java/lang/InterruptedException': sleep interrupted> (0x0000000780fd7410) thrown at [D:\re\workspace\8-2-build-windows-amd64-cygwin\jdk8u77\6540\hotspot\src\share\vm\prims\jvm.cpp, line 3215]
Event: 39.557 Thread 0x0000000020fe1800 Exception <a 'java/lang/InterruptedException': sleep interrupted> (0x0000000780fd76b8) thrown at [D:\re\workspace\8-2-build-windows-amd64-cygwin\jdk8u77\6540\hotspot\src\share\vm\prims\jvm.cpp, line 3215]
Event: 39.574 Thread 0x0000000020fe1800 Exception <a 'java/lang/InterruptedException': sleep interrupted> (0x0000000780fd7960) thrown at [D:\re\workspace\8-2-build-windows-amd64-cygwin\jdk8u77\6540\hotspot\src\share\vm\prims\jvm.cpp, line 3215]
Event: 39.574 Thread 0x0000000020fe1800 Exception <a 'java/lang/InterruptedException': sleep interrupted> (0x0000000780fd8790) thrown at [D:\re\workspace\8-2-build-windows-amd64-cygwin\jdk8u77\6540\hotspot\src\share\vm\prims\jvm.cpp, line 3167]
Event: 39.688 Thread 0x0000000020fe1800 Exception <a 'java/lang/InterruptedException': sleep interrupted> (0x0000000780fd89e8) thrown at [D:\re\workspace\8-2-build-windows-amd64-cygwin\jdk8u77\6540\hotspot\src\share\vm\prims\jvm.cpp, line 3215]
Event: 39.959 Thread 0x0000000020fe3000 NullPointerException at vtable entry 0x0000000002874af8
Event: 39.959 Thread 0x0000000020fe3000 Exception <a 'java/lang/NullPointerException'> (0x000000076b45c228) thrown at [D:\re\workspace\8-2-build-windows-amd64-cygwin\jdk8u77\6540\hotspot\src\share\vm\runtime\sharedRuntime.cpp, line 605]
Event: 41.122 Thread 0x0000000001b8b000 Implicit null exception at 0x0000000003a863f3 to 0x0000000003a8640e
Event: 41.122 Thread 0x0000000020fe1800 Exception <a 'java/lang/InterruptedException': sleep interrupted> (0x000000076c041248) thrown at [D:\re\workspace\8-2-build-windows-amd64-cygwin\jdk8u77\6540\hotspot\src\share\vm\prims\jvm.cpp, line 3215]
Event: 41.221 Thread 0x0000000020fe5800 Exception <a 'java/lang/InterruptedException': sleep interrupted> (0x000000076c07efd0) thrown at [D:\re\workspace\8-2-build-windows-amd64-cygwin\jdk8u77\6540\hotspot\src\share\vm\prims\jvm.cpp, line 3215]

Events (10 events):
Event: 41.336 loading class org/apache/logging/log4j/core/config/NullConfiguration done
Event: 41.336 Thread 0x0000000020fe6000 Thread exited: 0x0000000020fe6000
Event: 41.336 Thread 0x0000000020fe3000 Thread exited: 0x0000000020fe3000
Event: 41.337 loading class javax/servlet/ServletContext
Event: 41.337 loading class javax/servlet/ServletContext done
Event: 41.337 loading class javax/servlet/ServletContext
Event: 41.337 loading class javax/servlet/ServletContext done
Event: 41.337 Thread 0x0000000020fe5800 Thread exited: 0x0000000020fe5800
Event: 41.337 Thread 0x0000000020fe1800 Thread exited: 0x0000000020fe1800
Event: 41.338 Executing VM operation: Exit


Dynamic libraries:
0x000000013fd50000 - 0x000000013fd87000 	C:\Program Files\Java\jre1.8.0_77\bin\javaw.exe
0x0000000077280000 - 0x0000000077429000 	C:\Windows\SYSTEM32\ntdll.dll
0x0000000077160000 - 0x000000007727f000 	C:\Windows\system32\kernel32.dll
0x000007fefd0c0000 - 0x000007fefd12c000 	C:\Windows\system32\KERNELBASE.dll
0x000007fefdda0000 - 0x000007fefde7b000 	C:\Windows\system32\ADVAPI32.dll
0x000007fefd8b0000 - 0x000007fefd94f000 	C:\Windows\system32\msvcrt.dll
0x000007fefe370000 - 0x000007fefe38f000 	C:\Windows\SYSTEM32\sechost.dll
0x000007fefe4a0000 - 0x000007fefe5cd000 	C:\Windows\system32\RPCRT4.dll
0x0000000077060000 - 0x000000007715a000 	C:\Windows\system32\USER32.dll
0x000007fefe6a0000 - 0x000007fefe707000 	C:\Windows\system32\GDI32.dll
0x000007fefdd90000 - 0x000007fefdd9e000 	C:\Windows\system32\LPK.dll
0x000007fefe5d0000 - 0x000007fefe699000 	C:\Windows\system32\USP10.dll
0x000007fefbbd0000 - 0x000007fefbdc4000 	C:\Windows\WinSxS\amd64_microsoft.windows.common-controls_6595b64144ccf1df_6.0.7601.17514_none_fa396087175ac9ac\COMCTL32.dll
0x000007fefd830000 - 0x000007fefd8a1000 	C:\Windows\system32\SHLWAPI.dll
0x000007fefdce0000 - 0x000007fefdd0e000 	C:\Windows\system32\IMM32.DLL
0x000007fefe390000 - 0x000007fefe499000 	C:\Windows\system32\MSCTF.dll
0x0000000052a40000 - 0x0000000052b12000 	C:\Program Files\Java\jre1.8.0_77\bin\msvcr100.dll
0x000000006f780000 - 0x0000000070010000 	C:\Program Files\Java\jre1.8.0_77\bin\server\jvm.dll
0x000007fef2b30000 - 0x000007fef2b39000 	C:\Windows\system32\WSOCK32.dll
0x000007fefe090000 - 0x000007fefe0dd000 	C:\Windows\system32\WS2_32.dll
0x000007feff580000 - 0x000007feff588000 	C:\Windows\system32\NSI.dll
0x000007fef9c00000 - 0x000007fef9c3b000 	C:\Windows\system32\WINMM.dll
0x000007fefc0c0000 - 0x000007fefc0cc000 	C:\Windows\system32\VERSION.dll
0x0000000077440000 - 0x0000000077447000 	C:\Windows\system32\PSAPI.DLL
0x000000005ff00000 - 0x000000005ff0f000 	C:\Program Files\Java\jre1.8.0_77\bin\verify.dll
0x000000005ea30000 - 0x000000005ea59000 	C:\Program Files\Java\jre1.8.0_77\bin\java.dll
0x000000005ea70000 - 0x000000005ea86000 	C:\Program Files\Java\jre1.8.0_77\bin\zip.dll
0x000007fefe710000 - 0x000007feff498000 	C:\Windows\system32\SHELL32.dll
0x000007fefde80000 - 0x000007fefe083000 	C:\Windows\system32\ole32.dll
0x000007fefd040000 - 0x000007fefd04f000 	C:\Windows\system32\profapi.dll
0x00000000020d0000 - 0x00000000020dd000 	C:\Program Files\Java\jre1.8.0_77\bin\management.dll
0x000000005d660000 - 0x000000005d67a000 	C:\Program Files\Java\jre1.8.0_77\bin\net.dll
0x000007fefc7e0000 - 0x000007fefc835000 	C:\Windows\system32\mswsock.dll
0x000007fefc7d0000 - 0x000007fefc7d7000 	C:\Windows\System32\wship6.dll
0x000000005d640000 - 0x000000005d651000 	C:\Program Files\Java\jre1.8.0_77\bin\nio.dll
0x000007fefb4d0000 - 0x000007fefb4e5000 	C:\Windows\system32\NLAapi.dll
0x000007fee4a00000 - 0x000007fee4a15000 	C:\Windows\system32\napinsp.dll
0x000007fee49e0000 - 0x000007fee49f9000 	C:\Windows\system32\pnrpnsp.dll
0x000007fee49d0000 - 0x000007fee49db000 	C:\Windows\System32\winrnr.dll
0x000007feeb470000 - 0x000007feeb482000 	C:\Windows\system32\PrxerNsp.dll
0x000007fefc660000 - 0x000007fefc6bb000 	C:\Windows\system32\DNSAPI.dll
0x000007fefc200000 - 0x000007fefc207000 	C:\Windows\System32\wshtcpip.dll
0x000007fefaf40000 - 0x000007fefaf67000 	C:\Windows\system32\IPHLPAPI.DLL
0x000007fefaf00000 - 0x000007fefaf0b000 	C:\Windows\system32\WINNSI.DLL
0x000007feeb460000 - 0x000007feeb468000 	C:\Windows\system32\rasadhlp.dll
0x000007fefae10000 - 0x000007fefae63000 	C:\Windows\System32\fwpuclnt.dll
0x0000000070b70000 - 0x0000000070b94000 	C:\Program Files\Java\jre1.8.0_77\bin\sunec.dll
0x000007fefc840000 - 0x000007fefc858000 	C:\Windows\system32\CRYPTSP.dll
0x000007fefc540000 - 0x000007fefc587000 	C:\Windows\system32\rsaenh.dll
0x000007fefd2a0000 - 0x000007fefd2be000 	C:\Windows\system32\USERENV.dll
0x000007fefcea0000 - 0x000007fefceaf000 	C:\Windows\system32\CRYPTBASE.dll
0x000007fefabe0000 - 0x000007fefabf1000 	C:\Windows\system32\dhcpcsvc6.DLL
0x000007fefabc0000 - 0x000007fefabd8000 	C:\Windows\system32\dhcpcsvc.DLL
0x0000000180000000 - 0x0000000180051000 	C:\Users\Sam Humby\.gradle\caches\minecraft\net\minecraft\natives\1.8\lwjgl64.dll
0x000007feeb580000 - 0x000007feeb69d000 	C:\Windows\system32\OPENGL32.dll
0x000007feef2e0000 - 0x000007feef30d000 	C:\Windows\system32\GLU32.dll
0x000007fee2ea0000 - 0x000007fee2f91000 	C:\Windows\system32\DDRAW.dll
0x000007fee3db0000 - 0x000007fee3db8000 	C:\Windows\system32\DCIMAN32.dll
0x000007fefd400000 - 0x000007fefd5d7000 	C:\Windows\system32\SETUPAPI.dll
0x000007fefd070000 - 0x000007fefd0a6000 	C:\Windows\system32\CFGMGR32.dll
0x000007feff4a0000 - 0x000007feff577000 	C:\Windows\system32\OLEAUT32.dll
0x000007fefd380000 - 0x000007fefd39a000 	C:\Windows\system32\DEVOBJ.dll
0x000007fefc0d0000 - 0x000007fefc0e8000 	C:\Windows\system32\dwmapi.dll
0x00000000528a0000 - 0x0000000052a38000 	C:\Program Files\Java\jre1.8.0_77\bin\awt.dll
0x000007fefb5f0000 - 0x000007fefb646000 	C:\Windows\system32\uxtheme.dll
0x000007fee2e70000 - 0x000007fee2e98000 	C:\Program Files (x86)\Raptr\ltc_help64-106568.dll
0x000007fefd3b0000 - 0x000007fefd3eb000 	C:\Windows\system32\WINTRUST.dll
0x000007fefd130000 - 0x000007fefd29d000 	C:\Windows\system32\CRYPT32.dll
0x000007fefd050000 - 0x000007fefd05f000 	C:\Windows\system32\MSASN1.dll
0x000007fefb7e0000 - 0x000007fefb7f8000 	C:\Windows\system32\atig6pxx.dll
0x0000000069020000 - 0x000000006aeb7000 	C:\Windows\system32\atio6axx.dll
0x000007feed3b0000 - 0x000007feed4f8000 	C:\Windows\system32\atiadlxx.dll
0x000007fefb800000 - 0x000007fefb92c000 	C:\Windows\system32\PROPSYS.dll
0x000007fefc120000 - 0x000007fefc131000 	C:\Windows\system32\WTSAPI32.dll
0x000007feeacd0000 - 0x000007feeacfc000 	C:\Windows\system32\atig6txx.dll
0x000007feed1f0000 - 0x000007feed28c000 	C:\Windows\system32\mscms.dll
0x000007feeac80000 - 0x000007feeacc2000 	C:\Windows\system32\icm32.dll
0x0000000070a40000 - 0x0000000070adc000 	C:\Users\Sam Humby\.gradle\caches\minecraft\net\minecraft\natives\1.8\avutil-ttv-51.dll
0x0000000065980000 - 0x00000000659d6000 	C:\Users\Sam Humby\.gradle\caches\minecraft\net\minecraft\natives\1.8\swresample-ttv-0.dll
0x000000006eb80000 - 0x000000006ec50000 	C:\Users\Sam Humby\.gradle\caches\minecraft\net\minecraft\natives\1.8\libmp3lame-ttv.dll
0x000007fedbd70000 - 0x000007fedd114000 	C:\Users\Sam Humby\.gradle\caches\minecraft\net\minecraft\natives\1.8\libmfxsw64.dll
0x000007fee77a0000 - 0x000007fee790d000 	C:\Users\Sam Humby\.gradle\caches\minecraft\net\minecraft\natives\1.8\twitchsdk.dll
0x000007fefd5e0000 - 0x000007fefd828000 	C:\Windows\system32\WININET.dll
0x000007fefd060000 - 0x000007fefd064000 	C:\Windows\system32\api-ms-win-downlevel-user32-l1-1-0.dll
0x000007fefd2c0000 - 0x000007fefd2c4000 	C:\Windows\system32\api-ms-win-downlevel-shlwapi-l1-1-0.dll
0x000007fefd370000 - 0x000007fefd374000 	C:\Windows\system32\api-ms-win-downlevel-version-l1-1-0.dll
0x000007fefd3f0000 - 0x000007fefd3f3000 	C:\Windows\system32\api-ms-win-downlevel-normaliz-l1-1-0.dll
0x0000000077450000 - 0x0000000077453000 	C:\Windows\system32\normaliz.DLL
0x000007fefd950000 - 0x000007fefdc17000 	C:\Windows\system32\iertutil.dll
0x000007fefd3a0000 - 0x000007fefd3a5000 	C:\Windows\system32\api-ms-win-downlevel-advapi32-l1-1-0.dll
0x000000001d640000 - 0x000000001d6a4000 	C:\Users\Sam Humby\.gradle\caches\minecraft\net\minecraft\natives\1.8\OpenAL64.dll
0x000007fefe0e0000 - 0x000007fefe179000 	C:\Windows\system32\CLBCatQ.DLL
0x000007fefb650000 - 0x000007fefb69b000 	C:\Windows\System32\MMDevApi.dll
0x000007fef29e0000 - 0x000007fef2a68000 	C:\Windows\system32\dsound.dll
0x000007fefc0f0000 - 0x000007fefc11c000 	C:\Windows\system32\POWRPROF.dll
0x000007fef25a0000 - 0x000007fef25ef000 	C:\Windows\system32\AUDIOSES.DLL
0x000007fefdcc0000 - 0x000007fefdcd9000 	C:\Windows\system32\imagehlp.dll
0x000007fefc9c0000 - 0x000007fefca10000 	C:\Windows\system32\ncrypt.dll
0x000007fefc990000 - 0x000007fefc9b2000 	C:\Windows\system32\bcrypt.dll
0x000007fefc480000 - 0x000007fefc4cc000 	C:\Windows\system32\bcryptprimitives.dll
0x000007fefc300000 - 0x000007fefc31b000 	C:\Windows\system32\GPAPI.dll
0x000007fef6910000 - 0x000007fef6937000 	C:\Windows\system32\cryptnet.dll
0x000007fefe310000 - 0x000007fefe362000 	C:\Windows\system32\WLDAP32.dll
0x000007fefaac0000 - 0x000007fefaac9000 	C:\Windows\system32\SensApi.dll
0x000007fedf6d0000 - 0x000007fedf918000 	C:\PROGRA~2\Raptr\ltc_game64-106568.dll
0x000007feee030000 - 0x000007feee155000 	C:\Windows\system32\dbghelp.dll

VM Arguments:
jvm_args: -Dfile.encoding=Cp1252 
java_command: GradleStart --username=samalot@plagachef.com --password=jedapo
java_class_path (initial): C:\Users\Sam Humby\Desktop\Minecraft Mod\Git\Lazarus\bin;C:\Users\Sam Humby\.gradle\caches\minecraft\net\minecraftforge\forge\1.8-11.14.4.1563\snapshot\20141130\forgeSrc-1.8-11.14.4.1563.jar;C:\Users\Sam Humby\.gradle\caches\modules-2\files-2.1\net.minecraft\launchwrapper\1.12\111e7bea9c968cdb3d06ef4632bf7ff0824d0f36\launchwrapper-1.12.jar;C:\Users\Sam Humby\.gradle\caches\modules-2\files-2.1\org.ow2.asm\asm-debug-all\5.0.3\f9e364ae2a66ce2a543012a4668856e84e5dab74\asm-debug-all-5.0.3.jar;C:\Users\Sam Humby\.gradle\caches\modules-2\files-2.1\com.typesafe.akka\akka-actor_2.11\2.3.3\ed62e9fc709ca0f2ff1a3220daa8b70a2870078e\akka-actor_2.11-2.3.3.jar;C:\Users\Sam Humby\.gradle\caches\modules-2\files-2.1\com.typesafe\config\1.2.1\f771f71fdae3df231bcd54d5ca2d57f0bf93f467\config-1.2.1.jar;C:\Users\Sam Humby\.gradle\caches\modules-2\files-2.1\org.scala-lang\scala-actors-migration_2.11\1.1.0\dfa8bc42b181d5b9f1a5dd147f8ae308b893eb6f\scala-actors-migration_2.11-1.1.0.jar;C:\Users\Sam Humby\.gradle\caches\modules-2\files-2.1\org.scala-lang\scala-compiler\2.11.1\56ea2e6c025e0821f28d73ca271218b8dd04926a\scala-compiler-2.11.1.jar;C:\Users\Sam Humby\.gradle\caches\modules-2\files-2.1\org.scala-lang.plugins\scala-continuations-library_2.11\1.0.2\e517c53a7e9acd6b1668c5a35eccbaa3bab9aac\scala-continuations-library_2.11-1.0.2.jar;C:\Users\Sam Humby\.gradle\caches\modules-2\files-2.1\org.scala-lang.plugins\scala-continuations-plugin_2.11.1\1.0.2\f361a3283452c57fa30c1ee69448995de23c60f7\scala-continuations-plugin_2.11.1-1.0.2.jar;C:\Users\Sam Humby\.gradle\caches\modules-2\files-2.1\org.scala-lang\scala-library\2.11.1\e11da23da3eabab9f4777b9220e60d44c1aab6a\scala-library-2.11.1.jar;C:\Users\Sam Humby\.gradle\caches\modules-2\files-2.1\org.scala-lang.modules\scala-parser-combinators_2.11\1.0.1\f05d7345bf5a58924f2837c6c1f4d73a938e1ff0\scala-parser-combinators_2.11-1.0.1.jar;C:\Users\Sam Humby\.gradle\caches\modules-2\files-2.1\org.scala-lang\scala-reflect\2.11.1
Launcher Type: SUN_STANDARD

Environment Variables:
JAVA_HOME=C:\Program Files\Java\jdk1.8.0_77
CLASSPATH=.;C:\Program Files\Java\jre1.8.0_77\lib\ext\QTJava.zip
PATH=C:/Program Files/Java/jre1.8.0_77/bin/server;C:/Program Files/Java/jre1.8.0_77/bin;C:/Program Files/Java/jre1.8.0_77/lib/amd64;C:\Program Files (x86)\NVIDIA Corporation\PhysX\Common;C:\ProgramData\Oracle\Java\javapath;C:\Program Files (x86)\AMD APP\bin\x86_64;C:\Program Files (x86)\AMD APP\bin\x86;C:\Program Files (x86)\Intel\iCLS Client\;C:\Program Files\Intel\iCLS Client\;C:\Windows\system32;C:\Windows;C:\Windows\System32\Wbem;C:\Windows\System32\WindowsPowerShell\v1.0\;C:\Program Files\Intel\Intel(R) Management Engine Components\DAL;C:\Program Files\Intel\Intel(R) Management Engine Components\IPT;C:\Program Files (x86)\Intel\Intel(R) Management Engine Components\DAL;C:\Program Files (x86)\Intel\Intel(R) Management Engine Components\IPT;C:\Program Files (x86)\ATI Technologies\ATI.ACE\Core-Static;C:\Program Files\Java\jdk1.7.0_21\bin;C:\Program Files (x86)\QuickTime\QTSystem\;C:\Program Files (x86)\Autodesk\Backburner\;C:\Program Files (x86)\Bitvise SSH Client;C:\Program Files\digieffects\bin;C:\Program Files\nodejs\;C:\Program Files (x86)\Git\cmd;C:\php;C:\Program Files (x86)\AMD\ATI.ACE\Core-Static;C:\Program Files\OpenVPN\bin;C:\MinGW\bin;C:\Users\Sam Humby\.dnx\bin;C:\Program Files\Microsoft DNX\Dnvm\;C:\Program Files (x86)\Skype\Phone\;C:\Program Files\MiKTeX 2.9\miktex\bin\x64\;C:\Python27\Scripts;C:\Program Files\Java\jdk1.8.0_77\bin;C:\Users\Sam Humby\AppData\Roaming\npm;C:\Program Files (x86)\apache-maven-3.3.3\Bin;C:\Python27\Scripts;C:\Windows\system32;
USERNAME=Sam Humby
OS=Windows_NT
PROCESSOR_IDENTIFIER=Intel64 Family 6 Model 58 Stepping 9, GenuineIntel



---------------  S Y S T E M  ---------------

OS: Windows 7 , 64 bit Build 7601 (6.1.7601.18409)

CPU:total 4 (4 cores per cpu, 1 threads per core) family 6 model 58 stepping 9, cmov, cx8, fxsr, mmx, sse, sse2, sse3, ssse3, sse4.1, sse4.2, popcnt, avx, aes, clmul, erms, tsc, tscinvbit, tscinv

Memory: 4k page, physical 16777216k(11378096k free), swap 18872512k(12516320k free)

vm_info: Java HotSpot(TM) 64-Bit Server VM (25.77-b03) for windows-amd64 JRE (1.8.0_77-b03), built on Mar 20 2016 22:01:33 by "java_re" with MS VC++ 10.0 (VS2010)

time: Sun Jun 19 22:41:03 2016
elapsed time: 41 seconds (0d 0h 0m 41s)

