[22:23:59] [main/INFO]: Logging in with username & password
[22:24:01] [Client thread/INFO]: Setting user: Samalot
[22:24:03] [Client thread/INFO]: LWJGL Version: 2.9.1
[22:24:05] [Client thread/INFO]: Reloading ResourceManager: Default, FMLFileResourcePack:Forge Mod Loader, FMLFileResourcePack:Minecraft Forge, FMLFileResourcePack:Lazarus
[22:24:06] [Sound Library Loader/INFO]: Starting up SoundSystem...
[22:24:06] [Thread-9/INFO]: Initializing LWJGL OpenAL
[22:24:06] [Thread-9/INFO]: (The LWJGL binding of OpenAL.  For more information, see http://www.lwjgl.org)
[22:24:06] [Thread-9/INFO]: OpenAL initialized.
[22:24:06] [Sound Library Loader/INFO]: Sound engine started
[22:24:08] [Client thread/INFO]: Created: 16x16 textures-atlas
[22:24:09] [Client thread/INFO]: Reloading ResourceManager: Default, FMLFileResourcePack:Forge Mod Loader, FMLFileResourcePack:Minecraft Forge, FMLFileResourcePack:Lazarus
[22:24:09] [Client thread/INFO]: SoundSystem shutting down...
[22:24:09] [Client thread/WARN]: Author: Paul Lamb, www.paulscode.com
[22:24:09] [Sound Library Loader/INFO]: Starting up SoundSystem...
[22:24:09] [Thread-11/INFO]: Initializing LWJGL OpenAL
[22:24:09] [Thread-11/INFO]: (The LWJGL binding of OpenAL.  For more information, see http://www.lwjgl.org)
[22:24:09] [Thread-11/INFO]: OpenAL initialized.
[22:24:09] [Sound Library Loader/INFO]: Sound engine started
[22:24:11] [Client thread/INFO]: Created: 512x512 textures-atlas
[22:24:19] [Server thread/INFO]: Starting integrated minecraft server version 1.8
[22:24:19] [Server thread/INFO]: Generating keypair
[22:24:19] [Server thread/INFO]: Preparing start region for level 0
[22:24:20] [Server thread/INFO]: Changing view distance to 12, from 10
[22:24:21] [Server thread/INFO]: Samalot[local:E:91718d75] logged in with entity id 162 at (631.2508523778336, 4.0, 923.3994599583377)
[22:24:21] [Server thread/INFO]: Samalot joined the game
[22:25:51] [Server thread/INFO]: Saving and pausing game...
[22:25:51] [Server thread/INFO]: Saving chunks for level 'New World'/Overworld
[22:25:51] [Server thread/INFO]: Saving chunks for level 'New World'/Nether
[22:25:51] [Server thread/INFO]: Saving chunks for level 'New World'/The End
[22:25:52] [Server thread/INFO]: Stopping server
[22:25:52] [Server thread/INFO]: Saving players
[22:25:52] [Server thread/INFO]: Saving worlds
[22:25:52] [Server thread/INFO]: Saving chunks for level 'New World'/Overworld
[22:25:52] [Server thread/INFO]: Saving chunks for level 'New World'/Nether
[22:25:52] [Server thread/INFO]: Saving chunks for level 'New World'/The End
[22:27:10] [Client thread/INFO]: Connecting to 192.168.1.101, 25565
[22:27:15] [Thread-11/ERROR]: Error in class 'LibraryLWJGLOpenAL'
[22:27:15] [Thread-11/ERROR]: Source 'e84196db-8503-4bae-8108-79efcc26bef5' not found in method 'play'
[22:27:15] [Thread-11/ERROR]: Error in class 'LibraryLWJGLOpenAL'
[22:27:15] [Thread-11/ERROR]: Source 'e84196db-8503-4bae-8108-79efcc26bef5' not found in method 'play'
[22:27:20] [Client thread/INFO]: [CHAT] Your game mode has been updated
[22:27:34] [Client thread/INFO]: [CHAT] Your game mode has been updated
[22:27:38] [Client thread/INFO]: [CHAT] Set the time to 13000
[22:28:39] [Client thread/INFO]: Stopping!
[22:28:39] [Client thread/INFO]: SoundSystem shutting down...
[22:28:39] [Client thread/WARN]: Author: Paul Lamb, www.paulscode.com
298439, 63.0, 236.97751211737642)
[22:27:11] [Server thread/INFO]: Samalot joined the game
[22:27:20] [Server thread/INFO]: [Samalot: Set own game mode to Creative Mode]
[22:27:34] [Server thread/INFO]: [Samalot: Set own game mode to Survival Mode]
[22:27:38] [Server thread/INFO]: [Samalot: Set the time to 13000]
[22:28:38] [Server thread/INFO]: Samalot lost connection: TextComponent{text='Disconnected', siblings=[], style=Style{hasParent=false, color=null, bold=null, italic=null, underlined=null, obfuscated=null, clickEvent=null, hoverEvent=null, insertion=null}}
[22:28:38] [Server thread/INFO]: Samalot left the game
[22:28:40] [Server thread/INFO]: Stopping server
[22:28:40] [Server thread/INFO]: Saving players
[22:28:40] [Server thread/INFO]: Saving worlds
[22:28:40] [Server thread/INFO]: Saving chunks for level 'world'/Overworld
[22:28:40] [Server thread/INFO]: Saving chunks for level 'world'/Nether
[22:28:40] [Server thread/INFO]: Saving chunks for level 'world'/The End
[22:29:18] [main/INFO]: Logging in with username & password
