[17:15:54] [main/INFO]: Logging in with username & password
[17:15:57] [Client thread/INFO]: Setting user: Samalot
[17:15:58] [Client thread/INFO]: LWJGL Version: 2.9.1
[17:16:00] [Client thread/INFO]: Reloading ResourceManager: Default, FMLFileResourcePack:Forge Mod Loader, FMLFileResourcePack:Minecraft Forge, FMLFileResourcePack:Lazarus
[17:16:01] [Sound Library Loader/INFO]: Starting up SoundSystem...
[17:16:01] [Thread-9/INFO]: Initializing LWJGL OpenAL
[17:16:01] [Thread-9/INFO]: (The LWJGL binding of OpenAL.  For more information, see http://www.lwjgl.org)
[17:16:01] [Thread-9/INFO]: OpenAL initialized.
[17:16:01] [Sound Library Loader/INFO]: Sound engine started
[17:16:03] [Client thread/INFO]: Created: 16x16 textures-atlas
[17:16:04] [Client thread/INFO]: Reloading ResourceManager: Default, FMLFileResourcePack:Forge Mod Loader, FMLFileResourcePack:Minecraft Forge, FMLFileResourcePack:Lazarus
[17:16:04] [Client thread/INFO]: SoundSystem shutting down...
[17:16:04] [Client thread/WARN]: Author: Paul Lamb, www.paulscode.com
[17:16:04] [Sound Library Loader/INFO]: Starting up SoundSystem...
[17:16:04] [Thread-11/INFO]: Initializing LWJGL OpenAL
[17:16:04] [Thread-11/INFO]: (The LWJGL binding of OpenAL.  For more information, see http://www.lwjgl.org)
[17:16:04] [Thread-11/INFO]: OpenAL initialized.
[17:16:04] [Sound Library Loader/INFO]: Sound engine started
[17:16:06] [Client thread/INFO]: Created: 512x512 textures-atlas
[17:16:32] [Server thread/INFO]: Starting integrated minecraft server version 1.8
[17:16:32] [Server thread/INFO]: Generating keypair
[17:16:33] [Server thread/INFO]: Preparing start region for level 0
[17:16:33] [Server thread/INFO]: Changing view distance to 12, from 10
[17:16:34] [Server thread/INFO]: Samalot[local:E:2fe8831a] logged in with entity id 94 at (126.8949262043217, 4.0, 84.02530254113069)
[17:16:34] [Server thread/INFO]: Samalot joined the game
[17:16:59] [Server thread/INFO]: Saving and pausing game...
[17:16:59] [Server thread/INFO]: Saving chunks for level 'New World'/Overworld
[17:16:59] [Server thread/INFO]: Saving chunks for level 'New World'/Nether
[17:16:59] [Server thread/INFO]: Saving chunks for level 'New World'/The End
[17:17:09] [Client thread/INFO]: Stopping!
[17:17:09] [Client thread/INFO]: SoundSystem shutting down...
[17:17:09] [Server thread/INFO]: Stopping server
[17:17:09] [Server thread/INFO]: Saving players
[17:17:09] [Server thread/INFO]: Saving worlds
[17:17:09] [Server thread/INFO]: Saving chunks for level 'New World'/Overworld
[17:17:09] [Server thread/INFO]: Saving chunks for level 'New World'/Nether
[17:17:09] [Server thread/INFO]: Saving chunks for level 'New World'/The End
[17:17:09] [Client thread/WARN]: Author: Paul Lamb, www.paulscode.com
